[INFO] [1750159357.627705112] [laser_data_loader]: 抽出された人物の点群数: 165
[INFO] [1750159357.628172876] [laser_data_loader]: データキューにフレームを追加しました。現在の長さ: 1/30
[INFO] [1750159357.691439105] [laser_data_loader]: 抽出された人物の点群数: 174
[INFO] [1750159357.692008636] [laser_data_loader]: データキューにフレームを追加しました。現在の長さ: 2/30
[INFO] [1750159357.796460759] [laser_data_loader]: 抽出された人物の点群数: 191
[INFO] [1750159357.798611480] [laser_data_loader]: データキューにフレームを追加しました。現在の長さ: 3/30
[INFO] [1750159357.897049510] [laser_data_loader]: 抽出された人物の点群数: 177
[INFO] [1750159357.899229758] [laser_data_loader]: データキューにフレームを追加しました。現在の長さ: 4/30
[INFO] [1750159357.996772692] [laser_data_loader]: 抽出された人物の点群数: 172
[INFO] [1750159357.998918738] [laser_data_loader]: データキューにフレームを追加しました。現在の長さ: 5/30
[INFO] [1750159358.096576234] [laser_data_loader]: 抽出された人物の点群数: 182
[INFO] [1750159358.098788743] [laser_data_loader]: データキューにフレームを追加しました。現在の長さ: 6/30
[INFO] [1750159358.196790390] [laser_data_loader]: 抽出された人物の点群数: 184
[INFO] [1750159358.198918225] [laser_data_loader]: データキューにフレームを追加しました。現在の長さ: 7/30
[INFO] [1750159358.296607614] [laser_data_loader]: 抽出された人物の点群数: 174
[INFO] [1750159358.298743914] [laser_data_loader]: データキューにフレームを追加しました。現在の長さ: 8/30
[INFO] [1750159358.394589995] [laser_data_loader]: 抽出された人物の点群数: 180
[INFO] [1750159358.396755024] [laser_data_loader]: データキューにフレームを追加しました。現在の長さ: 9/30
[INFO] [1750159358.496675280] [laser_data_loader]: 抽出された人物の点群数: 191
[INFO] [1750159358.498797838] [laser_data_loader]: データキューにフレームを追加しました。現在の長さ: 10/30
[INFO] [1750159358.597573347] [laser_data_loader]: 抽出された人物の点群数: 177
[INFO] [1750159358.599727543] [laser_data_loader]: データキューにフレームを追加しました。現在の長さ: 11/30
[INFO] [1750159358.697583155] [laser_data_loader]: 抽出された人物の点群数: 178
[INFO] [1750159358.699745920] [laser_data_loader]: データキューにフレームを追加しました。現在の長さ: 12/30
[INFO] [1750159358.797300809] [laser_data_loader]: 抽出された人物の点群数: 186
[INFO] [1750159358.799429858] [laser_data_loader]: データキューにフレームを追加しました。現在の長さ: 13/30
[INFO] [1750159358.896517603] [laser_data_loader]: 抽出された人物の点群数: 177
[INFO] [1750159358.898669630] [laser_data_loader]: データキューにフレームを追加しました。現在の長さ: 14/30
[INFO] [1750159358.993739225] [laser_data_loader]: 抽出された人物の点群数: 183
[INFO] [1750159358.994112069] [laser_data_loader]: データキューにフレームを追加しました。現在の長さ: 15/30
[INFO] [1750159359.097529223] [laser_data_loader]: 抽出された人物の点群数: 179
[INFO] [1750159359.099673534] [laser_data_loader]: データキューにフレームを追加しました。現在の長さ: 16/30
[INFO] [1750159359.196617866] [laser_data_loader]: 抽出された人物の点群数: 183
[INFO] [1750159359.198792208] [laser_data_loader]: データキューにフレームを追加しました。現在の長さ: 17/30
[INFO] [1750159359.296701413] [laser_data_loader]: 抽出された人物の点群数: 181
[INFO] [1750159359.298843518] [laser_data_loader]: データキューにフレームを追加しました。現在の長さ: 18/30
[INFO] [1750159359.388347562] [laser_data_loader]: 抽出された人物の点群数: 179
[INFO] [1750159359.388760003] [laser_data_loader]: データキューにフレームを追加しました。現在の長さ: 19/30
[INFO] [1750159359.497587476] [laser_data_loader]: 抽出された人物の点群数: 182
[INFO] [1750159359.499760285] [laser_data_loader]: データキューにフレームを追加しました。現在の長さ: 20/30
[INFO] [1750159359.597709046] [laser_data_loader]: 抽出された人物の点群数: 172
[INFO] [1750159359.599859146] [laser_data_loader]: データキューにフレームを追加しました。現在の長さ: 21/30
[INFO] [1750159359.697097298] [laser_data_loader]: 抽出された人物の点群数: 176
[INFO] [1750159359.699246962] [laser_data_loader]: データキューにフレームを追加しました。現在の長さ: 22/30
[INFO] [1750159359.794125437] [laser_data_loader]: 抽出された人物の点群数: 175
[INFO] [1750159359.796395782] [laser_data_loader]: データキューにフレームを追加しました。現在の長さ: 23/30
[INFO] [1750159359.894139672] [laser_data_loader]: 抽出された人物の点群数: 180
[INFO] [1750159359.896452365] [laser_data_loader]: データキューにフレームを追加しました。現在の長さ: 24/30
[INFO] [1750159359.996408460] [laser_data_loader]: 抽出された人物の点群数: 165
[INFO] [1750159359.998533480] [laser_data_loader]: データキューにフレームを追加しました。現在の長さ: 25/30
[INFO] [1750159360.096553168] [laser_data_loader]: 抽出された人物の点群数: 183
[INFO] [1750159360.098708390] [laser_data_loader]: データキューにフレームを追加しました。現在の長さ: 26/30
[INFO] [1750159360.196582057] [laser_data_loader]: 抽出された人物の点群数: 207
[INFO] [1750159360.198758459] [laser_data_loader]: データキューにフレームを追加しました。現在の長さ: 27/30
[INFO] [1750159360.297185108] [laser_data_loader]: 抽出された人物の点群数: 178
[INFO] [1750159360.299309814] [laser_data_loader]: データキューにフレームを追加しました。現在の長さ: 28/30
[INFO] [1750159360.394036523] [laser_data_loader]: 抽出された人物の点群数: 166
[INFO] [1750159360.396238352] [laser_data_loader]: データキューにフレームを追加しました。現在の長さ: 29/30
[INFO] [1750159360.495826666] [laser_data_loader]: 抽出された人物の点群数: 187
[INFO] [1750159360.496178017] [laser_data_loader]: データキューにフレームを追加しました。現在の長さ: 30/30
[INFO] [1750159360.496701973] [laser_data_loader]: シーケンスが完成！モデル入力形状: torch.Size([1, 30, 256, 3])
[INFO] [1750159361.966469975] [laser_data_loader]: 推論成功！出力形状: {'val_bn': tensor([[-1.5390,  1.3008,  0.0351,  ...,  1.7241,  0.7152,  2.7001],
        [-0.9098,  0.3863,  0.4012,  ...,  1.3013,  0.5451,  3.4779],
        [-1.1239,  1.0230,  0.0685,  ...,  1.6258,  0.4778,  2.9755],
        [-1.0374,  0.4624,  0.5572,  ...,  1.4265,  0.8144,  3.5666],
        [-1.1742,  0.8080,  0.4588,  ...,  1.5554,  0.5867,  3.1251]],
       device='cuda:0'), 'val_t': tensor([[-2.2747,  1.5103,  0.1677,  ...,  1.9407, -0.5619,  1.2945],
        [-1.7047,  1.0214,  0.3032,  ...,  1.6999, -0.6042,  1.5232],
        [-1.8986,  1.3618,  0.1800,  ...,  1.8848, -0.6210,  1.3755],
        [-1.8203,  1.0622,  0.3610,  ...,  1.7712, -0.5373,  1.5493],
        [-1.9442,  1.2469,  0.3246,  ...,  1.8446, -0.5939,  1.4195]],
       device='cuda:0')}
[INFO] [1750159361.967913215] [laser_data_loader]: 抽出された人物の点群数: 179
[INFO] [1750159361.968290100] [laser_data_loader]: データキューにフレームを追加しました。現在の長さ: 30/30
[INFO] [1750159361.968658335] [laser_data_loader]: シーケンスが完成！モデル入力形状: torch.Size([1, 30, 256, 3])
[INFO] [1750159362.002979711] [laser_data_loader]: 推論成功！出力形状: {'val_bn': tensor([[-1.0485,  1.0079,  0.2072,  ...,  1.4447,  0.3176,  3.0859],
        [-1.1899,  0.5876,  0.2412,  ...,  1.4239,  0.7176,  3.2711],
        [-1.0899,  0.9922,  0.1507,  ...,  1.7245,  0.5189,  3.0200],
        [-1.1698,  0.6225,  0.4585,  ...,  1.3962,  1.0013,  3.5263],
        [-0.7808,  0.5316,  0.5407,  ...,  1.3210,  0.3477,  3.4010]],
       device='cuda:0'), 'val_t': tensor([[-1.8304,  1.3538,  0.2314,  ...,  1.7816, -0.6608,  1.4080],
        [-1.9584,  1.1291,  0.2440,  ...,  1.7697, -0.5613,  1.4624],
        [-1.8678,  1.3453,  0.2105,  ...,  1.9410, -0.6108,  1.3886],
        [-1.9402,  1.1477,  0.3245,  ...,  1.7540, -0.4908,  1.5375],
        [-1.5877,  1.0991,  0.3549,  ...,  1.7111, -0.6533,  1.5006]],
       device='cuda:0')}
[INFO] [1750159362.004181518] [laser_data_loader]: 抽出された人物の点群数: 198
[INFO] [1750159362.004554955] [laser_data_loader]: データキューにフレームを追加しました。現在の長さ: 30/30
[INFO] [1750159362.004919567] [laser_data_loader]: シーケンスが完成！モデル入力形状: torch.Size([1, 30, 256, 3])
[INFO] [1750159362.038732502] [laser_data_loader]: 推論成功！出力形状: {'val_bn': tensor([[-1.0490,  0.8975,  0.2384,  ...,  1.3923,  0.4757,  3.1861],
        [-1.1615,  0.6549,  0.1623,  ...,  1.5592,  0.4922,  3.1356],
        [-1.0184,  0.8539,  0.2825,  ...,  1.5964,  0.5890,  3.1923],
        [-1.1346,  0.7054,  0.4748,  ...,  1.4500,  0.8341,  3.4004],
        [-1.0110,  0.7251,  0.3467,  ...,  1.3817,  0.5360,  3.2548]],
       device='cuda:0'), 'val_t': tensor([[-1.8307,  1.2947,  0.2430,  ...,  1.7517, -0.6215,  1.4375],
        [-1.9327,  1.1650,  0.2147,  ...,  1.8468, -0.6174,  1.4226],
        [-1.8030,  1.2714,  0.2593,  ...,  1.8680, -0.5933,  1.4393],
        [-1.9083,  1.1921,  0.3305,  ...,  1.7846, -0.5324,  1.5004],
        [-1.7963,  1.2026,  0.2831,  ...,  1.7457, -0.6065,  1.4576]],
       device='cuda:0')}
[INFO] [1750159362.039988872] [laser_data_loader]: 抽出された人物の点群数: 178
[INFO] [1750159362.040350650] [laser_data_loader]: データキューにフレームを追加しました。現在の長さ: 30/30
[INFO] [1750159362.040710958] [laser_data_loader]: シーケンスが完成！モデル入力形状: torch.Size([1, 30, 256, 3])
[INFO] [1750159362.073553599] [laser_data_loader]: 推論成功！出力形状: {'val_bn': tensor([[-0.8959,  0.6819,  0.3114,  ...,  1.3343,  0.4024,  3.4133],
        [-1.2499,  0.8014,  0.0309,  ...,  1.6262,  0.6086,  3.0178],
        [-0.9295,  0.7243,  0.3800,  ...,  1.4848,  0.5394,  3.3790],
        [-1.0840,  0.6618,  0.5614,  ...,  1.4436,  0.7667,  3.3585],
        [-1.1595,  0.7151,  0.2921,  ...,  1.5274,  0.7636,  3.2855]],
       device='cuda:0'), 'val_t': tensor([[-1.6921,  1.1795,  0.2700,  ...,  1.7187, -0.6397,  1.5042],
        [-2.0128,  1.2434,  0.1661,  ...,  1.8850, -0.5884,  1.3879],
        [-1.7225,  1.2021,  0.2954,  ...,  1.8044, -0.6057,  1.4941],
        [-1.8625,  1.1687,  0.3626,  ...,  1.7810, -0.5491,  1.4881],
        [-1.9308,  1.1972,  0.2628,  ...,  1.8287, -0.5499,  1.4667]],
       device='cuda:0')}
[INFO] [1750159362.074705543] [laser_data_loader]: 抽出された人物の点群数: 178
[INFO] [1750159362.075064293] [laser_data_loader]: データキューにフレームを追加しました。現在の長さ: 30/30
[INFO] [1750159362.075424161] [laser_data_loader]: シーケンスが完成！モデル入力形状: torch.Size([1, 30, 256, 3])
[INFO] [1750159362.108426060] [laser_data_loader]: 推論成功！出力形状: {'val_bn': tensor([[-0.9471,  0.5971,  0.3962,  ...,  1.3294,  0.5244,  3.3723],
        [-1.2130,  0.8417,  0.0148,  ...,  1.6640,  0.5399,  3.0240],
        [-0.9273,  0.5471,  0.5333,  ...,  1.4211,  0.6486,  3.5486],
        [-1.1165,  0.8234,  0.3863,  ...,  1.4661,  0.7560,  3.2571],
        [-1.1649,  0.8812,  0.2530,  ...,  1.5451,  0.5411,  3.0575]],
       device='cuda:0'), 'val_t': tensor([[-1.7385,  1.1342,  0.3014,  ...,  1.7159, -0.6094,  1.4922],
        [-1.9794,  1.2649,  0.1601,  ...,  1.9065, -0.6055,  1.3898],
        [-1.7206,  1.1074,  0.3521,  ...,  1.7681, -0.5785,  1.5440],
        [-1.8919,  1.2551,  0.2977,  ...,  1.7938, -0.5518,  1.4583],
        [-1.9357,  1.2860,  0.2484,  ...,  1.8388, -0.6052,  1.3996]],
       device='cuda:0')}
[INFO] [1750159362.109621356] [laser_data_loader]: 抽出された人物の点群数: 175
[INFO] [1750159362.109988407] [laser_data_loader]: データキューにフレームを追加しました。現在の長さ: 30/30
[INFO] [1750159362.110346516] [laser_data_loader]: シーケンスが完成！モデル入力形状: torch.Size([1, 30, 256, 3])
[INFO] [1750159362.142778217] [laser_data_loader]: 推論成功！出力形状: {'val_bn': tensor([[-0.8467,  0.4775,  0.3970,  ...,  1.3539,  0.4037,  3.4616],
        [-1.0573,  0.8060,  0.0678,  ...,  1.5958,  0.4416,  3.0881],
        [-1.0436,  0.4866,  0.5359,  ...,  1.3912,  0.8285,  3.5661],
        [-1.2213,  0.9667,  0.4909,  ...,  1.6333,  0.7147,  3.0761],
        [-0.7164,  0.5717,  0.3528,  ...,  1.3021,  0.4089,  3.5058]],
       device='cuda:0'), 'val_t': tensor([[-1.6475,  1.0702,  0.3017,  ...,  1.7299, -0.6394,  1.5184],
        [-1.8382,  1.2458,  0.1797,  ...,  1.8677, -0.6300,  1.4086],
        [-1.8259,  1.0751,  0.3531,  ...,  1.7511, -0.5338,  1.5492],
        [-1.9868,  1.3317,  0.3364,  ...,  1.8890, -0.5621,  1.4051],
        [-1.5295,  1.1206,  0.2853,  ...,  1.7003, -0.6381,  1.5314]],
       device='cuda:0')}
[INFO] [1750159362.143939295] [laser_data_loader]: 抽出された人物の点群数: 170
[INFO] [1750159362.144299309] [laser_data_loader]: データキューにフレームを追加しました。現在の長さ: 30/30
[INFO] [1750159362.144671157] [laser_data_loader]: シーケンスが完成！モデル入力形状: torch.Size([1, 30, 256, 3])
[INFO] [1750159362.176586451] [laser_data_loader]: 推論成功！出力形状: {'val_bn': tensor([[-0.9098,  0.3863,  0.4012,  ...,  1.3013,  0.5451,  3.4779],
        [-1.1239,  1.0230,  0.0685,  ...,  1.6258,  0.4778,  2.9755],
        [-1.0374,  0.4624,  0.5572,  ...,  1.4265,  0.8144,  3.5666],
        [-1.0533,  0.8067,  0.4551,  ...,  1.4681,  0.5769,  3.2333],
        [-0.8926,  0.6160,  0.4675,  ...,  1.4577,  0.5571,  3.2940]],
       device='cuda:0'), 'val_t': tensor([[-1.7047,  1.0214,  0.3032,  ...,  1.6999, -0.6042,  1.5232],
        [-1.8986,  1.3618,  0.1800,  ...,  1.8848, -0.6210,  1.3755],
        [-1.8203,  1.0622,  0.3610,  ...,  1.7712, -0.5373,  1.5493],
        [-1.8347,  1.2462,  0.3232,  ...,  1.7949, -0.5963,  1.4513],
        [-1.6891,  1.1443,  0.3278,  ...,  1.7890, -0.6012,  1.4692]],
       device='cuda:0')}
[INFO] [1750159362.177767136] [laser_data_loader]: 抽出された人物の点群数: 178
[INFO] [1750159362.178336506] [laser_data_loader]: データキューにフレームを追加しました。現在の長さ: 30/30
[INFO] [1750159362.178799796] [laser_data_loader]: シーケンスが完成！モデル入力形状: torch.Size([1, 30, 256, 3])
[INFO] [1750159362.210899619] [laser_data_loader]: 推論成功！出力形状: {'val_bn': tensor([[-1.1899,  0.5876,  0.2412,  ...,  1.4239,  0.7176,  3.2711],
        [-1.0899,  0.9922,  0.1507,  ...,  1.7245,  0.5189,  3.0200],
        [-1.1698,  0.6225,  0.4585,  ...,  1.3962,  1.0013,  3.5263],
        [-0.9153,  0.6519,  0.4737,  ...,  1.3919,  0.4151,  3.2730],
        [-0.8410,  0.4982,  0.5352,  ...,  1.3999,  0.4200,  3.3691]],
       device='cuda:0'), 'val_t': tensor([[-1.9584,  1.1291,  0.2440,  ...,  1.7697, -0.5613,  1.4624],
        [-1.8678,  1.3453,  0.2105,  ...,  1.9410, -0.6108,  1.3886],
        [-1.9402,  1.1477,  0.3245,  ...,  1.7540, -0.4908,  1.5375],
        [-1.7097,  1.1634,  0.3301,  ...,  1.7515, -0.6366,  1.4630],
        [-1.6423,  1.0813,  0.3529,  ...,  1.7561, -0.6353,  1.4912]],
       device='cuda:0')}
[INFO] [1750159362.212056459] [laser_data_loader]: 抽出された人物の点群数: 177
[INFO] [1750159362.212417006] [laser_data_loader]: データキューにフレームを追加しました。現在の長さ: 30/30
[INFO] [1750159362.212781032] [laser_data_loader]: シーケンスが完成！モデル入力形状: torch.Size([1, 30, 256, 3])
[INFO] [1750159362.244748229] [laser_data_loader]: 推論成功！出力形状: {'val_bn': tensor([[-1.1615,  0.6549,  0.1623,  ...,  1.5592,  0.4922,  3.1356],
        [-1.0184,  0.8539,  0.2825,  ...,  1.5964,  0.5890,  3.1923],
        [-1.1346,  0.7054,  0.4748,  ...,  1.4500,  0.8341,  3.4004],
        [-0.9986,  0.6662,  0.3953,  ...,  1.4331,  0.5689,  3.3341],
        [-0.9943,  0.7472,  0.4004,  ...,  1.4369,  0.5247,  3.0705]],
       device='cuda:0'), 'val_t': tensor([[-1.9327,  1.1650,  0.2147,  ...,  1.8468, -0.6174,  1.4226],
        [-1.8030,  1.2714,  0.2593,  ...,  1.8680, -0.5933,  1.4393],
        [-1.9083,  1.1921,  0.3305,  ...,  1.7846, -0.5324,  1.5004],
        [-1.7851,  1.1711,  0.3011,  ...,  1.7750, -0.5983,  1.4810],
        [-1.7812,  1.2144,  0.3029,  ...,  1.7771, -0.6093,  1.4034]],
       device='cuda:0')}
[INFO] [1750159362.245913996] [laser_data_loader]: 抽出された人物の点群数: 172
[INFO] [1750159362.246275444] [laser_data_loader]: データキューにフレームを追加しました。現在の長さ: 30/30
[INFO] [1750159362.246635146] [laser_data_loader]: シーケンスが完成！モデル入力形状: torch.Size([1, 30, 256, 3])
[INFO] [1750159362.278186211] [laser_data_loader]: 推論成功！出力形状: {'val_bn': tensor([[-1.2499,  0.8014,  0.0309,  ...,  1.6262,  0.6086,  3.0178],
        [-0.9295,  0.7243,  0.3800,  ...,  1.4848,  0.5394,  3.3790],
        [-1.0840,  0.6618,  0.5614,  ...,  1.4436,  0.7667,  3.3585],
        [-1.2018,  0.8689,  0.2318,  ...,  1.5334,  0.7209,  3.1688],
        [-0.7116,  0.5044,  0.6133,  ...,  1.2990,  0.3458,  3.3731]],
       device='cuda:0'), 'val_t': tensor([[-2.0128,  1.2434,  0.1661,  ...,  1.8850, -0.5884,  1.3879],
        [-1.7225,  1.2021,  0.2954,  ...,  1.8044, -0.6057,  1.4941],
        [-1.8625,  1.1687,  0.3626,  ...,  1.7810, -0.5491,  1.4881],
        [-1.9692,  1.2794,  0.2405,  ...,  1.8321, -0.5605,  1.4324],
        [-1.5251,  1.0846,  0.3818,  ...,  1.6986, -0.6538,  1.4924]],
       device='cuda:0')}
[INFO] [1750159362.279322594] [laser_data_loader]: 抽出された人物の点群数: 195
[INFO] [1750159362.279684741] [laser_data_loader]: データキューにフレームを追加しました。現在の長さ: 30/30
[INFO] [1750159362.280041101] [laser_data_loader]: シーケンスが完成！モデル入力形状: torch.Size([1, 30, 256, 3])
[INFO] [1750159362.311589626] [laser_data_loader]: 推論成功！出力形状: {'val_bn': tensor([[-1.2130,  0.8417,  0.0148,  ...,  1.6640,  0.5399,  3.0240],
        [-0.9273,  0.5471,  0.5333,  ...,  1.4211,  0.6486,  3.5486],
        [-1.1165,  0.8234,  0.3863,  ...,  1.4661,  0.7560,  3.2571],
        [-0.9950,  0.7223,  0.3384,  ...,  1.5446,  0.4176,  3.2070],
        [-1.0004,  0.5068,  0.6492,  ...,  1.4019,  0.6986,  3.3081]],
       device='cuda:0'), 'val_t': tensor([[-1.9794,  1.2649,  0.1601,  ...,  1.9065, -0.6055,  1.3898],
        [-1.7206,  1.1074,  0.3521,  ...,  1.7681, -0.5785,  1.5440],
        [-1.8919,  1.2551,  0.2977,  ...,  1.7938, -0.5518,  1.4583],
        [-1.7818,  1.2011,  0.2800,  ...,  1.8385, -0.6359,  1.4436],
        [-1.7867,  1.0859,  0.3951,  ...,  1.7572, -0.5661,  1.4733]],
       device='cuda:0')}
[INFO] [1750159362.312736019] [laser_data_loader]: 抽出された人物の点群数: 175
[INFO] [1750159362.313095366] [laser_data_loader]: データキューにフレームを追加しました。現在の長さ: 30/30
[INFO] [1750159362.313450178] [laser_data_loader]: シーケンスが完成！モデル入力形状: torch.Size([1, 30, 256, 3])
[INFO] [1750159362.344853909] [laser_data_loader]: 推論成功！出力形状: {'val_bn': tensor([[-1.0573,  0.8060,  0.0678,  ...,  1.5958,  0.4416,  3.0881],
        [-1.0436,  0.4866,  0.5359,  ...,  1.3912,  0.8285,  3.5661],
        [-1.2213,  0.9667,  0.4909,  ...,  1.6333,  0.7147,  3.0761],
        [-0.8094,  0.6055,  0.3749,  ...,  1.3451,  0.4881,  3.4058],
        [-1.1399,  0.8041,  0.4340,  ...,  1.4359,  0.6366,  3.0064]],
       device='cuda:0'), 'val_t': tensor([[-1.8382,  1.2458,  0.1797,  ...,  1.8677, -0.6300,  1.4086],
        [-1.8259,  1.0751,  0.3531,  ...,  1.7511, -0.5338,  1.5492],
        [-1.9868,  1.3317,  0.3364,  ...,  1.8890, -0.5621,  1.4051],
        [-1.6137,  1.1386,  0.2935,  ...,  1.7248, -0.6184,  1.5020],
        [-1.9132,  1.2448,  0.3154,  ...,  1.7766, -0.5815,  1.3846]],
       device='cuda:0')}
[INFO] [1750159362.346031259] [laser_data_loader]: 抽出された人物の点群数: 180
[INFO] [1750159362.346434948] [laser_data_loader]: データキューにフレームを追加しました。現在の長さ: 30/30
[INFO] [1750159362.346800709] [laser_data_loader]: シーケンスが完成！モデル入力形状: torch.Size([1, 30, 256, 3])
[INFO] [1750159362.378443154] [laser_data_loader]: 推論成功！出力形状: {'val_bn': tensor([[-1.1239,  1.0230,  0.0685,  ...,  1.6258,  0.4778,  2.9755],
        [-1.0374,  0.4624,  0.5572,  ...,  1.4265,  0.8144,  3.5666],
        [-1.0533,  0.8067,  0.4551,  ...,  1.4681,  0.5769,  3.2333],
        [-0.9011,  0.6142,  0.4706,  ...,  1.4465,  0.5145,  3.2950],
        [-0.7220,  0.6294,  0.5327,  ...,  1.2672,  0.4706,  3.3717]],
       device='cuda:0'), 'val_t': tensor([[-1.8986,  1.3618,  0.1800,  ...,  1.8848, -0.6210,  1.3755],
        [-1.8203,  1.0622,  0.3610,  ...,  1.7712, -0.5373,  1.5493],
        [-1.8347,  1.2462,  0.3232,  ...,  1.7949, -0.5963,  1.4513],
        [-1.6968,  1.1433,  0.3289,  ...,  1.7826, -0.6118,  1.4694],
        [-1.5345,  1.1514,  0.3519,  ...,  1.6804, -0.6228,  1.4920]],
       device='cuda:0')}
[INFO] [1750159362.379646191] [laser_data_loader]: 抽出された人物の点群数: 178
[INFO] [1750159362.380005045] [laser_data_loader]: データキューにフレームを追加しました。現在の長さ: 30/30
[INFO] [1750159362.380376451] [laser_data_loader]: シーケンスが完成！モデル入力形状: torch.Size([1, 30, 256, 3])
[INFO] [1750159362.412039883] [laser_data_loader]: 推論成功！出力形状: {'val_bn': tensor([[-1.0899,  0.9922,  0.1507,  ...,  1.7245,  0.5189,  3.0200],
        [-1.1698,  0.6225,  0.4585,  ...,  1.3962,  1.0013,  3.5263],
        [-0.9153,  0.6519,  0.4737,  ...,  1.3919,  0.4151,  3.2730],
        [-0.9234,  0.6389,  0.4554,  ...,  1.4635,  0.5179,  3.2394],
        [-0.6883,  0.4676,  0.6116,  ...,  1.3214,  0.3156,  3.5314]],
       device='cuda:0'), 'val_t': tensor([[-1.8678,  1.3453,  0.2105,  ...,  1.9410, -0.6108,  1.3886],
        [-1.9402,  1.1477,  0.3245,  ...,  1.7540, -0.4908,  1.5375],
        [-1.7097,  1.1634,  0.3301,  ...,  1.7515, -0.6366,  1.4630],
        [-1.7170,  1.1565,  0.3233,  ...,  1.7923, -0.6110,  1.4531],
        [-1.5040,  1.0649,  0.3812,  ...,  1.7113, -0.6613,  1.5390]],
       device='cuda:0')}
[INFO] [1750159362.413192262] [laser_data_loader]: 抽出された人物の点群数: 187
[INFO] [1750159362.413550857] [laser_data_loader]: データキューにフレームを追加しました。現在の長さ: 30/30
[INFO] [1750159362.413919040] [laser_data_loader]: シーケンスが完成！モデル入力形状: torch.Size([1, 30, 256, 3])
[INFO] [1750159362.445837275] [laser_data_loader]: 推論成功！出力形状: {'val_bn': tensor([[-1.0184,  0.8539,  0.2825,  ...,  1.5964,  0.5890,  3.1923],
        [-1.1346,  0.7054,  0.4748,  ...,  1.4500,  0.8341,  3.4004],
        [-0.9986,  0.6662,  0.3953,  ...,  1.4331,  0.5689,  3.3341],
        [-0.8619,  0.6299,  0.4986,  ...,  1.4424,  0.4259,  3.1650],
        [-0.7078,  0.3863,  0.6567,  ...,  1.2588,  0.4713,  3.6797]],
       device='cuda:0'), 'val_t': tensor([[-1.8030,  1.2714,  0.2593,  ...,  1.8680, -0.5933,  1.4393],
        [-1.9083,  1.1921,  0.3305,  ...,  1.7846, -0.5324,  1.5004],
        [-1.7851,  1.1711,  0.3011,  ...,  1.7750, -0.5983,  1.4810],
        [-1.6612,  1.1517,  0.3393,  ...,  1.7803, -0.6339,  1.4312],
        [-1.5216,  1.0215,  0.3979,  ...,  1.6757, -0.6226,  1.5826]],
       device='cuda:0')}
[INFO] [1750159362.446956176] [laser_data_loader]: 抽出された人物の点群数: 182
[INFO] [1750159362.447323524] [laser_data_loader]: データキューにフレームを追加しました。現在の長さ: 30/30
[INFO] [1750159362.447700943] [laser_data_loader]: シーケンスが完成！モデル入力形状: torch.Size([1, 30, 256, 3])
[INFO] [1750159362.479425127] [laser_data_loader]: 推論成功！出力形状: {'val_bn': tensor([[-0.9295,  0.7243,  0.3800,  ...,  1.4848,  0.5394,  3.3790],
        [-1.0840,  0.6618,  0.5614,  ...,  1.4436,  0.7667,  3.3585],
        [-1.2018,  0.8689,  0.2318,  ...,  1.5334,  0.7209,  3.1688],
        [-0.8097,  0.5145,  0.6086,  ...,  1.3843,  0.4262,  3.3287],
        [-0.8719,  0.6933,  0.4045,  ...,  1.3315,  0.3186,  3.2636]],
       device='cuda:0'), 'val_t': tensor([[-1.7225,  1.2021,  0.2954,  ...,  1.8044, -0.6057,  1.4941],
        [-1.8625,  1.1687,  0.3626,  ...,  1.7810, -0.5491,  1.4881],
        [-1.9692,  1.2794,  0.2405,  ...,  1.8321, -0.5605,  1.4324],
        [-1.6139,  1.0900,  0.3800,  ...,  1.7472, -0.6338,  1.4794],
        [-1.6703,  1.1856,  0.3045,  ...,  1.7171, -0.6606,  1.4602]],
       device='cuda:0')}
[INFO] [1750159362.490628933] [laser_data_loader]: 抽出された人物の点群数: 182
[INFO] [1750159362.491036339] [laser_data_loader]: データキューにフレームを追加しました。現在の長さ: 30/30
[INFO] [1750159362.491433921] [laser_data_loader]: シーケンスが完成！モデル入力形状: torch.Size([1, 30, 256, 3])
[INFO] [1750159362.523288520] [laser_data_loader]: 推論成功！出力形状: {'val_bn': tensor([[-0.9273,  0.5471,  0.5333,  ...,  1.4211,  0.6486,  3.5486],
        [-1.1165,  0.8234,  0.3863,  ...,  1.4661,  0.7560,  3.2571],
        [-0.9950,  0.7223,  0.3384,  ...,  1.5446,  0.4176,  3.2070],
        [-1.0260,  0.6203,  0.5812,  ...,  1.3653,  0.7146,  3.2282],
        [-0.5352,  0.4156,  0.5463,  ...,  1.2336,  0.1304,  3.5678]],
       device='cuda:0'), 'val_t': tensor([[-1.7206,  1.1074,  0.3521,  ...,  1.7681, -0.5785,  1.5440],
        [-1.8919,  1.2551,  0.2977,  ...,  1.7938, -0.5518,  1.4583],
        [-1.7818,  1.2011,  0.2800,  ...,  1.8385, -0.6359,  1.4436],
        [-1.8099,  1.1465,  0.3699,  ...,  1.7364, -0.5621,  1.4498],
        [-1.3653,  1.0371,  0.3570,  ...,  1.6613, -0.7074,  1.5497]],
       device='cuda:0')}
[INFO] [1750159362.591505813] [laser_data_loader]: 抽出された人物の点群数: 186
[INFO] [1750159362.592127528] [laser_data_loader]: データキューにフレームを追加しました。現在の長さ: 30/30
[INFO] [1750159362.592753408] [laser_data_loader]: シーケンスが完成！モデル入力形状: torch.Size([1, 30, 256, 3])
[INFO] [1750159362.627842438] [laser_data_loader]: 推論成功！出力形状: {'val_bn': tensor([[-1.0436,  0.4866,  0.5359,  ...,  1.3912,  0.8285,  3.5661],
        [-1.2213,  0.9667,  0.4909,  ...,  1.6333,  0.7147,  3.0761],
        [-0.8094,  0.6055,  0.3749,  ...,  1.3451,  0.4881,  3.4058],
        [-0.8956,  0.6896,  0.5955,  ...,  1.3704,  0.4867,  3.2068],
        [-0.8666,  0.3950,  0.5254,  ...,  1.3286,  0.4622,  3.4799]],
       device='cuda:0'), 'val_t': tensor([[-1.8259,  1.0751,  0.3531,  ...,  1.7511, -0.5338,  1.5492],
        [-1.9868,  1.3317,  0.3364,  ...,  1.8890, -0.5621,  1.4051],
        [-1.6137,  1.1386,  0.2935,  ...,  1.7248, -0.6184,  1.5020],
        [-1.6918,  1.1836,  0.3752,  ...,  1.7393, -0.6188,  1.4435],
        [-1.6655,  1.0261,  0.3492,  ...,  1.7154, -0.6248,  1.5238]],
       device='cuda:0')}
[INFO] [1750159362.693071721] [laser_data_loader]: 抽出された人物の点群数: 184
[INFO] [1750159362.694341384] [laser_data_loader]: データキューにフレームを追加しました。現在の長さ: 30/30
[INFO] [1750159362.695685781] [laser_data_loader]: シーケンスが完成！モデル入力形状: torch.Size([1, 30, 256, 3])
[INFO] [1750159362.734489388] [laser_data_loader]: 推論成功！出力形状: {'val_bn': tensor([[-1.0374,  0.4624,  0.5572,  ...,  1.4265,  0.8144,  3.5666],
        [-1.0533,  0.8067,  0.4551,  ...,  1.4681,  0.5769,  3.2333],
        [-0.9011,  0.6142,  0.4706,  ...,  1.4465,  0.5145,  3.2950],
        [-0.7801,  0.6505,  0.5139,  ...,  1.3427,  0.4425,  3.3888],
        [-0.7845,  0.3724,  0.5192,  ...,  1.2678,  0.3172,  3.4617]],
       device='cuda:0'), 'val_t': tensor([[-1.8203,  1.0622,  0.3610,  ...,  1.7712, -0.5373,  1.5493],
        [-1.8347,  1.2462,  0.3232,  ...,  1.7949, -0.5963,  1.4513],
        [-1.6968,  1.1433,  0.3289,  ...,  1.7826, -0.6118,  1.4694],
        [-1.5872,  1.1627,  0.3450,  ...,  1.7235, -0.6297,  1.4970],
        [-1.5911,  1.0140,  0.3469,  ...,  1.6808, -0.6609,  1.5185]],
       device='cuda:0')}
[INFO] [1750159362.793366998] [laser_data_loader]: 抽出された人物の点群数: 183
[INFO] [1750159362.794755952] [laser_data_loader]: データキューにフレームを追加しました。現在の長さ: 30/30
[INFO] [1750159362.796150227] [laser_data_loader]: シーケンスが完成！モデル入力形状: torch.Size([1, 30, 256, 3])
[INFO] [1750159362.835768900] [laser_data_loader]: 推論成功！出力形状: {'val_bn': tensor([[-1.1698,  0.6225,  0.4585,  ...,  1.3962,  1.0013,  3.5263],
        [-0.9153,  0.6519,  0.4737,  ...,  1.3919,  0.4151,  3.2730],
        [-0.9234,  0.6389,  0.4554,  ...,  1.4635,  0.5179,  3.2394],
        [-0.7004,  0.4759,  0.6243,  ...,  1.3147,  0.3489,  3.5129],
        [-0.6699,  0.3968,  0.4865,  ...,  1.2260,  0.4568,  3.5778]],
       device='cuda:0'), 'val_t': tensor([[-1.9402,  1.1477,  0.3245,  ...,  1.7540, -0.4908,  1.5375],
        [-1.7097,  1.1634,  0.3301,  ...,  1.7515, -0.6366,  1.4630],
        [-1.7170,  1.1565,  0.3233,  ...,  1.7923, -0.6110,  1.4531],
        [-1.5150,  1.0693,  0.3859,  ...,  1.7075, -0.6530,  1.5335],
        [-1.4873,  1.0271,  0.3348,  ...,  1.6570, -0.6262,  1.5526]],
       device='cuda:0')}
[INFO] [1750159362.892729712] [laser_data_loader]: 抽出された人物の点群数: 177
[INFO] [1750159362.893819173] [laser_data_loader]: データキューにフレームを追加しました。現在の長さ: 30/30
[INFO] [1750159362.895043838] [laser_data_loader]: シーケンスが完成！モデル入力形状: torch.Size([1, 30, 256, 3])
[INFO] [1750159362.933377044] [laser_data_loader]: 推論成功！出力形状: {'val_bn': tensor([[-1.1346,  0.7054,  0.4748,  ...,  1.4500,  0.8341,  3.4004],
        [-0.9986,  0.6662,  0.3953,  ...,  1.4331,  0.5689,  3.3341],
        [-0.8619,  0.6299,  0.4986,  ...,  1.4424,  0.4259,  3.1650],
        [-0.8039,  0.5388,  0.5572,  ...,  1.2653,  0.5239,  3.5386],
        [-0.5725,  0.2230,  0.5636,  ...,  1.2312,  0.3611,  3.6882]],
       device='cuda:0'), 'val_t': tensor([[-1.9083,  1.1921,  0.3305,  ...,  1.7846, -0.5324,  1.5004],
        [-1.7851,  1.1711,  0.3011,  ...,  1.7750, -0.5983,  1.4810],
        [-1.6612,  1.1517,  0.3393,  ...,  1.7803, -0.6339,  1.4312],
        [-1.6087,  1.1030,  0.3610,  ...,  1.6794, -0.6095,  1.5411],
        [-1.3990,  0.9342,  0.3634,  ...,  1.6600, -0.6500,  1.5851]],
       device='cuda:0')}
[INFO] [1750159362.992947201] [laser_data_loader]: 抽出された人物の点群数: 180
[INFO] [1750159362.994124362] [laser_data_loader]: データキューにフレームを追加しました。現在の長さ: 30/30
[INFO] [1750159362.995416731] [laser_data_loader]: シーケンスが完成！モデル入力形状: torch.Size([1, 30, 256, 3])
[INFO] [1750159363.034355372] [laser_data_loader]: 推論成功！出力形状: {'val_bn': tensor([[-1.0840,  0.6618,  0.5614,  ...,  1.4436,  0.7667,  3.3585],
        [-1.2018,  0.8689,  0.2318,  ...,  1.5334,  0.7209,  3.1688],
        [-0.8097,  0.5145,  0.6086,  ...,  1.3843,  0.4262,  3.3287],
        [-0.7452,  0.5798,  0.5135,  ...,  1.3498,  0.2414,  3.3620],
        [-0.6524,  0.1059,  0.5786,  ...,  1.1936,  0.4667,  3.7355]],
       device='cuda:0'), 'val_t': tensor([[-1.8625,  1.1687,  0.3626,  ...,  1.7810, -0.5491,  1.4881],
        [-1.9692,  1.2794,  0.2405,  ...,  1.8321, -0.5605,  1.4324],
        [-1.6139,  1.0900,  0.3800,  ...,  1.7472, -0.6338,  1.4794],
        [-1.5556,  1.1249,  0.3448,  ...,  1.7275, -0.6798,  1.4892],
        [-1.4715,  0.8716,  0.3689,  ...,  1.6385, -0.6237,  1.5990]],
       device='cuda:0')}
[INFO] [1750159363.090477423] [laser_data_loader]: 抽出された人物の点群数: 182
[INFO] [1750159363.091627569] [laser_data_loader]: データキューにフレームを追加しました。現在の長さ: 30/30
[INFO] [1750159363.092766843] [laser_data_loader]: シーケンスが完成！モデル入力形状: torch.Size([1, 30, 256, 3])
[INFO] [1750159363.132846837] [laser_data_loader]: 推論成功！出力形状: {'val_bn': tensor([[-1.1165,  0.8234,  0.3863,  ...,  1.4661,  0.7560,  3.2571],
        [-0.9950,  0.7223,  0.3384,  ...,  1.5446,  0.4176,  3.2070],
        [-1.0260,  0.6203,  0.5812,  ...,  1.3653,  0.7146,  3.2282],
        [-0.6471,  0.4467,  0.5606,  ...,  1.2821,  0.2367,  3.4989],
        [-0.4751,  0.1281,  0.6044,  ...,  1.0568,  0.4231,  3.8033]],
       device='cuda:0'), 'val_t': tensor([[-1.8919,  1.2551,  0.2977,  ...,  1.7938, -0.5518,  1.4583],
        [-1.7818,  1.2011,  0.2800,  ...,  1.8385, -0.6359,  1.4436],
        [-1.8099,  1.1465,  0.3699,  ...,  1.7364, -0.5621,  1.4498],
        [-1.4667,  1.0538,  0.3623,  ...,  1.6889, -0.6809,  1.5294],
        [-1.3108,  0.8834,  0.3785,  ...,  1.5606, -0.6346,  1.6189]],
       device='cuda:0')}
[INFO] [1750159363.193503686] [laser_data_loader]: 抽出された人物の点群数: 172
[INFO] [1750159363.195042177] [laser_data_loader]: データキューにフレームを追加しました。現在の長さ: 30/30
[INFO] [1750159363.196559119] [laser_data_loader]: シーケンスが完成！モデル入力形状: torch.Size([1, 30, 256, 3])
[INFO] [1750159363.236552659] [laser_data_loader]: 推論成功！出力形状: {'val_bn': tensor([[-1.2213,  0.9667,  0.4909,  ...,  1.6333,  0.7147,  3.0761],
        [-0.8094,  0.6055,  0.3749,  ...,  1.3451,  0.4881,  3.4058],
        [-0.8956,  0.6896,  0.5955,  ...,  1.3704,  0.4867,  3.2068],
        [-0.7531,  0.3713,  0.5255,  ...,  1.2857,  0.3375,  3.5365],
        [-0.7781,  0.4790,  0.4113,  ...,  1.2774,  0.5066,  3.5409]],
       device='cuda:0'), 'val_t': tensor([[-1.9868,  1.3317,  0.3364,  ...,  1.8890, -0.5621,  1.4051],
        [-1.6137,  1.1386,  0.2935,  ...,  1.7248, -0.6184,  1.5020],
        [-1.6918,  1.1836,  0.3752,  ...,  1.7393, -0.6188,  1.4435],
        [-1.5627,  1.0134,  0.3493,  ...,  1.6910, -0.6559,  1.5405],
        [-1.5853,  1.0710,  0.3070,  ...,  1.6863, -0.6138,  1.5418]],
       device='cuda:0')}
[INFO] [1750159363.292267646] [laser_data_loader]: 抽出された人物の点群数: 182
[INFO] [1750159363.293129858] [laser_data_loader]: データキューにフレームを追加しました。現在の長さ: 30/30
[INFO] [1750159363.294112559] [laser_data_loader]: シーケンスが完成！モデル入力形状: torch.Size([1, 30, 256, 3])
[INFO] [1750159363.326820028] [laser_data_loader]: 推論成功！出力形状: {'val_bn': tensor([[-1.0533,  0.8067,  0.4551,  ...,  1.4681,  0.5769,  3.2333],
        [-0.9011,  0.6142,  0.4706,  ...,  1.4465,  0.5145,  3.2950],
        [-0.7801,  0.6505,  0.5139,  ...,  1.3427,  0.4425,  3.3888],
        [-0.7891,  0.3762,  0.5095,  ...,  1.2757,  0.3973,  3.4881],
        [-0.9915,  0.7225,  0.3887,  ...,  1.3751,  0.6982,  3.3658]],
       device='cuda:0'), 'val_t': tensor([[-1.8347,  1.2462,  0.3232,  ...,  1.7949, -0.5963,  1.4513],
        [-1.6968,  1.1433,  0.3289,  ...,  1.7826, -0.6118,  1.4694],
        [-1.5872,  1.1627,  0.3450,  ...,  1.7235, -0.6297,  1.4970],
        [-1.5953,  1.0161,  0.3434,  ...,  1.6853, -0.6410,  1.5262],
        [-1.7787,  1.2012,  0.2986,  ...,  1.7419, -0.5661,  1.4903]],
       device='cuda:0')}
[INFO] [1750159363.390526884] [laser_data_loader]: 抽出された人物の点群数: 186
[INFO] [1750159363.390918234] [laser_data_loader]: データキューにフレームを追加しました。現在の長さ: 30/30
[INFO] [1750159363.391319609] [laser_data_loader]: シーケンスが完成！モデル入力形状: torch.Size([1, 30, 256, 3])
[INFO] [1750159363.423948207] [laser_data_loader]: 推論成功！出力形状: {'val_bn': tensor([[-0.9153,  0.6519,  0.4737,  ...,  1.3919,  0.4151,  3.2730],
        [-0.9234,  0.6389,  0.4554,  ...,  1.4635,  0.5179,  3.2394],
        [-0.7004,  0.4759,  0.6243,  ...,  1.3147,  0.3489,  3.5129],
        [-0.7135,  0.4084,  0.4992,  ...,  1.2693,  0.4447,  3.5596],
        [-0.9939,  0.6351,  0.4993,  ...,  1.2988,  0.6166,  3.3447]],
       device='cuda:0'), 'val_t': tensor([[-1.7097,  1.1634,  0.3301,  ...,  1.7515, -0.6366,  1.4630],
        [-1.7170,  1.1565,  0.3233,  ...,  1.7923, -0.6110,  1.4531],
        [-1.5150,  1.0693,  0.3859,  ...,  1.7075, -0.6530,  1.5335],
        [-1.5268,  1.0333,  0.3395,  ...,  1.6816, -0.6292,  1.5473],
        [-1.7808,  1.1545,  0.3396,  ...,  1.6985, -0.5864,  1.4841]],
       device='cuda:0')}
[INFO] [1750159363.490418092] [laser_data_loader]: 抽出された人物の点群数: 183
[INFO] [1750159363.490800846] [laser_data_loader]: データキューにフレームを追加しました。現在の長さ: 30/30
[INFO] [1750159363.491182997] [laser_data_loader]: シーケンスが完成！モデル入力形状: torch.Size([1, 30, 256, 3])
[INFO] [1750159363.523568180] [laser_data_loader]: 推論成功！出力形状: {'val_bn': tensor([[-0.9986,  0.6662,  0.3953,  ...,  1.4331,  0.5689,  3.3341],
        [-0.8619,  0.6299,  0.4986,  ...,  1.4424,  0.4259,  3.1650],
        [-0.8039,  0.5388,  0.5572,  ...,  1.2653,  0.5239,  3.5386],
        [-0.5983,  0.2062,  0.5935,  ...,  1.2491,  0.3226,  3.6397],
        [-0.8194,  0.6059,  0.5100,  ...,  1.1866,  0.5141,  3.4464]],
       device='cuda:0'), 'val_t': tensor([[-1.7851,  1.1711,  0.3011,  ...,  1.7750, -0.5983,  1.4810],
        [-1.6612,  1.1517,  0.3393,  ...,  1.7803, -0.6339,  1.4312],
        [-1.6087,  1.1030,  0.3610,  ...,  1.6794, -0.6095,  1.5411],
        [-1.4224,  0.9252,  0.3744,  ...,  1.6701, -0.6596,  1.5708],
        [-1.6227,  1.1388,  0.3435,  ...,  1.6345, -0.6120,  1.5140]],
       device='cuda:0')}
[INFO] [1750159363.590652453] [laser_data_loader]: 抽出された人物の点群数: 180
[INFO] [1750159363.591175955] [laser_data_loader]: データキューにフレームを追加しました。現在の長さ: 30/30
[INFO] [1750159363.591617769] [laser_data_loader]: シーケンスが完成！モデル入力形状: torch.Size([1, 30, 256, 3])
[INFO] [1750159363.625476125] [laser_data_loader]: 推論成功！出力形状: {'val_bn': tensor([[-1.2018,  0.8689,  0.2318,  ...,  1.5334,  0.7209,  3.1688],
        [-0.8097,  0.5145,  0.6086,  ...,  1.3843,  0.4262,  3.3287],
        [-0.7452,  0.5798,  0.5135,  ...,  1.3498,  0.2414,  3.3620],
        [-0.5807,  0.1309,  0.6064,  ...,  1.1053,  0.4994,  3.7677],
        [-1.0145,  0.6250,  0.4237,  ...,  1.3488,  0.7154,  3.4088]],
       device='cuda:0'), 'val_t': tensor([[-1.9692,  1.2794,  0.2405,  ...,  1.8321, -0.5605,  1.4324],
        [-1.6139,  1.0900,  0.3800,  ...,  1.7472, -0.6338,  1.4794],
        [-1.5556,  1.1249,  0.3448,  ...,  1.7275, -0.6798,  1.4892],
        [-1.4065,  0.8849,  0.3792,  ...,  1.5882, -0.6156,  1.6084],
        [-1.7995,  1.1490,  0.3116,  ...,  1.7269, -0.5619,  1.5029]],
       device='cuda:0')}
[INFO] [1750159363.691742542] [laser_data_loader]: 抽出された人物の点群数: 188
[INFO] [1750159363.692125026] [laser_data_loader]: データキューにフレームを追加しました。現在の長さ: 30/30
[INFO] [1750159363.692514448] [laser_data_loader]: シーケンスが完成！モデル入力形状: torch.Size([1, 30, 256, 3])
[INFO] [1750159363.725407798] [laser_data_loader]: 推論成功！出力形状: {'val_bn': tensor([[-0.9950,  0.7223,  0.3384,  ...,  1.5446,  0.4176,  3.2070],
        [-1.0260,  0.6203,  0.5812,  ...,  1.3653,  0.7146,  3.2282],
        [-0.6471,  0.4467,  0.5606,  ...,  1.2821,  0.2367,  3.4989],
        [-0.6196,  0.2544,  0.5214,  ...,  1.1788,  0.4290,  3.6977],
        [-0.9468,  0.5252,  0.4987,  ...,  1.2916,  0.6588,  3.5398]],
       device='cuda:0'), 'val_t': tensor([[-1.7818,  1.2011,  0.2800,  ...,  1.8385, -0.6359,  1.4436],
        [-1.8099,  1.1465,  0.3699,  ...,  1.7364, -0.5621,  1.4498],
        [-1.4667,  1.0538,  0.3623,  ...,  1.6889, -0.6809,  1.5294],
        [-1.4418,  0.9510,  0.3478,  ...,  1.6301, -0.6331,  1.5879],
        [-1.7382,  1.0957,  0.3393,  ...,  1.6944, -0.5759,  1.5414]],
       device='cuda:0')}
[INFO] [1750159363.796480663] [laser_data_loader]: 抽出された人物の点群数: 181
[INFO] [1750159363.798704363] [laser_data_loader]: データキューにフレームを追加しました。現在の長さ: 30/30
[INFO] [1750159363.800840755] [laser_data_loader]: シーケンスが完成！モデル入力形状: torch.Size([1, 30, 256, 3])
[INFO] [1750159363.844767334] [laser_data_loader]: 推論成功！出力形状: {'val_bn': tensor([[-0.8094,  0.6055,  0.3749,  ...,  1.3451,  0.4881,  3.4058],
        [-0.8956,  0.6896,  0.5955,  ...,  1.3704,  0.4867,  3.2068],
        [-0.7531,  0.3713,  0.5255,  ...,  1.2857,  0.3375,  3.5365],
        [-0.7995,  0.4864,  0.4372,  ...,  1.2604,  0.5815,  3.5817],
        [-0.6225,  0.2791,  0.6283,  ...,  1.0436,  0.5172,  3.7680]],
       device='cuda:0'), 'val_t': tensor([[-1.6137,  1.1386,  0.2935,  ...,  1.7248, -0.6184,  1.5020],
        [-1.6918,  1.1836,  0.3752,  ...,  1.7393, -0.6188,  1.4435],
        [-1.5627,  1.0134,  0.3493,  ...,  1.6910, -0.6559,  1.5405],
        [-1.6047,  1.0750,  0.3166,  ...,  1.6766, -0.5952,  1.5537],
        [-1.4443,  0.9641,  0.3873,  ...,  1.5531, -0.6112,  1.6085]],
       device='cuda:0')}
[INFO] [1750159363.892938324] [laser_data_loader]: 抽出された人物の点群数: 178
[INFO] [1750159363.893764780] [laser_data_loader]: データキューにフレームを追加しました。現在の長さ: 30/30
[INFO] [1750159363.894717692] [laser_data_loader]: シーケンスが完成！モデル入力形状: torch.Size([1, 30, 256, 3])
[INFO] [1750159363.931244933] [laser_data_loader]: 推論成功！出力形状: {'val_bn': tensor([[-0.9011,  0.6142,  0.4706,  ...,  1.4465,  0.5145,  3.2950],
        [-0.7801,  0.6505,  0.5139,  ...,  1.3427,  0.4425,  3.3888],
        [-0.7891,  0.3762,  0.5095,  ...,  1.2757,  0.3973,  3.4881],
        [-0.9239,  0.6146,  0.4723,  ...,  1.3822,  0.6149,  3.4217],
        [-0.6072,  0.1532,  0.5711,  ...,  0.9791,  0.5411,  3.8441]],
       device='cuda:0'), 'val_t': tensor([[-1.6968,  1.1433,  0.3289,  ...,  1.7826, -0.6118,  1.4694],
        [-1.5872,  1.1627,  0.3450,  ...,  1.7235, -0.6297,  1.4970],
        [-1.5953,  1.0161,  0.3434,  ...,  1.6853, -0.6410,  1.5262],
        [-1.7175,  1.1435,  0.3295,  ...,  1.7460, -0.5869,  1.5067],
        [-1.4305,  0.8969,  0.3662,  ...,  1.5163, -0.6052,  1.6309]],
       device='cuda:0')}
[INFO] [1750159363.991315923] [laser_data_loader]: 抽出された人物の点群数: 185
[INFO] [1750159363.992308239] [laser_data_loader]: データキューにフレームを追加しました。現在の長さ: 30/30
[INFO] [1750159363.993295629] [laser_data_loader]: シーケンスが完成！モデル入力形状: torch.Size([1, 30, 256, 3])
[INFO] [1750159364.029312149] [laser_data_loader]: 推論成功！出力形状: {'val_bn': tensor([[-0.9234,  0.6389,  0.4554,  ...,  1.4635,  0.5179,  3.2394],
        [-0.7004,  0.4759,  0.6243,  ...,  1.3147,  0.3489,  3.5129],
        [-0.7135,  0.4084,  0.4992,  ...,  1.2693,  0.4447,  3.5596],
        [-0.9225,  0.5945,  0.4825,  ...,  1.2899,  0.5259,  3.3915],
        [-0.7319,  0.1752,  0.6102,  ...,  1.0705,  0.6702,  3.7427]],
       device='cuda:0'), 'val_t': tensor([[-1.7170,  1.1565,  0.3233,  ...,  1.7923, -0.6110,  1.4531],
        [-1.5150,  1.0693,  0.3859,  ...,  1.7075, -0.6530,  1.5335],
        [-1.5268,  1.0333,  0.3395,  ...,  1.6816, -0.6292,  1.5473],
        [-1.7161,  1.1328,  0.3333,  ...,  1.6934, -0.6090,  1.4978],
        [-1.5435,  0.9086,  0.3806,  ...,  1.5684, -0.5731,  1.6011]],
       device='cuda:0')}
[INFO] [1750159364.091382408] [laser_data_loader]: 抽出された人物の点群数: 189
[INFO] [1750159364.092007424] [laser_data_loader]: データキューにフレームを追加しました。現在の長さ: 30/30
[INFO] [1750159364.092662425] [laser_data_loader]: シーケンスが完成！モデル入力形状: torch.Size([1, 30, 256, 3])
[INFO] [1750159364.127325391] [laser_data_loader]: 推論成功！出力形状: {'val_bn': tensor([[-0.8619,  0.6299,  0.4986,  ...,  1.4424,  0.4259,  3.1650],
        [-0.8039,  0.5388,  0.5572,  ...,  1.2653,  0.5239,  3.5386],
        [-0.5983,  0.2062,  0.5935,  ...,  1.2491,  0.3226,  3.6397],
        [-0.9145,  0.6272,  0.4781,  ...,  1.2644,  0.6303,  3.4217],
        [-1.0090,  0.5380,  0.5390,  ...,  1.2196,  0.6293,  3.3055]],
       device='cuda:0'), 'val_t': tensor([[-1.6612,  1.1517,  0.3393,  ...,  1.7803, -0.6339,  1.4312],
        [-1.6087,  1.1030,  0.3610,  ...,  1.6794, -0.6095,  1.5411],
        [-1.4224,  0.9252,  0.3744,  ...,  1.6701, -0.6596,  1.5708],
        [-1.7089,  1.1502,  0.3317,  ...,  1.6788, -0.5830,  1.5067],
        [-1.7945,  1.1025,  0.3543,  ...,  1.6534, -0.5833,  1.4725]],
       device='cuda:0')}
[INFO] [1750159364.193070118] [laser_data_loader]: 抽出された人物の点群数: 182
[INFO] [1750159364.194299444] [laser_data_loader]: データキューにフレームを追加しました。現在の長さ: 30/30
[INFO] [1750159364.195617931] [laser_data_loader]: シーケンスが完成！モデル入力形状: torch.Size([1, 30, 256, 3])
[INFO] [1750159364.233920792] [laser_data_loader]: 推論成功！出力形状: {'val_bn': tensor([[-0.8097,  0.5145,  0.6086,  ...,  1.3843,  0.4262,  3.3287],
        [-0.7452,  0.5798,  0.5135,  ...,  1.3498,  0.2414,  3.3620],
        [-0.5807,  0.1309,  0.6064,  ...,  1.1053,  0.4994,  3.7677],
        [-1.0071,  0.6410,  0.4164,  ...,  1.3333,  0.6974,  3.4237],
        [-0.9874,  0.6645,  0.4117,  ...,  1.2137,  0.4732,  3.2070]],
       device='cuda:0'), 'val_t': tensor([[-1.6139,  1.0900,  0.3800,  ...,  1.7472, -0.6338,  1.4794],
        [-1.5556,  1.1249,  0.3448,  ...,  1.7275, -0.6798,  1.4892],
        [-1.4065,  0.8849,  0.3792,  ...,  1.5882, -0.6156,  1.6084],
        [-1.7928,  1.1576,  0.3089,  ...,  1.7181, -0.5664,  1.5073],
        [-1.7749,  1.1702,  0.3071,  ...,  1.6500, -0.6221,  1.4436]],
       device='cuda:0')}
[INFO] [1750159364.292927319] [laser_data_loader]: 抽出された人物の点群数: 184
[INFO] [1750159364.293315232] [laser_data_loader]: データキューにフレームを追加しました。現在の長さ: 30/30
[INFO] [1750159364.293783526] [laser_data_loader]: シーケンスが完成！モデル入力形状: torch.Size([1, 30, 256, 3])
[INFO] [1750159364.326755490] [laser_data_loader]: 推論成功！出力形状: {'val_bn': tensor([[-1.0260,  0.6203,  0.5812,  ...,  1.3653,  0.7146,  3.2282],
        [-0.6471,  0.4467,  0.5606,  ...,  1.2821,  0.2367,  3.4989],
        [-0.6196,  0.2544,  0.5214,  ...,  1.1788,  0.4290,  3.6977],
        [-0.8951,  0.5296,  0.5542,  ...,  1.2162,  0.6694,  3.5790],
        [-0.9670,  0.6120,  0.3748,  ...,  1.3172,  0.5089,  3.3293]],
       device='cuda:0'), 'val_t': tensor([[-1.8099,  1.1465,  0.3699,  ...,  1.7364, -0.5621,  1.4498],
        [-1.4667,  1.0538,  0.3623,  ...,  1.6889, -0.6809,  1.5294],
        [-1.4418,  0.9510,  0.3478,  ...,  1.6301, -0.6331,  1.5879],
        [-1.6913,  1.0981,  0.3599,  ...,  1.6514, -0.5733,  1.5530],
        [-1.7565,  1.1421,  0.2934,  ...,  1.7089, -0.6132,  1.4795]],
       device='cuda:0')}
[INFO] [1750159364.391155331] [laser_data_loader]: 抽出された人物の点群数: 185
[INFO] [1750159364.391641490] [laser_data_loader]: データキューにフレームを追加しました。現在の長さ: 30/30
[INFO] [1750159364.392121121] [laser_data_loader]: シーケンスが完成！モデル入力形状: torch.Size([1, 30, 256, 3])
[INFO] [1750159364.425803634] [laser_data_loader]: 推論成功！出力形状: {'val_bn': tensor([[-0.8956,  0.6896,  0.5955,  ...,  1.3704,  0.4867,  3.2068],
        [-0.7531,  0.3713,  0.5255,  ...,  1.2857,  0.3375,  3.5365],
        [-0.7995,  0.4864,  0.4372,  ...,  1.2604,  0.5815,  3.5817],
        [-0.6729,  0.2779,  0.5958,  ...,  1.0986,  0.5523,  3.7888],
        [-0.9947,  0.5731,  0.3269,  ...,  1.3157,  0.4142,  3.2583]],
       device='cuda:0'), 'val_t': tensor([[-1.6918,  1.1836,  0.3752,  ...,  1.7393, -0.6188,  1.4435],
        [-1.5627,  1.0134,  0.3493,  ...,  1.6910, -0.6559,  1.5405],
        [-1.6047,  1.0750,  0.3166,  ...,  1.6766, -0.5952,  1.5537],
        [-1.4900,  0.9635,  0.3753,  ...,  1.5844, -0.6024,  1.6147],
        [-1.7816,  1.1213,  0.2757,  ...,  1.7081, -0.6368,  1.4587]],
       device='cuda:0')}
[INFO] [1750159364.491996841] [laser_data_loader]: 抽出された人物の点群数: 184
[INFO] [1750159364.492770077] [laser_data_loader]: データキューにフレームを追加しました。現在の長さ: 30/30
[INFO] [1750159364.493540860] [laser_data_loader]: シーケンスが完成！モデル入力形状: torch.Size([1, 30, 256, 3])
[INFO] [1750159364.528053805] [laser_data_loader]: 推論成功！出力形状: {'val_bn': tensor([[-0.7801,  0.6505,  0.5139,  ...,  1.3427,  0.4425,  3.3888],
        [-0.7891,  0.3762,  0.5095,  ...,  1.2757,  0.3973,  3.4881],
        [-0.9239,  0.6146,  0.4723,  ...,  1.3822,  0.6149,  3.4217],
        [-0.6163,  0.1546,  0.6064,  ...,  0.9634,  0.5370,  3.7761],
        [-0.8730,  0.6191,  0.3367,  ...,  1.2248,  0.4514,  3.4262]],
       device='cuda:0'), 'val_t': tensor([[-1.5872,  1.1627,  0.3450,  ...,  1.7235, -0.6297,  1.4970],
        [-1.5953,  1.0161,  0.3434,  ...,  1.6853, -0.6410,  1.5262],
        [-1.7175,  1.1435,  0.3295,  ...,  1.7460, -0.5869,  1.5067],
        [-1.4388,  0.8976,  0.3792,  ...,  1.5074, -0.6062,  1.6109],
        [-1.6713,  1.1459,  0.2793,  ...,  1.6563, -0.6275,  1.5080]],
       device='cuda:0')}
[INFO] [1750159364.591769133] [laser_data_loader]: 抽出された人物の点群数: 174
[INFO] [1750159364.592442907] [laser_data_loader]: データキューにフレームを追加しました。現在の長さ: 30/30
[INFO] [1750159364.593129145] [laser_data_loader]: シーケンスが完成！モデル入力形状: torch.Size([1, 30, 256, 3])
[INFO] [1750159364.629878872] [laser_data_loader]: 推論成功！出力形状: {'val_bn': tensor([[-0.7004,  0.4759,  0.6243,  ...,  1.3147,  0.3489,  3.5129],
        [-0.7135,  0.4084,  0.4992,  ...,  1.2693,  0.4447,  3.5596],
        [-0.9225,  0.5945,  0.4825,  ...,  1.2899,  0.5259,  3.3915],
        [-0.8344,  0.3104,  0.6003,  ...,  1.1180,  0.6833,  3.6088],
        [-0.8900,  0.4549,  0.1992,  ...,  1.2921,  0.4242,  3.5475]],
       device='cuda:0'), 'val_t': tensor([[-1.5150,  1.0693,  0.3859,  ...,  1.7075, -0.6530,  1.5335],
        [-1.5268,  1.0333,  0.3395,  ...,  1.6816, -0.6292,  1.5473],
        [-1.7161,  1.1328,  0.3333,  ...,  1.6934, -0.6090,  1.4978],
        [-1.6363,  0.9809,  0.3770,  ...,  1.5954, -0.5699,  1.5617],
        [-1.6867,  1.0581,  0.2284,  ...,  1.6947, -0.6343,  1.5437]],
       device='cuda:0')}
[INFO] [1750159364.692666175] [laser_data_loader]: 抽出された人物の点群数: 185
[INFO] [1750159364.693695464] [laser_data_loader]: データキューにフレームを追加しました。現在の長さ: 30/30
[INFO] [1750159364.694894479] [laser_data_loader]: シーケンスが完成！モデル入力形状: torch.Size([1, 30, 256, 3])
[INFO] [1750159364.734518526] [laser_data_loader]: 推論成功！出力形状: {'val_bn': tensor([[-0.8039,  0.5388,  0.5572,  ...,  1.2653,  0.5239,  3.5386],
        [-0.5983,  0.2062,  0.5935,  ...,  1.2491,  0.3226,  3.6397],
        [-0.9145,  0.6272,  0.4781,  ...,  1.2644,  0.6303,  3.4217],
        [-0.9806,  0.5073,  0.5017,  ...,  1.2356,  0.6550,  3.3792],
        [-0.7910,  0.3019,  0.3885,  ...,  1.1809,  0.5132,  3.8036]],
       device='cuda:0'), 'val_t': tensor([[-1.6087,  1.1030,  0.3610,  ...,  1.6794, -0.6095,  1.5411],
        [-1.4224,  0.9252,  0.3744,  ...,  1.6701, -0.6596,  1.5708],
        [-1.7089,  1.1502,  0.3317,  ...,  1.6788, -0.5830,  1.5067],
        [-1.7688,  1.0862,  0.3404,  ...,  1.6625, -0.5769,  1.4942],
        [-1.5970,  0.9764,  0.2985,  ...,  1.6313, -0.6122,  1.6190]],
       device='cuda:0')}
[INFO] [1750159364.790148037] [laser_data_loader]: 抽出された人物の点群数: 190
[INFO] [1750159364.791190553] [laser_data_loader]: データキューにフレームを追加しました。現在の長さ: 30/30
[INFO] [1750159364.792234262] [laser_data_loader]: シーケンスが完成！モデル入力形状: torch.Size([1, 30, 256, 3])
[INFO] [1750159364.832609712] [laser_data_loader]: 推論成功！出力形状: {'val_bn': tensor([[-0.7452,  0.5798,  0.5135,  ...,  1.3498,  0.2414,  3.3620],
        [-0.5807,  0.1309,  0.6064,  ...,  1.1053,  0.4994,  3.7677],
        [-1.0071,  0.6410,  0.4164,  ...,  1.3333,  0.6974,  3.4237],
        [-0.8789,  0.5928,  0.4058,  ...,  1.2292,  0.4902,  3.3895],
        [-0.7001,  0.1476,  0.5291,  ...,  1.0956,  0.4829,  3.8139]],
       device='cuda:0'), 'val_t': tensor([[-1.5556,  1.1249,  0.3448,  ...,  1.7275, -0.6798,  1.4892],
        [-1.4065,  0.8849,  0.3792,  ...,  1.5882, -0.6156,  1.6084],
        [-1.7928,  1.1576,  0.3089,  ...,  1.7181, -0.5664,  1.5073],
        [-1.6767,  1.1319,  0.3050,  ...,  1.6588, -0.6179,  1.4972],
        [-1.5147,  0.8939,  0.3506,  ...,  1.5827, -0.6197,  1.6220]],
       device='cuda:0')}
[INFO] [1750159364.893251441] [laser_data_loader]: 抽出された人物の点群数: 185
[INFO] [1750159364.894619537] [laser_data_loader]: データキューにフレームを追加しました。現在の長さ: 30/30
[INFO] [1750159364.896015191] [laser_data_loader]: シーケンスが完成！モデル入力形状: torch.Size([1, 30, 256, 3])
[INFO] [1750159364.936648500] [laser_data_loader]: 推論成功！出力形状: {'val_bn': tensor([[-0.6471,  0.4467,  0.5606,  ...,  1.2821,  0.2367,  3.4989],
        [-0.6196,  0.2544,  0.5214,  ...,  1.1788,  0.4290,  3.6977],
        [-0.8951,  0.5296,  0.5542,  ...,  1.2162,  0.6694,  3.5790],
        [-0.9414,  0.5829,  0.3464,  ...,  1.2948,  0.4597,  3.3445],
        [-0.5852,  0.1502,  0.5778,  ...,  0.9901,  0.5059,  3.8118]],
       device='cuda:0'), 'val_t': tensor([[-1.4667,  1.0538,  0.3623,  ...,  1.6889, -0.6809,  1.5294],
        [-1.4418,  0.9510,  0.3478,  ...,  1.6301, -0.6331,  1.5879],
        [-1.6913,  1.0981,  0.3599,  ...,  1.6514, -0.5733,  1.5530],
        [-1.7333,  1.1266,  0.2829,  ...,  1.6962, -0.6255,  1.4840],
        [-1.4106,  0.8953,  0.3686,  ...,  1.5226, -0.6140,  1.6214]],
       device='cuda:0')}
[INFO] [1750159364.992045669] [laser_data_loader]: 抽出された人物の点群数: 182
[INFO] [1750159364.992852708] [laser_data_loader]: データキューにフレームを追加しました。現在の長さ: 30/30
[INFO] [1750159364.993685990] [laser_data_loader]: シーケンスが完成！モデル入力形状: torch.Size([1, 30, 256, 3])
[INFO] [1750159365.032331991] [laser_data_loader]: 推論成功！出力形状: {'val_bn': tensor([[-0.7531,  0.3713,  0.5255,  ...,  1.2857,  0.3375,  3.5365],
        [-0.7995,  0.4864,  0.4372,  ...,  1.2604,  0.5815,  3.5817],
        [-0.6729,  0.2779,  0.5958,  ...,  1.0986,  0.5523,  3.7888],
        [-0.9782,  0.6052,  0.3411,  ...,  1.2683,  0.4578,  3.2889],
        [-0.9431,  0.4663,  0.5002,  ...,  1.2801,  0.6341,  3.5349]],
       device='cuda:0'), 'val_t': tensor([[-1.5627,  1.0134,  0.3493,  ...,  1.6910, -0.6559,  1.5405],
        [-1.6047,  1.0750,  0.3166,  ...,  1.6766, -0.5952,  1.5537],
        [-1.4900,  0.9635,  0.3753,  ...,  1.5844, -0.6024,  1.6147],
        [-1.7666,  1.1385,  0.2810,  ...,  1.6811, -0.6259,  1.4677],
        [-1.7348,  1.0642,  0.3399,  ...,  1.6878, -0.5821,  1.5400]],
       device='cuda:0')}
[INFO] [1750159365.092306661] [laser_data_loader]: 抽出された人物の点群数: 180
[INFO] [1750159365.093158516] [laser_data_loader]: データキューにフレームを追加しました。現在の長さ: 30/30
[INFO] [1750159365.094112927] [laser_data_loader]: シーケンスが完成！モデル入力形状: torch.Size([1, 30, 256, 3])
[INFO] [1750159365.132792666] [laser_data_loader]: 推論成功！出力形状: {'val_bn': tensor([[-0.7891,  0.3762,  0.5095,  ...,  1.2757,  0.3973,  3.4881],
        [-0.9239,  0.6146,  0.4723,  ...,  1.3822,  0.6149,  3.4217],
        [-0.6163,  0.1546,  0.6064,  ...,  0.9634,  0.5370,  3.7761],
        [-0.9334,  0.6173,  0.2655,  ...,  1.2941,  0.4562,  3.3768],
        [-0.9876,  0.6728,  0.3815,  ...,  1.3491,  0.5205,  3.2959]],
       device='cuda:0'), 'val_t': tensor([[-1.5953,  1.0161,  0.3434,  ...,  1.6853, -0.6410,  1.5262],
        [-1.7175,  1.1435,  0.3295,  ...,  1.7460, -0.5869,  1.5067],
        [-1.4388,  0.8976,  0.3792,  ...,  1.5074, -0.6062,  1.6109],
        [-1.7261,  1.1449,  0.2530,  ...,  1.6958, -0.6264,  1.4935],
        [-1.7751,  1.1746,  0.2959,  ...,  1.7271, -0.6104,  1.4697]],
       device='cuda:0')}
[INFO] [1750159365.192259712] [laser_data_loader]: 抽出された人物の点群数: 177
[INFO] [1750159365.193153385] [laser_data_loader]: データキューにフレームを追加しました。現在の長さ: 30/30
[INFO] [1750159365.194141661] [laser_data_loader]: シーケンスが完成！モデル入力形状: torch.Size([1, 30, 256, 3])
[INFO] [1750159365.233306896] [laser_data_loader]: 推論成功！出力形状: {'val_bn': tensor([[-0.7135,  0.4084,  0.4992,  ...,  1.2693,  0.4447,  3.5596],
        [-0.9225,  0.5945,  0.4825,  ...,  1.2899,  0.5259,  3.3915],
        [-0.8344,  0.3104,  0.6003,  ...,  1.1180,  0.6833,  3.6088],
        [-0.8775,  0.4772,  0.2878,  ...,  1.2696,  0.4674,  3.5811],
        [-0.7964,  0.7381,  0.4044,  ...,  1.2078,  0.0465,  3.0878]],
       device='cuda:0'), 'val_t': tensor([[-1.5268,  1.0333,  0.3395,  ...,  1.6816, -0.6292,  1.5473],
        [-1.7161,  1.1328,  0.3333,  ...,  1.6934, -0.6090,  1.4978],
        [-1.6363,  0.9809,  0.3770,  ...,  1.5954, -0.5699,  1.5617],
        [-1.6754,  1.0701,  0.2612,  ...,  1.6818, -0.6236,  1.5536],
        [-1.6019,  1.2095,  0.3044,  ...,  1.6466, -0.7282,  1.4085]],
       device='cuda:0')}
[INFO] [1750159365.292542868] [laser_data_loader]: 抽出された人物の点群数: 170
[INFO] [1750159365.293481263] [laser_data_loader]: データキューにフレームを追加しました。現在の長さ: 30/30
[INFO] [1750159365.294630281] [laser_data_loader]: シーケンスが完成！モデル入力形状: torch.Size([1, 30, 256, 3])
[INFO] [1750159365.333875048] [laser_data_loader]: 推論成功！出力形状: {'val_bn': tensor([[-0.5983,  0.2062,  0.5935,  ...,  1.2491,  0.3226,  3.6397],
        [-0.9145,  0.6272,  0.4781,  ...,  1.2644,  0.6303,  3.4217],
        [-0.9806,  0.5073,  0.5017,  ...,  1.2356,  0.6550,  3.3792],
        [-0.7229,  0.2778,  0.3796,  ...,  1.1311,  0.4526,  3.8074],
        [-0.7268,  0.7224,  0.3121,  ...,  1.2454,  0.1098,  3.1934]],
       device='cuda:0'), 'val_t': tensor([[-1.4224,  0.9252,  0.3744,  ...,  1.6701, -0.6596,  1.5708],
        [-1.7089,  1.1502,  0.3317,  ...,  1.6788, -0.5830,  1.5067],
        [-1.7688,  1.0862,  0.3404,  ...,  1.6625, -0.5769,  1.4942],
        [-1.5353,  0.9635,  0.2952,  ...,  1.6029, -0.6272,  1.6201],
        [-1.5388,  1.2011,  0.2702,  ...,  1.6680, -0.7125,  1.4396]],
       device='cuda:0')}
[INFO] [1750159365.392790773] [laser_data_loader]: 抽出された人物の点群数: 176
[INFO] [1750159365.393849355] [laser_data_loader]: データキューにフレームを追加しました。現在の長さ: 30/30
[INFO] [1750159365.395053939] [laser_data_loader]: シーケンスが完成！モデル入力形状: torch.Size([1, 30, 256, 3])
[INFO] [1750159365.434698786] [laser_data_loader]: 推論成功！出力形状: {'val_bn': tensor([[-0.5807,  0.1309,  0.6064,  ...,  1.1053,  0.4994,  3.7677],
        [-1.0071,  0.6410,  0.4164,  ...,  1.3333,  0.6974,  3.4237],
        [-0.8789,  0.5928,  0.4058,  ...,  1.2292,  0.4902,  3.3895],
        [-0.7049,  0.1596,  0.5386,  ...,  1.0600,  0.5215,  3.8060],
        [-1.2121,  1.2412,  0.2513,  ...,  1.5298,  0.1964,  2.6216]],
       device='cuda:0'), 'val_t': tensor([[-1.4065,  0.8849,  0.3792,  ...,  1.5882, -0.6156,  1.6084],
        [-1.7928,  1.1576,  0.3089,  ...,  1.7181, -0.5664,  1.5073],
        [-1.6767,  1.1319,  0.3050,  ...,  1.6588, -0.6179,  1.4972],
        [-1.5190,  0.9003,  0.3541,  ...,  1.5624, -0.6101,  1.6197],
        [-1.9786,  1.4784,  0.2477,  ...,  1.8300, -0.6909,  1.2715]],
       device='cuda:0')}
[INFO] [1750159365.493957825] [laser_data_loader]: 抽出された人物の点群数: 196
[INFO] [1750159365.495247091] [laser_data_loader]: データキューにフレームを追加しました。現在の長さ: 30/30
[INFO] [1750159365.496535344] [laser_data_loader]: シーケンスが完成！モデル入力形状: torch.Size([1, 30, 256, 3])
[INFO] [1750159365.536285043] [laser_data_loader]: 推論成功！出力形状: {'val_bn': tensor([[-0.6196,  0.2544,  0.5214,  ...,  1.1788,  0.4290,  3.6977],
        [-0.8951,  0.5296,  0.5542,  ...,  1.2162,  0.6694,  3.5790],
        [-0.9414,  0.5829,  0.3464,  ...,  1.2948,  0.4597,  3.3445],
        [-0.7819,  0.2531,  0.5288,  ...,  1.1438,  0.5668,  3.6876],
        [-1.2549,  1.3887,  0.2025,  ...,  1.5941,  0.3080,  2.6117]],
       device='cuda:0'), 'val_t': tensor([[-1.4418,  0.9510,  0.3478,  ...,  1.6301, -0.6331,  1.5879],
        [-1.6913,  1.0981,  0.3599,  ...,  1.6514, -0.5733,  1.5530],
        [-1.7333,  1.1266,  0.2829,  ...,  1.6962, -0.6255,  1.4840],
        [-1.5888,  0.9503,  0.3505,  ...,  1.6101, -0.5988,  1.5849],
        [-2.0173,  1.5573,  0.2296,  ...,  1.8667, -0.6632,  1.2685]],
       device='cuda:0')}
[INFO] [1750159365.592327027] [laser_data_loader]: 抽出された人物の点群数: 181
[INFO] [1750159365.593269566] [laser_data_loader]: データキューにフレームを追加しました。現在の長さ: 30/30
[INFO] [1750159365.594351686] [laser_data_loader]: シーケンスが完成！モデル入力形状: torch.Size([1, 30, 256, 3])
[INFO] [1750159365.633544974] [laser_data_loader]: 推論成功！出力形状: {'val_bn': tensor([[-0.7995,  0.4864,  0.4372,  ...,  1.2604,  0.5815,  3.5817],
        [-0.6729,  0.2779,  0.5958,  ...,  1.0986,  0.5523,  3.7888],
        [-0.9782,  0.6052,  0.3411,  ...,  1.2683,  0.4578,  3.2889],
        [-0.9180,  0.5073,  0.4527,  ...,  1.2702,  0.6490,  3.5147],
        [-0.7228,  0.8730,  0.3675,  ...,  1.4213,  0.1808,  3.0978]],
       device='cuda:0'), 'val_t': tensor([[-1.6047,  1.0750,  0.3166,  ...,  1.6766, -0.5952,  1.5537],
        [-1.4900,  0.9635,  0.3753,  ...,  1.5844, -0.6024,  1.6147],
        [-1.7666,  1.1385,  0.2810,  ...,  1.6811, -0.6259,  1.4677],
        [-1.7121,  1.0861,  0.3223,  ...,  1.6822, -0.5784,  1.5340],
        [-1.5352,  1.2816,  0.2907,  ...,  1.7683, -0.6948,  1.4115]],
       device='cuda:0')}
[INFO] [1750159365.690964984] [laser_data_loader]: 抽出された人物の点群数: 179
[INFO] [1750159365.691443860] [laser_data_loader]: データキューにフレームを追加しました。現在の長さ: 30/30
[INFO] [1750159365.691937036] [laser_data_loader]: シーケンスが完成！モデル入力形状: torch.Size([1, 30, 256, 3])
[INFO] [1750159365.726973661] [laser_data_loader]: 推論成功！出力形状: {'val_bn': tensor([[-0.9239,  0.6146,  0.4723,  ...,  1.3822,  0.6149,  3.4217],
        [-0.6163,  0.1546,  0.6064,  ...,  0.9634,  0.5370,  3.7761],
        [-0.9334,  0.6173,  0.2655,  ...,  1.2941,  0.4562,  3.3768],
        [-0.9643,  0.6484,  0.4072,  ...,  1.2640,  0.3826,  3.2368],
        [-0.9154,  0.7494,  0.4095,  ...,  1.4273,  0.5268,  3.2278]],
       device='cuda:0'), 'val_t': tensor([[-1.7175,  1.1435,  0.3295,  ...,  1.7460, -0.5869,  1.5067],
        [-1.4388,  0.8976,  0.3792,  ...,  1.5074, -0.6062,  1.6109],
        [-1.7261,  1.1449,  0.2530,  ...,  1.6958, -0.6264,  1.4935],
        [-1.7540,  1.1616,  0.3055,  ...,  1.6786, -0.6447,  1.4523],
        [-1.7097,  1.2156,  0.3063,  ...,  1.7717, -0.6088,  1.4497]],
       device='cuda:0')}
[INFO] [1750159365.791546329] [laser_data_loader]: 抽出された人物の点群数: 178
[INFO] [1750159365.792227304] [laser_data_loader]: データキューにフレームを追加しました。現在の長さ: 30/30
[INFO] [1750159365.792913407] [laser_data_loader]: シーケンスが完成！モデル入力形状: torch.Size([1, 30, 256, 3])
[INFO] [1750159365.829831027] [laser_data_loader]: 推論成功！出力形状: {'val_bn': tensor([[-0.9225,  0.5945,  0.4825,  ...,  1.2899,  0.5259,  3.3915],
        [-0.8344,  0.3104,  0.6003,  ...,  1.1180,  0.6833,  3.6088],
        [-0.8775,  0.4772,  0.2878,  ...,  1.2696,  0.4674,  3.5811],
        [-0.7351,  0.6853,  0.3923,  ...,  1.2804,  0.1094,  3.1698],
        [-0.9417,  0.6585,  0.4893,  ...,  1.3555,  0.7009,  3.3780]],
       device='cuda:0'), 'val_t': tensor([[-1.7161,  1.1328,  0.3333,  ...,  1.6934, -0.6090,  1.4978],
        [-1.6363,  0.9809,  0.3770,  ...,  1.5954, -0.5699,  1.5617],
        [-1.6754,  1.0701,  0.2612,  ...,  1.6818, -0.6236,  1.5536],
        [-1.5464,  1.1813,  0.2999,  ...,  1.6880, -0.7126,  1.4326],
        [-1.7336,  1.1669,  0.3359,  ...,  1.7308, -0.5655,  1.4939]],
       device='cuda:0')}
[INFO] [1750159365.892738681] [laser_data_loader]: 抽出された人物の点群数: 179
[INFO] [1750159365.893800968] [laser_data_loader]: データキューにフレームを追加しました。現在の長さ: 30/30
[INFO] [1750159365.895013888] [laser_data_loader]: シーケンスが完成！モデル入力形状: torch.Size([1, 30, 256, 3])
[INFO] [1750159365.933934563] [laser_data_loader]: 推論成功！出力形状: {'val_bn': tensor([[-0.9145,  0.6272,  0.4781,  ...,  1.2644,  0.6303,  3.4217],
        [-0.9806,  0.5073,  0.5017,  ...,  1.2356,  0.6550,  3.3792],
        [-0.7229,  0.2778,  0.3796,  ...,  1.1311,  0.4526,  3.8074],
        [-0.8559,  0.8765,  0.3739,  ...,  1.3507,  0.1845,  2.9915],
        [-0.6340,  0.4571,  0.5560,  ...,  1.1762,  0.6020,  3.6904]],
       device='cuda:0'), 'val_t': tensor([[-1.7089,  1.1502,  0.3317,  ...,  1.6788, -0.5830,  1.5067],
        [-1.7688,  1.0862,  0.3404,  ...,  1.6625, -0.5769,  1.4942],
        [-1.5353,  0.9635,  0.2952,  ...,  1.6029, -0.6272,  1.6201],
        [-1.6559,  1.2835,  0.2931,  ...,  1.7280, -0.6939,  1.3802],
        [-1.4548,  1.0593,  0.3606,  ...,  1.6286, -0.5901,  1.5857]],
       device='cuda:0')}
