[INFO] [1750159794.488934429] [laser_data_loader]: 抽出された人物の点群数: 165
[INFO] [1750159794.489404718] [laser_data_loader]: データキューにフレームを追加しました。現在の長さ: 1/30
[INFO] [1750159794.559846343] [laser_data_loader]: 抽出された人物の点群数: 174
[INFO] [1750159794.560810072] [laser_data_loader]: データキューにフレームを追加しました。現在の長さ: 2/30
[INFO] [1750159794.664239986] [laser_data_loader]: 抽出された人物の点群数: 191
[INFO] [1750159794.666454297] [laser_data_loader]: データキューにフレームを追加しました。現在の長さ: 3/30
[INFO] [1750159794.764462495] [laser_data_loader]: 抽出された人物の点群数: 177
[INFO] [1750159794.766700198] [laser_data_loader]: データキューにフレームを追加しました。現在の長さ: 4/30
[INFO] [1750159794.864737383] [laser_data_loader]: 抽出された人物の点群数: 172
[INFO] [1750159794.866974934] [laser_data_loader]: データキューにフレームを追加しました。現在の長さ: 5/30
[INFO] [1750159794.964901706] [laser_data_loader]: 抽出された人物の点群数: 182
[INFO] [1750159794.967123529] [laser_data_loader]: データキューにフレームを追加しました。現在の長さ: 6/30
[INFO] [1750159795.064142354] [laser_data_loader]: 抽出された人物の点群数: 184
[INFO] [1750159795.066325946] [laser_data_loader]: データキューにフレームを追加しました。現在の長さ: 7/30
[INFO] [1750159795.164149933] [laser_data_loader]: 抽出された人物の点群数: 174
[INFO] [1750159795.166341401] [laser_data_loader]: データキューにフレームを追加しました。現在の長さ: 8/30
[INFO] [1750159795.262802666] [laser_data_loader]: 抽出された人物の点群数: 180
[INFO] [1750159795.265041209] [laser_data_loader]: データキューにフレームを追加しました。現在の長さ: 9/30
[INFO] [1750159795.364488012] [laser_data_loader]: 抽出された人物の点群数: 191
[INFO] [1750159795.366695556] [laser_data_loader]: データキューにフレームを追加しました。現在の長さ: 10/30
[INFO] [1750159795.464993497] [laser_data_loader]: 抽出された人物の点群数: 177
[INFO] [1750159795.467173074] [laser_data_loader]: データキューにフレームを追加しました。現在の長さ: 11/30
[INFO] [1750159795.559692394] [laser_data_loader]: 抽出された人物の点群数: 178
[INFO] [1750159795.560271957] [laser_data_loader]: データキューにフレームを追加しました。現在の長さ: 12/30
[INFO] [1750159795.664595704] [laser_data_loader]: 抽出された人物の点群数: 186
[INFO] [1750159795.665006958] [laser_data_loader]: データキューにフレームを追加しました。現在の長さ: 13/30
[INFO] [1750159795.764278825] [laser_data_loader]: 抽出された人物の点群数: 177
[INFO] [1750159795.766504250] [laser_data_loader]: データキューにフレームを追加しました。現在の長さ: 14/30
[INFO] [1750159795.856658579] [laser_data_loader]: 抽出された人物の点群数: 183
[INFO] [1750159795.857197149] [laser_data_loader]: データキューにフレームを追加しました。現在の長さ: 15/30
[INFO] [1750159795.965092164] [laser_data_loader]: 抽出された人物の点群数: 179
[INFO] [1750159795.967284182] [laser_data_loader]: データキューにフレームを追加しました。現在の長さ: 16/30
[INFO] [1750159796.063900585] [laser_data_loader]: 抽出された人物の点群数: 183
[INFO] [1750159796.066092630] [laser_data_loader]: データキューにフレームを追加しました。現在の長さ: 17/30
[INFO] [1750159796.163667151] [laser_data_loader]: 抽出された人物の点群数: 181
[INFO] [1750159796.164036681] [laser_data_loader]: データキューにフレームを追加しました。現在の長さ: 18/30
[INFO] [1750159796.261476094] [laser_data_loader]: 抽出された人物の点群数: 179
[INFO] [1750159796.263578391] [laser_data_loader]: データキューにフレームを追加しました。現在の長さ: 19/30
[INFO] [1750159796.359264753] [laser_data_loader]: 抽出された人物の点群数: 182
[INFO] [1750159796.359780286] [laser_data_loader]: データキューにフレームを追加しました。現在の長さ: 20/30
[INFO] [1750159796.464882755] [laser_data_loader]: 抽出された人物の点群数: 172
[INFO] [1750159796.466957966] [laser_data_loader]: データキューにフレームを追加しました。現在の長さ: 21/30
[INFO] [1750159796.563991498] [laser_data_loader]: 抽出された人物の点群数: 176
[INFO] [1750159796.566065411] [laser_data_loader]: データキューにフレームを追加しました。現在の長さ: 22/30
[INFO] [1750159796.661721438] [laser_data_loader]: 抽出された人物の点群数: 175
[INFO] [1750159796.663815155] [laser_data_loader]: データキューにフレームを追加しました。現在の長さ: 23/30
[INFO] [1750159796.761522357] [laser_data_loader]: 抽出された人物の点群数: 180
[INFO] [1750159796.763616942] [laser_data_loader]: データキューにフレームを追加しました。現在の長さ: 24/30
[INFO] [1750159796.858496210] [laser_data_loader]: 抽出された人物の点群数: 165
[INFO] [1750159796.859010544] [laser_data_loader]: データキューにフレームを追加しました。現在の長さ: 25/30
[INFO] [1750159796.963679511] [laser_data_loader]: 抽出された人物の点群数: 183
[INFO] [1750159796.964093233] [laser_data_loader]: データキューにフレームを追加しました。現在の長さ: 26/30
[INFO] [1750159797.063969988] [laser_data_loader]: 抽出された人物の点群数: 207
[INFO] [1750159797.066047177] [laser_data_loader]: データキューにフレームを追加しました。現在の長さ: 27/30
[INFO] [1750159797.163692594] [laser_data_loader]: 抽出された人物の点群数: 178
[INFO] [1750159797.164075710] [laser_data_loader]: データキューにフレームを追加しました。現在の長さ: 28/30
[INFO] [1750159797.261672263] [laser_data_loader]: 抽出された人物の点群数: 166
[INFO] [1750159797.263855322] [laser_data_loader]: データキューにフレームを追加しました。現在の長さ: 29/30
[INFO] [1750159797.358639170] [laser_data_loader]: 抽出された人物の点群数: 187
[INFO] [1750159797.359170773] [laser_data_loader]: データキューにフレームを追加しました。現在の長さ: 30/30
[INFO] [1750159797.359869923] [laser_data_loader]: シーケンスが完成！モデル入力形状: torch.Size([1, 30, 256, 3])
[INFO] [1750159798.842543545] [laser_data_loader]: 推論成功！出力形状: {'val_bn': tensor([[-0.9527,  0.6233,  0.3651,  ...,  1.3608,  0.4473,  3.3486],
        [-0.9457,  0.7523,  0.2987,  ...,  1.3268,  0.6279,  3.2382],
        [-0.9877,  0.7063,  0.4330,  ...,  1.4249,  0.6285,  3.4250],
        [-0.9992,  0.3663,  0.6009,  ...,  1.3971,  0.7773,  3.6714],
        [-0.8643,  0.5035,  0.4632,  ...,  1.1729,  0.7289,  3.7480]],
       device='cuda:0'), 'val_t': tensor([[-1.7435,  1.1481,  0.2898,  ...,  1.7338, -0.6286,  1.4852],
        [-1.7372,  1.2171,  0.2653,  ...,  1.7144, -0.5836,  1.4528],
        [-1.7753,  1.1925,  0.3150,  ...,  1.7703, -0.5835,  1.5077],
        [-1.7856,  1.0108,  0.3772,  ...,  1.7544, -0.5465,  1.5801],
        [-1.6634,  1.0841,  0.3262,  ...,  1.6267, -0.5585,  1.6027]],
       device='cuda:0')}
[INFO] [1750159798.842861153] [laser_data_loader]: 新しい人物を登録しました: person_0
[INFO] [1750159798.844226387] [laser_data_loader]: 抽出された人物の点群数: 179
[INFO] [1750159798.844612744] [laser_data_loader]: データキューにフレームを追加しました。現在の長さ: 30/30
[INFO] [1750159798.845056788] [laser_data_loader]: シーケンスが完成！モデル入力形状: torch.Size([1, 30, 256, 3])
[INFO] [1750159798.879150383] [laser_data_loader]: 推論成功！出力形状: {'val_bn': tensor([[-0.8158,  0.5855,  0.3327,  ...,  1.2654,  0.2717,  3.4393],
        [-1.2241,  1.0590,  0.2230,  ...,  1.4567,  0.7778,  2.8961],
        [-0.9166,  0.5812,  0.5676,  ...,  1.4873,  0.5500,  3.5153],
        [-0.9078,  0.2339,  0.5607,  ...,  1.1997,  0.7824,  3.7501],
        [-0.7904,  0.4885,  0.4540,  ...,  1.1049,  0.7460,  3.8366]],
       device='cuda:0'), 'val_t': tensor([[-1.6195,  1.1279,  0.2779,  ...,  1.6795, -0.6722,  1.5119],
        [-1.9894,  1.3811,  0.2372,  ...,  1.7884, -0.5464,  1.3522],
        [-1.7108,  1.1256,  0.3649,  ...,  1.8058, -0.6030,  1.5342],
        [-1.7029,  0.9400,  0.3623,  ...,  1.6420, -0.5452,  1.6033],
        [-1.5965,  1.0761,  0.3228,  ...,  1.5880, -0.5543,  1.6287]],
       device='cuda:0')}
[INFO] [1750159798.879610339] [laser_data_loader]:  -> person_0との類似度: 0.9986
[INFO] [1750159798.879949541] [laser_data_loader]: 判定結果: この人物は << person_0 >> です (類似度: 0.9986)
[INFO] [1750159798.881117702] [laser_data_loader]: 抽出された人物の点群数: 198
[INFO] [1750159798.881497413] [laser_data_loader]: データキューにフレームを追加しました。現在の長さ: 30/30
[INFO] [1750159798.881868794] [laser_data_loader]: シーケンスが完成！モデル入力形状: torch.Size([1, 30, 256, 3])
[INFO] [1750159798.915143936] [laser_data_loader]: 推論成功！出力形状: {'val_bn': tensor([[-0.8408,  0.5809,  0.3429,  ...,  1.2452,  0.4278,  3.4546],
        [-1.2292,  1.2454,  0.2108,  ...,  1.6621,  0.5400,  2.8350],
        [-0.9370,  0.4671,  0.6419,  ...,  1.3878,  0.6275,  3.5204],
        [-0.8414,  0.2406,  0.5938,  ...,  1.1350,  0.7482,  3.7361],
        [-0.8994,  0.4656,  0.3717,  ...,  1.2008,  0.8627,  3.8185]],
       device='cuda:0'), 'val_t': tensor([[-1.6421,  1.1255,  0.2816,  ...,  1.6679, -0.6334,  1.5164],
        [-1.9941,  1.4807,  0.2327,  ...,  1.9055, -0.6055,  1.3342],
        [-1.7293,  1.0647,  0.3924,  ...,  1.7491, -0.5837,  1.5357],
        [-1.6427,  0.9436,  0.3745,  ...,  1.6051, -0.5537,  1.5992],
        [-1.6953,  1.0638,  0.2923,  ...,  1.6426, -0.5252,  1.6234]],
       device='cuda:0')}
[INFO] [1750159798.915545651] [laser_data_loader]:  -> person_0との類似度: 0.9989
[INFO] [1750159798.916162510] [laser_data_loader]: 判定結果: この人物は << person_0 >> です (類似度: 0.9989)
[INFO] [1750159798.917283996] [laser_data_loader]: 抽出された人物の点群数: 178
[INFO] [1750159798.917655040] [laser_data_loader]: データキューにフレームを追加しました。現在の長さ: 30/30
[INFO] [1750159798.918021095] [laser_data_loader]: シーケンスが完成！モデル入力形状: torch.Size([1, 30, 256, 3])
[INFO] [1750159798.950097580] [laser_data_loader]: 推論成功！出力形状: {'val_bn': tensor([[-0.9502,  0.6983,  0.2868,  ...,  1.3306,  0.4829,  3.2491],
        [-1.0615,  0.9973,  0.3115,  ...,  1.6199,  0.5644,  3.1523],
        [-0.9544,  0.4682,  0.5878,  ...,  1.3745,  0.6368,  3.5222],
        [-0.6876,  0.1901,  0.5639,  ...,  1.0446,  0.6603,  3.7993],
        [-1.1761,  0.5499,  0.3433,  ...,  1.3430,  1.0038,  3.5931]],
       device='cuda:0'), 'val_t': tensor([[-1.7412,  1.1883,  0.2609,  ...,  1.7166, -0.6197,  1.4560],
        [-1.8421,  1.3481,  0.2700,  ...,  1.8814, -0.5994,  1.4275],
        [-1.7451,  1.0652,  0.3723,  ...,  1.7416, -0.5814,  1.5363],
        [-1.5033,  0.9166,  0.3635,  ...,  1.5537, -0.5756,  1.6177],
        [-1.9459,  1.1089,  0.2818,  ...,  1.7236, -0.4902,  1.5571]],
       device='cuda:0')}
[INFO] [1750159798.950493576] [laser_data_loader]:  -> person_0との類似度: 0.9981
[INFO] [1750159798.950835036] [laser_data_loader]: 判定結果: この人物は << person_0 >> です (類似度: 0.9981)
[INFO] [1750159798.951934815] [laser_data_loader]: 抽出された人物の点群数: 178
[INFO] [1750159798.952297905] [laser_data_loader]: データキューにフレームを追加しました。現在の長さ: 30/30
[INFO] [1750159798.952663796] [laser_data_loader]: シーケンスが完成！モデル入力形状: torch.Size([1, 30, 256, 3])
[INFO] [1750159798.985785584] [laser_data_loader]: 推論成功！出力形状: {'val_bn': tensor([[-0.9698,  0.7619,  0.2734,  ...,  1.3709,  0.4336,  3.1770],
        [-0.9697,  0.7941,  0.4072,  ...,  1.4984,  0.5530,  3.2811],
        [-1.0719,  0.4888,  0.5484,  ...,  1.4466,  0.8202,  3.5694],
        [-0.7572,  0.3521,  0.6043,  ...,  1.1275,  0.7016,  3.7297],
        [-1.1554,  0.6831,  0.1477,  ...,  1.3464,  0.8684,  3.4134]],
       device='cuda:0'), 'val_t': tensor([[-1.7590,  1.2222,  0.2559,  ...,  1.7395, -0.6320,  1.4348],
        [-1.7590,  1.2395,  0.3055,  ...,  1.8122, -0.6023,  1.4654],
        [-1.8515,  1.0763,  0.3578,  ...,  1.7826, -0.5358,  1.5501],
        [-1.5664,  1.0032,  0.3785,  ...,  1.6009, -0.5653,  1.5973],
        [-1.9272,  1.1801,  0.2093,  ...,  1.7256, -0.5238,  1.5043]],
       device='cuda:0')}
[INFO] [1750159798.986197974] [laser_data_loader]:  -> person_0との類似度: 0.9964
[INFO] [1750159798.986535582] [laser_data_loader]: 判定結果: この人物は << person_0 >> です (類似度: 0.9964)
[INFO] [1750159798.987674602] [laser_data_loader]: 抽出された人物の点群数: 175
[INFO] [1750159798.988048560] [laser_data_loader]: データキューにフレームを追加しました。現在の長さ: 30/30
[INFO] [1750159798.988412157] [laser_data_loader]: シーケンスが完成！モデル入力形状: torch.Size([1, 30, 256, 3])
[INFO] [1750159799.020818017] [laser_data_loader]: 推論成功！出力形状: {'val_bn': tensor([[-0.8763,  0.7389,  0.3255,  ...,  1.3702,  0.4802,  3.2570],
        [-1.0059,  0.6772,  0.4156,  ...,  1.4402,  0.6486,  3.4088],
        [-1.0761,  0.4627,  0.5661,  ...,  1.4697,  0.7293,  3.5200],
        [-0.8490,  0.5324,  0.4815,  ...,  1.1860,  0.7819,  3.8008],
        [-0.7092,  0.3848,  0.3892,  ...,  1.1344,  0.5592,  3.5706]],
       device='cuda:0'), 'val_t': tensor([[-1.6743,  1.2099,  0.2752,  ...,  1.7392, -0.6204,  1.4583],
        [-1.7917,  1.1769,  0.3086,  ...,  1.7790, -0.5785,  1.5029],
        [-1.8553,  1.0623,  0.3643,  ...,  1.7958, -0.5584,  1.5356],
        [-1.6496,  1.0995,  0.3330,  ...,  1.6342, -0.5453,  1.6182],
        [-1.5229,  1.0207,  0.2988,  ...,  1.6048, -0.6007,  1.5505]],
       device='cuda:0')}
[INFO] [1750159799.021318322] [laser_data_loader]:  -> person_0との類似度: 0.9973
[INFO] [1750159799.021662578] [laser_data_loader]: 判定結果: この人物は << person_0 >> です (類似度: 0.9973)
[INFO] [1750159799.022851737] [laser_data_loader]: 抽出された人物の点群数: 170
[INFO] [1750159799.023249943] [laser_data_loader]: データキューにフレームを追加しました。現在の長さ: 30/30
[INFO] [1750159799.023825419] [laser_data_loader]: シーケンスが完成！モデル入力形状: torch.Size([1, 30, 256, 3])
[INFO] [1750159799.056465032] [laser_data_loader]: 推論成功！出力形状: {'val_bn': tensor([[-0.9457,  0.7523,  0.2987,  ...,  1.3268,  0.6279,  3.2382],
        [-0.9877,  0.7063,  0.4330,  ...,  1.4249,  0.6285,  3.4250],
        [-0.9992,  0.3663,  0.6009,  ...,  1.3971,  0.7773,  3.6714],
        [-0.8214,  0.4954,  0.4804,  ...,  1.1600,  0.7149,  3.7737],
        [-0.8399,  0.3763,  0.3575,  ...,  1.2503,  0.6294,  3.5045]],
       device='cuda:0'), 'val_t': tensor([[-1.7372,  1.2171,  0.2653,  ...,  1.7144, -0.5836,  1.4528],
        [-1.7753,  1.1925,  0.3150,  ...,  1.7703, -0.5835,  1.5077],
        [-1.7856,  1.0108,  0.3772,  ...,  1.7544, -0.5465,  1.5801],
        [-1.6246,  1.0798,  0.3326,  ...,  1.6194, -0.5620,  1.6102],
        [-1.6413,  1.0161,  0.2870,  ...,  1.6708, -0.5833,  1.5311]],
       device='cuda:0')}
[INFO] [1750159799.057215347] [laser_data_loader]:  -> person_0との類似度: 0.9975
[INFO] [1750159799.057647738] [laser_data_loader]: 判定結果: この人物は << person_0 >> です (類似度: 0.9975)
[INFO] [1750159799.059065168] [laser_data_loader]: 抽出された人物の点群数: 178
[INFO] [1750159799.059446417] [laser_data_loader]: データキューにフレームを追加しました。現在の長さ: 30/30
[INFO] [1750159799.059865932] [laser_data_loader]: シーケンスが完成！モデル入力形状: torch.Size([1, 30, 256, 3])
[INFO] [1750159799.091991429] [laser_data_loader]: 推論成功！出力形状: {'val_bn': tensor([[-1.2241,  1.0590,  0.2230,  ...,  1.4567,  0.7778,  2.8961],
        [-0.9166,  0.5812,  0.5676,  ...,  1.4873,  0.5500,  3.5153],
        [-0.9078,  0.2339,  0.5607,  ...,  1.1997,  0.7824,  3.7501],
        [-0.7996,  0.4766,  0.4428,  ...,  1.1268,  0.7521,  3.8397],
        [-0.8144,  0.3480,  0.5100,  ...,  1.2039,  0.3988,  3.3970]],
       device='cuda:0'), 'val_t': tensor([[-1.9894,  1.3811,  0.2372,  ...,  1.7884, -0.5464,  1.3522],
        [-1.7108,  1.1256,  0.3649,  ...,  1.8058, -0.6030,  1.5342],
        [-1.7029,  0.9400,  0.3623,  ...,  1.6420, -0.5452,  1.6033],
        [-1.6048,  1.0698,  0.3186,  ...,  1.6005, -0.5527,  1.6296],
        [-1.6182,  1.0010,  0.3435,  ...,  1.6444, -0.6406,  1.4994]],
       device='cuda:0')}
[INFO] [1750159799.092398922] [laser_data_loader]:  -> person_0との類似度: 0.9873
[INFO] [1750159799.092741506] [laser_data_loader]: 判定結果: この人物は << person_0 >> です (類似度: 0.9873)
[INFO] [1750159799.093889375] [laser_data_loader]: 抽出された人物の点群数: 177
[INFO] [1750159799.094262107] [laser_data_loader]: データキューにフレームを追加しました。現在の長さ: 30/30
[INFO] [1750159799.094635964] [laser_data_loader]: シーケンスが完成！モデル入力形状: torch.Size([1, 30, 256, 3])
[INFO] [1750159799.126893372] [laser_data_loader]: 推論成功！出力形状: {'val_bn': tensor([[-1.2292,  1.2454,  0.2108,  ...,  1.6621,  0.5400,  2.8350],
        [-0.9370,  0.4671,  0.6419,  ...,  1.3878,  0.6275,  3.5204],
        [-0.8414,  0.2406,  0.5938,  ...,  1.1350,  0.7482,  3.7361],
        [-0.9434,  0.4909,  0.3548,  ...,  1.2157,  0.8768,  3.7659],
        [-0.9384,  0.6968,  0.2998,  ...,  1.3304,  0.4240,  3.1164]],
       device='cuda:0'), 'val_t': tensor([[-1.9941,  1.4807,  0.2327,  ...,  1.9055, -0.6055,  1.3342],
        [-1.7293,  1.0647,  0.3924,  ...,  1.7491, -0.5837,  1.5357],
        [-1.6427,  0.9436,  0.3745,  ...,  1.6051, -0.5537,  1.5992],
        [-1.7351,  1.0774,  0.2861,  ...,  1.6511, -0.5217,  1.6079],
        [-1.7306,  1.1875,  0.2657,  ...,  1.7165, -0.6344,  1.4169]],
       device='cuda:0')}
[INFO] [1750159799.127299797] [laser_data_loader]:  -> person_0との類似度: 0.9767
[INFO] [1750159799.127648758] [laser_data_loader]: 判定結果: この人物は << person_0 >> です (類似度: 0.9767)
[INFO] [1750159799.128800187] [laser_data_loader]: 抽出された人物の点群数: 172
[INFO] [1750159799.129178267] [laser_data_loader]: データキューにフレームを追加しました。現在の長さ: 30/30
[INFO] [1750159799.129553024] [laser_data_loader]: シーケンスが完成！モデル入力形状: torch.Size([1, 30, 256, 3])
[INFO] [1750159799.161657507] [laser_data_loader]: 推論成功！出力形状: {'val_bn': tensor([[-1.0615,  0.9973,  0.3115,  ...,  1.6199,  0.5644,  3.1523],
        [-0.9544,  0.4682,  0.5878,  ...,  1.3745,  0.6368,  3.5222],
        [-0.6876,  0.1901,  0.5639,  ...,  1.0446,  0.6603,  3.7993],
        [-1.2096,  0.6724,  0.2684,  ...,  1.3519,  0.9969,  3.5260],
        [-0.7054,  0.4558,  0.4904,  ...,  1.2467,  0.3448,  3.3937]],
       device='cuda:0'), 'val_t': tensor([[-1.8421,  1.3481,  0.2700,  ...,  1.8814, -0.5994,  1.4275],
        [-1.7451,  1.0652,  0.3723,  ...,  1.7416, -0.5814,  1.5363],
        [-1.5033,  0.9166,  0.3635,  ...,  1.5537, -0.5756,  1.6177],
        [-1.9763,  1.1744,  0.2541,  ...,  1.7287, -0.4919,  1.5374],
        [-1.5195,  1.0586,  0.3363,  ...,  1.6688, -0.6541,  1.4985]],
       device='cuda:0')}
[INFO] [1750159799.162054064] [laser_data_loader]:  -> person_0との類似度: 0.9896
[INFO] [1750159799.162384005] [laser_data_loader]: 判定結果: この人物は << person_0 >> です (類似度: 0.9896)
[INFO] [1750159799.163545954] [laser_data_loader]: 抽出された人物の点群数: 195
[INFO] [1750159799.163934743] [laser_data_loader]: データキューにフレームを追加しました。現在の長さ: 30/30
[INFO] [1750159799.164296998] [laser_data_loader]: シーケンスが完成！モデル入力形状: torch.Size([1, 30, 256, 3])
[INFO] [1750159799.196492565] [laser_data_loader]: 推論成功！出力形状: {'val_bn': tensor([[-0.9697,  0.7941,  0.4072,  ...,  1.4984,  0.5530,  3.2811],
        [-1.0719,  0.4888,  0.5484,  ...,  1.4466,  0.8202,  3.5694],
        [-0.7572,  0.3521,  0.6043,  ...,  1.1275,  0.7016,  3.7297],
        [-0.9723,  0.5576,  0.2356,  ...,  1.3066,  0.7308,  3.5511],
        [-1.1250,  0.7861,  0.3791,  ...,  1.4427,  0.7760,  3.2085]],
       device='cuda:0'), 'val_t': tensor([[-1.7590,  1.2395,  0.3055,  ...,  1.8122, -0.6023,  1.4654],
        [-1.8515,  1.0763,  0.3578,  ...,  1.7826, -0.5358,  1.5501],
        [-1.5664,  1.0032,  0.3785,  ...,  1.6009, -0.5653,  1.5973],
        [-1.7613,  1.1130,  0.2419,  ...,  1.7029, -0.5581,  1.5447],
        [-1.8996,  1.2352,  0.2950,  ...,  1.7804, -0.5468,  1.4440]],
       device='cuda:0')}
[INFO] [1750159799.196878467] [laser_data_loader]:  -> person_0との類似度: 0.9957
[INFO] [1750159799.197201365] [laser_data_loader]: 判定結果: この人物は << person_0 >> です (類似度: 0.9957)
[INFO] [1750159799.198296550] [laser_data_loader]: 抽出された人物の点群数: 175
[INFO] [1750159799.198656615] [laser_data_loader]: データキューにフレームを追加しました。現在の長さ: 30/30
[INFO] [1750159799.199010784] [laser_data_loader]: シーケンスが完成！モデル入力形状: torch.Size([1, 30, 256, 3])
[INFO] [1750159799.230568594] [laser_data_loader]: 推論成功！出力形状: {'val_bn': tensor([[-1.0059,  0.6772,  0.4156,  ...,  1.4402,  0.6486,  3.4088],
        [-1.0761,  0.4627,  0.5661,  ...,  1.4697,  0.7293,  3.5200],
        [-0.8490,  0.5324,  0.4815,  ...,  1.1860,  0.7819,  3.8008],
        [-0.7979,  0.3939,  0.3603,  ...,  1.1817,  0.6089,  3.5326],
        [-1.3043,  1.0150,  0.3645,  ...,  1.5513,  0.5574,  2.7265]],
       device='cuda:0'), 'val_t': tensor([[-1.7917,  1.1769,  0.3086,  ...,  1.7790, -0.5785,  1.5029],
        [-1.8553,  1.0623,  0.3643,  ...,  1.7958, -0.5584,  1.5356],
        [-1.6496,  1.0995,  0.3330,  ...,  1.6342, -0.5453,  1.6182],
        [-1.6033,  1.0255,  0.2881,  ...,  1.6317, -0.5884,  1.5393],
        [-2.0621,  1.3576,  0.2896,  ...,  1.8423, -0.6012,  1.3023]],
       device='cuda:0')}
[INFO] [1750159799.230957897] [laser_data_loader]:  -> person_0との類似度: 0.9983
[INFO] [1750159799.231281904] [laser_data_loader]: 判定結果: この人物は << person_0 >> です (類似度: 0.9983)
[INFO] [1750159799.232382206] [laser_data_loader]: 抽出された人物の点群数: 180
[INFO] [1750159799.232776315] [laser_data_loader]: データキューにフレームを追加しました。現在の長さ: 30/30
[INFO] [1750159799.233128709] [laser_data_loader]: シーケンスが完成！モデル入力形状: torch.Size([1, 30, 256, 3])
[INFO] [1750159799.264975805] [laser_data_loader]: 推論成功！出力形状: {'val_bn': tensor([[-0.9877,  0.7063,  0.4330,  ...,  1.4249,  0.6285,  3.4250],
        [-0.9992,  0.3663,  0.6009,  ...,  1.3971,  0.7773,  3.6714],
        [-0.8214,  0.4954,  0.4804,  ...,  1.1600,  0.7149,  3.7737],
        [-0.8252,  0.3735,  0.4312,  ...,  1.2153,  0.5467,  3.4747],
        [-0.9195,  0.8537,  0.3887,  ...,  1.4808,  0.4966,  3.0873]],
       device='cuda:0'), 'val_t': tensor([[-1.7753,  1.1925,  0.3150,  ...,  1.7703, -0.5835,  1.5077],
        [-1.7856,  1.0108,  0.3772,  ...,  1.7544, -0.5465,  1.5801],
        [-1.6246,  1.0798,  0.3326,  ...,  1.6194, -0.5620,  1.6102],
        [-1.6280,  1.0146,  0.3143,  ...,  1.6509, -0.6038,  1.5223],
        [-1.7134,  1.2713,  0.2986,  ...,  1.8022, -0.6163,  1.4084]],
       device='cuda:0')}
[INFO] [1750159799.265362564] [laser_data_loader]:  -> person_0との類似度: 0.9983
[INFO] [1750159799.265690792] [laser_data_loader]: 判定結果: この人物は << person_0 >> です (類似度: 0.9983)
[INFO] [1750159799.266873467] [laser_data_loader]: 抽出された人物の点群数: 178
[INFO] [1750159799.267260888] [laser_data_loader]: データキューにフレームを追加しました。現在の長さ: 30/30
[INFO] [1750159799.267623742] [laser_data_loader]: シーケンスが完成！モデル入力形状: torch.Size([1, 30, 256, 3])
[INFO] [1750159799.299348860] [laser_data_loader]: 推論成功！出力形状: {'val_bn': tensor([[-0.9166,  0.5812,  0.5676,  ...,  1.4873,  0.5500,  3.5153],
        [-0.9078,  0.2339,  0.5607,  ...,  1.1997,  0.7824,  3.7501],
        [-0.7996,  0.4766,  0.4428,  ...,  1.1268,  0.7521,  3.8397],
        [-0.8971,  0.4988,  0.3731,  ...,  1.2659,  0.4837,  3.3131],
        [-1.1035,  0.8258,  0.4066,  ...,  1.5347,  0.6247,  3.1160]],
       device='cuda:0'), 'val_t': tensor([[-1.7108,  1.1256,  0.3649,  ...,  1.8058, -0.6030,  1.5342],
        [-1.7029,  0.9400,  0.3623,  ...,  1.6420, -0.5452,  1.6033],
        [-1.6048,  1.0698,  0.3186,  ...,  1.6005, -0.5527,  1.6296],
        [-1.6932,  1.0816,  0.2928,  ...,  1.6797, -0.6195,  1.4748],
        [-1.8802,  1.2564,  0.3052,  ...,  1.8329, -0.5844,  1.4168]],
       device='cuda:0')}
[INFO] [1750159799.299764460] [laser_data_loader]:  -> person_0との類似度: 0.9972
[INFO] [1750159799.300089671] [laser_data_loader]: 判定結果: この人物は << person_0 >> です (類似度: 0.9972)
[INFO] [1750159799.301180144] [laser_data_loader]: 抽出された人物の点群数: 187
[INFO] [1750159799.301533295] [laser_data_loader]: データキューにフレームを追加しました。現在の長さ: 30/30
[INFO] [1750159799.301892757] [laser_data_loader]: シーケンスが完成！モデル入力形状: torch.Size([1, 30, 256, 3])
[INFO] [1750159799.333861518] [laser_data_loader]: 推論成功！出力形状: {'val_bn': tensor([[-0.9370,  0.4671,  0.6419,  ...,  1.3878,  0.6275,  3.5204],
        [-0.8414,  0.2406,  0.5938,  ...,  1.1350,  0.7482,  3.7361],
        [-0.9434,  0.4909,  0.3548,  ...,  1.2157,  0.8768,  3.7659],
        [-0.8389,  0.5865,  0.3939,  ...,  1.3306,  0.3654,  3.2401],
        [-1.1078,  0.7006,  0.4023,  ...,  1.4828,  0.6871,  3.2575]],
       device='cuda:0'), 'val_t': tensor([[-1.7293,  1.0647,  0.3924,  ...,  1.7491, -0.5837,  1.5357],
        [-1.6427,  0.9436,  0.3745,  ...,  1.6051, -0.5537,  1.5992],
        [-1.7351,  1.0774,  0.2861,  ...,  1.6511, -0.5217,  1.6079],
        [-1.6404,  1.1285,  0.3005,  ...,  1.7166, -0.6489,  1.4533],
        [-1.8841,  1.1895,  0.3036,  ...,  1.8033, -0.5689,  1.4584]],
       device='cuda:0')}
[INFO] [1750159799.334371661] [laser_data_loader]:  -> person_0との類似度: 0.9972
[INFO] [1750159799.334825889] [laser_data_loader]: 判定結果: この人物は << person_0 >> です (類似度: 0.9972)
[INFO] [1750159799.335951166] [laser_data_loader]: 抽出された人物の点群数: 182
[INFO] [1750159799.336311646] [laser_data_loader]: データキューにフレームを追加しました。現在の長さ: 30/30
[INFO] [1750159799.336675653] [laser_data_loader]: シーケンスが完成！モデル入力形状: torch.Size([1, 30, 256, 3])
[INFO] [1750159799.368669307] [laser_data_loader]: 推論成功！出力形状: {'val_bn': tensor([[-0.9544,  0.4682,  0.5878,  ...,  1.3745,  0.6368,  3.5222],
        [-0.6876,  0.1901,  0.5639,  ...,  1.0446,  0.6603,  3.7993],
        [-1.2096,  0.6724,  0.2684,  ...,  1.3519,  0.9969,  3.5260],
        [-0.8776,  0.6019,  0.4210,  ...,  1.3494,  0.4504,  3.2693],
        [-1.1417,  0.8473,  0.3144,  ...,  1.5089,  0.5955,  3.0234]],
       device='cuda:0'), 'val_t': tensor([[-1.7451,  1.0652,  0.3723,  ...,  1.7416, -0.5814,  1.5363],
        [-1.5033,  0.9166,  0.3635,  ...,  1.5537, -0.5756,  1.6177],
        [-1.9763,  1.1744,  0.2541,  ...,  1.7287, -0.4919,  1.5374],
        [-1.6755,  1.1367,  0.3106,  ...,  1.7273, -0.6278,  1.4619],
        [-1.9148,  1.2679,  0.2711,  ...,  1.8182, -0.5917,  1.3896]],
       device='cuda:0')}
[INFO] [1750159799.369061278] [laser_data_loader]:  -> person_0との類似度: 0.9977
[INFO] [1750159799.369397349] [laser_data_loader]: 判定結果: この人物は << person_0 >> です (類似度: 0.9977)
[INFO] [1750159799.370523180] [laser_data_loader]: 抽出された人物の点群数: 182
[INFO] [1750159799.370890905] [laser_data_loader]: データキューにフレームを追加しました。現在の長さ: 30/30
[INFO] [1750159799.371250147] [laser_data_loader]: シーケンスが完成！モデル入力形状: torch.Size([1, 30, 256, 3])
[INFO] [1750159799.403153424] [laser_data_loader]: 推論成功！出力形状: {'val_bn': tensor([[-1.0719,  0.4888,  0.5484,  ...,  1.4466,  0.8202,  3.5694],
        [-0.7572,  0.3521,  0.6043,  ...,  1.1275,  0.7016,  3.7297],
        [-0.9723,  0.5576,  0.2356,  ...,  1.3066,  0.7308,  3.5511],
        [-1.1455,  0.7899,  0.3947,  ...,  1.4438,  0.7015,  3.0775],
        [-0.7543,  0.4740,  0.3751,  ...,  1.3249,  0.3850,  3.4984]],
       device='cuda:0'), 'val_t': tensor([[-1.8515,  1.0763,  0.3578,  ...,  1.7826, -0.5358,  1.5501],
        [-1.5664,  1.0032,  0.3785,  ...,  1.6009, -0.5653,  1.5973],
        [-1.7613,  1.1130,  0.2419,  ...,  1.7029, -0.5581,  1.5447],
        [-1.9182,  1.2372,  0.3008,  ...,  1.7811, -0.5653,  1.4055],
        [-1.5638,  1.0683,  0.2936,  ...,  1.7133, -0.6440,  1.5293]],
       device='cuda:0')}
[INFO] [1750159799.403538724] [laser_data_loader]:  -> person_0との類似度: 0.9966
[INFO] [1750159799.403869322] [laser_data_loader]: 判定結果: この人物は << person_0 >> です (類似度: 0.9966)
[INFO] [1750159799.458533228] [laser_data_loader]: 抽出された人物の点群数: 186
[INFO] [1750159799.459002254] [laser_data_loader]: データキューにフレームを追加しました。現在の長さ: 30/30
[INFO] [1750159799.459486015] [laser_data_loader]: シーケンスが完成！モデル入力形状: torch.Size([1, 30, 256, 3])
[INFO] [1750159799.492863018] [laser_data_loader]: 推論成功！出力形状: {'val_bn': tensor([[-1.0761,  0.4627,  0.5661,  ...,  1.4697,  0.7293,  3.5200],
        [-0.8490,  0.5324,  0.4815,  ...,  1.1860,  0.7819,  3.8008],
        [-0.7979,  0.3939,  0.3603,  ...,  1.1817,  0.6089,  3.5326],
        [-1.0984,  0.8920,  0.4540,  ...,  1.5292,  0.4997,  2.9083],
        [-1.0084,  0.3679,  0.3659,  ...,  1.3671,  0.6690,  3.5228]],
       device='cuda:0'), 'val_t': tensor([[-1.8553,  1.0623,  0.3643,  ...,  1.7958, -0.5584,  1.5356],
        [-1.6496,  1.0995,  0.3330,  ...,  1.6342, -0.5453,  1.6182],
        [-1.6033,  1.0255,  0.2881,  ...,  1.6317, -0.5884,  1.5393],
        [-1.8755,  1.2918,  0.3228,  ...,  1.8297, -0.6155,  1.3558],
        [-1.7940,  1.0116,  0.2902,  ...,  1.7374, -0.5734,  1.5364]],
       device='cuda:0')}
[INFO] [1750159799.493297838] [laser_data_loader]:  -> person_0との類似度: 0.9957
[INFO] [1750159799.493671852] [laser_data_loader]: 判定結果: この人物は << person_0 >> です (類似度: 0.9957)
[INFO] [1750159799.559375778] [laser_data_loader]: 抽出された人物の点群数: 184
[INFO] [1750159799.560150856] [laser_data_loader]: データキューにフレームを追加しました。現在の長さ: 30/30
[INFO] [1750159799.560929419] [laser_data_loader]: シーケンスが完成！モデル入力形状: torch.Size([1, 30, 256, 3])
[INFO] [1750159799.596518754] [laser_data_loader]: 推論成功！出力形状: {'val_bn': tensor([[-0.9992,  0.3663,  0.6009,  ...,  1.3971,  0.7773,  3.6714],
        [-0.8214,  0.4954,  0.4804,  ...,  1.1600,  0.7149,  3.7737],
        [-0.8252,  0.3735,  0.4312,  ...,  1.2153,  0.5467,  3.4747],
        [-1.0765,  0.9297,  0.3602,  ...,  1.5436,  0.5727,  3.0260],
        [-0.8796,  0.3577,  0.3986,  ...,  1.2810,  0.5629,  3.5422]],
       device='cuda:0'), 'val_t': tensor([[-1.7856,  1.0108,  0.3772,  ...,  1.7544, -0.5465,  1.5801],
        [-1.6246,  1.0798,  0.3326,  ...,  1.6194, -0.5620,  1.6102],
        [-1.6280,  1.0146,  0.3143,  ...,  1.6509, -0.6038,  1.5223],
        [-1.8557,  1.3119,  0.2881,  ...,  1.8380, -0.5974,  1.3904],
        [-1.6773,  1.0062,  0.3023,  ...,  1.6883, -0.5998,  1.5422]],
       device='cuda:0')}
[INFO] [1750159799.597223234] [laser_data_loader]:  -> person_0との類似度: 0.9907
[INFO] [1750159799.597796616] [laser_data_loader]: 判定結果: この人物は << person_0 >> です (類似度: 0.9907)
[INFO] [1750159799.660299227] [laser_data_loader]: 抽出された人物の点群数: 183
[INFO] [1750159799.660683717] [laser_data_loader]: データキューにフレームを追加しました。現在の長さ: 30/30
[INFO] [1750159799.661065239] [laser_data_loader]: シーケンスが完成！モデル入力形状: torch.Size([1, 30, 256, 3])
[INFO] [1750159799.693817615] [laser_data_loader]: 推論成功！出力形状: {'val_bn': tensor([[-0.9078,  0.2339,  0.5607,  ...,  1.1997,  0.7824,  3.7501],
        [-0.7996,  0.4766,  0.4428,  ...,  1.1268,  0.7521,  3.8397],
        [-0.8971,  0.4988,  0.3731,  ...,  1.2659,  0.4837,  3.3131],
        [-1.0546,  0.7878,  0.4018,  ...,  1.5293,  0.5561,  3.1275],
        [-0.7214,  0.3366,  0.3859,  ...,  1.2244,  0.5775,  3.6721]],
       device='cuda:0'), 'val_t': tensor([[-1.7029,  0.9400,  0.3623,  ...,  1.6420, -0.5452,  1.6033],
        [-1.6048,  1.0698,  0.3186,  ...,  1.6005, -0.5527,  1.6296],
        [-1.6932,  1.0816,  0.2928,  ...,  1.6797, -0.6195,  1.4748],
        [-1.8359,  1.2361,  0.3035,  ...,  1.8298, -0.6015,  1.4202],
        [-1.5340,  0.9949,  0.2976,  ...,  1.6561, -0.5962,  1.5803]],
       device='cuda:0')}
[INFO] [1750159799.694212171] [laser_data_loader]:  -> person_0との類似度: 0.9775
[INFO] [1750159799.694540311] [laser_data_loader]: 判定結果: この人物は << person_0 >> です (類似度: 0.9775)
[INFO] [1750159799.758996317] [laser_data_loader]: 抽出された人物の点群数: 177
[INFO] [1750159799.759664552] [laser_data_loader]: データキューにフレームを追加しました。現在の長さ: 30/30
[INFO] [1750159799.760365543] [laser_data_loader]: シーケンスが完成！モデル入力形状: torch.Size([1, 30, 256, 3])
[INFO] [1750159799.795859046] [laser_data_loader]: 推論成功！出力形状: {'val_bn': tensor([[-0.8414,  0.2406,  0.5938,  ...,  1.1350,  0.7482,  3.7361],
        [-0.9434,  0.4909,  0.3548,  ...,  1.2157,  0.8768,  3.7659],
        [-0.8389,  0.5865,  0.3939,  ...,  1.3306,  0.3654,  3.2401],
        [-1.1742,  0.8321,  0.3384,  ...,  1.5044,  0.7225,  3.1357],
        [-0.6988,  0.2280,  0.4793,  ...,  1.2546,  0.5048,  3.6790]],
       device='cuda:0'), 'val_t': tensor([[-1.6427,  0.9436,  0.3745,  ...,  1.6051, -0.5537,  1.5992],
        [-1.7351,  1.0774,  0.2861,  ...,  1.6511, -0.5217,  1.6079],
        [-1.6404,  1.1285,  0.3005,  ...,  1.7166, -0.6489,  1.4533],
        [-1.9442,  1.2598,  0.2800,  ...,  1.8156, -0.5601,  1.4226],
        [-1.5135,  0.9369,  0.3322,  ...,  1.6733, -0.6143,  1.5824]],
       device='cuda:0')}
[INFO] [1750159799.796483017] [laser_data_loader]:  -> person_0との類似度: 0.9759
[INFO] [1750159799.797009087] [laser_data_loader]: 判定結果: この人物は << person_0 >> です (類似度: 0.9759)
[INFO] [1750159799.862453347] [laser_data_loader]: 抽出された人物の点群数: 180
[INFO] [1750159799.864338442] [laser_data_loader]: データキューにフレームを追加しました。現在の長さ: 30/30
[INFO] [1750159799.866572309] [laser_data_loader]: シーケンスが完成！モデル入力形状: torch.Size([1, 30, 256, 3])
[INFO] [1750159799.899144682] [laser_data_loader]: 推論成功！出力形状: {'val_bn': tensor([[-0.6876,  0.1901,  0.5639,  ...,  1.0446,  0.6603,  3.7993],
        [-1.2096,  0.6724,  0.2684,  ...,  1.3519,  0.9969,  3.5260],
        [-0.8776,  0.6019,  0.4210,  ...,  1.3494,  0.4504,  3.2693],
        [-1.0375,  0.7471,  0.3412,  ...,  1.4895,  0.5110,  3.1368],
        [-0.7850,  0.1337,  0.5910,  ...,  1.2393,  0.6372,  3.7508]],
       device='cuda:0'), 'val_t': tensor([[-1.5033,  0.9166,  0.3635,  ...,  1.5537, -0.5756,  1.6177],
        [-1.9763,  1.1744,  0.2541,  ...,  1.7287, -0.4919,  1.5374],
        [-1.6755,  1.1367,  0.3106,  ...,  1.7273, -0.6278,  1.4619],
        [-1.8203,  1.2143,  0.2810,  ...,  1.8071, -0.6127,  1.4229],
        [-1.5916,  0.8864,  0.3735,  ...,  1.6646, -0.5813,  1.6035]],
       device='cuda:0')}
[INFO] [1750159799.899554693] [laser_data_loader]:  -> person_0との類似度: 0.9748
[INFO] [1750159799.899886402] [laser_data_loader]: 判定結果: この人物は << person_0 >> です (類似度: 0.9748)
[INFO] [1750159799.955949135] [laser_data_loader]: 抽出された人物の点群数: 182
[INFO] [1750159799.956323304] [laser_data_loader]: データキューにフレームを追加しました。現在の長さ: 30/30
[INFO] [1750159799.956703765] [laser_data_loader]: シーケンスが完成！モデル入力形状: torch.Size([1, 30, 256, 3])
[INFO] [1750159799.988661720] [laser_data_loader]: 推論成功！出力形状: {'val_bn': tensor([[-0.7572,  0.3521,  0.6043,  ...,  1.1275,  0.7016,  3.7297],
        [-0.9723,  0.5576,  0.2356,  ...,  1.3066,  0.7308,  3.5511],
        [-1.1455,  0.7899,  0.3947,  ...,  1.4438,  0.7015,  3.0775],
        [-0.8456,  0.4723,  0.4285,  ...,  1.3732,  0.4581,  3.4337],
        [-1.0014,  0.5500,  0.4249,  ...,  1.3488,  0.5599,  3.3241]],
       device='cuda:0'), 'val_t': tensor([[-1.5664,  1.0032,  0.3785,  ...,  1.6009, -0.5653,  1.5973],
        [-1.7613,  1.1130,  0.2419,  ...,  1.7029, -0.5581,  1.5447],
        [-1.9182,  1.2372,  0.3008,  ...,  1.7811, -0.5653,  1.4055],
        [-1.6465,  1.0674,  0.3133,  ...,  1.7409, -0.6259,  1.5102],
        [-1.7876,  1.1090,  0.3120,  ...,  1.7269, -0.6006,  1.4780]],
       device='cuda:0')}
[INFO] [1750159799.989052526] [laser_data_loader]:  -> person_0との類似度: 0.9867
[INFO] [1750159799.989375167] [laser_data_loader]: 判定結果: この人物は << person_0 >> です (類似度: 0.9867)
[INFO] [1750159800.058216553] [laser_data_loader]: 抽出された人物の点群数: 172
[INFO] [1750159800.058597126] [laser_data_loader]: データキューにフレームを追加しました。現在の長さ: 30/30
[INFO] [1750159800.058980057] [laser_data_loader]: シーケンスが完成！モデル入力形状: torch.Size([1, 30, 256, 3])
[INFO] [1750159800.091357265] [laser_data_loader]: 推論成功！出力形状: {'val_bn': tensor([[-0.8490,  0.5324,  0.4815,  ...,  1.1860,  0.7819,  3.8008],
        [-0.7979,  0.3939,  0.3603,  ...,  1.1817,  0.6089,  3.5326],
        [-1.0984,  0.8920,  0.4540,  ...,  1.5292,  0.4997,  2.9083],
        [-0.9362,  0.3779,  0.3722,  ...,  1.3248,  0.6084,  3.5594],
        [-1.0405,  0.7172,  0.3191,  ...,  1.4105,  0.5898,  3.2852]],
       device='cuda:0'), 'val_t': tensor([[-1.6496,  1.0995,  0.3330,  ...,  1.6342, -0.5453,  1.6182],
        [-1.6033,  1.0255,  0.2881,  ...,  1.6317, -0.5884,  1.5393],
        [-1.8755,  1.2918,  0.3228,  ...,  1.8297, -0.6155,  1.3558],
        [-1.7286,  1.0170,  0.2925,  ...,  1.7133, -0.5885,  1.5472],
        [-1.8231,  1.1983,  0.2728,  ...,  1.7621, -0.5931,  1.4666]],
       device='cuda:0')}
[INFO] [1750159800.091762818] [laser_data_loader]:  -> person_0との類似度: 0.9935
[INFO] [1750159800.092098934] [laser_data_loader]: 判定結果: この人物は << person_0 >> です (類似度: 0.9935)
[INFO] [1750159800.158393740] [laser_data_loader]: 抽出された人物の点群数: 182
[INFO] [1750159800.158811112] [laser_data_loader]: データキューにフレームを追加しました。現在の長さ: 30/30
[INFO] [1750159800.159199258] [laser_data_loader]: シーケンスが完成！モデル入力形状: torch.Size([1, 30, 256, 3])
[INFO] [1750159800.191245982] [laser_data_loader]: 推論成功！出力形状: {'val_bn': tensor([[-0.8214,  0.4954,  0.4804,  ...,  1.1600,  0.7149,  3.7737],
        [-0.8252,  0.3735,  0.4312,  ...,  1.2153,  0.5467,  3.4747],
        [-1.0765,  0.9297,  0.3602,  ...,  1.5436,  0.5727,  3.0260],
        [-0.8619,  0.3495,  0.3825,  ...,  1.2806,  0.5702,  3.5697],
        [-1.2543,  0.9395,  0.2898,  ...,  1.5174,  0.7318,  3.1098]],
       device='cuda:0'), 'val_t': tensor([[-1.6246,  1.0798,  0.3326,  ...,  1.6194, -0.5620,  1.6102],
        [-1.6280,  1.0146,  0.3143,  ...,  1.6509, -0.6038,  1.5223],
        [-1.8557,  1.3119,  0.2881,  ...,  1.8380, -0.5974,  1.3904],
        [-1.6613,  1.0018,  0.2963,  ...,  1.6881, -0.5980,  1.5502],
        [-2.0168,  1.3172,  0.2620,  ...,  1.8230, -0.5578,  1.4150]],
       device='cuda:0')}
[INFO] [1750159800.191659211] [laser_data_loader]:  -> person_0との類似度: 0.9944
[INFO] [1750159800.191986090] [laser_data_loader]: 判定結果: この人物は << person_0 >> です (類似度: 0.9944)
[INFO] [1750159800.259344660] [laser_data_loader]: 抽出された人物の点群数: 186
[INFO] [1750159800.260153517] [laser_data_loader]: データキューにフレームを追加しました。現在の長さ: 30/30
[INFO] [1750159800.260957603] [laser_data_loader]: シーケンスが完成！モデル入力形状: torch.Size([1, 30, 256, 3])
[INFO] [1750159800.297500062] [laser_data_loader]: 推論成功！出力形状: {'val_bn': tensor([[-0.7996,  0.4766,  0.4428,  ...,  1.1268,  0.7521,  3.8397],
        [-0.8971,  0.4988,  0.3731,  ...,  1.2659,  0.4837,  3.3131],
        [-1.0546,  0.7878,  0.4018,  ...,  1.5293,  0.5561,  3.1275],
        [-0.7715,  0.3553,  0.4109,  ...,  1.2654,  0.5836,  3.6319],
        [-1.0869,  0.7733,  0.3603,  ...,  1.4723,  0.5208,  3.2035]],
       device='cuda:0'), 'val_t': tensor([[-1.6048,  1.0698,  0.3186,  ...,  1.6005, -0.5527,  1.6296],
        [-1.6932,  1.0816,  0.2928,  ...,  1.6797, -0.6195,  1.4748],
        [-1.8359,  1.2361,  0.3035,  ...,  1.8298, -0.6015,  1.4202],
        [-1.5794,  1.0049,  0.3068,  ...,  1.6794, -0.5947,  1.5685],
        [-1.8651,  1.2283,  0.2881,  ...,  1.7973, -0.6103,  1.4426]],
       device='cuda:0')}
[INFO] [1750159800.298188008] [laser_data_loader]:  -> person_0との類似度: 0.9936
[INFO] [1750159800.298772627] [laser_data_loader]: 判定結果: この人物は << person_0 >> です (類似度: 0.9936)
[INFO] [1750159800.362442889] [laser_data_loader]: 抽出された人物の点群数: 183
[INFO] [1750159800.364230197] [laser_data_loader]: データキューにフレームを追加しました。現在の長さ: 30/30
[INFO] [1750159800.366318003] [laser_data_loader]: シーケンスが完成！モデル入力形状: torch.Size([1, 30, 256, 3])
[INFO] [1750159800.410526973] [laser_data_loader]: 推論成功！出力形状: {'val_bn': tensor([[-0.9434,  0.4909,  0.3548,  ...,  1.2157,  0.8768,  3.7659],
        [-0.8389,  0.5865,  0.3939,  ...,  1.3306,  0.3654,  3.2401],
        [-1.1742,  0.8321,  0.3384,  ...,  1.5044,  0.7225,  3.1357],
        [-0.7023,  0.2084,  0.4930,  ...,  1.2598,  0.5142,  3.7065],
        [-0.8256,  0.7139,  0.3560,  ...,  1.3618,  0.3434,  3.2524]],
       device='cuda:0'), 'val_t': tensor([[-1.7351,  1.0774,  0.2861,  ...,  1.6511, -0.5217,  1.6079],
        [-1.6404,  1.1285,  0.3005,  ...,  1.7166, -0.6489,  1.4533],
        [-1.9442,  1.2598,  0.2800,  ...,  1.8156, -0.5601,  1.4226],
        [-1.5167,  0.9264,  0.3372,  ...,  1.6763, -0.6119,  1.5905],
        [-1.6284,  1.1966,  0.2865,  ...,  1.7343, -0.6544,  1.4569]],
       device='cuda:0')}
[INFO] [1750159800.411196991] [laser_data_loader]:  -> person_0との類似度: 0.9934
[INFO] [1750159800.411759725] [laser_data_loader]: 判定結果: この人物は << person_0 >> です (類似度: 0.9934)
[INFO] [1750159800.459219264] [laser_data_loader]: 抽出された人物の点群数: 180
[INFO] [1750159800.459935252] [laser_data_loader]: データキューにフレームを追加しました。現在の長さ: 30/30
[INFO] [1750159800.460664388] [laser_data_loader]: シーケンスが完成！モデル入力形状: torch.Size([1, 30, 256, 3])
[INFO] [1750159800.495401922] [laser_data_loader]: 推論成功！出力形状: {'val_bn': tensor([[-1.2096,  0.6724,  0.2684,  ...,  1.3519,  0.9969,  3.5260],
        [-0.8776,  0.6019,  0.4210,  ...,  1.3494,  0.4504,  3.2693],
        [-1.0375,  0.7471,  0.3412,  ...,  1.4895,  0.5110,  3.1368],
        [-0.8868,  0.2950,  0.5485,  ...,  1.2701,  0.6817,  3.5792],
        [-0.9362,  0.6218,  0.4219,  ...,  1.3653,  0.4563,  3.3832]],
       device='cuda:0'), 'val_t': tensor([[-1.9763,  1.1744,  0.2541,  ...,  1.7287, -0.4919,  1.5374],
        [-1.6755,  1.1367,  0.3106,  ...,  1.7273, -0.6278,  1.4619],
        [-1.8203,  1.2143,  0.2810,  ...,  1.8071, -0.6127,  1.4229],
        [-1.6838,  0.9726,  0.3578,  ...,  1.6821, -0.5703,  1.5530],
        [-1.7286,  1.1474,  0.3109,  ...,  1.7364, -0.6263,  1.4954]],
       device='cuda:0')}
[INFO] [1750159800.495945263] [laser_data_loader]:  -> person_0との類似度: 0.9938
[INFO] [1750159800.496377507] [laser_data_loader]: 判定結果: この人物は << person_0 >> です (類似度: 0.9938)
[INFO] [1750159800.561712729] [laser_data_loader]: 抽出された人物の点群数: 188
[INFO] [1750159800.562828008] [laser_data_loader]: データキューにフレームを追加しました。現在の長さ: 30/30
[INFO] [1750159800.563934507] [laser_data_loader]: シーケンスが完成！モデル入力形状: torch.Size([1, 30, 256, 3])
[INFO] [1750159800.603048467] [laser_data_loader]: 推論成功！出力形状: {'val_bn': tensor([[-0.9723,  0.5576,  0.2356,  ...,  1.3066,  0.7308,  3.5511],
        [-1.1455,  0.7899,  0.3947,  ...,  1.4438,  0.7015,  3.0775],
        [-0.8456,  0.4723,  0.4285,  ...,  1.3732,  0.4581,  3.4337],
        [-0.9582,  0.5214,  0.3513,  ...,  1.3534,  0.6204,  3.4867],
        [-0.8737,  0.4468,  0.5422,  ...,  1.3018,  0.6321,  3.5255]],
       device='cuda:0'), 'val_t': tensor([[-1.7613,  1.1130,  0.2419,  ...,  1.7029, -0.5581,  1.5447],
        [-1.9182,  1.2372,  0.3008,  ...,  1.7811, -0.5653,  1.4055],
        [-1.6465,  1.0674,  0.3133,  ...,  1.7409, -0.6259,  1.5102],
        [-1.7485,  1.0937,  0.2848,  ...,  1.7295, -0.5855,  1.5258],
        [-1.6720,  1.0538,  0.3554,  ...,  1.7002, -0.5826,  1.5372]],
       device='cuda:0')}
[INFO] [1750159800.603813549] [laser_data_loader]:  -> person_0との類似度: 0.9964
[INFO] [1750159800.604437760] [laser_data_loader]: 判定結果: この人物は << person_0 >> です (類似度: 0.9964)
[INFO] [1750159800.660382788] [laser_data_loader]: 抽出された人物の点群数: 181
[INFO] [1750159800.661574507] [laser_data_loader]: データキューにフレームを追加しました。現在の長さ: 30/30
[INFO] [1750159800.662796880] [laser_data_loader]: シーケンスが完成！モデル入力形状: torch.Size([1, 30, 256, 3])
[INFO] [1750159800.700456349] [laser_data_loader]: 推論成功！出力形状: {'val_bn': tensor([[-0.7979,  0.3939,  0.3603,  ...,  1.1817,  0.6089,  3.5326],
        [-1.0984,  0.8920,  0.4540,  ...,  1.5292,  0.4997,  2.9083],
        [-0.9362,  0.3779,  0.3722,  ...,  1.3248,  0.6084,  3.5594],
        [-1.0343,  0.7150,  0.3238,  ...,  1.4059,  0.6320,  3.3150],
        [-0.5260,  0.2037,  0.7021,  ...,  1.0382,  0.4012,  3.7457]],
       device='cuda:0'), 'val_t': tensor([[-1.6033,  1.0255,  0.2881,  ...,  1.6317, -0.5884,  1.5393],
        [-1.8755,  1.2918,  0.3228,  ...,  1.8297, -0.6155,  1.3558],
        [-1.7286,  1.0170,  0.2925,  ...,  1.7133, -0.5885,  1.5472],
        [-1.8174,  1.1972,  0.2746,  ...,  1.7595, -0.5826,  1.4753],
        [-1.3569,  0.9239,  0.4147,  ...,  1.5500, -0.6400,  1.6020]],
       device='cuda:0')}
[INFO] [1750159800.701101114] [laser_data_loader]:  -> person_0との類似度: 0.9929
[INFO] [1750159800.701611199] [laser_data_loader]: 判定結果: この人物は << person_0 >> です (類似度: 0.9929)
[INFO] [1750159800.761235396] [laser_data_loader]: 抽出された人物の点群数: 178
[INFO] [1750159800.762274670] [laser_data_loader]: データキューにフレームを追加しました。現在の長さ: 30/30
[INFO] [1750159800.763313530] [laser_data_loader]: シーケンスが完成！モデル入力形状: torch.Size([1, 30, 256, 3])
[INFO] [1750159800.802210979] [laser_data_loader]: 推論成功！出力形状: {'val_bn': tensor([[-0.8252,  0.3735,  0.4312,  ...,  1.2153,  0.5467,  3.4747],
        [-1.0765,  0.9297,  0.3602,  ...,  1.5436,  0.5727,  3.0260],
        [-0.8619,  0.3495,  0.3825,  ...,  1.2806,  0.5702,  3.5697],
        [-1.1445,  0.8148,  0.3312,  ...,  1.5200,  0.6148,  3.1980],
        [-0.6794,  0.1897,  0.6316,  ...,  0.9831,  0.6588,  3.7518]],
       device='cuda:0'), 'val_t': tensor([[-1.6280,  1.0146,  0.3143,  ...,  1.6509, -0.6038,  1.5223],
        [-1.8557,  1.3119,  0.2881,  ...,  1.8380, -0.5974,  1.3904],
        [-1.6613,  1.0018,  0.2963,  ...,  1.6881, -0.5980,  1.5502],
        [-1.9173,  1.2505,  0.2773,  ...,  1.8245, -0.5869,  1.4409],
        [-1.4960,  0.9164,  0.3886,  ...,  1.5186, -0.5759,  1.6038]],
       device='cuda:0')}
[INFO] [1750159800.802945023] [laser_data_loader]:  -> person_0との類似度: 0.9930
[INFO] [1750159800.803542641] [laser_data_loader]: 判定結果: この人物は << person_0 >> です (類似度: 0.9930)
[INFO] [1750159800.858905632] [laser_data_loader]: 抽出された人物の点群数: 185
[INFO] [1750159800.859936931] [laser_data_loader]: データキューにフレームを追加しました。現在の長さ: 30/30
[INFO] [1750159800.861058804] [laser_data_loader]: シーケンスが完成！モデル入力形状: torch.Size([1, 30, 256, 3])
[INFO] [1750159800.898415008] [laser_data_loader]: 推論成功！出力形状: {'val_bn': tensor([[-0.8971,  0.4988,  0.3731,  ...,  1.2659,  0.4837,  3.3131],
        [-1.0546,  0.7878,  0.4018,  ...,  1.5293,  0.5561,  3.1275],
        [-0.7715,  0.3553,  0.4109,  ...,  1.2654,  0.5836,  3.6319],
        [-1.0254,  0.7465,  0.3633,  ...,  1.4590,  0.4604,  3.2107],
        [-0.8225,  0.2053,  0.6920,  ...,  1.0856,  0.7511,  3.6601]],
       device='cuda:0'), 'val_t': tensor([[-1.6932,  1.0816,  0.2928,  ...,  1.6797, -0.6195,  1.4748],
        [-1.8359,  1.2361,  0.3035,  ...,  1.8298, -0.6015,  1.4202],
        [-1.5794,  1.0049,  0.3068,  ...,  1.6794, -0.5947,  1.5685],
        [-1.8094,  1.2140,  0.2892,  ...,  1.7897, -0.6253,  1.4447],
        [-1.6256,  0.9247,  0.4109,  ...,  1.5770, -0.5530,  1.5768]],
       device='cuda:0')}
[INFO] [1750159800.899080951] [laser_data_loader]:  -> person_0との類似度: 0.9955
[INFO] [1750159800.899628365] [laser_data_loader]: 判定結果: この人物は << person_0 >> です (類似度: 0.9955)
[INFO] [1750159800.960456474] [laser_data_loader]: 抽出された人物の点群数: 189
[INFO] [1750159800.961660376] [laser_data_loader]: データキューにフレームを追加しました。現在の長さ: 30/30
[INFO] [1750159800.962857597] [laser_data_loader]: シーケンスが完成！モデル入力形状: torch.Size([1, 30, 256, 3])
[INFO] [1750159801.002877924] [laser_data_loader]: 推論成功！出力形状: {'val_bn': tensor([[-0.8389,  0.5865,  0.3939,  ...,  1.3306,  0.3654,  3.2401],
        [-1.1742,  0.8321,  0.3384,  ...,  1.5044,  0.7225,  3.1357],
        [-0.7023,  0.2084,  0.4930,  ...,  1.2598,  0.5142,  3.7065],
        [-0.9718,  0.7608,  0.3318,  ...,  1.4064,  0.4890,  3.2234],
        [-0.6868,  0.1646,  0.7968,  ...,  0.9888,  0.5791,  3.6249]],
       device='cuda:0'), 'val_t': tensor([[-1.6404,  1.1285,  0.3005,  ...,  1.7166, -0.6489,  1.4533],
        [-1.9442,  1.2598,  0.2800,  ...,  1.8156, -0.5601,  1.4226],
        [-1.5167,  0.9264,  0.3372,  ...,  1.6763, -0.6119,  1.5905],
        [-1.7608,  1.2217,  0.2775,  ...,  1.7597, -0.6182,  1.4484],
        [-1.5026,  0.9030,  0.4497,  ...,  1.5218, -0.5958,  1.5664]],
       device='cuda:0')}
[INFO] [1750159801.003660088] [laser_data_loader]:  -> person_0との類似度: 0.9961
[INFO] [1750159801.004306349] [laser_data_loader]: 判定結果: この人物は << person_0 >> です (類似度: 0.9961)
[INFO] [1750159801.060833800] [laser_data_loader]: 抽出された人物の点群数: 182
[INFO] [1750159801.062101219] [laser_data_loader]: データキューにフレームを追加しました。現在の長さ: 30/30
[INFO] [1750159801.063379330] [laser_data_loader]: シーケンスが完成！モデル入力形状: torch.Size([1, 30, 256, 3])
[INFO] [1750159801.100062792] [laser_data_loader]: 推論成功！出力形状: {'val_bn': tensor([[-0.8776,  0.6019,  0.4210,  ...,  1.3494,  0.4504,  3.2693],
        [-1.0375,  0.7471,  0.3412,  ...,  1.4895,  0.5110,  3.1368],
        [-0.8868,  0.2950,  0.5485,  ...,  1.2701,  0.6817,  3.5792],
        [-0.9085,  0.6020,  0.3880,  ...,  1.3555,  0.4907,  3.3897],
        [-0.6014,  0.1430,  0.7241,  ...,  0.9150,  0.5616,  3.6960]],
       device='cuda:0'), 'val_t': tensor([[-1.6755,  1.1367,  0.3106,  ...,  1.7273, -0.6278,  1.4619],
        [-1.8203,  1.2143,  0.2810,  ...,  1.8071, -0.6127,  1.4229],
        [-1.6838,  0.9726,  0.3578,  ...,  1.6821, -0.5703,  1.5530],
        [-1.7034,  1.1368,  0.2983,  ...,  1.7308, -0.6178,  1.4973],
        [-1.4253,  0.8914,  0.4228,  ...,  1.4798, -0.6001,  1.5874]],
       device='cuda:0')}
[INFO] [1750159801.100462653] [laser_data_loader]:  -> person_0との類似度: 0.9966
[INFO] [1750159801.100790567] [laser_data_loader]: 判定結果: この人物は << person_0 >> です (類似度: 0.9966)
[INFO] [1750159801.159048633] [laser_data_loader]: 抽出された人物の点群数: 184
[INFO] [1750159801.159650967] [laser_data_loader]: データキューにフレームを追加しました。現在の長さ: 30/30
[INFO] [1750159801.160265033] [laser_data_loader]: シーケンスが完成！モデル入力形状: torch.Size([1, 30, 256, 3])
[INFO] [1750159801.194906797] [laser_data_loader]: 推論成功！出力形状: {'val_bn': tensor([[-1.1455,  0.7899,  0.3947,  ...,  1.4438,  0.7015,  3.0775],
        [-0.8456,  0.4723,  0.4285,  ...,  1.3732,  0.4581,  3.4337],
        [-0.9582,  0.5214,  0.3513,  ...,  1.3534,  0.6204,  3.4867],
        [-0.7928,  0.4539,  0.6138,  ...,  1.2227,  0.5492,  3.5574],
        [-0.7713,  0.1925,  0.6348,  ...,  1.0275,  0.5920,  3.5709]],
       device='cuda:0'), 'val_t': tensor([[-1.9182,  1.2372,  0.3008,  ...,  1.7811, -0.5653,  1.4055],
        [-1.6465,  1.0674,  0.3133,  ...,  1.7409, -0.6259,  1.5102],
        [-1.7485,  1.0937,  0.2848,  ...,  1.7295, -0.5855,  1.5258],
        [-1.5986,  1.0576,  0.3820,  ...,  1.6551, -0.6032,  1.5466],
        [-1.5792,  0.9179,  0.3897,  ...,  1.5439, -0.5926,  1.5506]],
       device='cuda:0')}
[INFO] [1750159801.195457083] [laser_data_loader]:  -> person_0との類似度: 0.9971
[INFO] [1750159801.195922700] [laser_data_loader]: 判定結果: この人物は << person_0 >> です (類似度: 0.9971)
[INFO] [1750159801.260986500] [laser_data_loader]: 抽出された人物の点群数: 185
[INFO] [1750159801.262261925] [laser_data_loader]: データキューにフレームを追加しました。現在の長さ: 30/30
[INFO] [1750159801.263524335] [laser_data_loader]: シーケンスが完成！モデル入力形状: torch.Size([1, 30, 256, 3])
[INFO] [1750159801.304780509] [laser_data_loader]: 推論成功！出力形状: {'val_bn': tensor([[-1.0984,  0.8920,  0.4540,  ...,  1.5292,  0.4997,  2.9083],
        [-0.9362,  0.3779,  0.3722,  ...,  1.3248,  0.6084,  3.5594],
        [-1.0343,  0.7150,  0.3238,  ...,  1.4059,  0.6320,  3.3150],
        [-0.6447,  0.2582,  0.6611,  ...,  1.1033,  0.5444,  3.7443],
        [-0.7885,  0.1596,  0.6492,  ...,  1.0651,  0.5776,  3.5819]],
       device='cuda:0'), 'val_t': tensor([[-1.8755,  1.2918,  0.3228,  ...,  1.8297, -0.6155,  1.3558],
        [-1.7286,  1.0170,  0.2925,  ...,  1.7133, -0.5885,  1.5472],
        [-1.8174,  1.1972,  0.2746,  ...,  1.7595, -0.5826,  1.4753],
        [-1.4645,  0.9530,  0.3995,  ...,  1.5871, -0.6044,  1.6016],
        [-1.5948,  0.9003,  0.3951,  ...,  1.5653, -0.5961,  1.5538]],
       device='cuda:0')}
[INFO] [1750159801.305464067] [laser_data_loader]:  -> person_0との類似度: 0.9938
[INFO] [1750159801.306042429] [laser_data_loader]: 判定結果: この人物は << person_0 >> です (類似度: 0.9938)
[INFO] [1750159801.360535785] [laser_data_loader]: 抽出された人物の点群数: 184
[INFO] [1750159801.361657988] [laser_data_loader]: データキューにフレームを追加しました。現在の長さ: 30/30
[INFO] [1750159801.362776697] [laser_data_loader]: シーケンスが完成！モデル入力形状: torch.Size([1, 30, 256, 3])
[INFO] [1750159801.401483352] [laser_data_loader]: 推論成功！出力形状: {'val_bn': tensor([[-1.0765,  0.9297,  0.3602,  ...,  1.5436,  0.5727,  3.0260],
        [-0.8619,  0.3495,  0.3825,  ...,  1.2806,  0.5702,  3.5697],
        [-1.1445,  0.8148,  0.3312,  ...,  1.5200,  0.6148,  3.1980],
        [-0.6499,  0.1663,  0.6601,  ...,  0.9855,  0.6061,  3.7278],
        [-0.6100,  0.1939,  0.6586,  ...,  0.9416,  0.5596,  3.6706]],
       device='cuda:0'), 'val_t': tensor([[-1.8557,  1.3119,  0.2881,  ...,  1.8380, -0.5974,  1.3904],
        [-1.6613,  1.0018,  0.2963,  ...,  1.6881, -0.5980,  1.5502],
        [-1.9173,  1.2505,  0.2773,  ...,  1.8245, -0.5869,  1.4409],
        [-1.4692,  0.9039,  0.3991,  ...,  1.5200, -0.5891,  1.5967],
        [-1.4331,  0.9186,  0.3985,  ...,  1.4950, -0.6006,  1.5799]],
       device='cuda:0')}
[INFO] [1750159801.401948252] [laser_data_loader]:  -> person_0との類似度: 0.9935
[INFO] [1750159801.402281827] [laser_data_loader]: 判定結果: この人物は << person_0 >> です (類似度: 0.9935)
[INFO] [1750159801.458621715] [laser_data_loader]: 抽出された人物の点群数: 174
[INFO] [1750159801.459029545] [laser_data_loader]: データキューにフレームを追加しました。現在の長さ: 30/30
[INFO] [1750159801.459484821] [laser_data_loader]: シーケンスが完成！モデル入力形状: torch.Size([1, 30, 256, 3])
[INFO] [1750159801.493999042] [laser_data_loader]: 推論成功！出力形状: {'val_bn': tensor([[-1.0546,  0.7878,  0.4018,  ...,  1.5293,  0.5561,  3.1275],
        [-0.7715,  0.3553,  0.4109,  ...,  1.2654,  0.5836,  3.6319],
        [-1.0254,  0.7465,  0.3633,  ...,  1.4590,  0.4604,  3.2107],
        [-0.7547,  0.1846,  0.7190,  ...,  1.0402,  0.6702,  3.6534],
        [-0.7658,  0.1446,  0.4463,  ...,  1.0789,  0.6630,  3.7973]],
       device='cuda:0'), 'val_t': tensor([[-1.8359,  1.2361,  0.3035,  ...,  1.8298, -0.6015,  1.4202],
        [-1.5794,  1.0049,  0.3068,  ...,  1.6794, -0.5947,  1.5685],
        [-1.8094,  1.2140,  0.2892,  ...,  1.7897, -0.6253,  1.4447],
        [-1.5642,  0.9136,  0.4209,  ...,  1.5511, -0.5731,  1.5748],
        [-1.5742,  0.8923,  0.3199,  ...,  1.5732, -0.5749,  1.6171]],
       device='cuda:0')}
[INFO] [1750159801.494403660] [laser_data_loader]:  -> person_0との類似度: 0.9969
[INFO] [1750159801.494735797] [laser_data_loader]: 判定結果: この人物は << person_0 >> です (類似度: 0.9969)
[INFO] [1750159801.559144792] [laser_data_loader]: 抽出された人物の点群数: 185
[INFO] [1750159801.559835585] [laser_data_loader]: データキューにフレームを追加しました。現在の長さ: 30/30
[INFO] [1750159801.560535216] [laser_data_loader]: シーケンスが完成！モデル入力形状: torch.Size([1, 30, 256, 3])
[INFO] [1750159801.597327135] [laser_data_loader]: 推論成功！出力形状: {'val_bn': tensor([[-1.1742,  0.8321,  0.3384,  ...,  1.5044,  0.7225,  3.1357],
        [-0.7023,  0.2084,  0.4930,  ...,  1.2598,  0.5142,  3.7065],
        [-0.9718,  0.7608,  0.3318,  ...,  1.4064,  0.4890,  3.2234],
        [-0.7006,  0.1657,  0.7585,  ...,  0.9729,  0.6184,  3.6571],
        [-0.8842,  0.2094,  0.5104,  ...,  1.1984,  0.6139,  3.7338]],
       device='cuda:0'), 'val_t': tensor([[-1.9442,  1.2598,  0.2800,  ...,  1.8156, -0.5601,  1.4226],
        [-1.5167,  0.9264,  0.3372,  ...,  1.6763, -0.6119,  1.5905],
        [-1.7608,  1.2217,  0.2775,  ...,  1.7597, -0.6182,  1.4484],
        [-1.5151,  0.9035,  0.4356,  ...,  1.5128, -0.5860,  1.5759],
        [-1.6815,  0.9269,  0.3437,  ...,  1.6413, -0.5871,  1.5985]],
       device='cuda:0')}
[INFO] [1750159801.597957139] [laser_data_loader]:  -> person_0との類似度: 0.9970
[INFO] [1750159801.598475360] [laser_data_loader]: 判定結果: この人物は << person_0 >> です (類似度: 0.9970)
[INFO] [1750159801.658415518] [laser_data_loader]: 抽出された人物の点群数: 190
[INFO] [1750159801.659613447] [laser_data_loader]: データキューにフレームを追加しました。現在の長さ: 30/30
[INFO] [1750159801.661009636] [laser_data_loader]: シーケンスが完成！モデル入力形状: torch.Size([1, 30, 256, 3])
[INFO] [1750159801.701450739] [laser_data_loader]: 推論成功！出力形状: {'val_bn': tensor([[-1.0375,  0.7471,  0.3412,  ...,  1.4895,  0.5110,  3.1368],
        [-0.8868,  0.2950,  0.5485,  ...,  1.2701,  0.6817,  3.5792],
        [-0.9085,  0.6020,  0.3880,  ...,  1.3555,  0.4907,  3.3897],
        [-0.6639,  0.1764,  0.7193,  ...,  0.9693,  0.5767,  3.6369],
        [-0.7736,  0.2175,  0.5235,  ...,  1.0673,  0.6813,  3.8176]],
       device='cuda:0'), 'val_t': tensor([[-1.8203,  1.2143,  0.2810,  ...,  1.8071, -0.6127,  1.4229],
        [-1.6838,  0.9726,  0.3578,  ...,  1.6821, -0.5703,  1.5530],
        [-1.7034,  1.1368,  0.2983,  ...,  1.7308, -0.6178,  1.4973],
        [-1.4819,  0.9092,  0.4211,  ...,  1.5107, -0.5964,  1.5700],
        [-1.5812,  0.9312,  0.3485,  ...,  1.5666, -0.5704,  1.6231]],
       device='cuda:0')}
[INFO] [1750159801.702101007] [laser_data_loader]:  -> person_0との類似度: 0.9976
[INFO] [1750159801.702649275] [laser_data_loader]: 判定結果: この人物は << person_0 >> です (類似度: 0.9976)
[INFO] [1750159801.759821560] [laser_data_loader]: 抽出された人物の点群数: 185
[INFO] [1750159801.760753347] [laser_data_loader]: データキューにフレームを追加しました。現在の長さ: 30/30
[INFO] [1750159801.761686850] [laser_data_loader]: シーケンスが完成！モデル入力形状: torch.Size([1, 30, 256, 3])
[INFO] [1750159801.800354518] [laser_data_loader]: 推論成功！出力形状: {'val_bn': tensor([[-0.8456,  0.4723,  0.4285,  ...,  1.3732,  0.4581,  3.4337],
        [-0.9582,  0.5214,  0.3513,  ...,  1.3534,  0.6204,  3.4867],
        [-0.7928,  0.4539,  0.6138,  ...,  1.2227,  0.5492,  3.5574],
        [-0.7557,  0.1876,  0.6474,  ...,  1.0253,  0.6042,  3.6136],
        [-0.6047,  0.1502,  0.5657,  ...,  1.0224,  0.5587,  3.8229]],
       device='cuda:0'), 'val_t': tensor([[-1.6465,  1.0674,  0.3133,  ...,  1.7409, -0.6259,  1.5102],
        [-1.7485,  1.0937,  0.2848,  ...,  1.7295, -0.5855,  1.5258],
        [-1.5986,  1.0576,  0.3820,  ...,  1.6551, -0.6032,  1.5466],
        [-1.5650,  0.9152,  0.3944,  ...,  1.5426, -0.5895,  1.5631],
        [-1.4283,  0.8953,  0.3642,  ...,  1.5410, -0.6008,  1.6247]],
       device='cuda:0')}
[INFO] [1750159801.801019291] [laser_data_loader]:  -> person_0との類似度: 0.9967
[INFO] [1750159801.801569880] [laser_data_loader]: 判定結果: この人物は << person_0 >> です (類似度: 0.9967)
[INFO] [1750159801.860819994] [laser_data_loader]: 抽出された人物の点群数: 182
[INFO] [1750159801.862111915] [laser_data_loader]: データキューにフレームを追加しました。現在の長さ: 30/30
[INFO] [1750159801.863394310] [laser_data_loader]: シーケンスが完成！モデル入力形状: torch.Size([1, 30, 256, 3])
[INFO] [1750159801.905757560] [laser_data_loader]: 推論成功！出力形状: {'val_bn': tensor([[-0.9362,  0.3779,  0.3722,  ...,  1.3248,  0.6084,  3.5594],
        [-1.0343,  0.7150,  0.3238,  ...,  1.4059,  0.6320,  3.3150],
        [-0.6447,  0.2582,  0.6611,  ...,  1.1033,  0.5444,  3.7443],
        [-0.7412,  0.1679,  0.6641,  ...,  0.9996,  0.5761,  3.5843],
        [-0.7730,  0.1746,  0.5414,  ...,  1.0947,  0.6113,  3.7661]],
       device='cuda:0'), 'val_t': tensor([[-1.7286,  1.0170,  0.2925,  ...,  1.7133, -0.5885,  1.5472],
        [-1.8174,  1.1972,  0.2746,  ...,  1.7595, -0.5826,  1.4753],
        [-1.4645,  0.9530,  0.3995,  ...,  1.5871, -0.6044,  1.6016],
        [-1.5519,  0.9047,  0.4006,  ...,  1.5280, -0.5965,  1.5545],
        [-1.5807,  0.9083,  0.3551,  ...,  1.5822, -0.5878,  1.6080]],
       device='cuda:0')}
[INFO] [1750159801.906444856] [laser_data_loader]:  -> person_0との類似度: 0.9940
[INFO] [1750159801.907026231] [laser_data_loader]: 判定結果: この人物は << person_0 >> です (類似度: 0.9940)
[INFO] [1750159801.959817529] [laser_data_loader]: 抽出された人物の点群数: 180
[INFO] [1750159801.960716651] [laser_data_loader]: データキューにフレームを追加しました。現在の長さ: 30/30
[INFO] [1750159801.961605196] [laser_data_loader]: シーケンスが完成！モデル入力形状: torch.Size([1, 30, 256, 3])
[INFO] [1750159801.998967646] [laser_data_loader]: 推論成功！出力形状: {'val_bn': tensor([[-0.8619,  0.3495,  0.3825,  ...,  1.2806,  0.5702,  3.5697],
        [-1.1445,  0.8148,  0.3312,  ...,  1.5200,  0.6148,  3.1980],
        [-0.6499,  0.1663,  0.6601,  ...,  0.9855,  0.6061,  3.7278],
        [-0.6722,  0.1735,  0.5909,  ...,  1.0117,  0.5645,  3.6894],
        [-0.7784,  0.1745,  0.6166,  ...,  1.0743,  0.5892,  3.6491]],
       device='cuda:0'), 'val_t': tensor([[-1.6613,  1.0018,  0.2963,  ...,  1.6881, -0.5980,  1.5502],
        [-1.9173,  1.2505,  0.2773,  ...,  1.8245, -0.5869,  1.4409],
        [-1.4692,  0.9039,  0.3991,  ...,  1.5200, -0.5891,  1.5967],
        [-1.4894,  0.9077,  0.3735,  ...,  1.5349, -0.5994,  1.5854],
        [-1.5856,  0.9082,  0.3830,  ...,  1.5706, -0.5933,  1.5736]],
       device='cuda:0')}
[INFO] [1750159801.999553359] [laser_data_loader]:  -> person_0との類似度: 0.9936
[INFO] [1750159801.999994602] [laser_data_loader]: 判定結果: この人物は << person_0 >> です (類似度: 0.9936)
[INFO] [1750159802.058827776] [laser_data_loader]: 抽出された人物の点群数: 177
[INFO] [1750159802.059416282] [laser_data_loader]: データキューにフレームを追加しました。現在の長さ: 30/30
[INFO] [1750159802.060032529] [laser_data_loader]: シーケンスが完成！モデル入力形状: torch.Size([1, 30, 256, 3])
[INFO] [1750159802.095026011] [laser_data_loader]: 推論成功！出力形状: {'val_bn': tensor([[-0.7715,  0.3553,  0.4109,  ...,  1.2654,  0.5836,  3.6319],
        [-1.0254,  0.7465,  0.3633,  ...,  1.4590,  0.4604,  3.2107],
        [-0.7547,  0.1846,  0.7190,  ...,  1.0402,  0.6702,  3.6534],
        [-0.7708,  0.1790,  0.5216,  ...,  1.0855,  0.6110,  3.7485],
        [-0.4838,  0.1604,  0.7380,  ...,  0.8628,  0.5229,  3.7719]],
       device='cuda:0'), 'val_t': tensor([[-1.5794,  1.0049,  0.3068,  ...,  1.6794, -0.5947,  1.5685],
        [-1.8094,  1.2140,  0.2892,  ...,  1.7897, -0.6253,  1.4447],
        [-1.5642,  0.9136,  0.4209,  ...,  1.5511, -0.5731,  1.5748],
        [-1.5788,  0.9107,  0.3478,  ...,  1.5770, -0.5879,  1.6028],
        [-1.3188,  0.9007,  0.4280,  ...,  1.4501, -0.6098,  1.6097]],
       device='cuda:0')}
[INFO] [1750159802.095435522] [laser_data_loader]:  -> person_0との類似度: 0.9933
[INFO] [1750159802.095766292] [laser_data_loader]: 判定結果: この人物は << person_0 >> です (類似度: 0.9933)
[INFO] [1750159802.159250941] [laser_data_loader]: 抽出された人物の点群数: 170
[INFO] [1750159802.159981285] [laser_data_loader]: データキューにフレームを追加しました。現在の長さ: 30/30
[INFO] [1750159802.160722416] [laser_data_loader]: シーケンスが完成！モデル入力形状: torch.Size([1, 30, 256, 3])
[INFO] [1750159802.198089146] [laser_data_loader]: 推論成功！出力形状: {'val_bn': tensor([[-0.7023,  0.2084,  0.4930,  ...,  1.2598,  0.5142,  3.7065],
        [-0.9718,  0.7608,  0.3318,  ...,  1.4064,  0.4890,  3.2234],
        [-0.7006,  0.1657,  0.7585,  ...,  0.9729,  0.6184,  3.6571],
        [-0.8409,  0.2067,  0.5114,  ...,  1.1412,  0.6455,  3.7523],
        [-0.5766,  0.2305,  0.6108,  ...,  0.9120,  0.6404,  3.8171]],
       device='cuda:0'), 'val_t': tensor([[-1.5167,  0.9264,  0.3372,  ...,  1.6763, -0.6119,  1.5905],
        [-1.7608,  1.2217,  0.2775,  ...,  1.7597, -0.6182,  1.4484],
        [-1.5151,  0.9035,  0.4356,  ...,  1.5128, -0.5860,  1.5759],
        [-1.6422,  0.9254,  0.3441,  ...,  1.6087, -0.5793,  1.6039],
        [-1.4028,  0.9382,  0.3808,  ...,  1.4781, -0.5805,  1.6230]],
       device='cuda:0')}
[INFO] [1750159802.198727991] [laser_data_loader]:  -> person_0との類似度: 0.9888
[INFO] [1750159802.199278752] [laser_data_loader]: 判定結果: この人物は << person_0 >> です (類似度: 0.9888)
[INFO] [1750159802.260341571] [laser_data_loader]: 抽出された人物の点群数: 176
[INFO] [1750159802.261428415] [laser_data_loader]: データキューにフレームを追加しました。現在の長さ: 30/30
[INFO] [1750159802.262513537] [laser_data_loader]: シーケンスが完成！モデル入力形状: torch.Size([1, 30, 256, 3])
[INFO] [1750159802.302910348] [laser_data_loader]: 推論成功！出力形状: {'val_bn': tensor([[-0.8868,  0.2950,  0.5485,  ...,  1.2701,  0.6817,  3.5792],
        [-0.9085,  0.6020,  0.3880,  ...,  1.3555,  0.4907,  3.3897],
        [-0.6639,  0.1764,  0.7193,  ...,  0.9693,  0.5767,  3.6369],
        [-0.7557,  0.1938,  0.5590,  ...,  1.0742,  0.6381,  3.8090],
        [-0.6214,  0.2050,  0.6248,  ...,  0.9594,  0.6697,  3.7242]],
       device='cuda:0'), 'val_t': tensor([[-1.6838,  0.9726,  0.3578,  ...,  1.6821, -0.5703,  1.5530],
        [-1.7034,  1.1368,  0.2983,  ...,  1.7308, -0.6178,  1.4973],
        [-1.4819,  0.9092,  0.4211,  ...,  1.5107, -0.5964,  1.5700],
        [-1.5650,  0.9186,  0.3617,  ...,  1.5705, -0.5811,  1.6206],
        [-1.4434,  0.9246,  0.3860,  ...,  1.5051, -0.5733,  1.5957]],
       device='cuda:0')}
[INFO] [1750159802.303646356] [laser_data_loader]:  -> person_0との類似度: 0.9909
[INFO] [1750159802.304255710] [laser_data_loader]: 判定結果: この人物は << person_0 >> です (類似度: 0.9909)
[INFO] [1750159802.361779344] [laser_data_loader]: 抽出された人物の点群数: 196
[INFO] [1750159802.362953701] [laser_data_loader]: データキューにフレームを追加しました。現在の長さ: 30/30
[INFO] [1750159802.364125270] [laser_data_loader]: シーケンスが完成！モデル入力形状: torch.Size([1, 30, 256, 3])
[INFO] [1750159802.405315963] [laser_data_loader]: 推論成功！出力形状: {'val_bn': tensor([[-0.9582,  0.5214,  0.3513,  ...,  1.3534,  0.6204,  3.4867],
        [-0.7928,  0.4539,  0.6138,  ...,  1.2227,  0.5492,  3.5574],
        [-0.7557,  0.1876,  0.6474,  ...,  1.0253,  0.6042,  3.6136],
        [-0.6949,  0.1761,  0.5311,  ...,  1.0489,  0.6120,  3.7880],
        [-0.9637,  0.5895,  0.4915,  ...,  1.2659,  0.8059,  3.5392]],
       device='cuda:0'), 'val_t': tensor([[-1.7485,  1.0937,  0.2848,  ...,  1.7295, -0.5855,  1.5258],
        [-1.5986,  1.0576,  0.3820,  ...,  1.6551, -0.6032,  1.5466],
        [-1.5650,  0.9152,  0.3944,  ...,  1.5426, -0.5895,  1.5631],
        [-1.5099,  0.9091,  0.3513,  ...,  1.5561, -0.5876,  1.6144],
        [-1.7535,  1.1301,  0.3367,  ...,  1.6797, -0.5394,  1.5413]],
       device='cuda:0')}
[INFO] [1750159802.405981993] [laser_data_loader]:  -> person_0との類似度: 0.9979
[INFO] [1750159802.406525916] [laser_data_loader]: 判定結果: この人物は << person_0 >> です (類似度: 0.9979)
[INFO] [1750159802.459788611] [laser_data_loader]: 抽出された人物の点群数: 181
[INFO] [1750159802.460817381] [laser_data_loader]: データキューにフレームを追加しました。現在の長さ: 30/30
[INFO] [1750159802.461844930] [laser_data_loader]: シーケンスが完成！モデル入力形状: torch.Size([1, 30, 256, 3])
[INFO] [1750159802.499847123] [laser_data_loader]: 推論成功！出力形状: {'val_bn': tensor([[-1.0343,  0.7150,  0.3238,  ...,  1.4059,  0.6320,  3.3150],
        [-0.6447,  0.2582,  0.6611,  ...,  1.1033,  0.5444,  3.7443],
        [-0.7412,  0.1679,  0.6641,  ...,  0.9996,  0.5761,  3.5843],
        [-0.7249,  0.1547,  0.5406,  ...,  1.0812,  0.6113,  3.7684],
        [-0.6855,  0.4654,  0.5205,  ...,  1.1532,  0.6050,  3.6579]],
       device='cuda:0'), 'val_t': tensor([[-1.8174,  1.1972,  0.2746,  ...,  1.7595, -0.5826,  1.4753],
        [-1.4645,  0.9530,  0.3995,  ...,  1.5871, -0.6044,  1.6016],
        [-1.5519,  0.9047,  0.4006,  ...,  1.5280, -0.5965,  1.5545],
        [-1.5372,  0.8977,  0.3548,  ...,  1.5745, -0.5878,  1.6087],
        [-1.5015,  1.0637,  0.3474,  ...,  1.6155, -0.5894,  1.5762]],
       device='cuda:0')}
[INFO] [1750159802.500419205] [laser_data_loader]:  -> person_0との類似度: 0.9964
[INFO] [1750159802.500888694] [laser_data_loader]: 判定結果: この人物は << person_0 >> です (類似度: 0.9964)
[INFO] [1750159802.560340696] [laser_data_loader]: 抽出された人物の点群数: 179
[INFO] [1750159802.561433840] [laser_data_loader]: データキューにフレームを追加しました。現在の長さ: 30/30
[INFO] [1750159802.562534904] [laser_data_loader]: シーケンスが完成！モデル入力形状: torch.Size([1, 30, 256, 3])
[INFO] [1750159802.603458370] [laser_data_loader]: 推論成功！出力形状: {'val_bn': tensor([[-1.1445,  0.8148,  0.3312,  ...,  1.5200,  0.6148,  3.1980],
        [-0.6499,  0.1663,  0.6601,  ...,  0.9855,  0.6061,  3.7278],
        [-0.6722,  0.1735,  0.5909,  ...,  1.0117,  0.5645,  3.6894],
        [-0.6904,  0.1682,  0.6790,  ...,  1.0269,  0.5302,  3.7057],
        [-0.8560,  0.4877,  0.4632,  ...,  1.2450,  0.6823,  3.5560]],
       device='cuda:0'), 'val_t': tensor([[-1.9173,  1.2505,  0.2773,  ...,  1.8245, -0.5869,  1.4409],
        [-1.4692,  0.9039,  0.3991,  ...,  1.5200, -0.5891,  1.5967],
        [-1.4894,  0.9077,  0.3735,  ...,  1.5349, -0.5994,  1.5854],
        [-1.5059,  0.9049,  0.4061,  ...,  1.5436, -0.6079,  1.5902],
        [-1.6559,  1.0757,  0.3262,  ...,  1.6678, -0.5701,  1.5462]],
       device='cuda:0')}
[INFO] [1750159802.604208323] [laser_data_loader]:  -> person_0との類似度: 0.9938
[INFO] [1750159802.604799106] [laser_data_loader]: 判定結果: この人物は << person_0 >> です (類似度: 0.9938)
[INFO] [1750159802.658686869] [laser_data_loader]: 抽出された人物の点群数: 178
[INFO] [1750159802.659197985] [laser_data_loader]: データキューにフレームを追加しました。現在の長さ: 30/30
[INFO] [1750159802.659764485] [laser_data_loader]: シーケンスが完成！モデル入力形状: torch.Size([1, 30, 256, 3])
[INFO] [1750159802.695121110] [laser_data_loader]: 推論成功！出力形状: {'val_bn': tensor([[-1.0254,  0.7465,  0.3633,  ...,  1.4590,  0.4604,  3.2107],
        [-0.7547,  0.1846,  0.7190,  ...,  1.0402,  0.6702,  3.6534],
        [-0.7708,  0.1790,  0.5216,  ...,  1.0855,  0.6110,  3.7485],
        [-0.5741,  0.2066,  0.6720,  ...,  0.9348,  0.6032,  3.7437],
        [-0.7981,  0.4489,  0.5159,  ...,  1.2368,  0.5225,  3.5298]],
       device='cuda:0'), 'val_t': tensor([[-1.8094,  1.2140,  0.2892,  ...,  1.7897, -0.6253,  1.4447],
        [-1.5642,  0.9136,  0.4209,  ...,  1.5511, -0.5731,  1.5748],
        [-1.5788,  0.9107,  0.3478,  ...,  1.5770, -0.5879,  1.6028],
        [-1.4005,  0.9254,  0.4035,  ...,  1.4911, -0.5898,  1.6014],
        [-1.6035,  1.0549,  0.3457,  ...,  1.6632, -0.6099,  1.5385]],
       device='cuda:0')}
[INFO] [1750159802.695561179] [laser_data_loader]:  -> person_0との類似度: 0.9960
[INFO] [1750159802.695928933] [laser_data_loader]: 判定結果: この人物は << person_0 >> です (類似度: 0.9960)
[INFO] [1750159802.759318560] [laser_data_loader]: 抽出された人物の点群数: 179
[INFO] [1750159802.760082106] [laser_data_loader]: データキューにフレームを追加しました。現在の長さ: 30/30
[INFO] [1750159802.760847976] [laser_data_loader]: シーケンスが完成！モデル入力形状: torch.Size([1, 30, 256, 3])
[INFO] [1750159802.797954223] [laser_data_loader]: 推論成功！出力形状: {'val_bn': tensor([[-0.9718,  0.7608,  0.3318,  ...,  1.4064,  0.4890,  3.2234],
        [-0.7006,  0.1657,  0.7585,  ...,  0.9729,  0.6184,  3.6571],
        [-0.8409,  0.2067,  0.5114,  ...,  1.1412,  0.6455,  3.7523],
        [-0.5833,  0.2014,  0.6452,  ...,  0.9127,  0.6353,  3.7300],
        [-0.6744,  0.4394,  0.5028,  ...,  1.2093,  0.5301,  3.6529]],
       device='cuda:0'), 'val_t': tensor([[-1.7608,  1.2217,  0.2775,  ...,  1.7597, -0.6182,  1.4484],
        [-1.5151,  0.9035,  0.4356,  ...,  1.5128, -0.5860,  1.5759],
        [-1.6422,  0.9254,  0.3441,  ...,  1.6087, -0.5793,  1.6039],
        [-1.4088,  0.9226,  0.3936,  ...,  1.4785, -0.5818,  1.5974],
        [-1.4914,  1.0499,  0.3409,  ...,  1.6475, -0.6080,  1.5747]],
       device='cuda:0')}
[INFO] [1750159802.798648679] [laser_data_loader]:  -> person_0との類似度: 0.9945
[INFO] [1750159802.799205246] [laser_data_loader]: 判定結果: この人物は << person_0 >> です (類似度: 0.9945)
[INFO] [1750159802.860589028] [laser_data_loader]: 抽出された人物の点群数: 174
[INFO] [1750159802.861783262] [laser_data_loader]: データキューにフレームを追加しました。現在の長さ: 30/30
[INFO] [1750159802.862995083] [laser_data_loader]: シーケンスが完成！モデル入力形状: torch.Size([1, 30, 256, 3])
[INFO] [1750159802.904332138] [laser_data_loader]: 推論成功！出力形状: {'val_bn': tensor([[-0.9085,  0.6020,  0.3880,  ...,  1.3555,  0.4907,  3.3897],
        [-0.6639,  0.1764,  0.7193,  ...,  0.9693,  0.5767,  3.6369],
        [-0.7557,  0.1938,  0.5590,  ...,  1.0742,  0.6381,  3.8090],
        [-0.7454,  0.3430,  0.5273,  ...,  1.0702,  0.7086,  3.6801],
        [-0.5608,  0.3107,  0.5368,  ...,  1.0679,  0.4329,  3.6423]],
       device='cuda:0'), 'val_t': tensor([[-1.7034,  1.1368,  0.2983,  ...,  1.7308, -0.6178,  1.4973],
        [-1.4819,  0.9092,  0.4211,  ...,  1.5107, -0.5964,  1.5700],
        [-1.5650,  0.9186,  0.3617,  ...,  1.5705, -0.5811,  1.6206],
        [-1.5557,  0.9983,  0.3499,  ...,  1.5683, -0.5636,  1.5827],
        [-1.3885,  0.9810,  0.3534,  ...,  1.5669, -0.6321,  1.5716]],
       device='cuda:0')}
[INFO] [1750159802.905040421] [laser_data_loader]:  -> person_0との類似度: 0.9975
[INFO] [1750159802.905599629] [laser_data_loader]: 判定結果: この人物は << person_0 >> です (類似度: 0.9975)
[INFO] [1750159802.958247929] [laser_data_loader]: 抽出された人物の点群数: 173
[INFO] [1750159802.959296929] [laser_data_loader]: データキューにフレームを追加しました。現在の長さ: 30/30
[INFO] [1750159802.960558031] [laser_data_loader]: シーケンスが完成！モデル入力形状: torch.Size([1, 30, 256, 3])
[INFO] [1750159803.000216787] [laser_data_loader]: 推論成功！出力形状: {'val_bn': tensor([[-0.7928,  0.4539,  0.6138,  ...,  1.2227,  0.5492,  3.5574],
        [-0.7557,  0.1876,  0.6474,  ...,  1.0253,  0.6042,  3.6136],
        [-0.6949,  0.1761,  0.5311,  ...,  1.0489,  0.6120,  3.7880],
        [-0.8337,  0.4475,  0.5554,  ...,  1.2186,  0.6698,  3.5789],
        [-0.6314,  0.4360,  0.4689,  ...,  1.1087,  0.3920,  3.4506]],
       device='cuda:0'), 'val_t': tensor([[-1.5986,  1.0576,  0.3820,  ...,  1.6551, -0.6032,  1.5466],
        [-1.5650,  0.9152,  0.3944,  ...,  1.5426, -0.5895,  1.5631],
        [-1.5099,  0.9091,  0.3513,  ...,  1.5561, -0.5876,  1.6144],
        [-1.6357,  1.0542,  0.3603,  ...,  1.6528, -0.5732,  1.5529],
        [-1.4524,  1.0481,  0.3283,  ...,  1.5902, -0.6423,  1.5152]],
       device='cuda:0')}
[INFO] [1750159803.000846335] [laser_data_loader]:  -> person_0との類似度: 0.9975
[INFO] [1750159803.001367900] [laser_data_loader]: 判定結果: この人物は << person_0 >> です (類似度: 0.9975)
[INFO] [1750159803.060340982] [laser_data_loader]: 抽出された人物の点群数: 181
[INFO] [1750159803.061450554] [laser_data_loader]: データキューにフレームを追加しました。現在の長さ: 30/30
[INFO] [1750159803.062540927] [laser_data_loader]: シーケンスが完成！モデル入力形状: torch.Size([1, 30, 256, 3])
[INFO] [1750159803.103028027] [laser_data_loader]: 推論成功！出力形状: {'val_bn': tensor([[-0.6447,  0.2582,  0.6611,  ...,  1.1033,  0.5444,  3.7443],
        [-0.7412,  0.1679,  0.6641,  ...,  0.9996,  0.5761,  3.5843],
        [-0.7249,  0.1547,  0.5406,  ...,  1.0812,  0.6113,  3.7684],
        [-0.7617,  0.4845,  0.5345,  ...,  1.1914,  0.6340,  3.6178],
        [-0.4623,  0.3225,  0.5867,  ...,  1.0187,  0.2805,  3.5110]],
       device='cuda:0'), 'val_t': tensor([[-1.4645,  0.9530,  0.3995,  ...,  1.5871, -0.6044,  1.6016],
        [-1.5519,  0.9047,  0.4006,  ...,  1.5280, -0.5965,  1.5545],
        [-1.5372,  0.8977,  0.3548,  ...,  1.5745, -0.5878,  1.6087],
        [-1.5705,  1.0740,  0.3526,  ...,  1.6373, -0.5821,  1.5644],
        [-1.2993,  0.9874,  0.3719,  ...,  1.5389, -0.6700,  1.5330]],
       device='cuda:0')}
[INFO] [1750159803.103810659] [laser_data_loader]:  -> person_0との類似度: 0.9858
[INFO] [1750159803.104439499] [laser_data_loader]: 判定結果: この人物は << person_0 >> です (類似度: 0.9858)
[INFO] [1750159803.160647583] [laser_data_loader]: 抽出された人物の点群数: 176
[INFO] [1750159803.161860830] [laser_data_loader]: データキューにフレームを追加しました。現在の長さ: 30/30
[INFO] [1750159803.163096509] [laser_data_loader]: シーケンスが完成！モデル入力形状: torch.Size([1, 30, 256, 3])
[INFO] [1750159803.200064467] [laser_data_loader]: 推論成功！出力形状: {'val_bn': tensor([[-0.6499,  0.1663,  0.6601,  ...,  0.9855,  0.6061,  3.7278],
        [-0.6722,  0.1735,  0.5909,  ...,  1.0117,  0.5645,  3.6894],
        [-0.6904,  0.1682,  0.6790,  ...,  1.0269,  0.5302,  3.7057],
        [-0.8295,  0.4868,  0.4977,  ...,  1.2505,  0.6705,  3.5790],
        [-0.4585,  0.2780,  0.5721,  ...,  1.0438,  0.3338,  3.5806]],
       device='cuda:0'), 'val_t': tensor([[-1.4692,  0.9039,  0.3991,  ...,  1.5200, -0.5891,  1.5967],
        [-1.4894,  0.9077,  0.3735,  ...,  1.5349, -0.5994,  1.5854],
        [-1.5059,  0.9049,  0.4061,  ...,  1.5436, -0.6079,  1.5902],
        [-1.6319,  1.0752,  0.3390,  ...,  1.6709, -0.5731,  1.5530],
        [-1.2958,  0.9636,  0.3665,  ...,  1.5532, -0.6568,  1.5534]],
       device='cuda:0')}
[INFO] [1750159803.201112618] [laser_data_loader]:  -> person_0との類似度: 0.9763
[INFO] [1750159803.201432168] [laser_data_loader]: 判定結果: この人物は << person_0 >> です (類似度: 0.9763)
[INFO] [1750159803.258881059] [laser_data_loader]: 抽出された人物の点群数: 188
[INFO] [1750159803.259428311] [laser_data_loader]: データキューにフレームを追加しました。現在の長さ: 30/30
[INFO] [1750159803.260055791] [laser_data_loader]: シーケンスが完成！モデル入力形状: torch.Size([1, 30, 256, 3])
[INFO] [1750159803.294862144] [laser_data_loader]: 推論成功！出力形状: {'val_bn': tensor([[-0.7547,  0.1846,  0.7190,  ...,  1.0402,  0.6702,  3.6534],
        [-0.7708,  0.1790,  0.5216,  ...,  1.0855,  0.6110,  3.7485],
        [-0.5741,  0.2066,  0.6720,  ...,  0.9348,  0.6032,  3.7437],
        [-0.7394,  0.4299,  0.5022,  ...,  1.1997,  0.5239,  3.5817],
        [-0.6680,  0.2690,  0.5184,  ...,  1.1966,  0.4389,  3.5192]],
       device='cuda:0'), 'val_t': tensor([[-1.5642,  0.9136,  0.4209,  ...,  1.5511, -0.5731,  1.5748],
        [-1.5788,  0.9107,  0.3478,  ...,  1.5770, -0.5879,  1.6028],
        [-1.4005,  0.9254,  0.4035,  ...,  1.4911, -0.5898,  1.6014],
        [-1.5503,  1.0448,  0.3406,  ...,  1.6420, -0.6095,  1.5537],
        [-1.4856,  0.9588,  0.3466,  ...,  1.6402, -0.6306,  1.5354]],
       device='cuda:0')}
[INFO] [1750159803.295248746] [laser_data_loader]:  -> person_0との類似度: 0.9808
[INFO] [1750159803.295567168] [laser_data_loader]: 判定結果: この人物は << person_0 >> です (類似度: 0.9808)
[INFO] [1750159803.357526997] [laser_data_loader]: 抽出された人物の点群数: 192
[INFO] [1750159803.358001288] [laser_data_loader]: データキューにフレームを追加しました。現在の長さ: 30/30
[INFO] [1750159803.358472008] [laser_data_loader]: シーケンスが完成！モデル入力形状: torch.Size([1, 30, 256, 3])
[INFO] [1750159803.393403082] [laser_data_loader]: 推論成功！出力形状: {'val_bn': tensor([[-0.7006,  0.1657,  0.7585,  ...,  0.9729,  0.6184,  3.6571],
        [-0.8409,  0.2067,  0.5114,  ...,  1.1412,  0.6455,  3.7523],
        [-0.5833,  0.2014,  0.6452,  ...,  0.9127,  0.6353,  3.7300],
        [-0.6999,  0.4575,  0.4801,  ...,  1.2135,  0.5305,  3.6211],
        [-0.7012,  0.2552,  0.5372,  ...,  1.2416,  0.4004,  3.4439]],
       device='cuda:0'), 'val_t': tensor([[-1.5151,  0.9035,  0.4356,  ...,  1.5128, -0.5860,  1.5759],
        [-1.6422,  0.9254,  0.3441,  ...,  1.6087, -0.5793,  1.6039],
        [-1.4088,  0.9226,  0.3936,  ...,  1.4785, -0.5818,  1.5974],
        [-1.5145,  1.0595,  0.3324,  ...,  1.6499, -0.6079,  1.5654],
        [-1.5157,  0.9514,  0.3536,  ...,  1.6659, -0.6402,  1.5132]],
       device='cuda:0')}
[INFO] [1750159803.393944613] [laser_data_loader]:  -> person_0との類似度: 0.9789
[INFO] [1750159803.394377705] [laser_data_loader]: 判定結果: この人物は << person_0 >> です (類似度: 0.9789)
[INFO] [1750159803.460300511] [laser_data_loader]: 抽出された人物の点群数: 172
[INFO] [1750159803.461408787] [laser_data_loader]: データキューにフレームを追加しました。現在の長さ: 30/30
[INFO] [1750159803.462510881] [laser_data_loader]: シーケンスが完成！モデル入力形状: torch.Size([1, 30, 256, 3])
[INFO] [1750159803.502733900] [laser_data_loader]: 推論成功！出力形状: {'val_bn': tensor([[-0.6639,  0.1764,  0.7193,  ...,  0.9693,  0.5767,  3.6369],
        [-0.7557,  0.1938,  0.5590,  ...,  1.0742,  0.6381,  3.8090],
        [-0.7454,  0.3430,  0.5273,  ...,  1.0702,  0.7086,  3.6801],
        [-0.6401,  0.3964,  0.5163,  ...,  1.1464,  0.4328,  3.5591],
        [-0.5755,  0.2509,  0.5344,  ...,  1.1245,  0.5175,  3.6934]],
       device='cuda:0'), 'val_t': tensor([[-1.4819,  0.9092,  0.4211,  ...,  1.5107, -0.5964,  1.5700],
        [-1.5650,  0.9186,  0.3617,  ...,  1.5705, -0.5811,  1.6206],
        [-1.5557,  0.9983,  0.3499,  ...,  1.5683, -0.5636,  1.5827],
        [-1.4603,  1.0269,  0.3458,  ...,  1.6117, -0.6322,  1.5471],
        [-1.4018,  0.9491,  0.3526,  ...,  1.5991, -0.6111,  1.5866]],
       device='cuda:0')}
[INFO] [1750159803.503582101] [laser_data_loader]:  -> person_0との類似度: 0.9769
[INFO] [1750159803.504278400] [laser_data_loader]: 判定結果: この人物は << person_0 >> です (類似度: 0.9769)
[INFO] [1750159803.560462794] [laser_data_loader]: 抽出された人物の点群数: 172
[INFO] [1750159803.561654671] [laser_data_loader]: データキューにフレームを追加しました。現在の長さ: 30/30
[INFO] [1750159803.562836085] [laser_data_loader]: シーケンスが完成！モデル入力形状: torch.Size([1, 30, 256, 3])
[INFO] [1750159803.604055275] [laser_data_loader]: 推論成功！出力形状: {'val_bn': tensor([[-0.7557,  0.1876,  0.6474,  ...,  1.0253,  0.6042,  3.6136],
        [-0.6949,  0.1761,  0.5311,  ...,  1.0489,  0.6120,  3.7880],
        [-0.8337,  0.4475,  0.5554,  ...,  1.2186,  0.6698,  3.5789],
        [-0.5249,  0.3443,  0.5437,  ...,  1.0451,  0.3155,  3.5289],
        [-0.7483,  0.1565,  0.4365,  ...,  1.1276,  0.6835,  3.6746]],
       device='cuda:0'), 'val_t': tensor([[-1.5650,  0.9152,  0.3944,  ...,  1.5426, -0.5895,  1.5631],
        [-1.5099,  0.9091,  0.3513,  ...,  1.5561, -0.5876,  1.6144],
        [-1.6357,  1.0542,  0.3603,  ...,  1.6528, -0.5732,  1.5529],
        [-1.3559,  0.9990,  0.3560,  ...,  1.5540, -0.6613,  1.5382],
        [-1.5584,  0.8987,  0.3163,  ...,  1.6009, -0.5698,  1.5811]],
       device='cuda:0')}
[INFO] [1750159803.604811428] [laser_data_loader]:  -> person_0との類似度: 0.9775
[INFO] [1750159803.605369474] [laser_data_loader]: 判定結果: この人物は << person_0 >> です (類似度: 0.9775)
[INFO] [1750159803.660807286] [laser_data_loader]: 抽出された人物の点群数: 180
[INFO] [1750159803.662091870] [laser_data_loader]: データキューにフレームを追加しました。現在の長さ: 30/30
[INFO] [1750159803.663367795] [laser_data_loader]: シーケンスが完成！モデル入力形状: torch.Size([1, 30, 256, 3])
[INFO] [1750159803.702085773] [laser_data_loader]: 推論成功！出力形状: {'val_bn': tensor([[-0.7412,  0.1679,  0.6641,  ...,  0.9996,  0.5761,  3.5843],
        [-0.7249,  0.1547,  0.5406,  ...,  1.0812,  0.6113,  3.7684],
        [-0.7617,  0.4845,  0.5345,  ...,  1.1914,  0.6340,  3.6178],
        [-0.4756,  0.3119,  0.5794,  ...,  1.0371,  0.2947,  3.5422],
        [-0.9573,  0.1779,  0.4864,  ...,  1.2493,  0.8098,  3.5636]],
       device='cuda:0'), 'val_t': tensor([[-1.5519,  0.9047,  0.4006,  ...,  1.5280, -0.5965,  1.5545],
        [-1.5372,  0.8977,  0.3548,  ...,  1.5745, -0.5878,  1.6087],
        [-1.5705,  1.0740,  0.3526,  ...,  1.6373, -0.5821,  1.5644],
        [-1.3113,  0.9817,  0.3692,  ...,  1.5494, -0.6665,  1.5422],
        [-1.7477,  0.9100,  0.3348,  ...,  1.6703, -0.5384,  1.5485]],
       device='cuda:0')}
[INFO] [1750159803.702706081] [laser_data_loader]:  -> person_0との類似度: 0.9773
[INFO] [1750159803.703025371] [laser_data_loader]: 判定結果: この人物は << person_0 >> です (類似度: 0.9773)
[INFO] [1750159803.758235977] [laser_data_loader]: 抽出された人物の点群数: 187
[INFO] [1750159803.758656100] [laser_data_loader]: データキューにフレームを追加しました。現在の長さ: 30/30
[INFO] [1750159803.759083417] [laser_data_loader]: シーケンスが完成！モデル入力形状: torch.Size([1, 30, 256, 3])
[INFO] [1750159803.796450206] [laser_data_loader]: 推論成功！出力形状: {'val_bn': tensor([[-0.6722,  0.1735,  0.5909,  ...,  1.0117,  0.5645,  3.6894],
        [-0.6904,  0.1682,  0.6790,  ...,  1.0269,  0.5302,  3.7057],
        [-0.8295,  0.4868,  0.4977,  ...,  1.2505,  0.6705,  3.5790],
        [-0.4857,  0.2758,  0.5386,  ...,  1.0863,  0.3630,  3.5966],
        [-0.8464,  0.1701,  0.6041,  ...,  1.1792,  0.7210,  3.5907]],
       device='cuda:0'), 'val_t': tensor([[-1.4894,  0.9077,  0.3735,  ...,  1.5349, -0.5994,  1.5854],
        [-1.5059,  0.9049,  0.4061,  ...,  1.5436, -0.6079,  1.5902],
        [-1.6319,  1.0752,  0.3390,  ...,  1.6709, -0.5731,  1.5530],
        [-1.3204,  0.9624,  0.3541,  ...,  1.5774, -0.6495,  1.5581],
        [-1.6473,  0.9059,  0.3784,  ...,  1.6303, -0.5605,  1.5564]],
       device='cuda:0')}
[INFO] [1750159803.796977577] [laser_data_loader]:  -> person_0との類似度: 0.9789
[INFO] [1750159803.797979812] [laser_data_loader]: 判定結果: この人物は << person_0 >> です (類似度: 0.9789)
[INFO] [1750159803.858273974] [laser_data_loader]: 抽出された人物の点群数: 165
[INFO] [1750159803.858681067] [laser_data_loader]: データキューにフレームを追加しました。現在の長さ: 30/30
[INFO] [1750159803.859102548] [laser_data_loader]: シーケンスが完成！モデル入力形状: torch.Size([1, 30, 256, 3])
[INFO] [1750159803.892776661] [laser_data_loader]: 推論成功！出力形状: {'val_bn': tensor([[-0.7708,  0.1790,  0.5216,  ...,  1.0855,  0.6110,  3.7485],
        [-0.5741,  0.2066,  0.6720,  ...,  0.9348,  0.6032,  3.7437],
        [-0.7394,  0.4299,  0.5022,  ...,  1.1997,  0.5239,  3.5817],
        [-0.6529,  0.2814,  0.5187,  ...,  1.1822,  0.4391,  3.5004],
        [-1.0035,  0.2528,  0.6148,  ...,  1.2692,  0.8235,  3.6339]],
       device='cuda:0'), 'val_t': tensor([[-1.5788,  0.9107,  0.3478,  ...,  1.5770, -0.5879,  1.6028],
        [-1.4005,  0.9254,  0.4035,  ...,  1.4911, -0.5898,  1.6014],
        [-1.5503,  1.0448,  0.3406,  ...,  1.6420, -0.6095,  1.5537],
        [-1.4719,  0.9654,  0.3467,  ...,  1.6320, -0.6306,  1.5298],
        [-1.7895,  0.9501,  0.3823,  ...,  1.6816, -0.5350,  1.5691]],
       device='cuda:0')}
[INFO] [1750159803.893218086] [laser_data_loader]:  -> person_0との類似度: 0.9775
[INFO] [1750159803.893528861] [laser_data_loader]: 判定結果: この人物は << person_0 >> です (類似度: 0.9775)
[INFO] [1750159803.958908675] [laser_data_loader]: 抽出された人物の点群数: 185
[INFO] [1750159803.959460374] [laser_data_loader]: データキューにフレームを追加しました。現在の長さ: 30/30
[INFO] [1750159803.960062168] [laser_data_loader]: シーケンスが完成！モデル入力形状: torch.Size([1, 30, 256, 3])
[INFO] [1750159803.996177788] [laser_data_loader]: 推論成功！出力形状: {'val_bn': tensor([[-0.8409,  0.2067,  0.5114,  ...,  1.1412,  0.6455,  3.7523],
        [-0.5833,  0.2014,  0.6452,  ...,  0.9127,  0.6353,  3.7300],
        [-0.6999,  0.4575,  0.4801,  ...,  1.2135,  0.5305,  3.6211],
        [-0.6566,  0.2845,  0.5296,  ...,  1.2025,  0.4074,  3.5154],
        [-1.1276,  0.2198,  0.6757,  ...,  1.3945,  0.7854,  3.5464]],
       device='cuda:0'), 'val_t': tensor([[-1.6422,  0.9254,  0.3441,  ...,  1.6087, -0.5793,  1.6039],
        [-1.4088,  0.9226,  0.3936,  ...,  1.4785, -0.5818,  1.5974],
        [-1.5145,  1.0595,  0.3324,  ...,  1.6499, -0.6079,  1.5654],
        [-1.4753,  0.9671,  0.3508,  ...,  1.6436, -0.6385,  1.5343],
        [-1.9020,  0.9325,  0.4049,  ...,  1.7530, -0.5445,  1.5434]],
       device='cuda:0')}
[INFO] [1750159803.996736176] [laser_data_loader]:  -> person_0との類似度: 0.9774
[INFO] [1750159803.997186069] [laser_data_loader]: 判定結果: この人物は << person_0 >> です (類似度: 0.9774)
[INFO] [1750159804.060876985] [laser_data_loader]: 抽出された人物の点群数: 184
[INFO] [1750159804.062144062] [laser_data_loader]: データキューにフレームを追加しました。現在の長さ: 30/30
[INFO] [1750159804.063410629] [laser_data_loader]: シーケンスが完成！モデル入力形状: torch.Size([1, 30, 256, 3])
[INFO] [1750159804.105136131] [laser_data_loader]: 推論成功！出力形状: {'val_bn': tensor([[-0.7557,  0.1938,  0.5590,  ...,  1.0742,  0.6381,  3.8090],
        [-0.7454,  0.3430,  0.5273,  ...,  1.0702,  0.7086,  3.6801],
        [-0.6401,  0.3964,  0.5163,  ...,  1.1464,  0.4328,  3.5591],
        [-0.6797,  0.2276,  0.5428,  ...,  1.1884,  0.5488,  3.6053],
        [-0.9896,  0.1958,  0.6346,  ...,  1.2817,  0.7445,  3.6372]],
       device='cuda:0'), 'val_t': tensor([[-1.5650,  0.9186,  0.3617,  ...,  1.5705, -0.5811,  1.6206],
        [-1.5557,  0.9983,  0.3499,  ...,  1.5683, -0.5636,  1.5827],
        [-1.4603,  1.0269,  0.3458,  ...,  1.6117, -0.6322,  1.5471],
        [-1.4962,  0.9366,  0.3557,  ...,  1.6356, -0.6033,  1.5607],
        [-1.7770,  0.9196,  0.3897,  ...,  1.6887, -0.5547,  1.5701]],
       device='cuda:0')}
[INFO] [1750159804.105826821] [laser_data_loader]:  -> person_0との類似度: 0.9779
[INFO] [1750159804.106396253] [laser_data_loader]: 判定結果: この人物は << person_0 >> です (類似度: 0.9779)
[INFO] [1750159804.160357449] [laser_data_loader]: 抽出された人物の点群数: 169
[INFO] [1750159804.161458408] [laser_data_loader]: データキューにフレームを追加しました。現在の長さ: 30/30
[INFO] [1750159804.162605812] [laser_data_loader]: シーケンスが完成！モデル入力形状: torch.Size([1, 30, 256, 3])
[INFO] [1750159804.200754000] [laser_data_loader]: 推論成功！出力形状: {'val_bn': tensor([[-0.6949,  0.1761,  0.5311,  ...,  1.0489,  0.6120,  3.7880],
        [-0.8337,  0.4475,  0.5554,  ...,  1.2186,  0.6698,  3.5789],
        [-0.5249,  0.3443,  0.5437,  ...,  1.0451,  0.3155,  3.5289],
        [-0.7764,  0.1722,  0.4883,  ...,  1.1508,  0.7148,  3.6648],
        [-1.3530,  0.6671,  0.4292,  ...,  1.4212,  0.8324,  3.2418]],
       device='cuda:0'), 'val_t': tensor([[-1.5099,  0.9091,  0.3513,  ...,  1.5561, -0.5876,  1.6144],
        [-1.6357,  1.0542,  0.3603,  ...,  1.6528, -0.5732,  1.5529],
        [-1.3559,  0.9990,  0.3560,  ...,  1.5540, -0.6613,  1.5382],
        [-1.5838,  0.9070,  0.3355,  ...,  1.6142, -0.5620,  1.5782],
        [-2.1062,  1.1715,  0.3136,  ...,  1.7682, -0.5328,  1.4538]],
       device='cuda:0')}
[INFO] [1750159804.201332030] [laser_data_loader]:  -> person_0との類似度: 0.9782
[INFO] [1750159804.201817395] [laser_data_loader]: 判定結果: この人物は << person_0 >> です (類似度: 0.9782)
[INFO] [1750159804.260041367] [laser_data_loader]: 抽出された人物の点群数: 183
[INFO] [1750159804.261001943] [laser_data_loader]: データキューにフレームを追加しました。現在の長さ: 30/30
[INFO] [1750159804.261972348] [laser_data_loader]: シーケンスが完成！モデル入力形状: torch.Size([1, 30, 256, 3])
[INFO] [1750159804.301191187] [laser_data_loader]: 推論成功！出力形状: {'val_bn': tensor([[-0.7249,  0.1547,  0.5406,  ...,  1.0812,  0.6113,  3.7684],
        [-0.7617,  0.4845,  0.5345,  ...,  1.1914,  0.6340,  3.6178],
        [-0.4756,  0.3119,  0.5794,  ...,  1.0371,  0.2947,  3.5422],
        [-0.8843,  0.1668,  0.5032,  ...,  1.1964,  0.7566,  3.6121],
        [-1.0263,  0.4467,  0.5169,  ...,  1.3302,  0.6534,  3.4964]],
       device='cuda:0'), 'val_t': tensor([[-1.5372,  0.8977,  0.3548,  ...,  1.5745, -0.5878,  1.6087],
        [-1.5705,  1.0740,  0.3526,  ...,  1.6373, -0.5821,  1.5644],
        [-1.3113,  0.9817,  0.3692,  ...,  1.5494, -0.6665,  1.5422],
        [-1.6816,  0.9041,  0.3410,  ...,  1.6401, -0.5516,  1.5627],
        [-1.8102,  1.0537,  0.3461,  ...,  1.7164, -0.5773,  1.5287]],
       device='cuda:0')}
[INFO] [1750159804.301871330] [laser_data_loader]:  -> person_0との類似度: 0.9778
[INFO] [1750159804.302433577] [laser_data_loader]: 判定結果: この人物は << person_0 >> です (類似度: 0.9778)
[INFO] [1750159804.358666144] [laser_data_loader]: 抽出された人物の点群数: 189
[INFO] [1750159804.359128141] [laser_data_loader]: データキューにフレームを追加しました。現在の長さ: 30/30
[INFO] [1750159804.359633398] [laser_data_loader]: シーケンスが完成！モデル入力形状: torch.Size([1, 30, 256, 3])
[INFO] [1750159804.394508633] [laser_data_loader]: 推論成功！出力形状: {'val_bn': tensor([[-0.6904,  0.1682,  0.6790,  ...,  1.0269,  0.5302,  3.7057],
        [-0.8295,  0.4868,  0.4977,  ...,  1.2505,  0.6705,  3.5790],
        [-0.4857,  0.2758,  0.5386,  ...,  1.0863,  0.3630,  3.5966],
        [-0.9098,  0.1956,  0.5581,  ...,  1.2121,  0.7687,  3.6045],
        [-1.2765,  0.7852,  0.2716,  ...,  1.5264,  0.6888,  3.1017]],
       device='cuda:0'), 'val_t': tensor([[-1.5059,  0.9049,  0.4061,  ...,  1.5436, -0.6079,  1.5902],
        [-1.6319,  1.0752,  0.3390,  ...,  1.6709, -0.5731,  1.5530],
        [-1.3204,  0.9624,  0.3541,  ...,  1.5774, -0.6495,  1.5581],
        [-1.7046,  0.9195,  0.3613,  ...,  1.6491, -0.5486,  1.5605],
        [-2.0369,  1.2347,  0.2552,  ...,  1.8281, -0.5685,  1.4126]],
       device='cuda:0')}
[INFO] [1750159804.394972961] [laser_data_loader]:  -> person_0との類似度: 0.9790
[INFO] [1750159804.395356666] [laser_data_loader]: 判定結果: この人物は << person_0 >> です (類似度: 0.9790)
[INFO] [1750159804.459411802] [laser_data_loader]: 抽出された人物の点群数: 174
[INFO] [1750159804.460279328] [laser_data_loader]: データキューにフレームを追加しました。現在の長さ: 30/30
[INFO] [1750159804.461142407] [laser_data_loader]: シーケンスが完成！モデル入力形状: torch.Size([1, 30, 256, 3])
[INFO] [1750159804.499668914] [laser_data_loader]: 推論成功！出力形状: {'val_bn': tensor([[-0.5741,  0.2066,  0.6720,  ...,  0.9348,  0.6032,  3.7437],
        [-0.7394,  0.4299,  0.5022,  ...,  1.1997,  0.5239,  3.5817],
        [-0.6529,  0.2814,  0.5187,  ...,  1.1822,  0.4391,  3.5004],
        [-1.0006,  0.2364,  0.6213,  ...,  1.3016,  0.7915,  3.6354],
        [-1.1725,  0.9336,  0.0304,  ...,  1.4813,  0.5617,  3.0956]],
       device='cuda:0'), 'val_t': tensor([[-1.4005,  0.9254,  0.4035,  ...,  1.4911, -0.5898,  1.6014],
        [-1.5503,  1.0448,  0.3406,  ...,  1.6420, -0.6095,  1.5537],
        [-1.4719,  0.9654,  0.3467,  ...,  1.6320, -0.6306,  1.5298],
        [-1.7870,  0.9413,  0.3847,  ...,  1.7001, -0.5430,  1.5695],
        [-1.9427,  1.3140,  0.1659,  ...,  1.8025, -0.6001,  1.4108]],
       device='cuda:0')}
[INFO] [1750159804.500294833] [laser_data_loader]:  -> person_0との類似度: 0.9761
[INFO] [1750159804.500826168] [laser_data_loader]: 判定結果: この人物は << person_0 >> です (類似度: 0.9761)
[INFO] [1750159804.561606544] [laser_data_loader]: 抽出された人物の点群数: 172
[INFO] [1750159804.563061380] [laser_data_loader]: データキューにフレームを追加しました。現在の長さ: 30/30
[INFO] [1750159804.564578335] [laser_data_loader]: シーケンスが完成！モデル入力形状: torch.Size([1, 30, 256, 3])
[INFO] [1750159804.608051609] [laser_data_loader]: 推論成功！出力形状: {'val_bn': tensor([[-0.5833,  0.2014,  0.6452,  ...,  0.9127,  0.6353,  3.7300],
        [-0.6999,  0.4575,  0.4801,  ...,  1.2135,  0.5305,  3.6211],
        [-0.6566,  0.2845,  0.5296,  ...,  1.2025,  0.4074,  3.5154],
        [-1.0690,  0.2013,  0.6374,  ...,  1.3278,  0.8004,  3.5431],
        [-1.2058,  0.9505,  0.2070,  ...,  1.5336,  0.7185,  3.2027]],
       device='cuda:0'), 'val_t': tensor([[-1.4088,  0.9226,  0.3936,  ...,  1.4785, -0.5818,  1.5974],
        [-1.5145,  1.0595,  0.3324,  ...,  1.6499, -0.6079,  1.5654],
        [-1.4753,  0.9671,  0.3508,  ...,  1.6436, -0.6385,  1.5343],
        [-1.8489,  0.9226,  0.3907,  ...,  1.7150, -0.5407,  1.5424],
        [-1.9728,  1.3231,  0.2313,  ...,  1.8322, -0.5611,  1.4423]],
       device='cuda:0')}
[INFO] [1750159804.608800326] [laser_data_loader]:  -> person_0との類似度: 0.9743
[INFO] [1750159804.609417710] [laser_data_loader]: 判定結果: この人物は << person_0 >> です (類似度: 0.9743)
[INFO] [1750159804.660008985] [laser_data_loader]: 抽出された人物の点群数: 191
[INFO] [1750159804.660984164] [laser_data_loader]: データキューにフレームを追加しました。現在の長さ: 30/30
[INFO] [1750159804.661955626] [laser_data_loader]: シーケンスが完成！モデル入力形状: torch.Size([1, 30, 256, 3])
[INFO] [1750159804.699181108] [laser_data_loader]: 推論成功！出力形状: {'val_bn': tensor([[-0.7454,  0.3430,  0.5273,  ...,  1.0702,  0.7086,  3.6801],
        [-0.6401,  0.3964,  0.5163,  ...,  1.1464,  0.4328,  3.5591],
        [-0.6797,  0.2276,  0.5428,  ...,  1.1884,  0.5488,  3.6053],
        [-1.1799,  0.3868,  0.5712,  ...,  1.3563,  0.8020,  3.4564],
        [-1.2833,  1.1348,  0.1789,  ...,  1.6279,  0.6539,  3.0027]],
       device='cuda:0'), 'val_t': tensor([[-1.5557,  0.9983,  0.3499,  ...,  1.5683, -0.5636,  1.5827],
        [-1.4603,  1.0269,  0.3458,  ...,  1.6117, -0.6322,  1.5471],
        [-1.4962,  0.9366,  0.3557,  ...,  1.6356, -0.6033,  1.5607],
        [-1.9493,  1.0217,  0.3662,  ...,  1.7312, -0.5403,  1.5169],
        [-2.0431,  1.4216,  0.2209,  ...,  1.8859, -0.5772,  1.3835]],
       device='cuda:0')}
[INFO] [1750159804.699785820] [laser_data_loader]:  -> person_0との類似度: 0.9878
[INFO] [1750159804.700242047] [laser_data_loader]: 判定結果: この人物は << person_0 >> です (類似度: 0.9878)
[INFO] [1750159804.760043924] [laser_data_loader]: 抽出された人物の点群数: 179
[INFO] [1750159804.761067588] [laser_data_loader]: データキューにフレームを追加しました。現在の長さ: 30/30
[INFO] [1750159804.762091299] [laser_data_loader]: シーケンスが完成！モデル入力形状: torch.Size([1, 30, 256, 3])
[INFO] [1750159804.801547872] [laser_data_loader]: 推論成功！出力形状: {'val_bn': tensor([[-0.8337,  0.4475,  0.5554,  ...,  1.2186,  0.6698,  3.5789],
        [-0.5249,  0.3443,  0.5437,  ...,  1.0451,  0.3155,  3.5289],
        [-0.7764,  0.1722,  0.4883,  ...,  1.1508,  0.7148,  3.6648],
        [-1.1421,  0.5048,  0.5194,  ...,  1.4090,  0.7735,  3.4255],
        [-1.3640,  1.3055,  0.0978,  ...,  1.6015,  0.7110,  2.9538]],
       device='cuda:0'), 'val_t': tensor([[-1.6357,  1.0542,  0.3603,  ...,  1.6528, -0.5732,  1.5529],
        [-1.3559,  0.9990,  0.3560,  ...,  1.5540, -0.6613,  1.5382],
        [-1.5838,  0.9070,  0.3355,  ...,  1.6142, -0.5620,  1.5782],
        [-1.9151,  1.0848,  0.3470,  ...,  1.7612, -0.5474,  1.5078],
        [-2.1161,  1.5128,  0.1909,  ...,  1.8709, -0.5630,  1.3691]],
       device='cuda:0')}
[INFO] [1750159804.802248463] [laser_data_loader]:  -> person_0との類似度: 0.9952
[INFO] [1750159804.802844833] [laser_data_loader]: 判定結果: この人物は << person_0 >> です (類似度: 0.9952)
[INFO] [1750159804.860177116] [laser_data_loader]: 抽出された人物の点群数: 178
[INFO] [1750159804.861263838] [laser_data_loader]: データキューにフレームを追加しました。現在の長さ: 30/30
[INFO] [1750159804.862360439] [laser_data_loader]: シーケンスが完成！モデル入力形状: torch.Size([1, 30, 256, 3])
[INFO] [1750159804.902301924] [laser_data_loader]: 推論成功！出力形状: {'val_bn': tensor([[-0.7617,  0.4845,  0.5345,  ...,  1.1914,  0.6340,  3.6178],
        [-0.4756,  0.3119,  0.5794,  ...,  1.0371,  0.2947,  3.5422],
        [-0.8843,  0.1668,  0.5032,  ...,  1.1964,  0.7566,  3.6121],
        [-1.1796,  0.5854,  0.3897,  ...,  1.4439,  0.7112,  3.3127],
        [-0.9709,  0.9576,  0.3197,  ...,  1.5119,  0.5828,  3.2666]],
       device='cuda:0'), 'val_t': tensor([[-1.5705,  1.0740,  0.3526,  ...,  1.6373, -0.5821,  1.5644],
        [-1.3113,  0.9817,  0.3692,  ...,  1.5494, -0.6665,  1.5422],
        [-1.6816,  0.9041,  0.3410,  ...,  1.6401, -0.5516,  1.5627],
        [-1.9491,  1.1279,  0.2990,  ...,  1.7811, -0.5629,  1.4747],
        [-1.7600,  1.3269,  0.2731,  ...,  1.8199, -0.5949,  1.4611]],
       device='cuda:0')}
[INFO] [1750159804.903040874] [laser_data_loader]:  -> person_0との類似度: 0.9941
[INFO] [1750159804.903656281] [laser_data_loader]: 判定結果: この人物は << person_0 >> です (類似度: 0.9941)
[INFO] [1750159804.960562704] [laser_data_loader]: 抽出された人物の点群数: 186
[INFO] [1750159804.961757724] [laser_data_loader]: データキューにフレームを追加しました。現在の長さ: 30/30
[INFO] [1750159804.962923918] [laser_data_loader]: シーケンスが完成！モデル入力形状: torch.Size([1, 30, 256, 3])
[INFO] [1750159805.003913081] [laser_data_loader]: 推論成功！出力形状: {'val_bn': tensor([[-0.8295,  0.4868,  0.4977,  ...,  1.2505,  0.6705,  3.5790],
        [-0.4857,  0.2758,  0.5386,  ...,  1.0863,  0.3630,  3.5966],
        [-0.9098,  0.1956,  0.5581,  ...,  1.2121,  0.7687,  3.6045],
        [-1.2886,  0.7834,  0.2527,  ...,  1.5618,  0.7000,  3.1291],
        [-0.9025,  0.7623,  0.3900,  ...,  1.3736,  0.5358,  3.3761]],
       device='cuda:0'), 'val_t': tensor([[-1.6319,  1.0752,  0.3390,  ...,  1.6709, -0.5731,  1.5530],
        [-1.3204,  0.9624,  0.3541,  ...,  1.5774, -0.6495,  1.5581],
        [-1.7046,  0.9195,  0.3613,  ...,  1.6491, -0.5486,  1.5605],
        [-2.0478,  1.2337,  0.2482,  ...,  1.8483, -0.5657,  1.4207],
        [-1.6981,  1.2225,  0.2991,  ...,  1.7411, -0.6065,  1.4933]],
       device='cuda:0')}
[INFO] [1750159805.004674223] [laser_data_loader]:  -> person_0との類似度: 0.9939
[INFO] [1750159805.005300655] [laser_data_loader]: 判定結果: この人物は << person_0 >> です (類似度: 0.9939)
[INFO] [1750159805.060690054] [laser_data_loader]: 抽出された人物の点群数: 188
[INFO] [1750159805.061943067] [laser_data_loader]: データキューにフレームを追加しました。現在の長さ: 30/30
[INFO] [1750159805.063190579] [laser_data_loader]: シーケンスが完成！モデル入力形状: torch.Size([1, 30, 256, 3])
[INFO] [1750159805.101860278] [laser_data_loader]: 推論成功！出力形状: {'val_bn': tensor([[-0.7394,  0.4299,  0.5022,  ...,  1.1997,  0.5239,  3.5817],
        [-0.6529,  0.2814,  0.5187,  ...,  1.1822,  0.4391,  3.5004],
        [-1.0006,  0.2364,  0.6213,  ...,  1.3016,  0.7915,  3.6354],
        [-1.1076,  0.8777,  0.1011,  ...,  1.4992,  0.6299,  3.2061],
        [-0.8387,  0.6717,  0.6058,  ...,  1.3165,  0.6822,  3.4319]],
       device='cuda:0'), 'val_t': tensor([[-1.5503,  1.0448,  0.3406,  ...,  1.6420, -0.6095,  1.5537],
        [-1.4719,  0.9654,  0.3467,  ...,  1.6320, -0.6306,  1.5298],
        [-1.7870,  0.9413,  0.3847,  ...,  1.7001, -0.5430,  1.5695],
        [-1.8838,  1.2841,  0.1921,  ...,  1.8126, -0.5832,  1.4433],
        [-1.6403,  1.1740,  0.3790,  ...,  1.7086, -0.5701,  1.5097]],
       device='cuda:0')}
[INFO] [1750159805.102474778] [laser_data_loader]:  -> person_0との類似度: 0.9920
[INFO] [1750159805.103011070] [laser_data_loader]: 判定結果: この人物は << person_0 >> です (類似度: 0.9920)
[INFO] [1750159805.159767585] [laser_data_loader]: 抽出された人物の点群数: 181
[INFO] [1750159805.160640145] [laser_data_loader]: データキューにフレームを追加しました。現在の長さ: 30/30
[INFO] [1750159805.161514698] [laser_data_loader]: シーケンスが完成！モデル入力形状: torch.Size([1, 30, 256, 3])
