[INFO] [1750159323.512922124] [laser_data_loader]: 抽出された人物の点群数: 165
[INFO] [1750159323.513382275] [laser_data_loader]: データキューにフレームを追加しました。現在の長さ: 1/30
[INFO] [1750159323.584638211] [laser_data_loader]: 抽出された人物の点群数: 174
[INFO] [1750159323.585527297] [laser_data_loader]: データキューにフレームを追加しました。現在の長さ: 2/30
[INFO] [1750159323.688795982] [laser_data_loader]: 抽出された人物の点群数: 191
[INFO] [1750159323.690949021] [laser_data_loader]: データキューにフレームを追加しました。現在の長さ: 3/30
[INFO] [1750159323.789154731] [laser_data_loader]: 抽出された人物の点群数: 177
[INFO] [1750159323.791280803] [laser_data_loader]: データキューにフレームを追加しました。現在の長さ: 4/30
[INFO] [1750159323.888976154] [laser_data_loader]: 抽出された人物の点群数: 172
[INFO] [1750159323.891089350] [laser_data_loader]: データキューにフレームを追加しました。現在の長さ: 5/30
[INFO] [1750159323.988117404] [laser_data_loader]: 抽出された人物の点群数: 182
[INFO] [1750159323.988488987] [laser_data_loader]: データキューにフレームを追加しました。現在の長さ: 6/30
[INFO] [1750159324.089923101] [laser_data_loader]: 抽出された人物の点群数: 184
[INFO] [1750159324.092107358] [laser_data_loader]: データキューにフレームを追加しました。現在の長さ: 7/30
[INFO] [1750159324.184100452] [laser_data_loader]: 抽出された人物の点群数: 174
[INFO] [1750159324.184987172] [laser_data_loader]: データキューにフレームを追加しました。現在の長さ: 8/30
[INFO] [1750159324.286869851] [laser_data_loader]: 抽出された人物の点群数: 180
[INFO] [1750159324.289056302] [laser_data_loader]: データキューにフレームを追加しました。現在の長さ: 9/30
[INFO] [1750159324.388792989] [laser_data_loader]: 抽出された人物の点群数: 191
[INFO] [1750159324.390974656] [laser_data_loader]: データキューにフレームを追加しました。現在の長さ: 10/30
[INFO] [1750159324.490006512] [laser_data_loader]: 抽出された人物の点群数: 177
[INFO] [1750159324.492167595] [laser_data_loader]: データキューにフレームを追加しました。現在の長さ: 11/30
[INFO] [1750159324.590285454] [laser_data_loader]: 抽出された人物の点群数: 178
[INFO] [1750159324.592757018] [laser_data_loader]: データキューにフレームを追加しました。現在の長さ: 12/30
[INFO] [1750159324.689520349] [laser_data_loader]: 抽出された人物の点群数: 186
[INFO] [1750159324.691745240] [laser_data_loader]: データキューにフレームを追加しました。現在の長さ: 13/30
[INFO] [1750159324.788771179] [laser_data_loader]: 抽出された人物の点群数: 177
[INFO] [1750159324.790979951] [laser_data_loader]: データキューにフレームを追加しました。現在の長さ: 14/30
[INFO] [1750159324.886748442] [laser_data_loader]: 抽出された人物の点群数: 183
[INFO] [1750159324.888905672] [laser_data_loader]: データキューにフレームを追加しました。現在の長さ: 15/30
[INFO] [1750159324.989993131] [laser_data_loader]: 抽出された人物の点群数: 179
[INFO] [1750159324.992302356] [laser_data_loader]: データキューにフレームを追加しました。現在の長さ: 16/30
[INFO] [1750159325.088568092] [laser_data_loader]: 抽出された人物の点群数: 183
[INFO] [1750159325.090765890] [laser_data_loader]: データキューにフレームを追加しました。現在の長さ: 17/30
[INFO] [1750159325.188827516] [laser_data_loader]: 抽出された人物の点群数: 181
[INFO] [1750159325.190973543] [laser_data_loader]: データキューにフレームを追加しました。現在の長さ: 18/30
[INFO] [1750159325.286272329] [laser_data_loader]: 抽出された人物の点群数: 179
[INFO] [1750159325.288457939] [laser_data_loader]: データキューにフレームを追加しました。現在の長さ: 19/30
[INFO] [1750159325.389487324] [laser_data_loader]: 抽出された人物の点群数: 182
[INFO] [1750159325.391693031] [laser_data_loader]: データキューにフレームを追加しました。現在の長さ: 20/30
[INFO] [1750159325.489804612] [laser_data_loader]: 抽出された人物の点群数: 172
[INFO] [1750159325.492015014] [laser_data_loader]: データキューにフレームを追加しました。現在の長さ: 21/30
[INFO] [1750159325.588804701] [laser_data_loader]: 抽出された人物の点群数: 176
[INFO] [1750159325.590977343] [laser_data_loader]: データキューにフレームを追加しました。現在の長さ: 22/30
[INFO] [1750159325.680689864] [laser_data_loader]: 抽出された人物の点群数: 175
[INFO] [1750159325.681096987] [laser_data_loader]: データキューにフレームを追加しました。現在の長さ: 23/30
[INFO] [1750159325.786776329] [laser_data_loader]: 抽出された人物の点群数: 180
[INFO] [1750159325.789187575] [laser_data_loader]: データキューにフレームを追加しました。現在の長さ: 24/30
[INFO] [1750159325.889319096] [laser_data_loader]: 抽出された人物の点群数: 165
[INFO] [1750159325.891506844] [laser_data_loader]: データキューにフレームを追加しました。現在の長さ: 25/30
[INFO] [1750159325.988832751] [laser_data_loader]: 抽出された人物の点群数: 183
[INFO] [1750159325.991032052] [laser_data_loader]: データキューにフレームを追加しました。現在の長さ: 26/30
[INFO] [1750159326.088895557] [laser_data_loader]: 抽出された人物の点群数: 207
[INFO] [1750159326.091098560] [laser_data_loader]: データキューにフレームを追加しました。現在の長さ: 27/30
[INFO] [1750159326.188888254] [laser_data_loader]: 抽出された人物の点群数: 178
[INFO] [1750159326.191104549] [laser_data_loader]: データキューにフレームを追加しました。現在の長さ: 28/30
[INFO] [1750159326.286283381] [laser_data_loader]: 抽出された人物の点群数: 166
[INFO] [1750159326.288457705] [laser_data_loader]: データキューにフレームを追加しました。現在の長さ: 29/30
[INFO] [1750159326.388895675] [laser_data_loader]: 抽出された人物の点群数: 187
[INFO] [1750159326.391322041] [laser_data_loader]: データキューにフレームを追加しました。現在の長さ: 30/30
[INFO] [1750159326.393752751] [laser_data_loader]: シーケンスが完成！モデル入力形状: torch.Size([1, 30, 256, 3])
[INFO] [1750159327.893422164] [laser_data_loader]: 推論成功！出力形状: tensor([[-1.1706,  0.8770,  0.1721,  ...,  1.4698,  0.6227,  3.2073],
        [-1.0536,  0.7191,  0.3035,  ...,  1.2956,  0.7459,  3.3018],
        [-1.4103,  1.3342,  0.1181,  ...,  1.6344,  0.5703,  2.6716],
        [-1.1107,  0.5650,  0.4981,  ...,  1.4476,  0.8376,  3.5029],
        [-0.7472,  0.1678,  0.5266,  ...,  1.0646,  0.6156,  3.6814]],
       device='cuda:0')
[INFO] [1750159327.894791029] [laser_data_loader]: 抽出された人物の点群数: 198
[INFO] [1750159327.895186325] [laser_data_loader]: データキューにフレームを追加しました。現在の長さ: 30/30
[INFO] [1750159327.895583500] [laser_data_loader]: シーケンスが完成！モデル入力形状: torch.Size([1, 30, 256, 3])
[INFO] [1750159327.928867779] [laser_data_loader]: 推論成功！出力形状: tensor([[-0.9974,  0.7618,  0.2306,  ...,  1.3559,  0.4491,  3.3232],
        [-1.2688,  1.0210,  0.2128,  ...,  1.4418,  0.8086,  3.0009],
        [-1.4127,  1.3017,  0.1581,  ...,  1.6238,  0.6072,  2.6905],
        [-0.9325,  0.3032,  0.5206,  ...,  1.3812,  0.8133,  3.7732],
        [-0.8816,  0.4320,  0.3673,  ...,  1.2150,  0.6127,  3.5291]],
       device='cuda:0')
[INFO] [1750159327.930083822] [laser_data_loader]: 抽出された人物の点群数: 178
[INFO] [1750159327.930464986] [laser_data_loader]: データキューにフレームを追加しました。現在の長さ: 30/30
[INFO] [1750159327.930852431] [laser_data_loader]: シーケンスが完成！モデル入力形状: torch.Size([1, 30, 256, 3])
[INFO] [1750159327.963677861] [laser_data_loader]: 推論成功！出力形状: tensor([[-1.0530,  0.7955,  0.2073,  ...,  1.3166,  0.5990,  3.3759],
        [-1.2801,  1.1737,  0.2274,  ...,  1.6582,  0.5745,  2.8147],
        [-1.4167,  1.2570,  0.2203,  ...,  1.5842,  0.6167,  2.7539],
        [-0.8343,  0.1819,  0.5252,  ...,  1.2111,  0.7577,  3.7508],
        [-0.9759,  0.3930,  0.3748,  ...,  1.3034,  0.6767,  3.5278]],
       device='cuda:0')
[INFO] [1750159327.964825054] [laser_data_loader]: 抽出された人物の点群数: 178
[INFO] [1750159327.965197708] [laser_data_loader]: データキューにフレームを追加しました。現在の長さ: 30/30
[INFO] [1750159327.965613025] [laser_data_loader]: シーケンスが完成！モデル入力形状: torch.Size([1, 30, 256, 3])
[INFO] [1750159327.998875113] [laser_data_loader]: 推論成功！出力形状: tensor([[-1.0215,  0.7890,  0.1616,  ...,  1.2714,  0.6099,  3.4017],
        [-1.2712,  1.1570,  0.2791,  ...,  1.6267,  0.5382,  2.8084],
        [-1.1950,  1.0326,  0.2536,  ...,  1.5570,  0.5393,  3.0261],
        [-0.7803,  0.1513,  0.5014,  ...,  1.1556,  0.7057,  3.7731],
        [-1.0087,  0.4409,  0.4075,  ...,  1.3328,  0.7594,  3.5038]],
       device='cuda:0')
[INFO] [1750159328.000043312] [laser_data_loader]: 抽出された人物の点群数: 175
[INFO] [1750159328.000420639] [laser_data_loader]: データキューにフレームを追加しました。現在の長さ: 30/30
[INFO] [1750159328.000795442] [laser_data_loader]: シーケンスが完成！モデル入力形状: torch.Size([1, 30, 256, 3])
[INFO] [1750159328.032919444] [laser_data_loader]: 推論成功！出力形状: tensor([[-0.9679,  0.6903,  0.3566,  ...,  1.3290,  0.5752,  3.3879],
        [-1.4358,  1.3217,  0.2266,  ...,  1.6670,  0.6264,  2.6735],
        [-1.2053,  0.8635,  0.3360,  ...,  1.5113,  0.7041,  3.2297],
        [-0.7325,  0.1663,  0.4927,  ...,  1.0893,  0.7429,  3.7882],
        [-0.7848,  0.4051,  0.4516,  ...,  1.2401,  0.5535,  3.5768]],
       device='cuda:0')
[INFO] [1750159328.034051008] [laser_data_loader]: 抽出された人物の点群数: 170
[INFO] [1750159328.034422959] [laser_data_loader]: データキューにフレームを追加しました。現在の長さ: 30/30
[INFO] [1750159328.034793307] [laser_data_loader]: シーケンスが完成！モデル入力形状: torch.Size([1, 30, 256, 3])
[INFO] [1750159328.065833158] [laser_data_loader]: 推論成功！出力形状: tensor([[-0.9138,  0.5761,  0.3361,  ...,  1.2917,  0.5927,  3.4700],
        [-1.4076,  1.3379,  0.1975,  ...,  1.6670,  0.4844,  2.6078],
        [-1.1793,  0.7481,  0.3642,  ...,  1.4623,  0.8665,  3.4049],
        [-0.7715,  0.1569,  0.5189,  ...,  1.0934,  0.6937,  3.6968],
        [-0.9933,  0.7062,  0.2619,  ...,  1.4485,  0.6228,  3.1996]],
       device='cuda:0')
[INFO] [1750159328.066934253] [laser_data_loader]: 抽出された人物の点群数: 178
[INFO] [1750159328.067285569] [laser_data_loader]: データキューにフレームを追加しました。現在の長さ: 30/30
[INFO] [1750159328.067644060] [laser_data_loader]: シーケンスが完成！モデル入力形状: torch.Size([1, 30, 256, 3])
[INFO] [1750159328.098648619] [laser_data_loader]: 推論成功！出力形状: tensor([[-1.0536,  0.7191,  0.3035,  ...,  1.2956,  0.7459,  3.3018],
        [-1.4103,  1.3342,  0.1181,  ...,  1.6344,  0.5703,  2.6716],
        [-1.1107,  0.5650,  0.4981,  ...,  1.4476,  0.8376,  3.5029],
        [-0.8209,  0.2665,  0.4628,  ...,  1.1227,  0.6732,  3.6233],
        [-0.7859,  0.4410,  0.5524,  ...,  1.3915,  0.3717,  3.4291]],
       device='cuda:0')
[INFO] [1750159328.099817281] [laser_data_loader]: 抽出された人物の点群数: 177
[INFO] [1750159328.100173984] [laser_data_loader]: データキューにフレームを追加しました。現在の長さ: 30/30
[INFO] [1750159328.100529586] [laser_data_loader]: シーケンスが完成！モデル入力形状: torch.Size([1, 30, 256, 3])
[INFO] [1750159328.131585583] [laser_data_loader]: 推論成功！出力形状: tensor([[-1.2688,  1.0210,  0.2128,  ...,  1.4418,  0.8086,  3.0009],
        [-1.4127,  1.3017,  0.1581,  ...,  1.6238,  0.6072,  2.6905],
        [-0.9325,  0.3032,  0.5206,  ...,  1.3812,  0.8133,  3.7732],
        [-0.8389,  0.3771,  0.4352,  ...,  1.2418,  0.5937,  3.5935],
        [-0.9829,  0.7416,  0.3669,  ...,  1.4009,  0.4903,  3.0882]],
       device='cuda:0')
[INFO] [1750159328.132972857] [laser_data_loader]: 抽出された人物の点群数: 172
[INFO] [1750159328.133397067] [laser_data_loader]: データキューにフレームを追加しました。現在の長さ: 30/30
[INFO] [1750159328.133819683] [laser_data_loader]: シーケンスが完成！モデル入力形状: torch.Size([1, 30, 256, 3])
[INFO] [1750159328.164777793] [laser_data_loader]: 推論成功！出力形状: tensor([[-1.2801,  1.1737,  0.2274,  ...,  1.6582,  0.5745,  2.8147],
        [-1.4167,  1.2570,  0.2203,  ...,  1.5842,  0.6167,  2.7539],
        [-0.8343,  0.1819,  0.5252,  ...,  1.2111,  0.7577,  3.7508],
        [-0.9179,  0.3864,  0.4059,  ...,  1.2925,  0.6581,  3.5646],
        [-0.8159,  0.6430,  0.4914,  ...,  1.3426,  0.4546,  3.2589]],
       device='cuda:0')
[INFO] [1750159328.165893233] [laser_data_loader]: 抽出された人物の点群数: 195
[INFO] [1750159328.166244148] [laser_data_loader]: データキューにフレームを追加しました。現在の長さ: 30/30
[INFO] [1750159328.166598823] [laser_data_loader]: シーケンスが完成！モデル入力形状: torch.Size([1, 30, 256, 3])
[INFO] [1750159328.197392255] [laser_data_loader]: 推論成功！出力形状: tensor([[-1.2712,  1.1570,  0.2791,  ...,  1.6267,  0.5382,  2.8084],
        [-1.1950,  1.0326,  0.2536,  ...,  1.5570,  0.5393,  3.0261],
        [-0.7803,  0.1513,  0.5014,  ...,  1.1556,  0.7057,  3.7731],
        [-0.9355,  0.4285,  0.4472,  ...,  1.2830,  0.7053,  3.5458],
        [-1.1655,  0.6374,  0.4475,  ...,  1.5027,  0.6361,  3.1091]],
       device='cuda:0')
[INFO] [1750159328.198518571] [laser_data_loader]: 抽出された人物の点群数: 175
[INFO] [1750159328.198886117] [laser_data_loader]: データキューにフレームを追加しました。現在の長さ: 30/30
[INFO] [1750159328.199316501] [laser_data_loader]: シーケンスが完成！モデル入力形状: torch.Size([1, 30, 256, 3])
[INFO] [1750159328.229479120] [laser_data_loader]: 推論成功！出力形状: tensor([[-1.4358,  1.3217,  0.2266,  ...,  1.6670,  0.6264,  2.6735],
        [-1.2053,  0.8635,  0.3360,  ...,  1.5113,  0.7041,  3.2297],
        [-0.7325,  0.1663,  0.4927,  ...,  1.0893,  0.7429,  3.7882],
        [-0.9838,  0.5180,  0.3521,  ...,  1.3591,  0.6417,  3.3850],
        [-1.2228,  0.8908,  0.4810,  ...,  1.5295,  0.5772,  2.9149]],
       device='cuda:0')
[INFO] [1750159328.230647687] [laser_data_loader]: 抽出された人物の点群数: 180
[INFO] [1750159328.231004959] [laser_data_loader]: データキューにフレームを追加しました。現在の長さ: 30/30
[INFO] [1750159328.231362562] [laser_data_loader]: シーケンスが完成！モデル入力形状: torch.Size([1, 30, 256, 3])
[INFO] [1750159328.262310922] [laser_data_loader]: 推論成功！出力形状: tensor([[-1.4076,  1.3379,  0.1975,  ...,  1.6670,  0.4844,  2.6078],
        [-1.1793,  0.7481,  0.3642,  ...,  1.4623,  0.8665,  3.4049],
        [-0.7715,  0.1569,  0.5189,  ...,  1.0934,  0.6937,  3.6968],
        [-0.8925,  0.5839,  0.3817,  ...,  1.4413,  0.4849,  3.3030],
        [-1.1757,  0.9660,  0.2697,  ...,  1.3979,  0.6454,  2.9300]],
       device='cuda:0')
[INFO] [1750159328.263411956] [laser_data_loader]: 抽出された人物の点群数: 178
[INFO] [1750159328.263766445] [laser_data_loader]: データキューにフレームを追加しました。現在の長さ: 30/30
[INFO] [1750159328.264116896] [laser_data_loader]: シーケンスが完成！モデル入力形状: torch.Size([1, 30, 256, 3])
[INFO] [1750159328.295256382] [laser_data_loader]: 推論成功！出力形状: tensor([[-1.4103,  1.3342,  0.1181,  ...,  1.6344,  0.5703,  2.6716],
        [-1.1107,  0.5650,  0.4981,  ...,  1.4476,  0.8376,  3.5029],
        [-0.8209,  0.2665,  0.4628,  ...,  1.1227,  0.6732,  3.6233],
        [-0.8932,  0.6167,  0.4236,  ...,  1.4431,  0.4617,  3.2562],
        [-1.1225,  0.7377,  0.4000,  ...,  1.4356,  0.6307,  3.0519]],
       device='cuda:0')
[INFO] [1750159328.296392993] [laser_data_loader]: 抽出された人物の点群数: 187
[INFO] [1750159328.296782690] [laser_data_loader]: データキューにフレームを追加しました。現在の長さ: 30/30
[INFO] [1750159328.297134581] [laser_data_loader]: シーケンスが完成！モデル入力形状: torch.Size([1, 30, 256, 3])
[INFO] [1750159328.328323380] [laser_data_loader]: 推論成功！出力形状: tensor([[-1.4127,  1.3017,  0.1581,  ...,  1.6238,  0.6072,  2.6905],
        [-0.9325,  0.3032,  0.5206,  ...,  1.3812,  0.8133,  3.7732],
        [-0.8389,  0.3771,  0.4352,  ...,  1.2418,  0.5937,  3.5935],
        [-0.8542,  0.6097,  0.4394,  ...,  1.4178,  0.4295,  3.1904],
        [-1.3032,  0.9137,  0.3157,  ...,  1.5174,  0.5933,  2.8783]],
       device='cuda:0')
[INFO] [1750159328.329421387] [laser_data_loader]: 抽出された人物の点群数: 182
[INFO] [1750159328.329778492] [laser_data_loader]: データキューにフレームを追加しました。現在の長さ: 30/30
[INFO] [1750159328.330127349] [laser_data_loader]: シーケンスが完成！モデル入力形状: torch.Size([1, 30, 256, 3])
[INFO] [1750159328.361302801] [laser_data_loader]: 推論成功！出力形状: tensor([[-1.4167,  1.2570,  0.2203,  ...,  1.5842,  0.6167,  2.7539],
        [-0.8343,  0.1819,  0.5252,  ...,  1.2111,  0.7577,  3.7508],
        [-0.9179,  0.3864,  0.4059,  ...,  1.2925,  0.6581,  3.5646],
        [-0.9382,  0.6442,  0.4781,  ...,  1.4078,  0.5076,  3.2331],
        [-1.3587,  1.2181,  0.2596,  ...,  1.5329,  0.4436,  2.6081]],
       device='cuda:0')
[INFO] [1750159328.382979909] [laser_data_loader]: 抽出された人物の点群数: 182
[INFO] [1750159328.383363148] [laser_data_loader]: データキューにフレームを追加しました。現在の長さ: 30/30
[INFO] [1750159328.383820282] [laser_data_loader]: シーケンスが完成！モデル入力形状: torch.Size([1, 30, 256, 3])
[INFO] [1750159328.414623052] [laser_data_loader]: 推論成功！出力形状: tensor([[-1.1950,  1.0326,  0.2536,  ...,  1.5570,  0.5393,  3.0261],
        [-0.7803,  0.1513,  0.5014,  ...,  1.1556,  0.7057,  3.7731],
        [-0.9355,  0.4285,  0.4472,  ...,  1.2830,  0.7053,  3.5458],
        [-1.1753,  0.8155,  0.4621,  ...,  1.5034,  0.6305,  3.0084],
        [-1.3615,  1.2427,  0.1656,  ...,  1.5872,  0.3113,  2.5544]],
       device='cuda:0')
[INFO] [1750159328.483933094] [laser_data_loader]: 抽出された人物の点群数: 186
[INFO] [1750159328.484634679] [laser_data_loader]: データキューにフレームを追加しました。現在の長さ: 30/30
[INFO] [1750159328.485320082] [laser_data_loader]: シーケンスが完成！モデル入力形状: torch.Size([1, 30, 256, 3])
[INFO] [1750159328.519421412] [laser_data_loader]: 推論成功！出力形状: tensor([[-1.2053,  0.8635,  0.3360,  ...,  1.5113,  0.7041,  3.2297],
        [-0.7325,  0.1663,  0.4927,  ...,  1.0893,  0.7429,  3.7882],
        [-0.9838,  0.5180,  0.3521,  ...,  1.3591,  0.6417,  3.3850],
        [-1.1841,  0.8835,  0.4479,  ...,  1.5058,  0.5840,  2.9609],
        [-1.3459,  0.9935,  0.1844,  ...,  1.6966,  0.4874,  2.8001]],
       device='cuda:0')
[INFO] [1750159328.587396151] [laser_data_loader]: 抽出された人物の点群数: 184
[INFO] [1750159328.589455451] [laser_data_loader]: データキューにフレームを追加しました。現在の長さ: 30/30
[INFO] [1750159328.591545197] [laser_data_loader]: シーケンスが完成！モデル入力形状: torch.Size([1, 30, 256, 3])
[INFO] [1750159328.632772237] [laser_data_loader]: 推論成功！出力形状: tensor([[-1.1793,  0.7481,  0.3642,  ...,  1.4623,  0.8665,  3.4049],
        [-0.7715,  0.1569,  0.5189,  ...,  1.0934,  0.6937,  3.6968],
        [-0.8925,  0.5839,  0.3817,  ...,  1.4413,  0.4849,  3.3030],
        [-1.1390,  0.8730,  0.3873,  ...,  1.4597,  0.6347,  2.9576],
        [-1.2508,  0.8242,  0.2300,  ...,  1.5914,  0.4555,  3.0221]],
       device='cuda:0')
[INFO] [1750159328.685105561] [laser_data_loader]: 抽出された人物の点群数: 183
[INFO] [1750159328.686197627] [laser_data_loader]: データキューにフレームを追加しました。現在の長さ: 30/30
[INFO] [1750159328.687225770] [laser_data_loader]: シーケンスが完成！モデル入力形状: torch.Size([1, 30, 256, 3])
[INFO] [1750159328.724672436] [laser_data_loader]: 推論成功！出力形状: tensor([[-1.1107,  0.5650,  0.4981,  ...,  1.4476,  0.8376,  3.5029],
        [-0.8209,  0.2665,  0.4628,  ...,  1.1227,  0.6732,  3.6233],
        [-0.8932,  0.6167,  0.4236,  ...,  1.4431,  0.4617,  3.2562],
        [-1.2000,  0.8444,  0.3967,  ...,  1.5174,  0.6351,  2.9592],
        [-0.9239,  0.6316,  0.2561,  ...,  1.4482,  0.4126,  3.3163]],
       device='cuda:0')
[INFO] [1750159328.787724331] [laser_data_loader]: 抽出された人物の点群数: 177
[INFO] [1750159328.789811727] [laser_data_loader]: データキューにフレームを追加しました。現在の長さ: 30/30
[INFO] [1750159328.791890575] [laser_data_loader]: シーケンスが完成！モデル入力形状: torch.Size([1, 30, 256, 3])
[INFO] [1750159328.832795795] [laser_data_loader]: 推論成功！出力形状: tensor([[-0.9325,  0.3032,  0.5206,  ...,  1.3812,  0.8133,  3.7732],
        [-0.8389,  0.3771,  0.4352,  ...,  1.2418,  0.5937,  3.5935],
        [-0.8542,  0.6097,  0.4394,  ...,  1.4178,  0.4295,  3.1904],
        [-1.3016,  0.9934,  0.3031,  ...,  1.4767,  0.6462,  2.8848],
        [-0.9991,  0.4519,  0.3261,  ...,  1.4232,  0.6004,  3.4243]],
       device='cuda:0')
[INFO] [1750159328.885028698] [laser_data_loader]: 抽出された人物の点群数: 180
[INFO] [1750159328.886069186] [laser_data_loader]: データキューにフレームを追加しました。現在の長さ: 30/30
[INFO] [1750159328.887116859] [laser_data_loader]: シーケンスが完成！モデル入力形状: torch.Size([1, 30, 256, 3])
[INFO] [1750159328.924406810] [laser_data_loader]: 推論成功！出力形状: tensor([[-0.8343,  0.1819,  0.5252,  ...,  1.2111,  0.7577,  3.7508],
        [-0.9179,  0.3864,  0.4059,  ...,  1.2925,  0.6581,  3.5646],
        [-0.9382,  0.6442,  0.4781,  ...,  1.4078,  0.5076,  3.2331],
        [-1.3724,  1.1880,  0.2701,  ...,  1.5556,  0.4539,  2.6047],
        [-1.0611,  0.6113,  0.2631,  ...,  1.5324,  0.7056,  3.4228]],
       device='cuda:0')
[INFO] [1750159328.984752985] [laser_data_loader]: 抽出された人物の点群数: 182
[INFO] [1750159328.986679094] [laser_data_loader]: データキューにフレームを追加しました。現在の長さ: 30/30
[INFO] [1750159328.988561988] [laser_data_loader]: シーケンスが完成！モデル入力形状: torch.Size([1, 30, 256, 3])
[INFO] [1750159329.023386839] [laser_data_loader]: 推論成功！出力形状: tensor([[-0.7803,  0.1513,  0.5014,  ...,  1.1556,  0.7057,  3.7731],
        [-0.9355,  0.4285,  0.4472,  ...,  1.2830,  0.7053,  3.5458],
        [-1.1753,  0.8155,  0.4621,  ...,  1.5034,  0.6305,  3.0084],
        [-1.3383,  1.1899,  0.1814,  ...,  1.6445,  0.3490,  2.6493],
        [-1.1241,  0.6601,  0.3112,  ...,  1.4312,  0.4603,  3.0588]],
       device='cuda:0')
[INFO] [1750159329.083668226] [laser_data_loader]: 抽出された人物の点群数: 172
[INFO] [1750159329.084285033] [laser_data_loader]: データキューにフレームを追加しました。現在の長さ: 30/30
[INFO] [1750159329.084922385] [laser_data_loader]: シーケンスが完成！モデル入力形状: torch.Size([1, 30, 256, 3])
[INFO] [1750159329.117108338] [laser_data_loader]: 推論成功！出力形状: tensor([[-0.7325,  0.1663,  0.4927,  ...,  1.0893,  0.7429,  3.7882],
        [-0.9838,  0.5180,  0.3521,  ...,  1.3591,  0.6417,  3.3850],
        [-1.1841,  0.8835,  0.4479,  ...,  1.5058,  0.5840,  2.9609],
        [-1.2570,  0.9490,  0.2211,  ...,  1.6589,  0.3700,  2.8527],
        [-1.0972,  0.8860,  0.2542,  ...,  1.5080,  0.6197,  3.0802]],
       device='cuda:0')
[INFO] [1750159329.184271286] [laser_data_loader]: 抽出された人物の点群数: 182
[INFO] [1750159329.185055257] [laser_data_loader]: データキューにフレームを追加しました。現在の長さ: 30/30
[INFO] [1750159329.185871424] [laser_data_loader]: シーケンスが完成！モデル入力形状: torch.Size([1, 30, 256, 3])
[INFO] [1750159329.220688567] [laser_data_loader]: 推論成功！出力形状: tensor([[-0.7715,  0.1569,  0.5189,  ...,  1.0934,  0.6937,  3.6968],
        [-0.8925,  0.5839,  0.3817,  ...,  1.4413,  0.4849,  3.3030],
        [-1.1390,  0.8730,  0.3873,  ...,  1.4597,  0.6347,  2.9576],
        [-1.1943,  0.8081,  0.2287,  ...,  1.5613,  0.4716,  3.0672],
        [-1.3213,  0.9417,  0.3328,  ...,  1.6522,  0.7771,  3.0032]],
       device='cuda:0')
[INFO] [1750159329.288588374] [laser_data_loader]: 抽出された人物の点群数: 186
[INFO] [1750159329.290690497] [laser_data_loader]: データキューにフレームを追加しました。現在の長さ: 30/30
[INFO] [1750159329.292770369] [laser_data_loader]: シーケンスが完成！モデル入力形状: torch.Size([1, 30, 256, 3])
[INFO] [1750159329.333575271] [laser_data_loader]: 推論成功！出力形状: tensor([[-0.8209,  0.2665,  0.4628,  ...,  1.1227,  0.6732,  3.6233],
        [-0.8932,  0.6167,  0.4236,  ...,  1.4431,  0.4617,  3.2562],
        [-1.2000,  0.8444,  0.3967,  ...,  1.5174,  0.6351,  2.9592],
        [-1.0177,  0.6699,  0.2508,  ...,  1.4794,  0.4861,  3.2438],
        [-1.1359,  0.8474,  0.4931,  ...,  1.5242,  0.5184,  3.0649]],
       device='cuda:0')
