[INFO] [1750159107.230992357] [laser_data_loader]: 抽出された人物の点群数: 165
[INFO] [1750159107.231442126] [laser_data_loader]: データキューにフレームを追加しました。現在の長さ: 1/30
[INFO] [1750159107.303548225] [laser_data_loader]: 抽出された人物の点群数: 174
[INFO] [1750159107.304608565] [laser_data_loader]: データキューにフレームを追加しました。現在の長さ: 2/30
[INFO] [1750159107.407354300] [laser_data_loader]: 抽出された人物の点群数: 191
[INFO] [1750159107.409489969] [laser_data_loader]: データキューにフレームを追加しました。現在の長さ: 3/30
[INFO] [1750159107.507739280] [laser_data_loader]: 抽出された人物の点群数: 177
[INFO] [1750159107.509853980] [laser_data_loader]: データキューにフレームを追加しました。現在の長さ: 4/30
[INFO] [1750159107.607502010] [laser_data_loader]: 抽出された人物の点群数: 172
[INFO] [1750159107.609666346] [laser_data_loader]: データキューにフレームを追加しました。現在の長さ: 5/30
[INFO] [1750159107.707858765] [laser_data_loader]: 抽出された人物の点群数: 182
[INFO] [1750159107.709995750] [laser_data_loader]: データキューにフレームを追加しました。現在の長さ: 6/30
[INFO] [1750159107.807309881] [laser_data_loader]: 抽出された人物の点群数: 184
[INFO] [1750159107.809400998] [laser_data_loader]: データキューにフレームを追加しました。現在の長さ: 7/30
[INFO] [1750159107.907355457] [laser_data_loader]: 抽出された人物の点群数: 174
[INFO] [1750159107.909468218] [laser_data_loader]: データキューにフレームを追加しました。現在の長さ: 8/30
[INFO] [1750159108.005047351] [laser_data_loader]: 抽出された人物の点群数: 180
[INFO] [1750159108.005394100] [laser_data_loader]: データキューにフレームを追加しました。現在の長さ: 9/30
[INFO] [1750159108.107400251] [laser_data_loader]: 抽出された人物の点群数: 191
[INFO] [1750159108.109497765] [laser_data_loader]: データキューにフレームを追加しました。現在の長さ: 10/30
[INFO] [1750159108.208367159] [laser_data_loader]: 抽出された人物の点群数: 177
[INFO] [1750159108.210464390] [laser_data_loader]: データキューにフレームを追加しました。現在の長さ: 11/30
[INFO] [1750159108.308291134] [laser_data_loader]: 抽出された人物の点群数: 178
[INFO] [1750159108.310387922] [laser_data_loader]: データキューにフレームを追加しました。現在の長さ: 12/30
[INFO] [1750159108.408134121] [laser_data_loader]: 抽出された人物の点群数: 186
[INFO] [1750159108.410223897] [laser_data_loader]: データキューにフレームを追加しました。現在の長さ: 13/30
[INFO] [1750159108.507396039] [laser_data_loader]: 抽出された人物の点群数: 177
[INFO] [1750159108.509485282] [laser_data_loader]: データキューにフレームを追加しました。現在の長さ: 14/30
[INFO] [1750159108.599453830] [laser_data_loader]: 抽出された人物の点群数: 183
[INFO] [1750159108.599817543] [laser_data_loader]: データキューにフレームを追加しました。現在の長さ: 15/30
[INFO] [1750159108.708025773] [laser_data_loader]: 抽出された人物の点群数: 179
[INFO] [1750159108.708415185] [laser_data_loader]: データキューにフレームを追加しました。現在の長さ: 16/30
[INFO] [1750159108.801461392] [laser_data_loader]: 抽出された人物の点群数: 183
[INFO] [1750159108.801876871] [laser_data_loader]: データキューにフレームを追加しました。現在の長さ: 17/30
[INFO] [1750159108.908246000] [laser_data_loader]: 抽出された人物の点群数: 181
[INFO] [1750159108.910353552] [laser_data_loader]: データキューにフレームを追加しました。現在の長さ: 18/30
[INFO] [1750159109.004859303] [laser_data_loader]: 抽出された人物の点群数: 179
[INFO] [1750159109.006957497] [laser_data_loader]: データキューにフレームを追加しました。現在の長さ: 19/30
[INFO] [1750159109.108089955] [laser_data_loader]: 抽出された人物の点群数: 182
[INFO] [1750159109.110181011] [laser_data_loader]: データキューにフレームを追加しました。現在の長さ: 20/30
[INFO] [1750159109.208361980] [laser_data_loader]: 抽出された人物の点群数: 172
[INFO] [1750159109.210464615] [laser_data_loader]: データキューにフレームを追加しました。現在の長さ: 21/30
[INFO] [1750159109.307042057] [laser_data_loader]: 抽出された人物の点群数: 176
[INFO] [1750159109.307421553] [laser_data_loader]: データキューにフレームを追加しました。現在の長さ: 22/30
[INFO] [1750159109.405028110] [laser_data_loader]: 抽出された人物の点群数: 175
[INFO] [1750159109.407114857] [laser_data_loader]: データキューにフレームを追加しました。現在の長さ: 23/30
[INFO] [1750159109.504901555] [laser_data_loader]: 抽出された人物の点群数: 180
[INFO] [1750159109.506994576] [laser_data_loader]: データキューにフレームを追加しました。現在の長さ: 24/30
[INFO] [1750159109.607164016] [laser_data_loader]: 抽出された人物の点群数: 165
[INFO] [1750159109.609262639] [laser_data_loader]: データキューにフレームを追加しました。現在の長さ: 25/30
[INFO] [1750159109.706261642] [laser_data_loader]: 抽出された人物の点群数: 183
[INFO] [1750159109.706659207] [laser_data_loader]: データキューにフレームを追加しました。現在の長さ: 26/30
[INFO] [1750159109.801312234] [laser_data_loader]: 抽出された人物の点群数: 207
[INFO] [1750159109.801672202] [laser_data_loader]: データキューにフレームを追加しました。現在の長さ: 27/30
[INFO] [1750159109.901505233] [laser_data_loader]: 抽出された人物の点群数: 178
[INFO] [1750159109.901868665] [laser_data_loader]: データキューにフレームを追加しました。現在の長さ: 28/30
[INFO] [1750159109.998976302] [laser_data_loader]: 抽出された人物の点群数: 166
[INFO] [1750159109.999322845] [laser_data_loader]: データキューにフレームを追加しました。現在の長さ: 29/30
[INFO] [1750159110.101400697] [laser_data_loader]: 抽出された人物の点群数: 187
[INFO] [1750159110.101758466] [laser_data_loader]: データキューにフレームを追加しました。現在の長さ: 30/30
[INFO] [1750159110.102269404] [laser_data_loader]: シーケンスが完成！モデル入力形状: torch.Size([1, 30, 256, 3])
[INFO] [1750159111.542327586] [laser_data_loader]: 推論成功！出力形状: dict_items([('val_bn', tensor([[-1.1553,  0.9428,  0.1385,  ...,  1.5054,  0.5612,  3.0917],
        [-0.8207,  0.4861,  0.4988,  ...,  1.1779,  0.6333,  3.4803],
        [-1.0373,  0.8600,  0.3168,  ...,  1.5266,  0.5269,  3.2180],
        [-1.2681,  0.6249,  0.4700,  ...,  1.4999,  0.8506,  3.3143],
        [-1.0413,  0.7130,  0.3606,  ...,  1.4909,  0.5867,  3.3999]],
       device='cuda:0')), ('val_t', tensor([[-1.9271,  1.3189,  0.2060,  ...,  1.8161, -0.6002,  1.4097],
        [-1.6239,  1.0748,  0.3394,  ...,  1.6296, -0.5823,  1.5239],
        [-1.8201,  1.2747,  0.2720,  ...,  1.8282, -0.6088,  1.4468],
        [-2.0293,  1.1490,  0.3287,  ...,  1.8130, -0.5283,  1.4751],
        [-1.8238,  1.1961,  0.2882,  ...,  1.8079, -0.5939,  1.5003]],
       device='cuda:0'))])
[INFO] [1750159111.543527971] [laser_data_loader]: 抽出された人物の点群数: 179
[INFO] [1750159111.543917746] [laser_data_loader]: データキューにフレームを追加しました。現在の長さ: 30/30
[INFO] [1750159111.544297825] [laser_data_loader]: シーケンスが完成！モデル入力形状: torch.Size([1, 30, 256, 3])
[INFO] [1750159111.578636124] [laser_data_loader]: 推論成功！出力形状: dict_items([('val_bn', tensor([[-1.0016,  0.9235,  0.0882,  ...,  1.3893,  0.2856,  3.1736],
        [-0.9675,  0.6206,  0.4716,  ...,  1.3342,  0.7055,  3.3139],
        [-1.1350,  0.9786,  0.3121,  ...,  1.4991,  0.6718,  3.1593],
        [-1.2800,  0.5400,  0.5156,  ...,  1.5027,  0.9046,  3.3796],
        [-0.9716,  0.9014,  0.2331,  ...,  1.4478,  0.5015,  3.2822]],
       device='cuda:0')), ('val_t', tensor([[-1.7879,  1.3086,  0.1873,  ...,  1.7500, -0.6688,  1.4338],
        [-1.7570,  1.1467,  0.3293,  ...,  1.7186, -0.5643,  1.4750],
        [-1.9087,  1.3381,  0.2702,  ...,  1.8126, -0.5727,  1.4296],
        [-2.0401,  1.1036,  0.3456,  ...,  1.8146, -0.5148,  1.4943],
        [-1.7607,  1.2968,  0.2410,  ...,  1.7834, -0.6151,  1.4657]],
       device='cuda:0'))])
[INFO] [1750159111.579859644] [laser_data_loader]: 抽出された人物の点群数: 198
[INFO] [1750159111.580244274] [laser_data_loader]: データキューにフレームを追加しました。現在の長さ: 30/30
[INFO] [1750159111.580629546] [laser_data_loader]: シーケンスが完成！モデル入力形状: torch.Size([1, 30, 256, 3])
[INFO] [1750159111.614668881] [laser_data_loader]: 推論成功！出力形状: dict_items([('val_bn', tensor([[-0.9527,  0.8060,  0.2093,  ...,  1.3209,  0.3880,  3.2990],
        [-0.9059,  0.6407,  0.4164,  ...,  1.3533,  0.6425,  3.3571],
        [-1.2780,  1.0901,  0.2624,  ...,  1.6707,  0.6192,  2.8797],
        [-1.1234,  0.5508,  0.5310,  ...,  1.4594,  0.7377,  3.4209],
        [-0.9550,  0.6967,  0.2739,  ...,  1.3651,  0.7477,  3.5546]],
       device='cuda:0')), ('val_t', tensor([[-1.7435,  1.2458,  0.2322,  ...,  1.7111, -0.6433,  1.4706],
        [-1.7011,  1.1574,  0.3089,  ...,  1.7295, -0.5800,  1.4877],
        [-2.0383,  1.3977,  0.2518,  ...,  1.9103, -0.5858,  1.3473],
        [-1.8982,  1.1094,  0.3513,  ...,  1.7899, -0.5563,  1.5065],
        [-1.7456,  1.1874,  0.2561,  ...,  1.7362, -0.5539,  1.5458]],
       device='cuda:0'))])
[INFO] [1750159111.615846620] [laser_data_loader]: 抽出された人物の点群数: 178
[INFO] [1750159111.616201261] [laser_data_loader]: データキューにフレームを追加しました。現在の長さ: 30/30
[INFO] [1750159111.616589209] [laser_data_loader]: シーケンスが完成！モデル入力形状: torch.Size([1, 30, 256, 3])
[INFO] [1750159111.650123516] [laser_data_loader]: 推論成功！出力形状: dict_items([('val_bn', tensor([[-0.9531,  0.8156,  0.2413,  ...,  1.2670,  0.4369,  3.2528],
        [-0.8325,  0.5652,  0.3861,  ...,  1.3415,  0.5777,  3.4811],
        [-1.2493,  0.9785,  0.3406,  ...,  1.6213,  0.6683,  2.9835],
        [-1.0334,  0.4967,  0.5022,  ...,  1.3900,  0.6800,  3.4915],
        [-1.1889,  0.7610,  0.2652,  ...,  1.4610,  0.8763,  3.3767]],
       device='cuda:0')), ('val_t', tensor([[-1.7439,  1.2509,  0.2440,  ...,  1.6803, -0.6312,  1.4571],
        [-1.6346,  1.1171,  0.2976,  ...,  1.7228, -0.5961,  1.5242],
        [-2.0122,  1.3380,  0.2808,  ...,  1.8822, -0.5736,  1.3779],
        [-1.8166,  1.0805,  0.3406,  ...,  1.7504, -0.5707,  1.5272],
        [-1.9576,  1.2218,  0.2529,  ...,  1.7909, -0.5219,  1.4935]],
       device='cuda:0'))])
[INFO] [1750159111.651249176] [laser_data_loader]: 抽出された人物の点群数: 178
[INFO] [1750159111.651601452] [laser_data_loader]: データキューにフレームを追加しました。現在の長さ: 30/30
[INFO] [1750159111.651984197] [laser_data_loader]: シーケンスが完成！モデル入力形状: torch.Size([1, 30, 256, 3])
[INFO] [1750159111.685470385] [laser_data_loader]: 推論成功！出力形状: dict_items([('val_bn', tensor([[-0.8522,  0.6753,  0.4367,  ...,  1.2954,  0.3306,  3.2742],
        [-0.9048,  0.5813,  0.4280,  ...,  1.4075,  0.5595,  3.4189],
        [-1.3503,  0.8771,  0.3651,  ...,  1.5956,  0.8769,  3.0844],
        [-1.0553,  0.6461,  0.4143,  ...,  1.3741,  0.6999,  3.4061],
        [-1.2416,  0.9850,  0.1242,  ...,  1.5573,  0.7986,  3.1596]],
       device='cuda:0')), ('val_t', tensor([[-1.6525,  1.1760,  0.3164,  ...,  1.6965, -0.6576,  1.4633],
        [-1.7001,  1.1257,  0.3131,  ...,  1.7604, -0.6007,  1.5059],
        [-2.1037,  1.2838,  0.2899,  ...,  1.8675, -0.5217,  1.4075],
        [-1.8365,  1.1603,  0.3081,  ...,  1.7413, -0.5657,  1.5021],
        [-2.0052,  1.3415,  0.2007,  ...,  1.8457, -0.5412,  1.4296]],
       device='cuda:0'))])
[INFO] [1750159111.686567252] [laser_data_loader]: 抽出された人物の点群数: 175
[INFO] [1750159111.686963226] [laser_data_loader]: データキューにフレームを追加しました。現在の長さ: 30/30
[INFO] [1750159111.687307803] [laser_data_loader]: シーケンスが完成！モデル入力形状: torch.Size([1, 30, 256, 3])
[INFO] [1750159111.719875136] [laser_data_loader]: 推論成功！出力形状: dict_items([('val_bn', tensor([[-0.7101,  0.4573,  0.5411,  ...,  1.1853,  0.4468,  3.5150],
        [-1.0476,  0.7783,  0.3516,  ...,  1.5464,  0.5398,  3.2220],
        [-1.3283,  0.8005,  0.4019,  ...,  1.5673,  0.8378,  3.1448],
        [-1.0385,  0.7303,  0.3253,  ...,  1.4697,  0.6406,  3.3979],
        [-0.7511,  0.6775,  0.3881,  ...,  1.3209,  0.4267,  3.4828]],
       device='cuda:0')), ('val_t', tensor([[-1.5238,  1.0594,  0.3550,  ...,  1.6338, -0.6287,  1.5342],
        [-1.8295,  1.2310,  0.2849,  ...,  1.8395, -0.6056,  1.4480],
        [-2.0838,  1.2429,  0.3035,  ...,  1.8514, -0.5314,  1.4253],
        [-1.8213,  1.2053,  0.2751,  ...,  1.7958, -0.5805,  1.4997],
        [-1.5609,  1.1771,  0.2984,  ...,  1.7110, -0.6337,  1.5247]],
       device='cuda:0'))])
[INFO] [1750159111.721103970] [laser_data_loader]: 抽出された人物の点群数: 170
[INFO] [1750159111.721456036] [laser_data_loader]: データキューにフレームを追加しました。現在の長さ: 30/30
[INFO] [1750159111.721807679] [laser_data_loader]: シーケンスが完成！モデル入力形状: torch.Size([1, 30, 256, 3])
[INFO] [1750159111.753799050] [laser_data_loader]: 推論成功！出力形状: dict_items([('val_bn', tensor([[-0.8207,  0.4861,  0.4988,  ...,  1.1779,  0.6333,  3.4803],
        [-1.0373,  0.8600,  0.3168,  ...,  1.5266,  0.5269,  3.2180],
        [-1.2681,  0.6249,  0.4700,  ...,  1.4999,  0.8506,  3.3143],
        [-1.1127,  0.9060,  0.3125,  ...,  1.5320,  0.6364,  3.2663],
        [-0.7517,  0.5012,  0.4220,  ...,  1.3476,  0.5258,  3.5383]],
       device='cuda:0')), ('val_t', tensor([[-1.6239,  1.0748,  0.3394,  ...,  1.6296, -0.5823,  1.5239],
        [-1.8201,  1.2747,  0.2720,  ...,  1.8282, -0.6088,  1.4468],
        [-2.0293,  1.1490,  0.3287,  ...,  1.8130, -0.5283,  1.4751],
        [-1.8884,  1.2993,  0.2704,  ...,  1.8313, -0.5815,  1.4610],
        [-1.5614,  1.0829,  0.3109,  ...,  1.7263, -0.6090,  1.5410]],
       device='cuda:0'))])
[INFO] [1750159111.754940661] [laser_data_loader]: 抽出された人物の点群数: 178
[INFO] [1750159111.755351716] [laser_data_loader]: データキューにフレームを追加しました。現在の長さ: 30/30
[INFO] [1750159111.755771149] [laser_data_loader]: シーケンスが完成！モデル入力形状: torch.Size([1, 30, 256, 3])
[INFO] [1750159111.787547119] [laser_data_loader]: 推論成功！出力形状: dict_items([('val_bn', tensor([[-0.9675,  0.6206,  0.4716,  ...,  1.3342,  0.7055,  3.3139],
        [-1.1350,  0.9786,  0.3121,  ...,  1.4991,  0.6718,  3.1593],
        [-1.2800,  0.5400,  0.5156,  ...,  1.5027,  0.9046,  3.3796],
        [-0.8692,  0.7969,  0.2771,  ...,  1.4555,  0.4867,  3.4045],
        [-0.7660,  0.3969,  0.5474,  ...,  1.2706,  0.3846,  3.4834]],
       device='cuda:0')), ('val_t', tensor([[-1.7570,  1.1467,  0.3293,  ...,  1.7186, -0.5643,  1.4750],
        [-1.9087,  1.3381,  0.2702,  ...,  1.8126, -0.5727,  1.4296],
        [-2.0401,  1.1036,  0.3456,  ...,  1.8146, -0.5148,  1.4943],
        [-1.6679,  1.2409,  0.2573,  ...,  1.7878, -0.6187,  1.5017],
        [-1.5744,  1.0271,  0.3574,  ...,  1.6824, -0.6442,  1.5248]],
       device='cuda:0'))])
[INFO] [1750159111.788640046] [laser_data_loader]: 抽出された人物の点群数: 177
[INFO] [1750159111.788985128] [laser_data_loader]: データキューにフレームを追加しました。現在の長さ: 30/30
[INFO] [1750159111.789336216] [laser_data_loader]: シーケンスが完成！モデル入力形状: torch.Size([1, 30, 256, 3])
[INFO] [1750159111.821176045] [laser_data_loader]: 推論成功！出力形状: dict_items([('val_bn', tensor([[-0.9059,  0.6407,  0.4164,  ...,  1.3533,  0.6425,  3.3571],
        [-1.2780,  1.0901,  0.2624,  ...,  1.6707,  0.6192,  2.8797],
        [-1.1234,  0.5508,  0.5310,  ...,  1.4594,  0.7377,  3.4209],
        [-1.0285,  0.7082,  0.2527,  ...,  1.4007,  0.7847,  3.4837],
        [-0.8414,  0.6953,  0.3377,  ...,  1.4001,  0.3060,  3.1452]],
       device='cuda:0')), ('val_t', tensor([[-1.7011,  1.1574,  0.3089,  ...,  1.7295, -0.5800,  1.4877],
        [-2.0383,  1.3977,  0.2518,  ...,  1.9103, -0.5858,  1.3473],
        [-1.8982,  1.1094,  0.3513,  ...,  1.7899, -0.5563,  1.5065],
        [-1.8122,  1.1935,  0.2482,  ...,  1.7565, -0.5446,  1.5250],
        [-1.6427,  1.1867,  0.2797,  ...,  1.7562, -0.6637,  1.4254]],
       device='cuda:0'))])
[INFO] [1750159111.822284028] [laser_data_loader]: 抽出された人物の点群数: 172
[INFO] [1750159111.822638682] [laser_data_loader]: データキューにフレームを追加しました。現在の長さ: 30/30
[INFO] [1750159111.823067630] [laser_data_loader]: シーケンスが完成！モデル入力形状: torch.Size([1, 30, 256, 3])
[INFO] [1750159111.855335885] [laser_data_loader]: 推論成功！出力形状: dict_items([('val_bn', tensor([[-0.8325,  0.5652,  0.3861,  ...,  1.3415,  0.5777,  3.4811],
        [-1.2493,  0.9785,  0.3406,  ...,  1.6213,  0.6683,  2.9835],
        [-1.0334,  0.4967,  0.5022,  ...,  1.3900,  0.6800,  3.4915],
        [-1.2310,  0.9214,  0.1803,  ...,  1.5036,  0.9061,  3.2711],
        [-0.5821,  0.4380,  0.5075,  ...,  1.2557,  0.2018,  3.4846]],
       device='cuda:0')), ('val_t', tensor([[-1.6346,  1.1171,  0.2976,  ...,  1.7228, -0.5961,  1.5242],
        [-2.0122,  1.3380,  0.2808,  ...,  1.8822, -0.5736,  1.3779],
        [-1.8166,  1.0805,  0.3406,  ...,  1.7504, -0.5707,  1.5272],
        [-1.9956,  1.3075,  0.2214,  ...,  1.8151, -0.5144,  1.4624],
        [-1.4078,  1.0491,  0.3426,  ...,  1.6739, -0.6896,  1.5252]],
       device='cuda:0'))])
[INFO] [1750159111.856445620] [laser_data_loader]: 抽出された人物の点群数: 195
[INFO] [1750159111.856801170] [laser_data_loader]: データキューにフレームを追加しました。現在の長さ: 30/30
[INFO] [1750159111.857147182] [laser_data_loader]: シーケンスが完成！モデル入力形状: torch.Size([1, 30, 256, 3])
[INFO] [1750159111.889088296] [laser_data_loader]: 推論成功！出力形状: dict_items([('val_bn', tensor([[-0.9048,  0.5813,  0.4280,  ...,  1.4075,  0.5595,  3.4189],
        [-1.3503,  0.8771,  0.3651,  ...,  1.5956,  0.8769,  3.0844],
        [-1.0553,  0.6461,  0.4143,  ...,  1.3741,  0.6999,  3.4061],
        [-1.0076,  0.8368,  0.2531,  ...,  1.5071,  0.5575,  3.2988],
        [-0.8684,  0.3790,  0.5519,  ...,  1.3160,  0.5222,  3.4782]],
       device='cuda:0')), ('val_t', tensor([[-1.7001,  1.1257,  0.3131,  ...,  1.7604, -0.6007,  1.5059],
        [-2.1037,  1.2838,  0.2899,  ...,  1.8675, -0.5217,  1.4075],
        [-1.8365,  1.1603,  0.3081,  ...,  1.7413, -0.5657,  1.5021],
        [-1.7932,  1.2623,  0.2484,  ...,  1.8172, -0.6012,  1.4706],
        [-1.6671,  1.0175,  0.3591,  ...,  1.7083, -0.6099,  1.5233]],
       device='cuda:0'))])
[INFO] [1750159111.890218003] [laser_data_loader]: 抽出された人物の点群数: 175
[INFO] [1750159111.890569964] [laser_data_loader]: データキューにフレームを追加しました。現在の長さ: 30/30
[INFO] [1750159111.890919646] [laser_data_loader]: シーケンスが完成！モデル入力形状: torch.Size([1, 30, 256, 3])
[INFO] [1750159111.922645257] [laser_data_loader]: 推論成功！出力形状: dict_items([('val_bn', tensor([[-1.0476,  0.7783,  0.3516,  ...,  1.5464,  0.5398,  3.2220],
        [-1.3283,  0.8005,  0.4019,  ...,  1.5673,  0.8378,  3.1448],
        [-1.0385,  0.7303,  0.3253,  ...,  1.4697,  0.6406,  3.3979],
        [-0.8667,  0.6942,  0.3648,  ...,  1.3804,  0.5389,  3.4187],
        [-1.0775,  0.7198,  0.3832,  ...,  1.4029,  0.5596,  3.1763]],
       device='cuda:0')), ('val_t', tensor([[-1.8295,  1.2310,  0.2849,  ...,  1.8395, -0.6056,  1.4480],
        [-2.0838,  1.2429,  0.3035,  ...,  1.8514, -0.5314,  1.4253],
        [-1.8213,  1.2053,  0.2751,  ...,  1.7958, -0.5805,  1.4997],
        [-1.6656,  1.1861,  0.2898,  ...,  1.7450, -0.6058,  1.5058],
        [-1.8566,  1.1997,  0.2966,  ...,  1.7578, -0.6006,  1.4346]],
       device='cuda:0'))])
[INFO] [1750159111.923772902] [laser_data_loader]: 抽出された人物の点群数: 180
[INFO] [1750159111.924127378] [laser_data_loader]: データキューにフレームを追加しました。現在の長さ: 30/30
[INFO] [1750159111.924472668] [laser_data_loader]: シーケンスが完成！モデル入力形状: torch.Size([1, 30, 256, 3])
[INFO] [1750159111.956260400] [laser_data_loader]: 推論成功！出力形状: dict_items([('val_bn', tensor([[-1.0373,  0.8600,  0.3168,  ...,  1.5266,  0.5269,  3.2180],
        [-1.2681,  0.6249,  0.4700,  ...,  1.4999,  0.8506,  3.3143],
        [-1.1127,  0.9060,  0.3125,  ...,  1.5320,  0.6364,  3.2663],
        [-0.7945,  0.5274,  0.4572,  ...,  1.3601,  0.4945,  3.4822],
        [-0.6735,  0.5820,  0.4829,  ...,  1.2268,  0.3690,  3.4945]],
       device='cuda:0')), ('val_t', tensor([[-1.8201,  1.2747,  0.2720,  ...,  1.8282, -0.6088,  1.4468],
        [-2.0293,  1.1490,  0.3287,  ...,  1.8130, -0.5283,  1.4751],
        [-1.8884,  1.2993,  0.2704,  ...,  1.8313, -0.5815,  1.4610],
        [-1.6002,  1.0969,  0.3240,  ...,  1.7334, -0.6168,  1.5245],
        [-1.4906,  1.1261,  0.3335,  ...,  1.6574, -0.6480,  1.5281]],
       device='cuda:0'))])
[INFO] [1750159111.957331102] [laser_data_loader]: 抽出された人物の点群数: 178
[INFO] [1750159111.957678982] [laser_data_loader]: データキューにフレームを追加しました。現在の長さ: 30/30
[INFO] [1750159111.958021306] [laser_data_loader]: シーケンスが完成！モデル入力形状: torch.Size([1, 30, 256, 3])
[INFO] [1750159111.989504766] [laser_data_loader]: 推論成功！出力形状: dict_items([('val_bn', tensor([[-1.1350,  0.9786,  0.3121,  ...,  1.4991,  0.6718,  3.1593],
        [-1.2800,  0.5400,  0.5156,  ...,  1.5027,  0.9046,  3.3796],
        [-0.8692,  0.7969,  0.2771,  ...,  1.4555,  0.4867,  3.4045],
        [-0.8498,  0.5271,  0.4298,  ...,  1.3268,  0.4206,  3.3707],
        [-0.7799,  0.4931,  0.5329,  ...,  1.2762,  0.4635,  3.5230]],
       device='cuda:0')), ('val_t', tensor([[-1.9087,  1.3381,  0.2702,  ...,  1.8126, -0.5727,  1.4296],
        [-2.0401,  1.1036,  0.3456,  ...,  1.8146, -0.5148,  1.4943],
        [-1.6679,  1.2409,  0.2573,  ...,  1.7878, -0.6187,  1.5017],
        [-1.6503,  1.0967,  0.3138,  ...,  1.7144, -0.6352,  1.4917],
        [-1.5870,  1.0785,  0.3520,  ...,  1.6856, -0.6245,  1.5365]],
       device='cuda:0'))])
[INFO] [1750159111.990579372] [laser_data_loader]: 抽出された人物の点群数: 187
[INFO] [1750159111.990927134] [laser_data_loader]: データキューにフレームを追加しました。現在の長さ: 30/30
[INFO] [1750159111.991267287] [laser_data_loader]: シーケンスが完成！モデル入力形状: torch.Size([1, 30, 256, 3])
[INFO] [1750159112.022892602] [laser_data_loader]: 推論成功！出力形状: dict_items([('val_bn', tensor([[-1.2780,  1.0901,  0.2624,  ...,  1.6707,  0.6192,  2.8797],
        [-1.1234,  0.5508,  0.5310,  ...,  1.4594,  0.7377,  3.4209],
        [-1.0285,  0.7082,  0.2527,  ...,  1.4007,  0.7847,  3.4837],
        [-0.7022,  0.5618,  0.3997,  ...,  1.3723,  0.2558,  3.3270],
        [-0.7679,  0.3728,  0.6006,  ...,  1.2559,  0.5072,  3.5990]],
       device='cuda:0')), ('val_t', tensor([[-2.0383,  1.3977,  0.2518,  ...,  1.9103, -0.5858,  1.3473],
        [-1.8982,  1.1094,  0.3513,  ...,  1.7899, -0.5563,  1.5065],
        [-1.8122,  1.1935,  0.2482,  ...,  1.7565, -0.5446,  1.5250],
        [-1.5165,  1.1153,  0.3027,  ...,  1.7403, -0.6762,  1.4789],
        [-1.5761,  1.0143,  0.3771,  ...,  1.6740, -0.6137,  1.5589]],
       device='cuda:0'))])
[INFO] [1750159112.024001068] [laser_data_loader]: 抽出された人物の点群数: 182
[INFO] [1750159112.024351273] [laser_data_loader]: データキューにフレームを追加しました。現在の長さ: 30/30
[INFO] [1750159112.024696180] [laser_data_loader]: シーケンスが完成！モデル入力形状: torch.Size([1, 30, 256, 3])
[INFO] [1750159112.056437158] [laser_data_loader]: 推論成功！出力形状: dict_items([('val_bn', tensor([[-1.2493,  0.9785,  0.3406,  ...,  1.6213,  0.6683,  2.9835],
        [-1.0334,  0.4967,  0.5022,  ...,  1.3900,  0.6800,  3.4915],
        [-1.2310,  0.9214,  0.1803,  ...,  1.5036,  0.9061,  3.2711],
        [-0.6902,  0.4490,  0.5623,  ...,  1.3128,  0.2488,  3.4387],
        [-0.8885,  0.7154,  0.3381,  ...,  1.3527,  0.4833,  3.2804]],
       device='cuda:0')), ('val_t', tensor([[-2.0122,  1.3380,  0.2808,  ...,  1.8822, -0.5736,  1.3779],
        [-1.8166,  1.0805,  0.3406,  ...,  1.7504, -0.5707,  1.5272],
        [-1.9956,  1.3075,  0.2214,  ...,  1.8151, -0.5144,  1.4624],
        [-1.5057,  1.0550,  0.3629,  ...,  1.7064, -0.6779,  1.5117],
        [-1.6854,  1.1974,  0.2799,  ...,  1.7292, -0.6196,  1.4652]],
       device='cuda:0'))])
[INFO] [1750159112.101637139] [laser_data_loader]: 抽出された人物の点群数: 182
[INFO] [1750159112.102037182] [laser_data_loader]: データキューにフレームを追加しました。現在の長さ: 30/30
[INFO] [1750159112.102446949] [laser_data_loader]: シーケンスが完成！モデル入力形状: torch.Size([1, 30, 256, 3])
[INFO] [1750159112.135370309] [laser_data_loader]: 推論成功！出力形状: dict_items([('val_bn', tensor([[-1.3503,  0.8771,  0.3651,  ...,  1.5956,  0.8769,  3.0844],
        [-1.0553,  0.6461,  0.4143,  ...,  1.3741,  0.6999,  3.4061],
        [-1.0076,  0.8368,  0.2531,  ...,  1.5071,  0.5575,  3.2988],
        [-0.9142,  0.5170,  0.4957,  ...,  1.3120,  0.5436,  3.4087],
        [-0.5753,  0.4365,  0.5397,  ...,  1.2559,  0.3458,  3.5274]],
       device='cuda:0')), ('val_t', tensor([[-2.1037,  1.2838,  0.2899,  ...,  1.8675, -0.5217,  1.4075],
        [-1.8365,  1.1603,  0.3081,  ...,  1.7413, -0.5657,  1.5021],
        [-1.7932,  1.2623,  0.2484,  ...,  1.8172, -0.6012,  1.4706],
        [-1.7086,  1.0913,  0.3382,  ...,  1.7060, -0.6046,  1.5029],
        [-1.4016,  1.0483,  0.3545,  ...,  1.6740, -0.6538,  1.5378]],
       device='cuda:0'))])
[INFO] [1750159112.202659558] [laser_data_loader]: 抽出された人物の点群数: 186
[INFO] [1750159112.203329040] [laser_data_loader]: データキューにフレームを追加しました。現在の長さ: 30/30
[INFO] [1750159112.204027162] [laser_data_loader]: シーケンスが完成！モデル入力形状: torch.Size([1, 30, 256, 3])
[INFO] [1750159112.240475268] [laser_data_loader]: 推論成功！出力形状: dict_items([('val_bn', tensor([[-1.3283,  0.8005,  0.4019,  ...,  1.5673,  0.8378,  3.1448],
        [-1.0385,  0.7303,  0.3253,  ...,  1.4697,  0.6406,  3.3979],
        [-0.8667,  0.6942,  0.3648,  ...,  1.3804,  0.5389,  3.4187],
        [-0.8830,  0.6058,  0.5147,  ...,  1.3549,  0.4546,  3.3358],
        [-0.8287,  0.3898,  0.4729,  ...,  1.3297,  0.6315,  3.5192]],
       device='cuda:0')), ('val_t', tensor([[-2.0838,  1.2429,  0.3035,  ...,  1.8514, -0.5314,  1.4253],
        [-1.8213,  1.2053,  0.2751,  ...,  1.7958, -0.5805,  1.4997],
        [-1.6656,  1.1861,  0.2898,  ...,  1.7450, -0.6058,  1.5058],
        [-1.6804,  1.1388,  0.3453,  ...,  1.7304, -0.6267,  1.4815],
        [-1.6312,  1.0234,  0.3298,  ...,  1.7161, -0.5827,  1.5354]],
       device='cuda:0'))])
[INFO] [1750159112.306715515] [laser_data_loader]: 抽出された人物の点群数: 184
[INFO] [1750159112.308864605] [laser_data_loader]: データキューにフレームを追加しました。現在の長さ: 30/30
[INFO] [1750159112.310966053] [laser_data_loader]: シーケンスが完成！モデル入力形状: torch.Size([1, 30, 256, 3])
[INFO] [1750159112.354648731] [laser_data_loader]: 推論成功！出力形状: dict_items([('val_bn', tensor([[-1.2681,  0.6249,  0.4700,  ...,  1.4999,  0.8506,  3.3143],
        [-1.1127,  0.9060,  0.3125,  ...,  1.5320,  0.6364,  3.2663],
        [-0.7945,  0.5274,  0.4572,  ...,  1.3601,  0.4945,  3.4822],
        [-0.7657,  0.6127,  0.4910,  ...,  1.2791,  0.3938,  3.4202],
        [-0.8175,  0.3614,  0.5179,  ...,  1.3514,  0.5696,  3.4977]],
       device='cuda:0')), ('val_t', tensor([[-2.0293,  1.1490,  0.3287,  ...,  1.8130, -0.5283,  1.4751],
        [-1.8884,  1.2993,  0.2704,  ...,  1.8313, -0.5815,  1.4610],
        [-1.6002,  1.0969,  0.3240,  ...,  1.7334, -0.6168,  1.5245],
        [-1.5741,  1.1425,  0.3365,  ...,  1.6872, -0.6419,  1.5063],
        [-1.6210,  1.0082,  0.3465,  ...,  1.7284, -0.5981,  1.5291]],
       device='cuda:0'))])
[INFO] [1750159112.403005241] [laser_data_loader]: 抽出された人物の点群数: 183
[INFO] [1750159112.403777533] [laser_data_loader]: データキューにフレームを追加しました。現在の長さ: 30/30
[INFO] [1750159112.404638217] [laser_data_loader]: シーケンスが完成！モデル入力形状: torch.Size([1, 30, 256, 3])
[INFO] [1750159112.440700827] [laser_data_loader]: 推論成功！出力形状: dict_items([('val_bn', tensor([[-1.2800,  0.5400,  0.5156,  ...,  1.5027,  0.9046,  3.3796],
        [-0.8692,  0.7969,  0.2771,  ...,  1.4555,  0.4867,  3.4045],
        [-0.8498,  0.5271,  0.4298,  ...,  1.3268,  0.4206,  3.3707],
        [-0.7393,  0.4708,  0.5294,  ...,  1.2941,  0.4343,  3.5422],
        [-0.6869,  0.3591,  0.5121,  ...,  1.3002,  0.5470,  3.5801]],
       device='cuda:0')), ('val_t', tensor([[-2.0401,  1.1036,  0.3456,  ...,  1.8146, -0.5148,  1.4943],
        [-1.6679,  1.2409,  0.2573,  ...,  1.7878, -0.6187,  1.5017],
        [-1.6503,  1.0967,  0.3138,  ...,  1.7144, -0.6352,  1.4917],
        [-1.5502,  1.0666,  0.3507,  ...,  1.6958, -0.6318,  1.5421],
        [-1.5027,  1.0069,  0.3443,  ...,  1.6992, -0.6038,  1.5533]],
       device='cuda:0'))])
[INFO] [1750159112.504347564] [laser_data_loader]: 抽出された人物の点群数: 177
[INFO] [1750159112.505861259] [laser_data_loader]: データキューにフレームを追加しました。現在の長さ: 30/30
[INFO] [1750159112.507336129] [laser_data_loader]: シーケンスが完成！モデル入力形状: torch.Size([1, 30, 256, 3])
[INFO] [1750159112.550460163] [laser_data_loader]: 推論成功！出力形状: dict_items([('val_bn', tensor([[-1.1234,  0.5508,  0.5310,  ...,  1.4594,  0.7377,  3.4209],
        [-1.0285,  0.7082,  0.2527,  ...,  1.4007,  0.7847,  3.4837],
        [-0.7022,  0.5618,  0.3997,  ...,  1.3723,  0.2558,  3.3270],
        [-0.8741,  0.5413,  0.5076,  ...,  1.2758,  0.5833,  3.5022],
        [-0.5846,  0.1485,  0.6310,  ...,  1.2330,  0.3843,  3.6378]],
       device='cuda:0')), ('val_t', tensor([[-1.8982,  1.1094,  0.3513,  ...,  1.7899, -0.5563,  1.5065],
        [-1.8122,  1.1935,  0.2482,  ...,  1.7565, -0.5446,  1.5250],
        [-1.5165,  1.1153,  0.3027,  ...,  1.7403, -0.6762,  1.4789],
        [-1.6723,  1.1043,  0.3426,  ...,  1.6853, -0.5947,  1.5304],
        [-1.4100,  0.8944,  0.3883,  ...,  1.6610, -0.6442,  1.5703]],
       device='cuda:0'))])
[INFO] [1750159112.603860241] [laser_data_loader]: 抽出された人物の点群数: 180
[INFO] [1750159112.605137955] [laser_data_loader]: データキューにフレームを追加しました。現在の長さ: 30/30
[INFO] [1750159112.606404564] [laser_data_loader]: シーケンスが完成！モデル入力形状: torch.Size([1, 30, 256, 3])
[INFO] [1750159112.644280680] [laser_data_loader]: 推論成功！出力形状: dict_items([('val_bn', tensor([[-1.0334,  0.4967,  0.5022,  ...,  1.3900,  0.6800,  3.4915],
        [-1.2310,  0.9214,  0.1803,  ...,  1.5036,  0.9061,  3.2711],
        [-0.6902,  0.4490,  0.5623,  ...,  1.3128,  0.2488,  3.4387],
        [-0.7675,  0.5908,  0.4418,  ...,  1.3467,  0.4196,  3.3873],
        [-0.6671,  0.0664,  0.6543,  ...,  1.2392,  0.4638,  3.7339]],
       device='cuda:0')), ('val_t', tensor([[-1.8166,  1.0805,  0.3406,  ...,  1.7504, -0.5707,  1.5272],
        [-1.9956,  1.3075,  0.2214,  ...,  1.8151, -0.5144,  1.4624],
        [-1.5057,  1.0550,  0.3629,  ...,  1.7064, -0.6779,  1.5117],
        [-1.5757,  1.1308,  0.3183,  ...,  1.7257, -0.6354,  1.4966],
        [-1.4848,  0.8505,  0.3970,  ...,  1.6645, -0.6244,  1.5985]],
       device='cuda:0'))])
[INFO] [1750159112.701440619] [laser_data_loader]: 抽出された人物の点群数: 182
[INFO] [1750159112.702549126] [laser_data_loader]: データキューにフレームを追加しました。現在の長さ: 30/30
[INFO] [1750159112.703664683] [laser_data_loader]: シーケンスが完成！モデル入力形状: torch.Size([1, 30, 256, 3])
[INFO] [1750159112.742963215] [laser_data_loader]: 推論成功！出力形状: dict_items([('val_bn', tensor([[-1.0553,  0.6461,  0.4143,  ...,  1.3741,  0.6999,  3.4061],
        [-1.0076,  0.8368,  0.2531,  ...,  1.5071,  0.5575,  3.2988],
        [-0.9142,  0.5170,  0.4957,  ...,  1.3120,  0.5436,  3.4087],
        [-0.6658,  0.4549,  0.5048,  ...,  1.3069,  0.4367,  3.5088],
        [-0.7838,  0.3473,  0.3731,  ...,  1.2953,  0.2667,  3.4238]],
       device='cuda:0')), ('val_t', tensor([[-1.8365,  1.1603,  0.3081,  ...,  1.7413, -0.5657,  1.5021],
        [-1.7932,  1.2623,  0.2484,  ...,  1.8172, -0.6012,  1.4706],
        [-1.7086,  1.0913,  0.3382,  ...,  1.7060, -0.6046,  1.5029],
        [-1.4836,  1.0581,  0.3416,  ...,  1.7031, -0.6312,  1.5323],
        [-1.5905,  1.0006,  0.2928,  ...,  1.6965, -0.6735,  1.5073]],
       device='cuda:0'))])
[INFO] [1750159112.804356732] [laser_data_loader]: 抽出された人物の点群数: 172
[INFO] [1750159112.805866421] [laser_data_loader]: データキューにフレームを追加しました。現在の長さ: 30/30
[INFO] [1750159112.807355874] [laser_data_loader]: シーケンスが完成！モデル入力形状: torch.Size([1, 30, 256, 3])
[INFO] [1750159112.848415355] [laser_data_loader]: 推論成功！出力形状: dict_items([('val_bn', tensor([[-1.0385,  0.7303,  0.3253,  ...,  1.4697,  0.6406,  3.3979],
        [-0.8667,  0.6942,  0.3648,  ...,  1.3804,  0.5389,  3.4187],
        [-0.8830,  0.6058,  0.5147,  ...,  1.3549,  0.4546,  3.3358],
        [-0.7649,  0.3815,  0.5179,  ...,  1.3081,  0.5559,  3.5340],
        [-0.9180,  0.5403,  0.2743,  ...,  1.3949,  0.2685,  3.2757]],
       device='cuda:0')), ('val_t', tensor([[-1.8213,  1.2053,  0.2751,  ...,  1.7958, -0.5805,  1.4997],
        [-1.6656,  1.1861,  0.2898,  ...,  1.7450, -0.6058,  1.5058],
        [-1.6804,  1.1388,  0.3453,  ...,  1.7304, -0.6267,  1.4815],
        [-1.5734,  1.0189,  0.3465,  ...,  1.7038, -0.6016,  1.5397],
        [-1.7121,  1.1038,  0.2562,  ...,  1.7532, -0.6730,  1.4638]],
       device='cuda:0'))])
[INFO] [1750159112.901849107] [laser_data_loader]: 抽出された人物の点群数: 182
[INFO] [1750159112.902300057] [laser_data_loader]: データキューにフレームを追加しました。現在の長さ: 30/30
[INFO] [1750159112.902754871] [laser_data_loader]: シーケンスが完成！モデル入力形状: torch.Size([1, 30, 256, 3])
[INFO] [1750159112.935117069] [laser_data_loader]: 推論成功！出力形状: dict_items([('val_bn', tensor([[-1.1127,  0.9060,  0.3125,  ...,  1.5320,  0.6364,  3.2663],
        [-0.7945,  0.5274,  0.4572,  ...,  1.3601,  0.4945,  3.4822],
        [-0.7657,  0.6127,  0.4910,  ...,  1.2791,  0.3938,  3.4202],
        [-0.7986,  0.3607,  0.5039,  ...,  1.3400,  0.5631,  3.5058],
        [-1.1258,  0.7671,  0.2660,  ...,  1.4971,  0.4497,  3.1440]],
       device='cuda:0')), ('val_t', tensor([[-1.8884,  1.2993,  0.2704,  ...,  1.8313, -0.5815,  1.4610],
        [-1.6002,  1.0969,  0.3240,  ...,  1.7334, -0.6168,  1.5245],
        [-1.5741,  1.1425,  0.3365,  ...,  1.6872, -0.6419,  1.5063],
        [-1.6039,  1.0078,  0.3413,  ...,  1.7219, -0.5998,  1.5315],
        [-1.9003,  1.2250,  0.2532,  ...,  1.8114, -0.6280,  1.4251]],
       device='cuda:0'))])
[INFO] [1750159113.007520325] [laser_data_loader]: 抽出された人物の点群数: 186
[INFO] [1750159113.009679307] [laser_data_loader]: データキューにフレームを追加しました。現在の長さ: 30/30
[INFO] [1750159113.011747525] [laser_data_loader]: シーケンスが完成！モデル入力形状: torch.Size([1, 30, 256, 3])
[INFO] [1750159113.054202394] [laser_data_loader]: 推論成功！出力形状: dict_items([('val_bn', tensor([[-0.8692,  0.7969,  0.2771,  ...,  1.4555,  0.4867,  3.4045],
        [-0.8498,  0.5271,  0.4298,  ...,  1.3268,  0.4206,  3.3707],
        [-0.7393,  0.4708,  0.5294,  ...,  1.2941,  0.4343,  3.5422],
        [-0.6958,  0.3487,  0.5533,  ...,  1.3147,  0.5270,  3.5614],
        [-1.0478,  0.6949,  0.3233,  ...,  1.4314,  0.3536,  3.1477]],
       device='cuda:0')), ('val_t', tensor([[-1.6679,  1.2409,  0.2573,  ...,  1.7878, -0.6187,  1.5017],
        [-1.6503,  1.0967,  0.3138,  ...,  1.7144, -0.6352,  1.4917],
        [-1.5502,  1.0666,  0.3507,  ...,  1.6958, -0.6318,  1.5421],
        [-1.5108,  1.0013,  0.3596,  ...,  1.7075, -0.6087,  1.5478],
        [-1.8297,  1.1864,  0.2744,  ...,  1.7740, -0.6519,  1.4261]],
       device='cuda:0'))])
[INFO] [1750159113.103202041] [laser_data_loader]: 抽出された人物の点群数: 183
[INFO] [1750159113.104105081] [laser_data_loader]: データキューにフレームを追加しました。現在の長さ: 30/30
[INFO] [1750159113.105140565] [laser_data_loader]: シーケンスが完成！モデル入力形状: torch.Size([1, 30, 256, 3])
[INFO] [1750159113.142312908] [laser_data_loader]: 推論成功！出力形状: dict_items([('val_bn', tensor([[-1.0285,  0.7082,  0.2527,  ...,  1.4007,  0.7847,  3.4837],
        [-0.7022,  0.5618,  0.3997,  ...,  1.3723,  0.2558,  3.3270],
        [-0.8741,  0.5413,  0.5076,  ...,  1.2758,  0.5833,  3.5022],
        [-0.5936,  0.1659,  0.6226,  ...,  1.2717,  0.3980,  3.6739],
        [-1.4308,  1.1213,  0.1011,  ...,  1.6069,  0.3676,  2.6677]],
       device='cuda:0')), ('val_t', tensor([[-1.8122,  1.1935,  0.2482,  ...,  1.7565, -0.5446,  1.5250],
        [-1.5165,  1.1153,  0.3027,  ...,  1.7403, -0.6762,  1.4789],
        [-1.6723,  1.1043,  0.3426,  ...,  1.6853, -0.5947,  1.5304],
        [-1.4182,  0.9037,  0.3852,  ...,  1.6830, -0.6408,  1.5809],
        [-2.1766,  1.4144,  0.1921,  ...,  1.8740, -0.6484,  1.2850]],
       device='cuda:0'))])
[INFO] [1750159113.204565764] [laser_data_loader]: 抽出された人物の点群数: 180
[INFO] [1750159113.206066254] [laser_data_loader]: データキューにフレームを追加しました。現在の長さ: 30/30
[INFO] [1750159113.207561817] [laser_data_loader]: シーケンスが完成！モデル入力形状: torch.Size([1, 30, 256, 3])
[INFO] [1750159113.245815487] [laser_data_loader]: 推論成功！出力形状: dict_items([('val_bn', tensor([[-1.2310,  0.9214,  0.1803,  ...,  1.5036,  0.9061,  3.2711],
        [-0.6902,  0.4490,  0.5623,  ...,  1.3128,  0.2488,  3.4387],
        [-0.7675,  0.5908,  0.4418,  ...,  1.3467,  0.4196,  3.3873],
        [-0.7545,  0.1789,  0.5963,  ...,  1.2581,  0.5057,  3.5665],
        [-1.2032,  0.9145,  0.1812,  ...,  1.5029,  0.4959,  3.1012]],
       device='cuda:0')), ('val_t', tensor([[-1.9956,  1.3075,  0.2214,  ...,  1.8151, -0.5144,  1.4624],
        [-1.5057,  1.0550,  0.3629,  ...,  1.7064, -0.6779,  1.5117],
        [-1.5757,  1.1308,  0.3183,  ...,  1.7257, -0.6354,  1.4966],
        [-1.5640,  0.9106,  0.3755,  ...,  1.6753, -0.6140,  1.5493],
        [-1.9705,  1.3038,  0.2217,  ...,  1.8147, -0.6165,  1.4125]],
       device='cuda:0'))])
[INFO] [1750159113.305189498] [laser_data_loader]: 抽出された人物の点群数: 188
[INFO] [1750159113.306437241] [laser_data_loader]: データキューにフレームを追加しました。現在の長さ: 30/30
[INFO] [1750159113.307709904] [laser_data_loader]: シーケンスが完成！モデル入力形状: torch.Size([1, 30, 256, 3])
[INFO] [1750159113.349222841] [laser_data_loader]: 推論成功！出力形状: dict_items([('val_bn', tensor([[-1.0076,  0.8368,  0.2531,  ...,  1.5071,  0.5575,  3.2988],
        [-0.9142,  0.5170,  0.4957,  ...,  1.3120,  0.5436,  3.4087],
        [-0.6658,  0.4549,  0.5048,  ...,  1.3069,  0.4367,  3.5088],
        [-0.7736,  0.3381,  0.3460,  ...,  1.3112,  0.2892,  3.4831],
        [-1.1214,  0.7234,  0.3393,  ...,  1.4826,  0.5237,  3.2880]],
       device='cuda:0')), ('val_t', tensor([[-1.7932,  1.2623,  0.2484,  ...,  1.8172, -0.6012,  1.4706],
        [-1.7086,  1.0913,  0.3382,  ...,  1.7060, -0.6046,  1.5029],
        [-1.4836,  1.0581,  0.3416,  ...,  1.7031, -0.6312,  1.5323],
        [-1.5813,  0.9957,  0.2828,  ...,  1.7055, -0.6679,  1.5248],
        [-1.8964,  1.2017,  0.2803,  ...,  1.8032, -0.6096,  1.4674]],
       device='cuda:0'))])
[INFO] [1750159113.403930382] [laser_data_loader]: 抽出された人物の点群数: 181
[INFO] [1750159113.405303192] [laser_data_loader]: データキューにフレームを追加しました。現在の長さ: 30/30
[INFO] [1750159113.406666559] [laser_data_loader]: シーケンスが完成！モデル入力形状: torch.Size([1, 30, 256, 3])
[INFO] [1750159113.444762521] [laser_data_loader]: 推論成功！出力形状: dict_items([('val_bn', tensor([[-0.8667,  0.6942,  0.3648,  ...,  1.3804,  0.5389,  3.4187],
        [-0.8830,  0.6058,  0.5147,  ...,  1.3549,  0.4546,  3.3358],
        [-0.7649,  0.3815,  0.5179,  ...,  1.3081,  0.5559,  3.5340],
        [-0.9508,  0.5566,  0.3029,  ...,  1.3872,  0.3633,  3.3042],
        [-0.7400,  0.4653,  0.5094,  ...,  1.2367,  0.4367,  3.6544]],
       device='cuda:0')), ('val_t', tensor([[-1.6656,  1.1861,  0.2898,  ...,  1.7450, -0.6058,  1.5058],
        [-1.6804,  1.1388,  0.3453,  ...,  1.7304, -0.6267,  1.4815],
        [-1.5734,  1.0189,  0.3465,  ...,  1.7038, -0.6016,  1.5397],
        [-1.7418,  1.1125,  0.2668,  ...,  1.7488, -0.6495,  1.4722],
        [-1.5509,  1.0637,  0.3433,  ...,  1.6631, -0.6312,  1.5751]],
       device='cuda:0'))])
[INFO] [1750159113.505611528] [laser_data_loader]: 抽出された人物の点群数: 178
[INFO] [1750159113.507084898] [laser_data_loader]: データキューにフレームを追加しました。現在の長さ: 30/30
[INFO] [1750159113.508548173] [laser_data_loader]: シーケンスが完成！モデル入力形状: torch.Size([1, 30, 256, 3])
[INFO] [1750159113.551287091] [laser_data_loader]: 推論成功！出力形状: dict_items([('val_bn', tensor([[-0.7945,  0.5274,  0.4572,  ...,  1.3601,  0.4945,  3.4822],
        [-0.7657,  0.6127,  0.4910,  ...,  1.2791,  0.3938,  3.4202],
        [-0.7986,  0.3607,  0.5039,  ...,  1.3400,  0.5631,  3.5058],
        [-1.0541,  0.6882,  0.2971,  ...,  1.5108,  0.3861,  3.2024],
        [-0.8681,  0.3986,  0.4675,  ...,  1.2294,  0.5602,  3.5725]],
       device='cuda:0')), ('val_t', tensor([[-1.6002,  1.0969,  0.3240,  ...,  1.7334, -0.6168,  1.5245],
        [-1.5741,  1.1425,  0.3365,  ...,  1.6872, -0.6419,  1.5063],
        [-1.6039,  1.0078,  0.3413,  ...,  1.7219, -0.5998,  1.5315],
        [-1.8354,  1.1828,  0.2647,  ...,  1.8193, -0.6438,  1.4422],
        [-1.6668,  1.0280,  0.3278,  ...,  1.6589, -0.6005,  1.5510]],
       device='cuda:0'))])
[INFO] [1750159113.600472859] [laser_data_loader]: 抽出された人物の点群数: 185
[INFO] [1750159113.600912246] [laser_data_loader]: データキューにフレームを追加しました。現在の長さ: 30/30
[INFO] [1750159113.601352200] [laser_data_loader]: シーケンスが完成！モデル入力形状: torch.Size([1, 30, 256, 3])
[INFO] [1750159113.633642940] [laser_data_loader]: 推論成功！出力形状: dict_items([('val_bn', tensor([[-0.8498,  0.5271,  0.4298,  ...,  1.3268,  0.4206,  3.3707],
        [-0.7393,  0.4708,  0.5294,  ...,  1.2941,  0.4343,  3.5422],
        [-0.6958,  0.3487,  0.5533,  ...,  1.3147,  0.5270,  3.5614],
        [-1.2446,  0.8106,  0.2464,  ...,  1.5532,  0.3788,  2.9344],
        [-0.7845,  0.3151,  0.4438,  ...,  1.1484,  0.6174,  3.7017]],
       device='cuda:0')), ('val_t', tensor([[-1.6503,  1.0967,  0.3138,  ...,  1.7144, -0.6352,  1.4917],
        [-1.5502,  1.0666,  0.3507,  ...,  1.6958, -0.6318,  1.5421],
        [-1.5108,  1.0013,  0.3596,  ...,  1.7075, -0.6087,  1.5478],
        [-2.0080,  1.2483,  0.2459,  ...,  1.8434, -0.6456,  1.3634],
        [-1.5911,  0.9834,  0.3190,  ...,  1.6128, -0.5863,  1.5891]],
       device='cuda:0'))])
[INFO] [1750159113.702492159] [laser_data_loader]: 抽出された人物の点群数: 189
[INFO] [1750159113.703175939] [laser_data_loader]: データキューにフレームを追加しました。現在の長さ: 30/30
[INFO] [1750159113.703863023] [laser_data_loader]: シーケンスが完成！モデル入力形状: torch.Size([1, 30, 256, 3])
[INFO] [1750159113.739961114] [laser_data_loader]: 推論成功！出力形状: dict_items([('val_bn', tensor([[-0.7022,  0.5618,  0.3997,  ...,  1.3723,  0.2558,  3.3270],
        [-0.8741,  0.5413,  0.5076,  ...,  1.2758,  0.5833,  3.5022],
        [-0.5936,  0.1659,  0.6226,  ...,  1.2717,  0.3980,  3.6739],
        [-1.3050,  1.0313,  0.1030,  ...,  1.5864,  0.4136,  2.9149],
        [-0.7280,  0.2088,  0.6973,  ...,  1.0910,  0.5587,  3.6040]],
       device='cuda:0')), ('val_t', tensor([[-1.5165,  1.1153,  0.3027,  ...,  1.7403, -0.6762,  1.4789],
        [-1.6723,  1.1043,  0.3426,  ...,  1.6853, -0.5947,  1.5304],
        [-1.4182,  0.9037,  0.3852,  ...,  1.6830, -0.6408,  1.5809],
        [-2.0627,  1.3663,  0.1928,  ...,  1.8623, -0.6369,  1.3577],
        [-1.5399,  0.9266,  0.4129,  ...,  1.5801, -0.6008,  1.5603]],
       device='cuda:0'))])
[INFO] [1750159113.806543981] [laser_data_loader]: 抽出された人物の点群数: 182
[INFO] [1750159113.808648711] [laser_data_loader]: データキューにフレームを追加しました。現在の長さ: 30/30
[INFO] [1750159113.810716571] [laser_data_loader]: シーケンスが完成！モデル入力形状: torch.Size([1, 30, 256, 3])
[INFO] [1750159113.854788726] [laser_data_loader]: 推論成功！出力形状: dict_items([('val_bn', tensor([[-0.6902,  0.4490,  0.5623,  ...,  1.3128,  0.2488,  3.4387],
        [-0.7675,  0.5908,  0.4418,  ...,  1.3467,  0.4196,  3.3873],
        [-0.7545,  0.1789,  0.5963,  ...,  1.2581,  0.5057,  3.5665],
        [-1.2016,  0.9182,  0.1412,  ...,  1.5011,  0.4145,  3.1255],
        [-0.9563,  0.4583,  0.4725,  ...,  1.1935,  0.4984,  3.2332]],
       device='cuda:0')), ('val_t', tensor([[-1.5057,  1.0550,  0.3629,  ...,  1.7064, -0.6779,  1.5117],
        [-1.5757,  1.1308,  0.3183,  ...,  1.7257, -0.6354,  1.4966],
        [-1.5640,  0.9106,  0.3755,  ...,  1.6753, -0.6140,  1.5493],
        [-1.9691,  1.3058,  0.2069,  ...,  1.8137, -0.6367,  1.4196],
        [-1.7468,  1.0599,  0.3296,  ...,  1.6385, -0.6158,  1.4513]],
       device='cuda:0'))])
[INFO] [1750159113.902994059] [laser_data_loader]: 抽出された人物の点群数: 184
[INFO] [1750159113.903756811] [laser_data_loader]: データキューにフレームを追加しました。現在の長さ: 30/30
[INFO] [1750159113.904603616] [laser_data_loader]: シーケンスが完成！モデル入力形状: torch.Size([1, 30, 256, 3])
[INFO] [1750159113.942485106] [laser_data_loader]: 推論成功！出力形状: dict_items([('val_bn', tensor([[-0.9142,  0.5170,  0.4957,  ...,  1.3120,  0.5436,  3.4087],
        [-0.6658,  0.4549,  0.5048,  ...,  1.3069,  0.4367,  3.5088],
        [-0.7736,  0.3381,  0.3460,  ...,  1.3112,  0.2892,  3.4831],
        [-1.0508,  0.7338,  0.4107,  ...,  1.4099,  0.5424,  3.3260],
        [-0.9272,  0.3902,  0.4370,  ...,  1.2741,  0.4957,  3.3832]],
       device='cuda:0')), ('val_t', tensor([[-1.7086,  1.0913,  0.3382,  ...,  1.7060, -0.6046,  1.5029],
        [-1.4836,  1.0581,  0.3416,  ...,  1.7031, -0.6312,  1.5323],
        [-1.5813,  0.9957,  0.2828,  ...,  1.7055, -0.6679,  1.5248],
        [-1.8324,  1.2072,  0.3068,  ...,  1.7618, -0.6049,  1.4786],
        [-1.7204,  1.0235,  0.3165,  ...,  1.6844, -0.6165,  1.4954]],
       device='cuda:0'))])
