[INFO] [1750157340.431401036] [laser_data_loader]: 抽出された人物の点群数: 165
[INFO] [1750157340.432135352] [laser_data_loader]: モデル入力テンソルの形状: torch.Size([1, 30, 256, 3])
[INFO] [1750157341.923678638] [laser_data_loader]: 推論成功！出力形状: {'val_bn': tensor([[-0.8965,  0.3355,  0.4851,  ...,  1.1915,  0.8889,  3.7549],
        [-0.8965,  0.3355,  0.4851,  ...,  1.1915,  0.8889,  3.7549],
        [-0.8965,  0.3355,  0.4851,  ...,  1.1915,  0.8889,  3.7549],
        [-0.8965,  0.3355,  0.4851,  ...,  1.1915,  0.8889,  3.7549],
        [-0.8965,  0.3355,  0.4851,  ...,  1.1915,  0.8889,  3.7549]],
       device='cuda:0'), 'val_t': tensor([[-1.6926,  0.9943,  0.3343,  ...,  1.6374, -0.5187,  1.6047],
        [-1.6926,  0.9943,  0.3343,  ...,  1.6374, -0.5187,  1.6047],
        [-1.6926,  0.9943,  0.3343,  ...,  1.6374, -0.5187,  1.6047],
        [-1.6926,  0.9943,  0.3343,  ...,  1.6374, -0.5187,  1.6047],
        [-1.6926,  0.9943,  0.3343,  ...,  1.6374, -0.5187,  1.6047]],
       device='cuda:0')}
[INFO] [1750157341.924936110] [laser_data_loader]: 抽出された人物の点群数: 184
[INFO] [1750157341.925412433] [laser_data_loader]: モデル入力テンソルの形状: torch.Size([1, 30, 256, 3])
[INFO] [1750157341.959816105] [laser_data_loader]: 推論成功！出力形状: {'val_bn': tensor([[-0.4630,  0.1587,  0.4980,  ...,  0.7098,  0.2330,  3.7366],
        [-0.4630,  0.1587,  0.4980,  ...,  0.7098,  0.2330,  3.7366],
        [-0.4630,  0.1587,  0.4980,  ...,  0.7098,  0.2330,  3.7366],
        [-0.4630,  0.1587,  0.4980,  ...,  0.7098,  0.2330,  3.7366],
        [-0.4630,  0.1587,  0.4980,  ...,  0.7098,  0.2330,  3.7366]],
       device='cuda:0'), 'val_t': tensor([[-1.2999,  0.8998,  0.3391,  ...,  1.3629, -0.6819,  1.5993],
        [-1.2999,  0.8998,  0.3391,  ...,  1.3629, -0.6819,  1.5993],
        [-1.2999,  0.8998,  0.3391,  ...,  1.3629, -0.6819,  1.5993],
        [-1.2999,  0.8998,  0.3391,  ...,  1.3629, -0.6819,  1.5993],
        [-1.2999,  0.8998,  0.3391,  ...,  1.3629, -0.6819,  1.5993]],
       device='cuda:0')}
[INFO] [1750157341.960946370] [laser_data_loader]: 抽出された人物の点群数: 174
[INFO] [1750157341.961388295] [laser_data_loader]: モデル入力テンソルの形状: torch.Size([1, 30, 256, 3])
[INFO] [1750157341.995405992] [laser_data_loader]: 推論成功！出力形状: {'val_bn': tensor([[-0.5508,  0.3318,  0.7389,  ...,  0.9878,  0.7673,  4.0223],
        [-0.5508,  0.3318,  0.7389,  ...,  0.9878,  0.7673,  4.0223],
        [-0.5508,  0.3318,  0.7389,  ...,  0.9878,  0.7673,  4.0223],
        [-0.5508,  0.3318,  0.7389,  ...,  0.9878,  0.7673,  4.0223],
        [-0.5508,  0.3318,  0.7389,  ...,  0.9878,  0.7673,  4.0223]],
       device='cuda:0'), 'val_t': tensor([[-1.3794,  0.9924,  0.4283,  ...,  1.5213, -0.5490,  1.6833],
        [-1.3794,  0.9924,  0.4283,  ...,  1.5213, -0.5490,  1.6833],
        [-1.3794,  0.9924,  0.4283,  ...,  1.5213, -0.5490,  1.6833],
        [-1.3794,  0.9924,  0.4283,  ...,  1.5213, -0.5490,  1.6833],
        [-1.3794,  0.9924,  0.4283,  ...,  1.5213, -0.5490,  1.6833]],
       device='cuda:0')}
[INFO] [1750157341.996616335] [laser_data_loader]: 抽出された人物の点群数: 180
[INFO] [1750157341.997098093] [laser_data_loader]: モデル入力テンソルの形状: torch.Size([1, 30, 256, 3])
[INFO] [1750157342.030618341] [laser_data_loader]: 推論成功！出力形状: {'val_bn': tensor([[-0.9591,  0.2276,  0.5985,  ...,  1.4344,  0.6412,  3.6667],
        [-0.9591,  0.2276,  0.5985,  ...,  1.4344,  0.6412,  3.6667],
        [-0.9591,  0.2276,  0.5985,  ...,  1.4344,  0.6412,  3.6667],
        [-0.9591,  0.2276,  0.5985,  ...,  1.4344,  0.6412,  3.6667],
        [-0.9591,  0.2276,  0.5985,  ...,  1.4344,  0.6412,  3.6667]],
       device='cuda:0'), 'val_t': tensor([[-1.7493,  0.9366,  0.3763,  ...,  1.7757, -0.5803,  1.5787],
        [-1.7493,  0.9366,  0.3763,  ...,  1.7757, -0.5803,  1.5787],
        [-1.7493,  0.9366,  0.3763,  ...,  1.7757, -0.5803,  1.5787],
        [-1.7493,  0.9366,  0.3763,  ...,  1.7757, -0.5803,  1.5787],
        [-1.7493,  0.9366,  0.3763,  ...,  1.7757, -0.5803,  1.5787]],
       device='cuda:0')}
[INFO] [1750157342.031755543] [laser_data_loader]: 抽出された人物の点群数: 191
[INFO] [1750157342.032188450] [laser_data_loader]: モデル入力テンソルの形状: torch.Size([1, 30, 256, 3])
[INFO] [1750157342.065128426] [laser_data_loader]: 推論成功！出力形状: {'val_bn': tensor([[-1.2639,  1.5154,  0.1216,  ...,  1.5547,  0.3278,  2.1275],
        [-1.2639,  1.5154,  0.1216,  ...,  1.5547,  0.3278,  2.1275],
        [-1.2639,  1.5154,  0.1216,  ...,  1.5547,  0.3278,  2.1275],
        [-1.2639,  1.5154,  0.1216,  ...,  1.5547,  0.3278,  2.1275],
        [-1.2639,  1.5154,  0.1216,  ...,  1.5547,  0.3278,  2.1275]],
       device='cuda:0'), 'val_t': tensor([[-2.0254,  1.6250,  0.1997,  ...,  1.8442, -0.6583,  1.1262],
        [-2.0254,  1.6250,  0.1997,  ...,  1.8442, -0.6583,  1.1262],
        [-2.0254,  1.6250,  0.1997,  ...,  1.8442, -0.6583,  1.1262],
        [-2.0254,  1.6250,  0.1997,  ...,  1.8442, -0.6583,  1.1262],
        [-2.0254,  1.6250,  0.1997,  ...,  1.8442, -0.6583,  1.1262]],
       device='cuda:0')}
[INFO] [1750157342.066234174] [laser_data_loader]: 抽出された人物の点群数: 177
[INFO] [1750157342.066665399] [laser_data_loader]: モデル入力テンソルの形状: torch.Size([1, 30, 256, 3])
[INFO] [1750157342.100276722] [laser_data_loader]: 推論成功！出力形状: {'val_bn': tensor([[-1.8409,  1.8239, -0.6186,  ...,  1.6257,  0.7764,  2.3221],
        [-1.8409,  1.8239, -0.6186,  ...,  1.6257,  0.7764,  2.3221],
        [-1.8409,  1.8239, -0.6186,  ...,  1.6257,  0.7764,  2.3221],
        [-1.8409,  1.8239, -0.6186,  ...,  1.6257,  0.7764,  2.3221],
        [-1.8409,  1.8239, -0.6186,  ...,  1.6257,  0.7764,  2.3221]],
       device='cuda:0'), 'val_t': tensor([[-2.5482,  1.7900, -0.0745,  ...,  1.8847, -0.5467,  1.1834],
        [-2.5482,  1.7900, -0.0745,  ...,  1.8847, -0.5467,  1.1834],
        [-2.5482,  1.7900, -0.0745,  ...,  1.8847, -0.5467,  1.1834],
        [-2.5482,  1.7900, -0.0745,  ...,  1.8847, -0.5467,  1.1834],
        [-2.5482,  1.7900, -0.0745,  ...,  1.8847, -0.5467,  1.1834]],
       device='cuda:0')}
[INFO] [1750157342.101454573] [laser_data_loader]: 抽出された人物の点群数: 178
[INFO] [1750157342.101902167] [laser_data_loader]: モデル入力テンソルの形状: torch.Size([1, 30, 256, 3])
[INFO] [1750157342.135376184] [laser_data_loader]: 推論成功！出力形状: {'val_bn': tensor([[-1.7995,  1.7415,  0.0269,  ...,  1.7740,  1.5415,  2.6163],
        [-1.7995,  1.7415,  0.0269,  ...,  1.7740,  1.5415,  2.6163],
        [-1.7995,  1.7415,  0.0269,  ...,  1.7740,  1.5415,  2.6163],
        [-1.7995,  1.7415,  0.0269,  ...,  1.7740,  1.5415,  2.6163],
        [-1.7995,  1.7415,  0.0269,  ...,  1.7740,  1.5415,  2.6163]],
       device='cuda:0'), 'val_t': tensor([[-2.5107,  1.7459,  0.1646,  ...,  1.9692, -0.3564,  1.2699],
        [-2.5107,  1.7459,  0.1646,  ...,  1.9692, -0.3564,  1.2699],
        [-2.5107,  1.7459,  0.1646,  ...,  1.9692, -0.3564,  1.2699],
        [-2.5107,  1.7459,  0.1646,  ...,  1.9692, -0.3564,  1.2699],
        [-2.5107,  1.7459,  0.1646,  ...,  1.9692, -0.3564,  1.2699]],
       device='cuda:0')}
[INFO] [1750157342.136563969] [laser_data_loader]: 抽出された人物の点群数: 186
[INFO] [1750157342.137106279] [laser_data_loader]: モデル入力テンソルの形状: torch.Size([1, 30, 256, 3])
[INFO] [1750157342.169300147] [laser_data_loader]: 推論成功！出力形状: {'val_bn': tensor([[-2.1047,  1.6707,  0.0097,  ...,  1.8004,  1.1807,  2.2094],
        [-2.1047,  1.6707,  0.0097,  ...,  1.8004,  1.1807,  2.2094],
        [-2.1047,  1.6707,  0.0097,  ...,  1.8004,  1.1807,  2.2094],
        [-2.1047,  1.6707,  0.0097,  ...,  1.8004,  1.1807,  2.2094],
        [-2.1047,  1.6707,  0.0097,  ...,  1.8004,  1.1807,  2.2094]],
       device='cuda:0'), 'val_t': tensor([[-2.7872,  1.7080,  0.1582,  ...,  1.9842, -0.4462,  1.1503],
        [-2.7872,  1.7080,  0.1582,  ...,  1.9842, -0.4462,  1.1503],
        [-2.7872,  1.7080,  0.1582,  ...,  1.9842, -0.4462,  1.1503],
        [-2.7872,  1.7080,  0.1582,  ...,  1.9842, -0.4462,  1.1503],
        [-2.7872,  1.7080,  0.1582,  ...,  1.9842, -0.4462,  1.1503]],
       device='cuda:0')}
[INFO] [1750157342.170456437] [laser_data_loader]: 抽出された人物の点群数: 177
[INFO] [1750157342.170897542] [laser_data_loader]: モデル入力テンソルの形状: torch.Size([1, 30, 256, 3])
[INFO] [1750157342.203036311] [laser_data_loader]: 推論成功！出力形状: {'val_bn': tensor([[-0.1991,  0.0279,  0.8784,  ...,  0.9749,  0.2983,  3.7994],
        [-0.1991,  0.0279,  0.8784,  ...,  0.9749,  0.2983,  3.7994],
        [-0.1991,  0.0279,  0.8784,  ...,  0.9749,  0.2983,  3.7994],
        [-0.1991,  0.0279,  0.8784,  ...,  0.9749,  0.2983,  3.7994],
        [-0.1991,  0.0279,  0.8784,  ...,  0.9749,  0.2983,  3.7994]],
       device='cuda:0'), 'val_t': tensor([[-1.0608,  0.8299,  0.4800,  ...,  1.5139, -0.6656,  1.6178],
        [-1.0608,  0.8299,  0.4800,  ...,  1.5139, -0.6656,  1.6178],
        [-1.0608,  0.8299,  0.4800,  ...,  1.5139, -0.6656,  1.6178],
        [-1.0608,  0.8299,  0.4800,  ...,  1.5139, -0.6656,  1.6178],
        [-1.0608,  0.8299,  0.4800,  ...,  1.5139, -0.6656,  1.6178]],
       device='cuda:0')}
[INFO] [1750157342.204182484] [laser_data_loader]: 抽出された人物の点群数: 183
[INFO] [1750157342.204624861] [laser_data_loader]: モデル入力テンソルの形状: torch.Size([1, 30, 256, 3])
[INFO] [1750157342.236944893] [laser_data_loader]: 推論成功！出力形状: {'val_bn': tensor([[-0.5012,  0.2166,  0.7007,  ...,  0.9469,  0.5829,  3.7647],
        [-0.5012,  0.2166,  0.7007,  ...,  0.9469,  0.5829,  3.7647],
        [-0.5012,  0.2166,  0.7007,  ...,  0.9469,  0.5829,  3.7647],
        [-0.5012,  0.2166,  0.7007,  ...,  0.9469,  0.5829,  3.7647],
        [-0.5012,  0.2166,  0.7007,  ...,  0.9469,  0.5829,  3.7647]],
       device='cuda:0'), 'val_t': tensor([[-1.3345,  0.9307,  0.4142,  ...,  1.4980, -0.5948,  1.6076],
        [-1.3345,  0.9307,  0.4142,  ...,  1.4980, -0.5948,  1.6076],
        [-1.3345,  0.9307,  0.4142,  ...,  1.4980, -0.5948,  1.6076],
        [-1.3345,  0.9307,  0.4142,  ...,  1.4980, -0.5948,  1.6076],
        [-1.3345,  0.9307,  0.4142,  ...,  1.4980, -0.5948,  1.6076]],
       device='cuda:0')}
[INFO] [1750157342.238105381] [laser_data_loader]: 抽出された人物の点群数: 179
[INFO] [1750157342.238563974] [laser_data_loader]: モデル入力テンソルの形状: torch.Size([1, 30, 256, 3])
[INFO] [1750157342.270884647] [laser_data_loader]: 推論成功！出力形状: {'val_bn': tensor([[-0.9888,  0.1525,  0.2979,  ...,  1.1751,  0.6573,  3.7458],
        [-0.9888,  0.1525,  0.2979,  ...,  1.1751,  0.6573,  3.7458],
        [-0.9888,  0.1525,  0.2979,  ...,  1.1751,  0.6573,  3.7458],
        [-0.9888,  0.1525,  0.2979,  ...,  1.1751,  0.6573,  3.7458],
        [-0.9888,  0.1525,  0.2979,  ...,  1.1751,  0.6573,  3.7458]],
       device='cuda:0'), 'val_t': tensor([[-1.7763,  0.8965,  0.2650,  ...,  1.6280, -0.5763,  1.6020],
        [-1.7763,  0.8965,  0.2650,  ...,  1.6280, -0.5763,  1.6020],
        [-1.7763,  0.8965,  0.2650,  ...,  1.6280, -0.5763,  1.6020],
        [-1.7763,  0.8965,  0.2650,  ...,  1.6280, -0.5763,  1.6020],
        [-1.7763,  0.8965,  0.2650,  ...,  1.6280, -0.5763,  1.6020]],
       device='cuda:0')}
[INFO] [1750157342.271994113] [laser_data_loader]: 抽出された人物の点群数: 183
[INFO] [1750157342.272421587] [laser_data_loader]: モデル入力テンソルの形状: torch.Size([1, 30, 256, 3])
[INFO] [1750157342.304441809] [laser_data_loader]: 推論成功！出力形状: {'val_bn': tensor([[-0.4612,  0.0241,  0.4088,  ...,  1.0578,  0.5380,  3.7720],
        [-0.4612,  0.0241,  0.4088,  ...,  1.0578,  0.5380,  3.7720],
        [-0.4612,  0.0241,  0.4088,  ...,  1.0578,  0.5380,  3.7720],
        [-0.4612,  0.0241,  0.4088,  ...,  1.0578,  0.5380,  3.7720],
        [-0.4612,  0.0241,  0.4088,  ...,  1.0578,  0.5380,  3.7720]],
       device='cuda:0'), 'val_t': tensor([[-1.2982,  0.8278,  0.3060,  ...,  1.5612, -0.6060,  1.6097],
        [-1.2982,  0.8278,  0.3060,  ...,  1.5612, -0.6060,  1.6097],
        [-1.2982,  0.8278,  0.3060,  ...,  1.5612, -0.6060,  1.6097],
        [-1.2982,  0.8278,  0.3060,  ...,  1.5612, -0.6060,  1.6097],
        [-1.2982,  0.8278,  0.3060,  ...,  1.5612, -0.6060,  1.6097]],
       device='cuda:0')}
[INFO] [1750157342.305601557] [laser_data_loader]: 抽出された人物の点群数: 181
[INFO] [1750157342.306032259] [laser_data_loader]: モデル入力テンソルの形状: torch.Size([1, 30, 256, 3])
[INFO] [1750157342.337890658] [laser_data_loader]: 推論成功！出力形状: {'val_bn': tensor([[-0.7367,  0.3815,  0.6499,  ...,  1.1191,  0.8642,  3.7930],
        [-0.7367,  0.3815,  0.6499,  ...,  1.1191,  0.8642,  3.7930],
        [-0.7367,  0.3815,  0.6499,  ...,  1.1191,  0.8642,  3.7930],
        [-0.7367,  0.3815,  0.6499,  ...,  1.1191,  0.8642,  3.7930],
        [-0.7367,  0.3815,  0.6499,  ...,  1.1191,  0.8642,  3.7930]],
       device='cuda:0'), 'val_t': tensor([[-1.5478,  1.0189,  0.3953,  ...,  1.5961, -0.5249,  1.6159],
        [-1.5478,  1.0189,  0.3953,  ...,  1.5961, -0.5249,  1.6159],
        [-1.5478,  1.0189,  0.3953,  ...,  1.5961, -0.5249,  1.6159],
        [-1.5478,  1.0189,  0.3953,  ...,  1.5961, -0.5249,  1.6159],
        [-1.5478,  1.0189,  0.3953,  ...,  1.5961, -0.5249,  1.6159]],
       device='cuda:0')}
[INFO] [1750157342.339029752] [laser_data_loader]: 抽出された人物の点群数: 179
[INFO] [1750157342.339462257] [laser_data_loader]: モデル入力テンソルの形状: torch.Size([1, 30, 256, 3])
[INFO] [1750157342.371290923] [laser_data_loader]: 推論成功！出力形状: {'val_bn': tensor([[-1.6326,  1.4242,  0.0645,  ...,  1.6063,  0.6918,  2.3546],
        [-1.6326,  1.4242,  0.0645,  ...,  1.6063,  0.6918,  2.3546],
        [-1.6326,  1.4242,  0.0645,  ...,  1.6063,  0.6918,  2.3546],
        [-1.6326,  1.4242,  0.0645,  ...,  1.6063,  0.6918,  2.3546],
        [-1.6326,  1.4242,  0.0645,  ...,  1.6063,  0.6918,  2.3546]],
       device='cuda:0'), 'val_t': tensor([[-2.3595,  1.5763,  0.1786,  ...,  1.8737, -0.5678,  1.1929],
        [-2.3595,  1.5763,  0.1786,  ...,  1.8737, -0.5678,  1.1929],
        [-2.3595,  1.5763,  0.1786,  ...,  1.8737, -0.5678,  1.1929],
        [-2.3595,  1.5763,  0.1786,  ...,  1.8737, -0.5678,  1.1929],
        [-2.3595,  1.5763,  0.1786,  ...,  1.8737, -0.5678,  1.1929]],
       device='cuda:0')}
[INFO] [1750157342.372419197] [laser_data_loader]: 抽出された人物の点群数: 182
[INFO] [1750157342.372855051] [laser_data_loader]: モデル入力テンソルの形状: torch.Size([1, 30, 256, 3])
[INFO] [1750157342.404708804] [laser_data_loader]: 推論成功！出力形状: {'val_bn': tensor([[-0.6391, -0.1354,  0.8447,  ...,  1.4232,  0.3166,  3.7963],
        [-0.6391, -0.1354,  0.8447,  ...,  1.4232,  0.3166,  3.7963],
        [-0.6391, -0.1354,  0.8447,  ...,  1.4232,  0.3166,  3.7963],
        [-0.6391, -0.1354,  0.8447,  ...,  1.4232,  0.3166,  3.7963],
        [-0.6391, -0.1354,  0.8447,  ...,  1.4232,  0.3166,  3.7963]],
       device='cuda:0'), 'val_t': tensor([[-1.4594,  0.7426,  0.4675,  ...,  1.7693, -0.6611,  1.6168],
        [-1.4594,  0.7426,  0.4675,  ...,  1.7693, -0.6611,  1.6168],
        [-1.4594,  0.7426,  0.4675,  ...,  1.7693, -0.6611,  1.6168],
        [-1.4594,  0.7426,  0.4675,  ...,  1.7693, -0.6611,  1.6168],
        [-1.4594,  0.7426,  0.4675,  ...,  1.7693, -0.6611,  1.6168]],
       device='cuda:0')}
[INFO] [1750157342.405833800] [laser_data_loader]: 抽出された人物の点群数: 172
[INFO] [1750157342.406269061] [laser_data_loader]: モデル入力テンソルの形状: torch.Size([1, 30, 256, 3])
[INFO] [1750157342.438167616] [laser_data_loader]: 推論成功！出力形状: {'val_bn': tensor([[-0.7906,  0.2322,  0.5699,  ...,  1.2572,  0.5957,  3.6211],
        [-0.7906,  0.2322,  0.5699,  ...,  1.2572,  0.5957,  3.6211],
        [-0.7906,  0.2322,  0.5699,  ...,  1.2572,  0.5957,  3.6211],
        [-0.7906,  0.2322,  0.5699,  ...,  1.2572,  0.5957,  3.6211],
        [-0.7906,  0.2322,  0.5699,  ...,  1.2572,  0.5957,  3.6211]],
       device='cuda:0'), 'val_t': tensor([[-1.5967,  0.9391,  0.3657,  ...,  1.6748, -0.5916,  1.5654],
        [-1.5967,  0.9391,  0.3657,  ...,  1.6748, -0.5916,  1.5654],
        [-1.5967,  0.9391,  0.3657,  ...,  1.6748, -0.5916,  1.5654],
        [-1.5967,  0.9391,  0.3657,  ...,  1.6748, -0.5916,  1.5654],
        [-1.5967,  0.9391,  0.3657,  ...,  1.6748, -0.5916,  1.5654]],
       device='cuda:0')}
[INFO] [1750157342.489165933] [laser_data_loader]: 抽出された人物の点群数: 176
[INFO] [1750157342.489736064] [laser_data_loader]: モデル入力テンソルの形状: torch.Size([1, 30, 256, 3])
[INFO] [1750157342.523241959] [laser_data_loader]: 推論成功！出力形状: {'val_bn': tensor([[-0.9898,  0.3535,  0.5385,  ...,  1.0895,  0.9495,  3.7913],
        [-0.9898,  0.3535,  0.5385,  ...,  1.0895,  0.9495,  3.7913],
        [-0.9898,  0.3535,  0.5385,  ...,  1.0895,  0.9495,  3.7913],
        [-0.9898,  0.3535,  0.5385,  ...,  1.0895,  0.9495,  3.7913],
        [-0.9898,  0.3535,  0.5385,  ...,  1.0895,  0.9495,  3.7913]],
       device='cuda:0'), 'val_t': tensor([[-1.7772,  1.0039,  0.3541,  ...,  1.5792, -0.5037,  1.6154],
        [-1.7772,  1.0039,  0.3541,  ...,  1.5792, -0.5037,  1.6154],
        [-1.7772,  1.0039,  0.3541,  ...,  1.5792, -0.5037,  1.6154],
        [-1.7772,  1.0039,  0.3541,  ...,  1.5792, -0.5037,  1.6154],
        [-1.7772,  1.0039,  0.3541,  ...,  1.5792, -0.5037,  1.6154]],
       device='cuda:0')}
[INFO] [1750157342.587460882] [laser_data_loader]: 抽出された人物の点群数: 175
[INFO] [1750157342.588227227] [laser_data_loader]: モデル入力テンソルの形状: torch.Size([1, 30, 256, 3])
[INFO] [1750157342.622989659] [laser_data_loader]: 推論成功！出力形状: {'val_bn': tensor([[-1.2673,  0.2278,  0.6645,  ...,  1.5610,  0.9487,  3.3997],
        [-1.2673,  0.2278,  0.6645,  ...,  1.5610,  0.9487,  3.3997],
        [-1.2673,  0.2278,  0.6645,  ...,  1.5610,  0.9487,  3.3997],
        [-1.2673,  0.2278,  0.6645,  ...,  1.5610,  0.9487,  3.3997],
        [-1.2673,  0.2278,  0.6645,  ...,  1.5610,  0.9487,  3.3997]],
       device='cuda:0'), 'val_t': tensor([[-2.0286,  0.9367,  0.4007,  ...,  1.8478, -0.5039,  1.5002],
        [-2.0286,  0.9367,  0.4007,  ...,  1.8478, -0.5039,  1.5002],
        [-2.0286,  0.9367,  0.4007,  ...,  1.8478, -0.5039,  1.5002],
        [-2.0286,  0.9367,  0.4007,  ...,  1.8478, -0.5039,  1.5002],
        [-2.0286,  0.9367,  0.4007,  ...,  1.8478, -0.5039,  1.5002]],
       device='cuda:0')}
[INFO] [1750157342.689968187] [laser_data_loader]: 抽出された人物の点群数: 180
[INFO] [1750157342.691989569] [laser_data_loader]: モデル入力テンソルの形状: torch.Size([1, 30, 256, 3])
[INFO] [1750157342.737238263] [laser_data_loader]: 推論成功！出力形状: {'val_bn': tensor([[-0.5720,  0.2790,  0.7572,  ...,  1.2295,  0.5585,  3.8327],
        [-0.5720,  0.2790,  0.7572,  ...,  1.2295,  0.5585,  3.8327],
        [-0.5720,  0.2790,  0.7572,  ...,  1.2295,  0.5585,  3.8327],
        [-0.5720,  0.2790,  0.7572,  ...,  1.2295,  0.5585,  3.8327],
        [-0.5720,  0.2790,  0.7572,  ...,  1.2295,  0.5585,  3.8327]],
       device='cuda:0'), 'val_t': tensor([[-1.3986,  0.9641,  0.4351,  ...,  1.6590, -0.6009,  1.6276],
        [-1.3986,  0.9641,  0.4351,  ...,  1.6590, -0.6009,  1.6276],
        [-1.3986,  0.9641,  0.4351,  ...,  1.6590, -0.6009,  1.6276],
        [-1.3986,  0.9641,  0.4351,  ...,  1.6590, -0.6009,  1.6276],
        [-1.3986,  0.9641,  0.4351,  ...,  1.6590, -0.6009,  1.6276]],
       device='cuda:0')}
[INFO] [1750157342.790770399] [laser_data_loader]: 抽出された人物の点群数: 165
[INFO] [1750157342.792043035] [laser_data_loader]: モデル入力テンソルの形状: torch.Size([1, 30, 256, 3])
[INFO] [1750157342.829147386] [laser_data_loader]: 推論成功！出力形状: {'val_bn': tensor([[-1.3386,  0.2759,  0.5564,  ...,  1.3875,  1.0201,  3.3082],
        [-1.3386,  0.2759,  0.5564,  ...,  1.3875,  1.0201,  3.3082],
        [-1.3386,  0.2759,  0.5564,  ...,  1.3875,  1.0201,  3.3082],
        [-1.3386,  0.2759,  0.5564,  ...,  1.3875,  1.0201,  3.3082],
        [-1.3386,  0.2759,  0.5564,  ...,  1.3875,  1.0201,  3.3082]],
       device='cuda:0'), 'val_t': tensor([[-2.0931,  0.9625,  0.3607,  ...,  1.7490, -0.4861,  1.4733],
        [-2.0931,  0.9625,  0.3607,  ...,  1.7490, -0.4861,  1.4733],
        [-2.0931,  0.9625,  0.3607,  ...,  1.7490, -0.4861,  1.4733],
        [-2.0931,  0.9625,  0.3607,  ...,  1.7490, -0.4861,  1.4733],
        [-2.0931,  0.9625,  0.3607,  ...,  1.7490, -0.4861,  1.4733]],
       device='cuda:0')}
[INFO] [1750157342.891219411] [laser_data_loader]: 抽出された人物の点群数: 183
[INFO] [1750157342.892614345] [laser_data_loader]: モデル入力テンソルの形状: torch.Size([1, 30, 256, 3])
[INFO] [1750157342.932427873] [laser_data_loader]: 推論成功！出力形状: {'val_bn': tensor([[-1.8928,  1.7081,  0.1951,  ...,  1.7480,  0.8002,  2.0599],
        [-1.8928,  1.7081,  0.1951,  ...,  1.7480,  0.8002,  2.0599],
        [-1.8928,  1.7081,  0.1951,  ...,  1.7480,  0.8002,  2.0599],
        [-1.8928,  1.7081,  0.1951,  ...,  1.7480,  0.8002,  2.0599],
        [-1.8928,  1.7081,  0.1951,  ...,  1.7480,  0.8002,  2.0599]],
       device='cuda:0'), 'val_t': tensor([[-2.5953,  1.7280,  0.2269,  ...,  1.9544, -0.5408,  1.1063],
        [-2.5953,  1.7280,  0.2269,  ...,  1.9544, -0.5408,  1.1063],
        [-2.5953,  1.7280,  0.2269,  ...,  1.9544, -0.5408,  1.1063],
        [-2.5953,  1.7280,  0.2269,  ...,  1.9544, -0.5408,  1.1063],
        [-2.5953,  1.7280,  0.2269,  ...,  1.9544, -0.5408,  1.1063]],
       device='cuda:0')}
[INFO] [1750157342.992912028] [laser_data_loader]: 抽出された人物の点群数: 207
[INFO] [1750157342.995093731] [laser_data_loader]: モデル入力テンソルの形状: torch.Size([1, 30, 256, 3])
[INFO] [1750157343.040020169] [laser_data_loader]: 推論成功！出力形状: {'val_bn': tensor([[0.2456, 0.0469, 0.4428,  ..., 0.4441, 0.0481, 3.6966],
        [0.2456, 0.0469, 0.4428,  ..., 0.4441, 0.0481, 3.6966],
        [0.2456, 0.0469, 0.4428,  ..., 0.4441, 0.0481, 3.6966],
        [0.2456, 0.0469, 0.4428,  ..., 0.4441, 0.0481, 3.6966],
        [0.2456, 0.0469, 0.4428,  ..., 0.4441, 0.0481, 3.6966]],
       device='cuda:0'), 'val_t': tensor([[-0.6579,  0.8400,  0.3186,  ...,  1.2116, -0.7278,  1.5875],
        [-0.6579,  0.8400,  0.3186,  ...,  1.2116, -0.7278,  1.5875],
        [-0.6579,  0.8400,  0.3186,  ...,  1.2116, -0.7278,  1.5875],
        [-0.6579,  0.8400,  0.3186,  ...,  1.2116, -0.7278,  1.5875],
        [-0.6579,  0.8400,  0.3186,  ...,  1.2116, -0.7278,  1.5875]],
       device='cuda:0')}
[INFO] [1750157343.090520922] [laser_data_loader]: 抽出された人物の点群数: 178
[INFO] [1750157343.091617155] [laser_data_loader]: モデル入力テンソルの形状: torch.Size([1, 30, 256, 3])
[INFO] [1750157343.126523843] [laser_data_loader]: 推論成功！出力形状: {'val_bn': tensor([[-0.7573,  0.1698,  0.5569,  ...,  1.0429,  0.6380,  3.5793],
        [-0.7573,  0.1698,  0.5569,  ...,  1.0429,  0.6380,  3.5793],
        [-0.7573,  0.1698,  0.5569,  ...,  1.0429,  0.6380,  3.5793],
        [-0.7573,  0.1698,  0.5569,  ...,  1.0429,  0.6380,  3.5793],
        [-0.7573,  0.1698,  0.5569,  ...,  1.0429,  0.6380,  3.5793]],
       device='cuda:0'), 'val_t': tensor([[-1.5665,  0.9057,  0.3609,  ...,  1.5527, -0.5811,  1.5531],
        [-1.5665,  0.9057,  0.3609,  ...,  1.5527, -0.5811,  1.5531],
        [-1.5665,  0.9057,  0.3609,  ...,  1.5527, -0.5811,  1.5531],
        [-1.5665,  0.9057,  0.3609,  ...,  1.5527, -0.5811,  1.5531],
        [-1.5665,  0.9057,  0.3609,  ...,  1.5527, -0.5811,  1.5531]],
       device='cuda:0')}
[INFO] [1750157343.186506909] [laser_data_loader]: 抽出された人物の点群数: 166
[INFO] [1750157343.187005910] [laser_data_loader]: モデル入力テンソルの形状: torch.Size([1, 30, 256, 3])
[INFO] [1750157343.219091907] [laser_data_loader]: 推論成功！出力形状: {'val_bn': tensor([[-1.4671,  1.5780,  0.2548,  ...,  1.6572,  0.3940,  2.4027],
        [-1.4671,  1.5780,  0.2548,  ...,  1.6572,  0.3940,  2.4027],
        [-1.4671,  1.5780,  0.2548,  ...,  1.6572,  0.3940,  2.4027],
        [-1.4671,  1.5780,  0.2548,  ...,  1.6572,  0.3940,  2.4027],
        [-1.4671,  1.5780,  0.2548,  ...,  1.6572,  0.3940,  2.4027]],
       device='cuda:0'), 'val_t': tensor([[-2.2095,  1.6585,  0.2490,  ...,  1.9027, -0.6418,  1.2071],
        [-2.2095,  1.6585,  0.2490,  ...,  1.9027, -0.6418,  1.2071],
        [-2.2095,  1.6585,  0.2490,  ...,  1.9027, -0.6418,  1.2071],
        [-2.2095,  1.6585,  0.2490,  ...,  1.9027, -0.6418,  1.2071],
        [-2.2095,  1.6585,  0.2490,  ...,  1.9027, -0.6418,  1.2071]],
       device='cuda:0')}
[INFO] [1750157343.295002227] [laser_data_loader]: 抽出された人物の点群数: 187
[INFO] [1750157343.297658643] [laser_data_loader]: モデル入力テンソルの形状: torch.Size([1, 30, 256, 3])
[INFO] [1750157343.341542609] [laser_data_loader]: 推論成功！出力形状: {'val_bn': tensor([[-0.7971,  0.2785,  0.9005,  ...,  1.1580,  0.3156,  3.6310],
        [-0.7971,  0.2785,  0.9005,  ...,  1.1580,  0.3156,  3.6310],
        [-0.7971,  0.2785,  0.9005,  ...,  1.1580,  0.3156,  3.6310],
        [-0.7971,  0.2785,  0.9005,  ...,  1.1580,  0.3156,  3.6310],
        [-0.7971,  0.2785,  0.9005,  ...,  1.1580,  0.3156,  3.6310]],
       device='cuda:0'), 'val_t': tensor([[-1.6026,  0.9638,  0.4881,  ...,  1.6182, -0.6613,  1.5682],
        [-1.6026,  0.9638,  0.4881,  ...,  1.6182, -0.6613,  1.5682],
        [-1.6026,  0.9638,  0.4881,  ...,  1.6182, -0.6613,  1.5682],
        [-1.6026,  0.9638,  0.4881,  ...,  1.6182, -0.6613,  1.5682],
        [-1.6026,  0.9638,  0.4881,  ...,  1.6182, -0.6613,  1.5682]],
       device='cuda:0')}
[INFO] [1750157343.389983154] [laser_data_loader]: 抽出された人物の点群数: 186
[INFO] [1750157343.390486800] [laser_data_loader]: モデル入力テンソルの形状: torch.Size([1, 30, 256, 3])
[INFO] [1750157343.423291880] [laser_data_loader]: 推論成功！出力形状: {'val_bn': tensor([[-0.5331,  0.2627,  0.4933,  ...,  1.0217,  0.3429,  3.6325],
        [-0.5331,  0.2627,  0.4933,  ...,  1.0217,  0.3429,  3.6325],
        [-0.5331,  0.2627,  0.4933,  ...,  1.0217,  0.3429,  3.6325],
        [-0.5331,  0.2627,  0.4933,  ...,  1.0217,  0.3429,  3.6325],
        [-0.5331,  0.2627,  0.4933,  ...,  1.0217,  0.3429,  3.6325]],
       device='cuda:0'), 'val_t': tensor([[-1.3634,  0.9554,  0.3373,  ...,  1.5406, -0.6545,  1.5687],
        [-1.3634,  0.9554,  0.3373,  ...,  1.5406, -0.6545,  1.5687],
        [-1.3634,  0.9554,  0.3373,  ...,  1.5406, -0.6545,  1.5687],
        [-1.3634,  0.9554,  0.3373,  ...,  1.5406, -0.6545,  1.5687],
        [-1.3634,  0.9554,  0.3373,  ...,  1.5406, -0.6545,  1.5687]],
       device='cuda:0')}
[INFO] [1750157343.489991456] [laser_data_loader]: 抽出された人物の点群数: 171
[INFO] [1750157343.490854192] [laser_data_loader]: モデル入力テンソルの形状: torch.Size([1, 30, 256, 3])
[INFO] [1750157343.527197964] [laser_data_loader]: 推論成功！出力形状: {'val_bn': tensor([[-2.4811,  1.9319, -0.4242,  ...,  1.7132,  1.0248,  2.0598],
        [-2.4811,  1.9319, -0.4242,  ...,  1.7132,  1.0248,  2.0598],
        [-2.4811,  1.9319, -0.4242,  ...,  1.7132,  1.0248,  2.0598],
        [-2.4811,  1.9319, -0.4242,  ...,  1.7132,  1.0248,  2.0598],
        [-2.4811,  1.9319, -0.4242,  ...,  1.7132,  1.0248,  2.0598]],
       device='cuda:0'), 'val_t': tensor([[-3.1282e+00,  1.8476e+00, -2.4502e-03,  ...,  1.9346e+00,
         -4.8493e-01,  1.1063e+00],
        [-3.1282e+00,  1.8476e+00, -2.4502e-03,  ...,  1.9346e+00,
         -4.8493e-01,  1.1063e+00],
        [-3.1282e+00,  1.8476e+00, -2.4502e-03,  ...,  1.9346e+00,
         -4.8493e-01,  1.1063e+00],
        [-3.1282e+00,  1.8476e+00, -2.4502e-03,  ...,  1.9346e+00,
         -4.8493e-01,  1.1063e+00],
        [-3.1282e+00,  1.8476e+00, -2.4502e-03,  ...,  1.9346e+00,
         -4.8493e-01,  1.1063e+00]], device='cuda:0')}
[INFO] [1750157343.593987738] [laser_data_loader]: 抽出された人物の点群数: 175
[INFO] [1750157343.596537920] [laser_data_loader]: モデル入力テンソルの形状: torch.Size([1, 30, 256, 3])
[INFO] [1750157343.641340497] [laser_data_loader]: 推論成功！出力形状: {'val_bn': tensor([[-1.2145,  1.3884, -0.0369,  ...,  1.5810, -0.1887,  2.1962],
        [-1.2145,  1.3884, -0.0369,  ...,  1.5810, -0.1887,  2.1962],
        [-1.2145,  1.3884, -0.0369,  ...,  1.5810, -0.1887,  2.1962],
        [-1.2145,  1.3884, -0.0369,  ...,  1.5810, -0.1887,  2.1962],
        [-1.2145,  1.3884, -0.0369,  ...,  1.5810, -0.1887,  2.1962]],
       device='cuda:0'), 'val_t': tensor([[-1.9807,  1.5572,  0.1410,  ...,  1.8592, -0.7867,  1.1464],
        [-1.9807,  1.5572,  0.1410,  ...,  1.8592, -0.7867,  1.1464],
        [-1.9807,  1.5572,  0.1410,  ...,  1.8592, -0.7867,  1.1464],
        [-1.9807,  1.5572,  0.1410,  ...,  1.8592, -0.7867,  1.1464],
        [-1.9807,  1.5572,  0.1410,  ...,  1.8592, -0.7867,  1.1464]],
       device='cuda:0')}
[INFO] [1750157343.687913482] [laser_data_loader]: 抽出された人物の点群数: 180
[INFO] [1750157343.688379108] [laser_data_loader]: モデル入力テンソルの形状: torch.Size([1, 30, 256, 3])
[INFO] [1750157343.720864368] [laser_data_loader]: 推論成功！出力形状: {'val_bn': tensor([[-0.7394,  0.2966,  0.6136,  ...,  1.0681,  0.7075,  3.7186],
        [-0.7394,  0.2966,  0.6136,  ...,  1.0681,  0.7075,  3.7186],
        [-0.7394,  0.2966,  0.6136,  ...,  1.0681,  0.7075,  3.7186],
        [-0.7394,  0.2966,  0.6136,  ...,  1.0681,  0.7075,  3.7186],
        [-0.7394,  0.2966,  0.6136,  ...,  1.0681,  0.7075,  3.7186]],
       device='cuda:0'), 'val_t': tensor([[-1.5502,  0.9735,  0.3819,  ...,  1.5670, -0.5639,  1.5940],
        [-1.5502,  0.9735,  0.3819,  ...,  1.5670, -0.5639,  1.5940],
        [-1.5502,  0.9735,  0.3819,  ...,  1.5670, -0.5639,  1.5940],
        [-1.5502,  0.9735,  0.3819,  ...,  1.5670, -0.5639,  1.5940],
        [-1.5502,  0.9735,  0.3819,  ...,  1.5670, -0.5639,  1.5940]],
       device='cuda:0')}
[INFO] [1750157343.789197710] [laser_data_loader]: 抽出された人物の点群数: 179
[INFO] [1750157343.789819710] [laser_data_loader]: モデル入力テンソルの形状: torch.Size([1, 30, 256, 3])
[INFO] [1750157343.823799675] [laser_data_loader]: 推論成功！出力形状: {'val_bn': tensor([[-0.4985,  0.3508,  0.8231,  ...,  0.8986,  0.4215,  3.5026],
        [-0.4985,  0.3508,  0.8231,  ...,  0.8986,  0.4215,  3.5026],
        [-0.4985,  0.3508,  0.8231,  ...,  0.8986,  0.4215,  3.5026],
        [-0.4985,  0.3508,  0.8231,  ...,  0.8986,  0.4215,  3.5026],
        [-0.4985,  0.3508,  0.8231,  ...,  0.8986,  0.4215,  3.5026]],
       device='cuda:0'), 'val_t': tensor([[-1.3320,  1.0025,  0.4595,  ...,  1.4705, -0.6350,  1.5305],
        [-1.3320,  1.0025,  0.4595,  ...,  1.4705, -0.6350,  1.5305],
        [-1.3320,  1.0025,  0.4595,  ...,  1.4705, -0.6350,  1.5305],
        [-1.3320,  1.0025,  0.4595,  ...,  1.4705, -0.6350,  1.5305],
        [-1.3320,  1.0025,  0.4595,  ...,  1.4705, -0.6350,  1.5305]],
       device='cuda:0')}
[INFO] [1750157343.892310576] [laser_data_loader]: 抽出された人物の点群数: 198
[INFO] [1750157343.894053400] [laser_data_loader]: モデル入力テンソルの形状: torch.Size([1, 30, 256, 3])
[INFO] [1750157343.927025698] [laser_data_loader]: 推論成功！出力形状: {'val_bn': tensor([[-1.6292,  1.4809, -0.2076,  ...,  1.5778,  0.7440,  2.6389],
        [-1.6292,  1.4809, -0.2076,  ...,  1.5778,  0.7440,  2.6389],
        [-1.6292,  1.4809, -0.2076,  ...,  1.5778,  0.7440,  2.6389],
        [-1.6292,  1.4809, -0.2076,  ...,  1.5778,  0.7440,  2.6389],
        [-1.6292,  1.4809, -0.2076,  ...,  1.5778,  0.7440,  2.6389]],
       device='cuda:0'), 'val_t': tensor([[-2.3564,  1.6066,  0.0778,  ...,  1.8574, -0.5548,  1.2765],
        [-2.3564,  1.6066,  0.0778,  ...,  1.8574, -0.5548,  1.2765],
        [-2.3564,  1.6066,  0.0778,  ...,  1.8574, -0.5548,  1.2765],
        [-2.3564,  1.6066,  0.0778,  ...,  1.8574, -0.5548,  1.2765],
        [-2.3564,  1.6066,  0.0778,  ...,  1.8574, -0.5548,  1.2765]],
       device='cuda:0')}
[INFO] [1750157343.990004819] [laser_data_loader]: 抽出された人物の点群数: 178
[INFO] [1750157343.990868108] [laser_data_loader]: モデル入力テンソルの形状: torch.Size([1, 30, 256, 3])
[INFO] [1750157344.026724770] [laser_data_loader]: 推論成功！出力形状: {'val_bn': tensor([[-1.0583,  0.1542,  0.2471,  ...,  1.2355,  0.7167,  3.5290],
        [-1.0583,  0.1542,  0.2471,  ...,  1.2355,  0.7167,  3.5290],
        [-1.0583,  0.1542,  0.2471,  ...,  1.2355,  0.7167,  3.5290],
        [-1.0583,  0.1542,  0.2471,  ...,  1.2355,  0.7167,  3.5290],
        [-1.0583,  0.1542,  0.2471,  ...,  1.2355,  0.7167,  3.5290]],
       device='cuda:0'), 'val_t': tensor([[-1.8392,  0.8974,  0.2462,  ...,  1.6624, -0.5616,  1.5383],
        [-1.8392,  0.8974,  0.2462,  ...,  1.6624, -0.5616,  1.5383],
        [-1.8392,  0.8974,  0.2462,  ...,  1.6624, -0.5616,  1.5383],
        [-1.8392,  0.8974,  0.2462,  ...,  1.6624, -0.5616,  1.5383],
        [-1.8392,  0.8974,  0.2462,  ...,  1.6624, -0.5616,  1.5383]],
       device='cuda:0')}
[INFO] [1750157344.093672528] [laser_data_loader]: 抽出された人物の点群数: 178
[INFO] [1750157344.096117129] [laser_data_loader]: モデル入力テンソルの形状: torch.Size([1, 30, 256, 3])
[INFO] [1750157344.140554513] [laser_data_loader]: 推論成功！出力形状: {'val_bn': tensor([[-1.6336,  1.6458, -0.1602,  ...,  1.6925,  1.2174,  2.4234],
        [-1.6336,  1.6458, -0.1602,  ...,  1.6925,  1.2174,  2.4234],
        [-1.6336,  1.6458, -0.1602,  ...,  1.6925,  1.2174,  2.4234],
        [-1.6336,  1.6458, -0.1602,  ...,  1.6925,  1.2174,  2.4234],
        [-1.6336,  1.6458, -0.1602,  ...,  1.6925,  1.2174,  2.4234]],
       device='cuda:0'), 'val_t': tensor([[-2.3604,  1.6947,  0.0953,  ...,  1.9227, -0.4370,  1.2132],
        [-2.3604,  1.6947,  0.0953,  ...,  1.9227, -0.4370,  1.2132],
        [-2.3604,  1.6947,  0.0953,  ...,  1.9227, -0.4370,  1.2132],
        [-2.3604,  1.6947,  0.0953,  ...,  1.9227, -0.4370,  1.2132],
        [-2.3604,  1.6947,  0.0953,  ...,  1.9227, -0.4370,  1.2132]],
       device='cuda:0')}
[INFO] [1750157344.190347581] [laser_data_loader]: 抽出された人物の点群数: 175
[INFO] [1750157344.191426337] [laser_data_loader]: モデル入力テンソルの形状: torch.Size([1, 30, 256, 3])
[INFO] [1750157344.227822782] [laser_data_loader]: 推論成功！出力形状: {'val_bn': tensor([[-0.7198,  1.1363,  0.2781,  ...,  1.3376,  0.0877,  2.8569],
        [-0.7198,  1.1363,  0.2781,  ...,  1.3376,  0.0877,  2.8569],
        [-0.7198,  1.1363,  0.2781,  ...,  1.3376,  0.0877,  2.8569],
        [-0.7198,  1.1363,  0.2781,  ...,  1.3376,  0.0877,  2.8569],
        [-0.7198,  1.1363,  0.2781,  ...,  1.3376,  0.0877,  2.8569]],
       device='cuda:0'), 'val_t': tensor([[-1.5325,  1.4224,  0.2577,  ...,  1.7206, -0.7180,  1.3406],
        [-1.5325,  1.4224,  0.2577,  ...,  1.7206, -0.7180,  1.3406],
        [-1.5325,  1.4224,  0.2577,  ...,  1.7206, -0.7180,  1.3406],
        [-1.5325,  1.4224,  0.2577,  ...,  1.7206, -0.7180,  1.3406],
        [-1.5325,  1.4224,  0.2577,  ...,  1.7206, -0.7180,  1.3406]],
       device='cuda:0')}
[INFO] [1750157344.291471424] [laser_data_loader]: 抽出された人物の点群数: 170
[INFO] [1750157344.292976333] [laser_data_loader]: モデル入力テンソルの形状: torch.Size([1, 30, 256, 3])
[INFO] [1750157344.334119270] [laser_data_loader]: 推論成功！出力形状: {'val_bn': tensor([[-0.6388,  0.2134,  0.3742,  ...,  1.1795,  0.5899,  3.8184],
        [-0.6388,  0.2134,  0.3742,  ...,  1.1795,  0.5899,  3.8184],
        [-0.6388,  0.2134,  0.3742,  ...,  1.1795,  0.5899,  3.8184],
        [-0.6388,  0.2134,  0.3742,  ...,  1.1795,  0.5899,  3.8184],
        [-0.6388,  0.2134,  0.3742,  ...,  1.1795,  0.5899,  3.8184]],
       device='cuda:0'), 'val_t': tensor([[-1.4591,  0.9291,  0.2932,  ...,  1.6305, -0.5931,  1.6234],
        [-1.4591,  0.9291,  0.2932,  ...,  1.6305, -0.5931,  1.6234],
        [-1.4591,  0.9291,  0.2932,  ...,  1.6305, -0.5931,  1.6234],
        [-1.4591,  0.9291,  0.2932,  ...,  1.6305, -0.5931,  1.6234],
        [-1.4591,  0.9291,  0.2932,  ...,  1.6305, -0.5931,  1.6234]],
       device='cuda:0')}
[INFO] [1750157344.391942456] [laser_data_loader]: 抽出された人物の点群数: 178
[INFO] [1750157344.393509079] [laser_data_loader]: モデル入力テンソルの形状: torch.Size([1, 30, 256, 3])
[INFO] [1750157344.437124889] [laser_data_loader]: 推論成功！出力形状: {'val_bn': tensor([[-0.7163,  0.2215,  0.3849,  ...,  0.9064,  0.0915,  3.2909],
        [-0.7163,  0.2215,  0.3849,  ...,  0.9064,  0.0915,  3.2909],
        [-0.7163,  0.2215,  0.3849,  ...,  0.9064,  0.0915,  3.2909],
        [-0.7163,  0.2215,  0.3849,  ...,  0.9064,  0.0915,  3.2909],
        [-0.7163,  0.2215,  0.3849,  ...,  0.9064,  0.0915,  3.2909]],
       device='cuda:0'), 'val_t': tensor([[-1.5294,  0.9334,  0.2972,  ...,  1.4749, -0.7171,  1.4683],
        [-1.5294,  0.9334,  0.2972,  ...,  1.4749, -0.7171,  1.4683],
        [-1.5294,  0.9334,  0.2972,  ...,  1.4749, -0.7171,  1.4683],
        [-1.5294,  0.9334,  0.2972,  ...,  1.4749, -0.7171,  1.4683],
        [-1.5294,  0.9334,  0.2972,  ...,  1.4749, -0.7171,  1.4683]],
       device='cuda:0')}
[INFO] [1750157344.490476859] [laser_data_loader]: 抽出された人物の点群数: 177
[INFO] [1750157344.491548136] [laser_data_loader]: モデル入力テンソルの形状: torch.Size([1, 30, 256, 3])
[INFO] [1750157344.530668218] [laser_data_loader]: 推論成功！出力形状: {'val_bn': tensor([[-0.5587,  0.2562,  0.6129,  ...,  0.7859,  0.7449,  3.6747],
        [-0.5587,  0.2562,  0.6129,  ...,  0.7859,  0.7449,  3.6747],
        [-0.5587,  0.2562,  0.6129,  ...,  0.7859,  0.7449,  3.6747],
        [-0.5587,  0.2562,  0.6129,  ...,  0.7859,  0.7449,  3.6747],
        [-0.5587,  0.2562,  0.6129,  ...,  0.7859,  0.7449,  3.6747]],
       device='cuda:0'), 'val_t': tensor([[-1.3866,  0.9519,  0.3816,  ...,  1.4063, -0.5545,  1.5811],
        [-1.3866,  0.9519,  0.3816,  ...,  1.4063, -0.5545,  1.5811],
        [-1.3866,  0.9519,  0.3816,  ...,  1.4063, -0.5545,  1.5811],
        [-1.3866,  0.9519,  0.3816,  ...,  1.4063, -0.5545,  1.5811],
        [-1.3866,  0.9519,  0.3816,  ...,  1.4063, -0.5545,  1.5811]],
       device='cuda:0')}
[INFO] [1750157344.592591940] [laser_data_loader]: 抽出された人物の点群数: 172
[INFO] [1750157344.594489619] [laser_data_loader]: モデル入力テンソルの形状: torch.Size([1, 30, 256, 3])
[INFO] [1750157344.639898363] [laser_data_loader]: 推論成功！出力形状: {'val_bn': tensor([[-0.3979,  0.2219,  0.6938,  ...,  0.8451,  0.2809,  3.9890],
        [-0.3979,  0.2219,  0.6938,  ...,  0.8451,  0.2809,  3.9890],
        [-0.3979,  0.2219,  0.6938,  ...,  0.8451,  0.2809,  3.9890],
        [-0.3979,  0.2219,  0.6938,  ...,  0.8451,  0.2809,  3.9890],
        [-0.3979,  0.2219,  0.6938,  ...,  0.8451,  0.2809,  3.9890]],
       device='cuda:0'), 'val_t': tensor([[-1.2409,  0.9336,  0.4116,  ...,  1.4400, -0.6700,  1.6735],
        [-1.2409,  0.9336,  0.4116,  ...,  1.4400, -0.6700,  1.6735],
        [-1.2409,  0.9336,  0.4116,  ...,  1.4400, -0.6700,  1.6735],
        [-1.2409,  0.9336,  0.4116,  ...,  1.4400, -0.6700,  1.6735],
        [-1.2409,  0.9336,  0.4116,  ...,  1.4400, -0.6700,  1.6735]],
       device='cuda:0')}
[INFO] [1750157344.690625226] [laser_data_loader]: 抽出された人物の点群数: 195
[INFO] [1750157344.691657523] [laser_data_loader]: モデル入力テンソルの形状: torch.Size([1, 30, 256, 3])
[INFO] [1750157344.729076089] [laser_data_loader]: 推論成功！出力形状: {'val_bn': tensor([[-1.4167,  0.3061,  0.6866,  ...,  1.4088,  0.8661,  3.2371],
        [-1.4167,  0.3061,  0.6866,  ...,  1.4088,  0.8661,  3.2371],
        [-1.4167,  0.3061,  0.6866,  ...,  1.4088,  0.8661,  3.2371],
        [-1.4167,  0.3061,  0.6866,  ...,  1.4088,  0.8661,  3.2371],
        [-1.4167,  0.3061,  0.6866,  ...,  1.4088,  0.8661,  3.2371]],
       device='cuda:0'), 'val_t': tensor([[-2.1639,  0.9786,  0.4089,  ...,  1.7611, -0.5244,  1.4524],
        [-2.1639,  0.9786,  0.4089,  ...,  1.7611, -0.5244,  1.4524],
        [-2.1639,  0.9786,  0.4089,  ...,  1.7611, -0.5244,  1.4524],
        [-2.1639,  0.9786,  0.4089,  ...,  1.7611, -0.5244,  1.4524],
        [-2.1639,  0.9786,  0.4089,  ...,  1.7611, -0.5244,  1.4524]],
       device='cuda:0')}
[INFO] [1750157344.790203393] [laser_data_loader]: 抽出された人物の点群数: 175
[INFO] [1750157344.791272998] [laser_data_loader]: モデル入力テンソルの形状: torch.Size([1, 30, 256, 3])
[INFO] [1750157344.830130156] [laser_data_loader]: 推論成功！出力形状: {'val_bn': tensor([[-1.8004,  1.6473, -0.1361,  ...,  1.7089,  0.3464,  2.0805],
        [-1.8004,  1.6473, -0.1361,  ...,  1.7089,  0.3464,  2.0805],
        [-1.8004,  1.6473, -0.1361,  ...,  1.7089,  0.3464,  2.0805],
        [-1.8004,  1.6473, -0.1361,  ...,  1.7089,  0.3464,  2.0805],
        [-1.8004,  1.6473, -0.1361,  ...,  1.7089,  0.3464,  2.0805]],
       device='cuda:0'), 'val_t': tensor([[-2.5115,  1.6955,  0.1042,  ...,  1.9321, -0.6537,  1.1124],
        [-2.5115,  1.6955,  0.1042,  ...,  1.9321, -0.6537,  1.1124],
        [-2.5115,  1.6955,  0.1042,  ...,  1.9321, -0.6537,  1.1124],
        [-2.5115,  1.6955,  0.1042,  ...,  1.9321, -0.6537,  1.1124],
        [-2.5115,  1.6955,  0.1042,  ...,  1.9321, -0.6537,  1.1124]],
       device='cuda:0')}
[INFO] [1750157344.892732667] [laser_data_loader]: 抽出された人物の点群数: 180
[INFO] [1750157344.894691883] [laser_data_loader]: モデル入力テンソルの形状: torch.Size([1, 30, 256, 3])
[INFO] [1750157344.940066067] [laser_data_loader]: 推論成功！出力形状: {'val_bn': tensor([[0.0286, 0.1478, 0.2329,  ..., 0.6101, 0.6441, 4.2912],
        [0.0286, 0.1478, 0.2329,  ..., 0.6101, 0.6441, 4.2912],
        [0.0286, 0.1478, 0.2329,  ..., 0.6101, 0.6441, 4.2912],
        [0.0286, 0.1478, 0.2329,  ..., 0.6101, 0.6441, 4.2912],
        [0.0286, 0.1478, 0.2329,  ..., 0.6101, 0.6441, 4.2912]],
       device='cuda:0'), 'val_t': tensor([[-0.8545,  0.8940,  0.2409,  ...,  1.3061, -0.5796,  1.7624],
        [-0.8545,  0.8940,  0.2409,  ...,  1.3061, -0.5796,  1.7624],
        [-0.8545,  0.8940,  0.2409,  ...,  1.3061, -0.5796,  1.7624],
        [-0.8545,  0.8940,  0.2409,  ...,  1.3061, -0.5796,  1.7624],
        [-0.8545,  0.8940,  0.2409,  ...,  1.3061, -0.5796,  1.7624]],
       device='cuda:0')}
[INFO] [1750157344.990487230] [laser_data_loader]: 抽出された人物の点群数: 178
[INFO] [1750157344.991510205] [laser_data_loader]: モデル入力テンソルの形状: torch.Size([1, 30, 256, 3])
[INFO] [1750157345.028429939] [laser_data_loader]: 推論成功！出力形状: {'val_bn': tensor([[-8.5888e-01,  2.4009e-03,  4.3966e-01,  ...,  1.1199e+00,
          6.3621e-01,  3.8450e+00],
        [-8.5888e-01,  2.4009e-03,  4.3966e-01,  ...,  1.1199e+00,
          6.3621e-01,  3.8450e+00],
        [-8.5888e-01,  2.4009e-03,  4.3966e-01,  ...,  1.1199e+00,
          6.3621e-01,  3.8450e+00],
        [-8.5888e-01,  2.4009e-03,  4.3966e-01,  ...,  1.1199e+00,
          6.3621e-01,  3.8450e+00],
        [-8.5888e-01,  2.4009e-03,  4.3966e-01,  ...,  1.1199e+00,
          6.3621e-01,  3.8450e+00]], device='cuda:0'), 'val_t': tensor([[-1.6585,  0.8163,  0.3175,  ...,  1.5966, -0.5816,  1.6312],
        [-1.6585,  0.8163,  0.3175,  ...,  1.5966, -0.5816,  1.6312],
        [-1.6585,  0.8163,  0.3175,  ...,  1.5966, -0.5816,  1.6312],
        [-1.6585,  0.8163,  0.3175,  ...,  1.5966, -0.5816,  1.6312],
        [-1.6585,  0.8163,  0.3175,  ...,  1.5966, -0.5816,  1.6312]],
       device='cuda:0')}
[INFO] [1750157345.089706515] [laser_data_loader]: 抽出された人物の点群数: 187
[INFO] [1750157345.090477764] [laser_data_loader]: モデル入力テンソルの形状: torch.Size([1, 30, 256, 3])
[INFO] [1750157345.126965214] [laser_data_loader]: 推論成功！出力形状: {'val_bn': tensor([[-0.7710,  0.0350,  0.7468,  ...,  1.3723,  0.3958,  3.6012],
        [-0.7710,  0.0350,  0.7468,  ...,  1.3723,  0.3958,  3.6012],
        [-0.7710,  0.0350,  0.7468,  ...,  1.3723,  0.3958,  3.6012],
        [-0.7710,  0.0350,  0.7468,  ...,  1.3723,  0.3958,  3.6012],
        [-0.7710,  0.0350,  0.7468,  ...,  1.3723,  0.3958,  3.6012]],
       device='cuda:0'), 'val_t': tensor([[-1.5789,  0.8337,  0.4312,  ...,  1.7403, -0.6414,  1.5595],
        [-1.5789,  0.8337,  0.4312,  ...,  1.7403, -0.6414,  1.5595],
        [-1.5789,  0.8337,  0.4312,  ...,  1.7403, -0.6414,  1.5595],
        [-1.5789,  0.8337,  0.4312,  ...,  1.7403, -0.6414,  1.5595],
        [-1.5789,  0.8337,  0.4312,  ...,  1.7403, -0.6414,  1.5595]],
       device='cuda:0')}
[INFO] [1750157345.191875291] [laser_data_loader]: 抽出された人物の点群数: 182
[INFO] [1750157345.193459984] [laser_data_loader]: モデル入力テンソルの形状: torch.Size([1, 30, 256, 3])
[INFO] [1750157345.235999440] [laser_data_loader]: 推論成功！出力形状: {'val_bn': tensor([[-1.4422,  1.3515, -0.2227,  ...,  1.6746,  0.1788,  2.3423],
        [-1.4422,  1.3515, -0.2227,  ...,  1.6746,  0.1788,  2.3423],
        [-1.4422,  1.3515, -0.2227,  ...,  1.6746,  0.1788,  2.3423],
        [-1.4422,  1.3515, -0.2227,  ...,  1.6746,  0.1788,  2.3423],
        [-1.4422,  1.3515, -0.2227,  ...,  1.6746,  0.1788,  2.3423]],
       device='cuda:0'), 'val_t': tensor([[-2.1870,  1.5374,  0.0722,  ...,  1.9125, -0.6953,  1.1893],
        [-2.1870,  1.5374,  0.0722,  ...,  1.9125, -0.6953,  1.1893],
        [-2.1870,  1.5374,  0.0722,  ...,  1.9125, -0.6953,  1.1893],
        [-2.1870,  1.5374,  0.0722,  ...,  1.9125, -0.6953,  1.1893],
        [-2.1870,  1.5374,  0.0722,  ...,  1.9125, -0.6953,  1.1893]],
       device='cuda:0')}
[INFO] [1750157345.291267137] [laser_data_loader]: 抽出された人物の点群数: 182
[INFO] [1750157345.292628208] [laser_data_loader]: モデル入力テンソルの形状: torch.Size([1, 30, 256, 3])
[INFO] [1750157345.334080751] [laser_data_loader]: 推論成功！出力形状: {'val_bn': tensor([[-0.2552,  0.0544,  0.4099,  ...,  0.7332,  0.1095,  3.6130],
        [-0.2552,  0.0544,  0.4099,  ...,  0.7332,  0.1095,  3.6130],
        [-0.2552,  0.0544,  0.4099,  ...,  0.7332,  0.1095,  3.6130],
        [-0.2552,  0.0544,  0.4099,  ...,  0.7332,  0.1095,  3.6130],
        [-0.2552,  0.0544,  0.4099,  ...,  0.7332,  0.1095,  3.6130]],
       device='cuda:0'), 'val_t': tensor([[-1.1116,  0.8441,  0.3065,  ...,  1.3763, -0.7126,  1.5630],
        [-1.1116,  0.8441,  0.3065,  ...,  1.3763, -0.7126,  1.5630],
        [-1.1116,  0.8441,  0.3065,  ...,  1.3763, -0.7126,  1.5630],
        [-1.1116,  0.8441,  0.3065,  ...,  1.3763, -0.7126,  1.5630],
        [-1.1116,  0.8441,  0.3065,  ...,  1.3763, -0.7126,  1.5630]],
       device='cuda:0')}
[INFO] [1750157345.391581396] [laser_data_loader]: 抽出された人物の点群数: 186
[INFO] [1750157345.393053623] [laser_data_loader]: モデル入力テンソルの形状: torch.Size([1, 30, 256, 3])
[INFO] [1750157345.435131072] [laser_data_loader]: 推論成功！出力形状: {'val_bn': tensor([[-1.4382,  0.3682,  0.3085,  ...,  1.5163,  1.0422,  3.4891],
        [-1.4382,  0.3682,  0.3085,  ...,  1.5163,  1.0422,  3.4891],
        [-1.4382,  0.3682,  0.3085,  ...,  1.5163,  1.0422,  3.4891],
        [-1.4382,  0.3682,  0.3085,  ...,  1.5163,  1.0422,  3.4891],
        [-1.4382,  0.3682,  0.3085,  ...,  1.5163,  1.0422,  3.4891]],
       device='cuda:0'), 'val_t': tensor([[-2.1834,  1.0118,  0.2689,  ...,  1.8224, -0.4806,  1.5265],
        [-2.1834,  1.0118,  0.2689,  ...,  1.8224, -0.4806,  1.5265],
        [-2.1834,  1.0118,  0.2689,  ...,  1.8224, -0.4806,  1.5265],
        [-2.1834,  1.0118,  0.2689,  ...,  1.8224, -0.4806,  1.5265],
        [-2.1834,  1.0118,  0.2689,  ...,  1.8224, -0.4806,  1.5265]],
       device='cuda:0')}
[INFO] [1750157345.492065138] [laser_data_loader]: 抽出された人物の点群数: 184
[INFO] [1750157345.493639277] [laser_data_loader]: モデル入力テンソルの形状: torch.Size([1, 30, 256, 3])
[INFO] [1750157345.536782863] [laser_data_loader]: 推論成功！出力形状: {'val_bn': tensor([[-0.3786,  0.0649,  0.4366,  ...,  0.8894,  0.3188,  3.8843],
        [-0.3786,  0.0649,  0.4366,  ...,  0.8894,  0.3188,  3.8843],
        [-0.3786,  0.0649,  0.4366,  ...,  0.8894,  0.3188,  3.8843],
        [-0.3786,  0.0649,  0.4366,  ...,  0.8894,  0.3188,  3.8843],
        [-0.3786,  0.0649,  0.4366,  ...,  0.8894,  0.3188,  3.8843]],
       device='cuda:0'), 'val_t': tensor([[-1.2234,  0.8497,  0.3163,  ...,  1.4652, -0.6605,  1.6427],
        [-1.2234,  0.8497,  0.3163,  ...,  1.4652, -0.6605,  1.6427],
        [-1.2234,  0.8497,  0.3163,  ...,  1.4652, -0.6605,  1.6427],
        [-1.2234,  0.8497,  0.3163,  ...,  1.4652, -0.6605,  1.6427],
        [-1.2234,  0.8497,  0.3163,  ...,  1.4652, -0.6605,  1.6427]],
       device='cuda:0')}
[INFO] [1750157345.590679769] [laser_data_loader]: 抽出された人物の点群数: 183
[INFO] [1750157345.591775205] [laser_data_loader]: モデル入力テンソルの形状: torch.Size([1, 30, 256, 3])
[INFO] [1750157345.630728100] [laser_data_loader]: 推論成功！出力形状: {'val_bn': tensor([[-0.1273,  0.1936,  0.4451,  ...,  0.9068,  0.5038,  4.0464],
        [-0.1273,  0.1936,  0.4451,  ...,  0.9068,  0.5038,  4.0464],
        [-0.1273,  0.1936,  0.4451,  ...,  0.9068,  0.5038,  4.0464],
        [-0.1273,  0.1936,  0.4451,  ...,  0.9068,  0.5038,  4.0464],
        [-0.1273,  0.1936,  0.4451,  ...,  0.9068,  0.5038,  4.0464]],
       device='cuda:0'), 'val_t': tensor([[-0.9958,  0.9185,  0.3195,  ...,  1.4752, -0.6145,  1.6904],
        [-0.9958,  0.9185,  0.3195,  ...,  1.4752, -0.6145,  1.6904],
        [-0.9958,  0.9185,  0.3195,  ...,  1.4752, -0.6145,  1.6904],
        [-0.9958,  0.9185,  0.3195,  ...,  1.4752, -0.6145,  1.6904],
        [-0.9958,  0.9185,  0.3195,  ...,  1.4752, -0.6145,  1.6904]],
       device='cuda:0')}
[INFO] [1750157345.689147374] [laser_data_loader]: 抽出された人物の点群数: 177
[INFO] [1750157345.689765924] [laser_data_loader]: モデル入力テンソルの形状: torch.Size([1, 30, 256, 3])
[INFO] [1750157345.724876817] [laser_data_loader]: 推論成功！出力形状: {'val_bn': tensor([[-0.6093,  0.0606,  0.6760,  ...,  1.3480,  0.7322,  4.0369],
        [-0.6093,  0.0606,  0.6760,  ...,  1.3480,  0.7322,  4.0369],
        [-0.6093,  0.0606,  0.6760,  ...,  1.3480,  0.7322,  4.0369],
        [-0.6093,  0.0606,  0.6760,  ...,  1.3480,  0.7322,  4.0369],
        [-0.6093,  0.0606,  0.6760,  ...,  1.3480,  0.7322,  4.0369]],
       device='cuda:0'), 'val_t': tensor([[-1.4324,  0.8474,  0.4050,  ...,  1.7265, -0.5577,  1.6876],
        [-1.4324,  0.8474,  0.4050,  ...,  1.7265, -0.5577,  1.6876],
        [-1.4324,  0.8474,  0.4050,  ...,  1.7265, -0.5577,  1.6876],
        [-1.4324,  0.8474,  0.4050,  ...,  1.7265, -0.5577,  1.6876],
        [-1.4324,  0.8474,  0.4050,  ...,  1.7265, -0.5577,  1.6876]],
       device='cuda:0')}
[INFO] [1750157345.790692565] [laser_data_loader]: 抽出された人物の点群数: 180
[INFO] [1750157345.791824648] [laser_data_loader]: モデル入力テンソルの形状: torch.Size([1, 30, 256, 3])
[INFO] [1750157345.831003203] [laser_data_loader]: 推論成功！出力形状: {'val_bn': tensor([[-1.1370,  0.1255,  0.5069,  ...,  1.2744,  0.7329,  3.4543],
        [-1.1370,  0.1255,  0.5069,  ...,  1.2744,  0.7329,  3.4543],
        [-1.1370,  0.1255,  0.5069,  ...,  1.2744,  0.7329,  3.4543],
        [-1.1370,  0.1255,  0.5069,  ...,  1.2744,  0.7329,  3.4543],
        [-1.1370,  0.1255,  0.5069,  ...,  1.2744,  0.7329,  3.4543]],
       device='cuda:0'), 'val_t': tensor([[-1.9105,  0.8821,  0.3424,  ...,  1.6846, -0.5575,  1.5163],
        [-1.9105,  0.8821,  0.3424,  ...,  1.6846, -0.5575,  1.5163],
        [-1.9105,  0.8821,  0.3424,  ...,  1.6846, -0.5575,  1.5163],
        [-1.9105,  0.8821,  0.3424,  ...,  1.6846, -0.5575,  1.5163],
        [-1.9105,  0.8821,  0.3424,  ...,  1.6846, -0.5575,  1.5163]],
       device='cuda:0')}
[INFO] [1750157345.889971995] [laser_data_loader]: 抽出された人物の点群数: 182
[INFO] [1750157345.892090004] [laser_data_loader]: モデル入力テンソルの形状: torch.Size([1, 30, 256, 3])
[INFO] [1750157345.934671178] [laser_data_loader]: 推論成功！出力形状: {'val_bn': tensor([[-1.2365,  1.3934, -0.3119,  ...,  1.3226, -0.0694,  2.5964],
        [-1.2365,  1.3934, -0.3119,  ...,  1.3226, -0.0694,  2.5964],
        [-1.2365,  1.3934, -0.3119,  ...,  1.3226, -0.0694,  2.5964],
        [-1.2365,  1.3934, -0.3119,  ...,  1.3226, -0.0694,  2.5964],
        [-1.2365,  1.3934, -0.3119,  ...,  1.3226, -0.0694,  2.5964]],
       device='cuda:0'), 'val_t': tensor([[-2.0006,  1.5598,  0.0392,  ...,  1.7120, -0.7570,  1.2640],
        [-2.0006,  1.5598,  0.0392,  ...,  1.7120, -0.7570,  1.2640],
        [-2.0006,  1.5598,  0.0392,  ...,  1.7120, -0.7570,  1.2640],
        [-2.0006,  1.5598,  0.0392,  ...,  1.7120, -0.7570,  1.2640],
        [-2.0006,  1.5598,  0.0392,  ...,  1.7120, -0.7570,  1.2640]],
       device='cuda:0')}
