1751366442.4229209 [INFO] [launch]: All log files can be found below /home/demulab-kohei/.ros/log/2025-07-01-19-40-42-420895-demulab-kohei-1623
1751366442.4230974 [INFO] [launch]: Default logging verbosity is set to INFO
1751366442.4753969 [INFO] [pp_infer-1]: process started with pid [1625]
1751366442.5022511 [pp_infer-1] 1751366442.501963 [0]   pp_infer: using network interface enp3s0 (udp/202.13.162.116) selected arbitrarily from: enp3s0, docker0
1751366442.7574620 [pp_infer-1] Loading Model: /home/demulab-kohei/colcon_ws/src/ros2_tao_pointpillars/include/pointpillars_deployable.onnx
1751366442.7575336 [pp_infer-1] Building TRT engine from the model.
1751366448.5419729 [pp_infer-1] TIME: doinfer: 14.7692 ms.
1751366448.5424213 [pp_infer-1] [INFO] [1751366448.542273711] [minimal_publisher]: TIME: 15.297888 ms, Objects detected: 13
1751366448.9668601 [pp_infer-1] TIME: doinfer: 5.58179 ms.
1751366448.9682136 [pp_infer-1] [INFO] [1751366448.967698275] [minimal_publisher]: TIME: 7.038368 ms, Objects detected: 13
1751366449.3483400 [pp_infer-1] TIME: doinfer: 5.44387 ms.
1751366449.3486326 [pp_infer-1] [INFO] [1751366449.348371248] [minimal_publisher]: TIME: 5.681408 ms, Objects detected: 10
1751366449.7697191 [pp_infer-1] TIME: doinfer: 5.39238 ms.
1751366449.7699299 [pp_infer-1] [INFO] [1751366449.769727257] [minimal_publisher]: TIME: 5.599232 ms, Objects detected: 9
1751366450.1979735 [pp_infer-1] TIME: doinfer: 6.15014 ms.
1751366450.1984940 [pp_infer-1] [INFO] [1751366450.198324074] [minimal_publisher]: TIME: 6.724416 ms, Objects detected: 9
1751366450.6045034 [pp_infer-1] TIME: doinfer: 5.56442 ms.
1751366450.6046894 [pp_infer-1] [INFO] [1751366450.604568617] [minimal_publisher]: TIME: 5.816160 ms, Objects detected: 12
1751366450.9949293 [pp_infer-1] TIME: doinfer: 5.92138 ms.
1751366450.9951632 [pp_infer-1] [INFO] [1751366450.995088272] [minimal_publisher]: TIME: 6.307104 ms, Objects detected: 14
1751366451.3342986 [pp_infer-1] TIME: doinfer: 5.72314 ms.
1751366451.3352637 [pp_infer-1] [INFO] [1751366451.334831605] [minimal_publisher]: TIME: 6.867584 ms, Objects detected: 10
1751366451.7265799 [pp_infer-1] TIME: doinfer: 5.55078 ms.
1751366451.7267621 [pp_infer-1] [INFO] [1751366451.726627888] [minimal_publisher]: TIME: 5.794976 ms, Objects detected: 10
1751366452.0834417 [pp_infer-1] TIME: doinfer: 6.23299 ms.
1751366452.0839760 [pp_infer-1] [INFO] [1751366452.083858412] [minimal_publisher]: TIME: 6.848512 ms, Objects detected: 14
1751366452.4333522 [pp_infer-1] TIME: doinfer: 6.06822 ms.
1751366452.4347551 [pp_infer-1] [INFO] [1751366452.434259313] [minimal_publisher]: TIME: 7.626752 ms, Objects detected: 16
1751366452.8084295 [pp_infer-1] TIME: doinfer: 5.60845 ms.
1751366452.8086550 [pp_infer-1] [INFO] [1751366452.808502292] [minimal_publisher]: TIME: 5.868544 ms, Objects detected: 15
1751366453.1203072 [pp_infer-1] TIME: doinfer: 5.51898 ms.
1751366453.1206338 [pp_infer-1] [INFO] [1751366453.120490092] [minimal_publisher]: TIME: 5.929984 ms, Objects detected: 16
1751366453.4837539 [pp_infer-1] TIME: doinfer: 5.96106 ms.
1751366453.4840426 [pp_infer-1] [INFO] [1751366453.483899659] [minimal_publisher]: TIME: 6.305792 ms, Objects detected: 18
1751366453.8406348 [pp_infer-1] TIME: doinfer: 5.68483 ms.
1751366453.8420172 [pp_infer-1] [INFO] [1751366453.841509081] [minimal_publisher]: TIME: 7.160928 ms, Objects detected: 14
1751366454.1366034 [pp_infer-1] TIME: doinfer: 6.11021 ms.
1751366454.1370280 [pp_infer-1] [INFO] [1751366454.136911239] [minimal_publisher]: TIME: 6.616064 ms, Objects detected: 15
1751366454.4875126 [pp_infer-1] TIME: doinfer: 5.98995 ms.
1751366454.4890161 [pp_infer-1] [INFO] [1751366454.488513241] [minimal_publisher]: TIME: 7.637696 ms, Objects detected: 13
1751366454.7873597 [pp_infer-1] TIME: doinfer: 5.61971 ms.
1751366454.7886643 [pp_infer-1] [INFO] [1751366454.788154535] [minimal_publisher]: TIME: 7.014560 ms, Objects detected: 10
1751366455.1305661 [pp_infer-1] TIME: doinfer: 5.92998 ms.
1751366455.1308076 [pp_infer-1] [INFO] [1751366455.130664681] [minimal_publisher]: TIME: 6.226528 ms, Objects detected: 13
1751366455.4233639 [pp_infer-1] TIME: doinfer: 5.69578 ms.
1751366455.4247711 [pp_infer-1] [INFO] [1751366455.424267372] [minimal_publisher]: TIME: 7.227392 ms, Objects detected: 12
1751366455.7513006 [pp_infer-1] TIME: doinfer: 5.93306 ms.
1751366455.7527370 [pp_infer-1] [INFO] [1751366455.752240396] [minimal_publisher]: TIME: 7.509024 ms, Objects detected: 16
1751366456.0766294 [pp_infer-1] TIME: doinfer: 5.68816 ms.
1751366456.0778680 [pp_infer-1] [INFO] [1751366456.077374198] [minimal_publisher]: TIME: 7.042080 ms, Objects detected: 12
1751366456.3461637 [pp_infer-1] TIME: doinfer: 6.41126 ms.
1751366456.3479481 [pp_infer-1] [INFO] [1751366456.347443116] [minimal_publisher]: TIME: 8.314720 ms, Objects detected: 11
1751366456.6413643 [pp_infer-1] TIME: doinfer: 5.70982 ms.
1751366456.6428194 [pp_infer-1] [INFO] [1751366456.642314365] [minimal_publisher]: TIME: 7.288608 ms, Objects detected: 14
1751366456.9554236 [pp_infer-1] TIME: doinfer: 6.18317 ms.
1751366456.9564524 [pp_infer-1] [INFO] [1751366456.956029239] [minimal_publisher]: TIME: 7.428032 ms, Objects detected: 11
1751366457.2308862 [pp_infer-1] TIME: doinfer: 5.66477 ms.
1751366457.2322204 [pp_infer-1] [INFO] [1751366457.231675787] [minimal_publisher]: TIME: 7.047168 ms, Objects detected: 12
1751366457.5391686 [pp_infer-1] TIME: doinfer: 6.30227 ms.
1751366457.5406079 [pp_infer-1] [INFO] [1751366457.540110519] [minimal_publisher]: TIME: 7.837632 ms, Objects detected: 13
1751366457.8075607 [pp_infer-1] TIME: doinfer: 5.72006 ms.
1751366457.8087916 [pp_infer-1] [INFO] [1751366457.808273729] [minimal_publisher]: TIME: 7.053440 ms, Objects detected: 12
1751366458.0968428 [pp_infer-1] TIME: doinfer: 5.7047 ms.
1751366458.0981102 [pp_infer-1] [INFO] [1751366458.097586050] [minimal_publisher]: TIME: 7.085152 ms, Objects detected: 12
1751366458.3875105 [pp_infer-1] TIME: doinfer: 6.01088 ms.
1751366458.3889050 [pp_infer-1] [INFO] [1751366458.388402829] [minimal_publisher]: TIME: 7.547424 ms, Objects detected: 13
1751366458.6476779 [pp_infer-1] TIME: doinfer: 6.14502 ms.
1751366458.6482286 [pp_infer-1] [INFO] [1751366458.648006255] [minimal_publisher]: TIME: 6.668960 ms, Objects detected: 12
1751366458.9391420 [pp_infer-1] TIME: doinfer: 6.144 ms.
1751366458.9403474 [pp_infer-1] [INFO] [1751366458.939820495] [minimal_publisher]: TIME: 7.423008 ms, Objects detected: 13
1751366459.2159517 [pp_infer-1] TIME: doinfer: 5.65834 ms.
1751366459.2171838 [pp_infer-1] [INFO] [1751366459.216648647] [minimal_publisher]: TIME: 6.952192 ms, Objects detected: 12
1751366459.4646182 [pp_infer-1] TIME: doinfer: 5.66797 ms.
1751366459.4657736 [pp_infer-1] [INFO] [1751366459.465267890] [minimal_publisher]: TIME: 6.930304 ms, Objects detected: 10
1751366459.7419999 [pp_infer-1] TIME: doinfer: 5.61562 ms.
1751366459.7432103 [pp_infer-1] [INFO] [1751366459.742683493] [minimal_publisher]: TIME: 6.887584 ms, Objects detected: 12
1751366460.0273294 [pp_infer-1] TIME: doinfer: 6.41638 ms.
1751366460.0285146 [pp_infer-1] [INFO] [1751366460.027987818] [minimal_publisher]: TIME: 7.716768 ms, Objects detected: 11
1751366460.2958958 [pp_infer-1] TIME: doinfer: 5.70061 ms.
1751366460.2971883 [pp_infer-1] [INFO] [1751366460.296658610] [minimal_publisher]: TIME: 7.070720 ms, Objects detected: 12
1751366460.5261779 [pp_infer-1] TIME: doinfer: 5.68045 ms.
1751366460.5275288 [pp_infer-1] [INFO] [1751366460.527007757] [minimal_publisher]: TIME: 7.139328 ms, Objects detected: 15
1751366460.8064282 [pp_infer-1] TIME: doinfer: 5.93094 ms.
1751366460.8077521 [pp_infer-1] [INFO] [1751366460.807250127] [minimal_publisher]: TIME: 7.355680 ms, Objects detected: 14
1751366461.0412078 [pp_infer-1] TIME: doinfer: 6.06304 ms.
1751366461.0421104 [pp_infer-1] [INFO] [1751366461.041745420] [minimal_publisher]: TIME: 7.238656 ms, Objects detected: 11
1751366461.3127706 [pp_infer-1] TIME: doinfer: 5.71382 ms.
1751366461.3139584 [pp_infer-1] [INFO] [1751366461.313459380] [minimal_publisher]: TIME: 7.002848 ms, Objects detected: 12
1751366461.5458720 [pp_infer-1] TIME: doinfer: 5.67718 ms.
1751366461.5467756 [pp_infer-1] [INFO] [1751366461.546425010] [minimal_publisher]: TIME: 6.814048 ms, Objects detected: 11
1751366461.8140674 [pp_infer-1] TIME: doinfer: 5.75238 ms.
1751366461.8145177 [pp_infer-1] [INFO] [1751366461.814395410] [minimal_publisher]: TIME: 6.285312 ms, Objects detected: 9
1751366462.0582826 [pp_infer-1] TIME: doinfer: 6.01667 ms.
1751366462.0584910 [pp_infer-1] [INFO] [1751366462.058357610] [minimal_publisher]: TIME: 6.304608 ms, Objects detected: 13
1751366462.2879980 [pp_infer-1] TIME: doinfer: 5.58979 ms.
1751366462.2883277 [pp_infer-1] [INFO] [1751366462.288189746] [minimal_publisher]: TIME: 5.992768 ms, Objects detected: 16
1751366462.5298057 [pp_infer-1] TIME: doinfer: 5.55152 ms.
1751366462.5300112 [pp_infer-1] [INFO] [1751366462.529865735] [minimal_publisher]: TIME: 5.801536 ms, Objects detected: 14
1751366462.7896435 [pp_infer-1] TIME: doinfer: 5.72451 ms.
1751366462.7906110 [pp_infer-1] [INFO] [1751366462.790241307] [minimal_publisher]: TIME: 6.941344 ms, Objects detected: 10
1751366463.0110810 [pp_infer-1] TIME: doinfer: 6.29658 ms.
1751366463.0114090 [pp_infer-1] [INFO] [1751366463.011193882] [minimal_publisher]: TIME: 6.568064 ms, Objects detected: 10
1751366463.2603023 [pp_infer-1] TIME: doinfer: 6.2249 ms.
1751366463.2613919 [pp_infer-1] [INFO] [1751366463.260961411] [minimal_publisher]: TIME: 7.481440 ms, Objects detected: 12
1751366463.5146267 [pp_infer-1] TIME: doinfer: 6.08973 ms.
1751366463.5158107 [pp_infer-1] [INFO] [1751366463.515310735] [minimal_publisher]: TIME: 7.370912 ms, Objects detected: 13
1751366463.7249842 [pp_infer-1] TIME: doinfer: 5.99142 ms.
1751366463.7262435 [pp_infer-1] [INFO] [1751366463.725722549] [minimal_publisher]: TIME: 7.317600 ms, Objects detected: 14
1751366463.9746187 [pp_infer-1] TIME: doinfer: 5.90643 ms.
1751366463.9749110 [pp_infer-1] [INFO] [1751366463.974758884] [minimal_publisher]: TIME: 6.266656 ms, Objects detected: 13
1751366464.1871762 [pp_infer-1] TIME: doinfer: 6.07658 ms.
1751366464.1880536 [pp_infer-1] [INFO] [1751366464.187662149] [minimal_publisher]: TIME: 7.168000 ms, Objects detected: 10
1751366464.4404874 [pp_infer-1] TIME: doinfer: 5.65875 ms.
1751366464.4413967 [pp_infer-1] [INFO] [1751366464.441001528] [minimal_publisher]: TIME: 6.819040 ms, Objects detected: 12
1751366464.6518991 [pp_infer-1] TIME: doinfer: 5.63507 ms.
1751366464.6531844 [pp_infer-1] [INFO] [1751366464.652665874] [minimal_publisher]: TIME: 6.967296 ms, Objects detected: 11
1751366464.9061475 [pp_infer-1] TIME: doinfer: 5.52346 ms.
1751366464.9063787 [pp_infer-1] [INFO] [1751366464.906195569] [minimal_publisher]: TIME: 5.778560 ms, Objects detected: 11
1751366465.1069632 [pp_infer-1] TIME: doinfer: 5.7897 ms.
1751366465.1075556 [pp_infer-1] [INFO] [1751366465.107438229] [minimal_publisher]: TIME: 6.455232 ms, Objects detected: 10
1751366465.3351188 [pp_infer-1] TIME: doinfer: 5.52448 ms.
1751366465.3353221 [pp_infer-1] [INFO] [1751366465.335226266] [minimal_publisher]: TIME: 5.820416 ms, Objects detected: 15
1751366465.5690975 [pp_infer-1] TIME: doinfer: 5.51936 ms.
1751366465.5693183 [pp_infer-1] [INFO] [1751366465.569118633] [minimal_publisher]: TIME: 5.731168 ms, Objects detected: 12
1751366465.7749782 [pp_infer-1] TIME: doinfer: 5.65558 ms.
1751366465.7761261 [pp_infer-1] [INFO] [1751366465.775599098] [minimal_publisher]: TIME: 6.872576 ms, Objects detected: 11
1751366466.0088153 [pp_infer-1] TIME: doinfer: 5.97462 ms.
1751366466.0102227 [pp_infer-1] [INFO] [1751366466.009676409] [minimal_publisher]: TIME: 7.434240 ms, Objects detected: 14
1751366466.2324071 [pp_infer-1] TIME: doinfer: 6.19357 ms.
1751366466.2328308 [pp_infer-1] [INFO] [1751366466.232714936] [minimal_publisher]: TIME: 6.700032 ms, Objects detected: 14
1751366466.4310031 [pp_infer-1] TIME: doinfer: 6.20723 ms.
1751366466.4321148 [pp_infer-1] [INFO] [1751366466.431653392] [minimal_publisher]: TIME: 7.374272 ms, Objects detected: 13
1751366466.6625862 [pp_infer-1] TIME: doinfer: 6.23581 ms.
1751366466.6628237 [pp_infer-1] [INFO] [1751366466.662650569] [minimal_publisher]: TIME: 6.491360 ms, Objects detected: 11
1751366466.8546569 [pp_infer-1] TIME: doinfer: 5.65658 ms.
1751366466.8560798 [pp_infer-1] [INFO] [1751366466.855578206] [minimal_publisher]: TIME: 7.142048 ms, Objects detected: 15
1751366467.0811942 [pp_infer-1] TIME: doinfer: 5.57158 ms.
1751366467.0813856 [pp_infer-1] [INFO] [1751366467.081276287] [minimal_publisher]: TIME: 5.851936 ms, Objects detected: 15
1751366467.3043675 [pp_infer-1] TIME: doinfer: 5.66067 ms.
1751366467.3058753 [pp_infer-1] [INFO] [1751366467.305362716] [minimal_publisher]: TIME: 7.256000 ms, Objects detected: 14
1751366467.4983532 [pp_infer-1] TIME: doinfer: 5.54906 ms.
1751366467.4985662 [pp_infer-1] [INFO] [1751366467.498499767] [minimal_publisher]: TIME: 5.876128 ms, Objects detected: 16
1751366467.7285321 [pp_infer-1] TIME: doinfer: 5.91632 ms.
1751366467.7287264 [pp_infer-1] [INFO] [1751366467.728623406] [minimal_publisher]: TIME: 6.203328 ms, Objects detected: 15
1751366467.9198751 [pp_infer-1] TIME: doinfer: 5.68486 ms.
1751366467.9210310 [pp_infer-1] [INFO] [1751366467.920588703] [minimal_publisher]: TIME: 6.981408 ms, Objects detected: 12
1751366468.1464524 [pp_infer-1] TIME: doinfer: 6.01376 ms.
1751366468.1477010 [pp_infer-1] [INFO] [1751366468.147205168] [minimal_publisher]: TIME: 7.404384 ms, Objects detected: 12
1751366468.3396955 [pp_infer-1] TIME: doinfer: 5.56544 ms.
1751366468.3400042 [pp_infer-1] [INFO] [1751366468.339864218] [minimal_publisher]: TIME: 5.945088 ms, Objects detected: 13
1751366468.5314934 [pp_infer-1] TIME: doinfer: 6.02189 ms.
1751366468.5324545 [pp_infer-1] [INFO] [1751366468.532067130] [minimal_publisher]: TIME: 7.123008 ms, Objects detected: 14
1751366468.7499228 [pp_infer-1] TIME: doinfer: 5.57158 ms.
1751366468.7501588 [pp_infer-1] [INFO] [1751366468.750026037] [minimal_publisher]: TIME: 5.849152 ms, Objects detected: 12
1751366468.9621527 [pp_infer-1] TIME: doinfer: 5.7385 ms.
1751366468.9624791 [pp_infer-1] [INFO] [1751366468.962359186] [minimal_publisher]: TIME: 6.108736 ms, Objects detected: 13
1751366469.1467061 [pp_infer-1] TIME: doinfer: 5.86035 ms.
1751366469.1472998 [pp_infer-1] [INFO] [1751366469.147076853] [minimal_publisher]: TIME: 6.520384 ms, Objects detected: 14
1751366469.3581154 [pp_infer-1] TIME: doinfer: 5.53062 ms.
1751366469.3582995 [pp_infer-1] [INFO] [1751366469.358208631] [minimal_publisher]: TIME: 5.780480 ms, Objects detected: 12
1751366469.5351362 [pp_infer-1] TIME: doinfer: 5.53123 ms.
1751366469.5353308 [pp_infer-1] [INFO] [1751366469.535264336] [minimal_publisher]: TIME: 5.814272 ms, Objects detected: 14
1751366469.7369237 [pp_infer-1] TIME: doinfer: 5.50253 ms.
1751366469.7371211 [pp_infer-1] [INFO] [1751366469.736972152] [minimal_publisher]: TIME: 5.752640 ms, Objects detected: 13
1751366469.9550278 [pp_infer-1] TIME: doinfer: 6.5503 ms.
1751366469.9553232 [pp_infer-1] [INFO] [1751366469.955196806] [minimal_publisher]: TIME: 6.920192 ms, Objects detected: 14
1751366470.1341798 [pp_infer-1] TIME: doinfer: 6.10304 ms.
1751366470.1350698 [pp_infer-1] [INFO] [1751366470.134660911] [minimal_publisher]: TIME: 7.252064 ms, Objects detected: 10
1751366470.3433762 [pp_infer-1] TIME: doinfer: 5.58784 ms.
1751366470.3436384 [pp_infer-1] [INFO] [1751366470.343433024] [minimal_publisher]: TIME: 5.854112 ms, Objects detected: 11
1751366470.5256610 [pp_infer-1] TIME: doinfer: 5.63581 ms.
1751366470.5269716 [pp_infer-1] [INFO] [1751366470.526468896] [minimal_publisher]: TIME: 7.016448 ms, Objects detected: 13
1751366470.7327921 [pp_infer-1] TIME: doinfer: 6.03722 ms.
1751366470.7337008 [pp_infer-1] [INFO] [1751366470.733264683] [minimal_publisher]: TIME: 7.090240 ms, Objects detected: 10
1751366470.9123733 [pp_infer-1] TIME: doinfer: 5.66374 ms.
1751366470.9133415 [pp_infer-1] [INFO] [1751366470.912954523] [minimal_publisher]: TIME: 6.899712 ms, Objects detected: 12
1751366471.1189623 [pp_infer-1] TIME: doinfer: 5.72314 ms.
1751366471.1205180 [pp_infer-1] [INFO] [1751366471.119975264] [minimal_publisher]: TIME: 7.331840 ms, Objects detected: 12
1751366471.2966273 [pp_infer-1] TIME: doinfer: 5.65862 ms.
1751366471.2981510 [pp_infer-1] [INFO] [1751366471.297621314] [minimal_publisher]: TIME: 7.216768 ms, Objects detected: 14
1751366471.4952273 [pp_infer-1] TIME: doinfer: 5.58182 ms.
1751366471.4954503 [pp_infer-1] [INFO] [1751366471.495308946] [minimal_publisher]: TIME: 5.878848 ms, Objects detected: 12
1751366471.6918592 [pp_infer-1] TIME: doinfer: 5.6873 ms.
1751366471.6928735 [pp_infer-1] [INFO] [1751366471.692489852] [minimal_publisher]: TIME: 6.904832 ms, Objects detected: 10
1751366471.8657885 [pp_infer-1] TIME: doinfer: 6.51251 ms.
1751366471.8660541 [pp_infer-1] [INFO] [1751366471.865950157] [minimal_publisher]: TIME: 6.924672 ms, Objects detected: 11
1751366472.0652633 [pp_infer-1] TIME: doinfer: 5.86106 ms.
1751366472.0655131 [pp_infer-1] [INFO] [1751366472.065406803] [minimal_publisher]: TIME: 6.222432 ms, Objects detected: 8
1751366472.2411847 [pp_infer-1] TIME: doinfer: 8.00358 ms.
1751366472.2415023 [pp_infer-1] [INFO] [1751366472.241384852] [minimal_publisher]: TIME: 8.402304 ms, Objects detected: 10
1751366472.4160786 [pp_infer-1] TIME: doinfer: 5.87981 ms.
1751366472.4163740 [pp_infer-1] [INFO] [1751366472.416261049] [minimal_publisher]: TIME: 6.232000 ms, Objects detected: 12
1751366472.6070743 [pp_infer-1] TIME: doinfer: 5.54906 ms.
1751366472.6072650 [pp_infer-1] [INFO] [1751366472.607124783] [minimal_publisher]: TIME: 5.780544 ms, Objects detected: 12
1751366472.8112931 [pp_infer-1] TIME: doinfer: 5.68406 ms.
1751366472.8122451 [pp_infer-1] [INFO] [1751366472.811866688] [minimal_publisher]: TIME: 6.888448 ms, Objects detected: 11
1751366472.9736569 [pp_infer-1] TIME: doinfer: 5.55078 ms.
1751366472.9738693 [pp_infer-1] [INFO] [1751366472.973790315] [minimal_publisher]: TIME: 5.834624 ms, Objects detected: 12
1751366473.1721385 [pp_infer-1] TIME: doinfer: 5.77434 ms.
1751366473.1727042 [pp_infer-1] [INFO] [1751366473.172588739] [minimal_publisher]: TIME: 6.438752 ms, Objects detected: 14
1751366473.3440325 [pp_infer-1] TIME: doinfer: 5.6897 ms.
1751366473.3453565 [pp_infer-1] [INFO] [1751366473.344819874] [minimal_publisher]: TIME: 7.041888 ms, Objects detected: 12
1751366473.5330000 [pp_infer-1] TIME: doinfer: 5.85024 ms.
1751366473.5332320 [pp_infer-1] [INFO] [1751366473.533145484] [minimal_publisher]: TIME: 6.206656 ms, Objects detected: 9
1751366473.6913643 [pp_infer-1] TIME: doinfer: 5.59923 ms.
1751366473.6915462 [pp_infer-1] [INFO] [1751366473.691441115] [minimal_publisher]: TIME: 5.864448 ms, Objects detected: 14
1751366473.8884783 [pp_infer-1] TIME: doinfer: 5.69446 ms.
1751366473.8897731 [pp_infer-1] [INFO] [1751366473.889263208] [minimal_publisher]: TIME: 7.096128 ms, Objects detected: 15
1751366474.0468817 [pp_infer-1] TIME: doinfer: 5.52435 ms.
1751366474.0470669 [pp_infer-1] [INFO] [1751366474.046956836] [minimal_publisher]: TIME: 5.779840 ms, Objects detected: 14
1751366474.2368200 [pp_infer-1] TIME: doinfer: 6.19213 ms.
1751366474.2370126 [pp_infer-1] [INFO] [1751366474.236906539] [minimal_publisher]: TIME: 6.470592 ms, Objects detected: 15
1751366474.4257438 [pp_infer-1] TIME: doinfer: 5.55622 ms.
1751366474.4261324 [pp_infer-1] [INFO] [1751366474.425972092] [minimal_publisher]: TIME: 6.067072 ms, Objects detected: 14
1751366474.5968037 [pp_infer-1] TIME: doinfer: 5.69958 ms.
1751366474.5979633 [pp_infer-1] [INFO] [1751366474.597459964] [minimal_publisher]: TIME: 6.964384 ms, Objects detected: 12
1751366474.7579241 [pp_infer-1] TIME: doinfer: 5.56966 ms.
1751366474.7581718 [pp_infer-1] [INFO] [1751366474.757968209] [minimal_publisher]: TIME: 5.799936 ms, Objects detected: 9
1751366474.9485071 [pp_infer-1] TIME: doinfer: 6.91264 ms.
1751366474.9487824 [pp_infer-1] [INFO] [1751366474.948658777] [minimal_publisher]: TIME: 7.250528 ms, Objects detected: 10
1751366475.1080289 [pp_infer-1] TIME: doinfer: 5.6839 ms.
1751366475.1088815 [pp_infer-1] [INFO] [1751366475.108355233] [minimal_publisher]: TIME: 6.602752 ms, Objects detected: 8
1751366475.2916274 [pp_infer-1] TIME: doinfer: 6.30682 ms.
1751366475.2925560 [pp_infer-1] [INFO] [1751366475.292215951] [minimal_publisher]: TIME: 7.475200 ms, Objects detected: 10
1751366475.4512599 [pp_infer-1] TIME: doinfer: 6.10918 ms.
1751366475.4531107 [pp_infer-1] [INFO] [1751366475.452158153] [minimal_publisher]: TIME: 7.631872 ms, Objects detected: 15
1751366475.6339803 [pp_infer-1] TIME: doinfer: 5.66886 ms.
1751366475.6362462 [pp_infer-1] [INFO] [1751366475.635719817] [minimal_publisher]: TIME: 8.012672 ms, Objects detected: 16
1751366475.8069322 [pp_infer-1] TIME: doinfer: 5.68253 ms.
1751366475.8081574 [pp_infer-1] [INFO] [1751366475.807618357] [minimal_publisher]: TIME: 6.950016 ms, Objects detected: 12
1751366475.9642644 [pp_infer-1] TIME: doinfer: 6.24362 ms.
1751366475.9657228 [pp_infer-1] [INFO] [1751366475.965213914] [minimal_publisher]: TIME: 7.808000 ms, Objects detected: 17
1751366476.1428943 [pp_infer-1] TIME: doinfer: 5.71699 ms.
1751366476.1441903 [pp_infer-1] [INFO] [1751366476.143665331] [minimal_publisher]: TIME: 7.089216 ms, Objects detected: 13
1751366476.3039072 [pp_infer-1] TIME: doinfer: 5.97174 ms.
1751366476.3056173 [pp_infer-1] [INFO] [1751366476.305104451] [minimal_publisher]: TIME: 7.703680 ms, Objects detected: 16
1751366476.4831395 [pp_infer-1] TIME: doinfer: 5.67091 ms.
1751366476.4844155 [pp_infer-1] [INFO] [1751366476.483896644] [minimal_publisher]: TIME: 7.034880 ms, Objects detected: 11
1751366476.6409349 [pp_infer-1] TIME: doinfer: 6.38771 ms.
1751366476.6419003 [pp_infer-1] [INFO] [1751366476.641457062] [minimal_publisher]: TIME: 7.506720 ms, Objects detected: 10
1751366476.8216364 [pp_infer-1] TIME: doinfer: 6.01389 ms.
1751366476.8236349 [pp_infer-1] [INFO] [1751366476.823116971] [minimal_publisher]: TIME: 8.074464 ms, Objects detected: 13
1751366476.9792922 [pp_infer-1] TIME: doinfer: 5.6768 ms.
1751366476.9812427 [pp_infer-1] [INFO] [1751366476.980701177] [minimal_publisher]: TIME: 7.710656 ms, Objects detected: 12
1751366477.1501257 [pp_infer-1] TIME: doinfer: 5.66579 ms.
1751366477.1514716 [pp_infer-1] [INFO] [1751366477.150936470] [minimal_publisher]: TIME: 7.102176 ms, Objects detected: 14
1751366477.3048391 [pp_infer-1] TIME: doinfer: 6.13616 ms.
1751366477.3067517 [pp_infer-1] [INFO] [1751366477.306235479] [minimal_publisher]: TIME: 8.127488 ms, Objects detected: 12
1751366477.4799206 [pp_infer-1] TIME: doinfer: 5.7129 ms.
1751366477.4812763 [pp_infer-1] [INFO] [1751366477.480753069] [minimal_publisher]: TIME: 7.126208 ms, Objects detected: 12
1751366477.6315918 [pp_infer-1] TIME: doinfer: 5.68915 ms.
1751366477.6329591 [pp_infer-1] [INFO] [1751366477.632463137] [minimal_publisher]: TIME: 7.159872 ms, Objects detected: 15
1751366477.8053887 [pp_infer-1] TIME: doinfer: 5.80915 ms.
1751366477.8056276 [pp_infer-1] [INFO] [1751366477.805545939] [minimal_publisher]: TIME: 6.145600 ms, Objects detected: 13
1751366477.9573755 [pp_infer-1] TIME: doinfer: 6.2953 ms.
1751366477.9587281 [pp_infer-1] [INFO] [1751366477.958249274] [minimal_publisher]: TIME: 7.801856 ms, Objects detected: 12
1751366478.1267605 [pp_infer-1] TIME: doinfer: 5.53974 ms.
1751366478.1270010 [pp_infer-1] [INFO] [1751366478.126842169] [minimal_publisher]: TIME: 5.786624 ms, Objects detected: 11
1751366478.2804084 [pp_infer-1] TIME: doinfer: 5.71283 ms.
1751366478.2818301 [pp_infer-1] [INFO] [1751366478.281332503] [minimal_publisher]: TIME: 7.263616 ms, Objects detected: 13
1751366478.4581180 [pp_infer-1] TIME: doinfer: 6.16362 ms.
1751366478.4598918 [pp_infer-1] [INFO] [1751366478.459380522] [minimal_publisher]: TIME: 8.057760 ms, Objects detected: 10
1751366478.6072865 [pp_infer-1] TIME: doinfer: 6.07206 ms.
1751366478.6082456 [pp_infer-1] [INFO] [1751366478.607693517] [minimal_publisher]: TIME: 7.079840 ms, Objects detected: 9
1751366478.7843978 [pp_infer-1] TIME: doinfer: 5.68832 ms.
1751366478.7855089 [pp_infer-1] [INFO] [1751366478.785059239] [minimal_publisher]: TIME: 6.968096 ms, Objects detected: 13
1751366478.9297709 [pp_infer-1] TIME: doinfer: 6.83005 ms.
1751366478.9300160 [pp_infer-1] [INFO] [1751366478.929938258] [minimal_publisher]: TIME: 7.212320 ms, Objects detected: 8
1751366479.1046464 [pp_infer-1] TIME: doinfer: 5.70899 ms.
1751366479.1056399 [pp_infer-1] [INFO] [1751366479.105251812] [minimal_publisher]: TIME: 6.954368 ms, Objects detected: 9
1751366479.2592168 [pp_infer-1] TIME: doinfer: 6.41434 ms.
1751366479.2602262 [pp_infer-1] [INFO] [1751366479.259797207] [minimal_publisher]: TIME: 7.631520 ms, Objects detected: 11
1751366479.4195132 [pp_infer-1] TIME: doinfer: 5.51709 ms.
1751366479.4197319 [pp_infer-1] [INFO] [1751366479.419577759] [minimal_publisher]: TIME: 5.765120 ms, Objects detected: 12
1751366479.5743718 [pp_infer-1] TIME: doinfer: 6.00384 ms.
1751366479.5761914 [pp_infer-1] [INFO] [1751366479.575643940] [minimal_publisher]: TIME: 7.916320 ms, Objects detected: 11
1751366479.7189412 [pp_infer-1] TIME: doinfer: 5.5255 ms.
1751366479.7191808 [pp_infer-1] [INFO] [1751366479.718996496] [minimal_publisher]: TIME: 5.762784 ms, Objects detected: 12
1751366479.8949120 [pp_infer-1] TIME: doinfer: 6.39155 ms.
1751366479.8951900 [pp_infer-1] [INFO] [1751366479.895058811] [minimal_publisher]: TIME: 6.778464 ms, Objects detected: 10
1751366480.0403190 [pp_infer-1] TIME: doinfer: 5.96762 ms.
1751366480.0415401 [pp_infer-1] [INFO] [1751366480.041014909] [minimal_publisher]: TIME: 7.284512 ms, Objects detected: 13
1751366480.2054756 [pp_infer-1] TIME: doinfer: 5.56426 ms.
1751366480.2056971 [pp_infer-1] [INFO] [1751366480.205572398] [minimal_publisher]: TIME: 5.854048 ms, Objects detected: 10
1751366480.3489454 [pp_infer-1] TIME: doinfer: 5.53062 ms.
1751366480.3491876 [pp_infer-1] [INFO] [1751366480.349017696] [minimal_publisher]: TIME: 5.780512 ms, Objects detected: 11
1751366480.5161564 [pp_infer-1] TIME: doinfer: 5.69222 ms.
1751366480.5172379 [pp_infer-1] [INFO] [1751366480.516798408] [minimal_publisher]: TIME: 6.965216 ms, Objects detected: 12
1751366480.6548915 [pp_infer-1] TIME: doinfer: 5.52346 ms.
1751366480.6552212 [pp_infer-1] [INFO] [1751366480.655060017] [minimal_publisher]: TIME: 5.865472 ms, Objects detected: 11
1751366480.8194113 [pp_infer-1] TIME: doinfer: 5.71693 ms.
1751366480.8197777 [pp_infer-1] [INFO] [1751366480.819660793] [minimal_publisher]: TIME: 6.158336 ms, Objects detected: 11
1751366480.9639010 [pp_infer-1] TIME: doinfer: 5.69725 ms.
1751366480.9648886 [pp_infer-1] [INFO] [1751366480.964461914] [minimal_publisher]: TIME: 6.844416 ms, Objects detected: 8
1751366481.1369889 [pp_infer-1] TIME: doinfer: 5.66762 ms.
1751366481.1387236 [pp_infer-1] [INFO] [1751366481.138224166] [minimal_publisher]: TIME: 7.506944 ms, Objects detected: 8
1751366481.2816796 [pp_infer-1] TIME: doinfer: 5.67574 ms.
1751366481.2826936 [pp_infer-1] [INFO] [1751366481.282285994] [minimal_publisher]: TIME: 6.882240 ms, Objects detected: 11
1751366481.4223733 [pp_infer-1] TIME: doinfer: 5.67181 ms.
1751366481.4233840 [pp_infer-1] [INFO] [1751366481.422980627] [minimal_publisher]: TIME: 6.909440 ms, Objects detected: 9
1751366481.5915864 [pp_infer-1] TIME: doinfer: 6.14134 ms.
1751366481.5933068 [pp_infer-1] [INFO] [1751366481.592722872] [minimal_publisher]: TIME: 7.898112 ms, Objects detected: 11
1751366481.7342489 [pp_infer-1] TIME: doinfer: 5.67802 ms.
1751366481.7352827 [pp_infer-1] [INFO] [1751366481.734856510] [minimal_publisher]: TIME: 6.879232 ms, Objects detected: 12
1751366481.8989317 [pp_infer-1] TIME: doinfer: 5.64531 ms.
1751366481.8999596 [pp_infer-1] [INFO] [1751366481.899554965] [minimal_publisher]: TIME: 6.848864 ms, Objects detected: 12
1751366482.0424783 [pp_infer-1] TIME: doinfer: 5.9224 ms.
1751366482.0437660 [pp_infer-1] [INFO] [1751366482.043222716] [minimal_publisher]: TIME: 7.402496 ms, Objects detected: 13
1751366482.1979318 [pp_infer-1] TIME: doinfer: 6.45386 ms.
1751366482.1983619 [pp_infer-1] [INFO] [1751366482.198247080] [minimal_publisher]: TIME: 6.942592 ms, Objects detected: 13
1751366482.3383906 [pp_infer-1] TIME: doinfer: 5.67984 ms.
1751366482.3398266 [pp_infer-1] [INFO] [1751366482.339106174] [minimal_publisher]: TIME: 6.980608 ms, Objects detected: 11
1751366482.4952047 [pp_infer-1] TIME: doinfer: 6.28829 ms.
1751366482.4964552 [pp_infer-1] [INFO] [1751366482.495884183] [minimal_publisher]: TIME: 7.585696 ms, Objects detected: 11
1751366482.6502421 [pp_infer-1] TIME: doinfer: 5.98835 ms.
1751366482.6520789 [pp_infer-1] [INFO] [1751366482.651542200] [minimal_publisher]: TIME: 7.927712 ms, Objects detected: 13
1751366482.7816393 [pp_infer-1] TIME: doinfer: 7.70048 ms.
1751366482.7818353 [pp_infer-1] [INFO] [1751366482.781743903] [minimal_publisher]: TIME: 7.980000 ms, Objects detected: 14
1751366482.9268990 [pp_infer-1] TIME: doinfer: 5.99757 ms.
1751366482.9282138 [pp_infer-1] [INFO] [1751366482.927635499] [minimal_publisher]: TIME: 7.321376 ms, Objects detected: 12
1751366483.0825326 [pp_infer-1] TIME: doinfer: 5.71085 ms.
1751366483.0839765 [pp_infer-1] [INFO] [1751366483.083426683] [minimal_publisher]: TIME: 7.227392 ms, Objects detected: 13
1751366483.2333775 [pp_infer-1] TIME: doinfer: 5.53565 ms.
1751366483.2336056 [pp_infer-1] [INFO] [1751366483.233515823] [minimal_publisher]: TIME: 5.830368 ms, Objects detected: 12
1751366483.3666644 [pp_infer-1] TIME: doinfer: 5.68115 ms.
1751366483.3676457 [pp_infer-1] [INFO] [1751366483.367268734] [minimal_publisher]: TIME: 6.866944 ms, Objects detected: 11
1751366483.5222898 [pp_infer-1] TIME: doinfer: 5.6616 ms.
1751366483.5234230 [pp_infer-1] [INFO] [1751366483.522990656] [minimal_publisher]: TIME: 6.975424 ms, Objects detected: 13
1751366483.6581917 [pp_infer-1] TIME: doinfer: 5.68128 ms.
1751366483.6598005 [pp_infer-1] [INFO] [1751366483.659265741] [minimal_publisher]: TIME: 7.385088 ms, Objects detected: 13
1751366483.8022566 [pp_infer-1] TIME: doinfer: 6.39366 ms.
1751366483.8035438 [pp_infer-1] [INFO] [1751366483.802991369] [minimal_publisher]: TIME: 7.838688 ms, Objects detected: 13
1751366483.9551597 [pp_infer-1] TIME: doinfer: 5.80403 ms.
1751366483.9555411 [pp_infer-1] [INFO] [1751366483.955415948] [minimal_publisher]: TIME: 6.233760 ms, Objects detected: 13
1751366484.1115201 [pp_infer-1] TIME: doinfer: 5.91638 ms.
1751366484.1131074 [pp_infer-1] [INFO] [1751366484.112520710] [minimal_publisher]: TIME: 7.503648 ms, Objects detected: 13
1751366484.2495050 [pp_infer-1] TIME: doinfer: 6.02624 ms.
1751366484.2520678 [pp_infer-1] [INFO] [1751366484.251533160] [minimal_publisher]: TIME: 8.647648 ms, Objects detected: 15
1751366484.3848991 [pp_infer-1] TIME: doinfer: 5.66371 ms.
1751366484.3861415 [pp_infer-1] [INFO] [1751366484.385708204] [minimal_publisher]: TIME: 7.032704 ms, Objects detected: 14
1751366484.5391173 [pp_infer-1] TIME: doinfer: 6.09075 ms.
1751366484.5403407 [pp_infer-1] [INFO] [1751366484.539897939] [minimal_publisher]: TIME: 7.483648 ms, Objects detected: 14
1751366484.6779354 [pp_infer-1] TIME: doinfer: 6.06925 ms.
1751366484.6791120 [pp_infer-1] [INFO] [1751366484.678675377] [minimal_publisher]: TIME: 7.474176 ms, Objects detected: 12
1751366484.8101633 [pp_infer-1] TIME: doinfer: 5.72995 ms.
1751366484.8114252 [pp_infer-1] [INFO] [1751366484.810865610] [minimal_publisher]: TIME: 7.055392 ms, Objects detected: 12
1751366484.9617476 [pp_infer-1] TIME: doinfer: 5.79994 ms.
1751366484.9620118 [pp_infer-1] [INFO] [1751366484.961933466] [minimal_publisher]: TIME: 6.178816 ms, Objects detected: 15
1751366485.0960817 [pp_infer-1] TIME: doinfer: 6.0201 ms.
1751366485.0974307 [pp_infer-1] [INFO] [1751366485.096868537] [minimal_publisher]: TIME: 7.495424 ms, Objects detected: 15
1751366485.2511425 [pp_infer-1] TIME: doinfer: 5.70163 ms.
1751366485.2527103 [pp_infer-1] [INFO] [1751366485.252162678] [minimal_publisher]: TIME: 7.331840 ms, Objects detected: 16
1751366485.3825173 [pp_infer-1] TIME: doinfer: 6.43994 ms.
1751366485.3837862 [pp_infer-1] [INFO] [1751366485.383239734] [minimal_publisher]: TIME: 7.779328 ms, Objects detected: 13
1751366485.5303230 [pp_infer-1] TIME: doinfer: 6.49626 ms.
1751366485.5316401 [pp_infer-1] [INFO] [1751366485.531107649] [minimal_publisher]: TIME: 7.985472 ms, Objects detected: 14
1751366485.6601796 [pp_infer-1] TIME: doinfer: 5.6617 ms.
1751366485.6611493 [pp_infer-1] [INFO] [1751366485.660715091] [minimal_publisher]: TIME: 6.895584 ms, Objects detected: 12
1751366485.8169444 [pp_infer-1] TIME: doinfer: 5.94602 ms.
1751366485.8185577 [pp_infer-1] [INFO] [1751366485.818036170] [minimal_publisher]: TIME: 7.637696 ms, Objects detected: 10
1751366485.9432111 [pp_infer-1] TIME: doinfer: 5.70125 ms.
1751366485.9448166 [pp_infer-1] [INFO] [1751366485.944271135] [minimal_publisher]: TIME: 7.512832 ms, Objects detected: 10
1751366486.0903323 [pp_infer-1] TIME: doinfer: 5.66646 ms.
1751366486.0912671 [pp_infer-1] [INFO] [1751366486.090832338] [minimal_publisher]: TIME: 6.797056 ms, Objects detected: 11
1751366486.2299860 [pp_infer-1] TIME: doinfer: 6.03846 ms.
1751366486.2319725 [pp_infer-1] [INFO] [1751366486.231428799] [minimal_publisher]: TIME: 8.079712 ms, Objects detected: 10
1751366486.3599501 [pp_infer-1] TIME: doinfer: 5.92486 ms.
1751366486.3614450 [pp_infer-1] [INFO] [1751366486.360913168] [minimal_publisher]: TIME: 7.589344 ms, Objects detected: 11
1751366486.5075092 [pp_infer-1] TIME: doinfer: 5.67149 ms.
1751366486.5086832 [pp_infer-1] [INFO] [1751366486.508129976] [minimal_publisher]: TIME: 6.893568 ms, Objects detected: 10
1751366486.6336212 [pp_infer-1] TIME: doinfer: 5.69034 ms.
1751366486.6345854 [pp_infer-1] [INFO] [1751366486.634180080] [minimal_publisher]: TIME: 6.842208 ms, Objects detected: 10
1751366486.7798946 [pp_infer-1] TIME: doinfer: 6.02829 ms.
1751366486.7808740 [pp_infer-1] [INFO] [1751366486.780321163] [minimal_publisher]: TIME: 7.156736 ms, Objects detected: 10
1751366486.9213936 [pp_infer-1] TIME: doinfer: 5.69242 ms.
1751366486.9223337 [pp_infer-1] [INFO] [1751366486.921793179] [minimal_publisher]: TIME: 6.707296 ms, Objects detected: 10
1751366487.0488784 [pp_infer-1] TIME: doinfer: 6.28621 ms.
1751366487.0498972 [pp_infer-1] [INFO] [1751366487.049486666] [minimal_publisher]: TIME: 7.479360 ms, Objects detected: 12
1751366487.1997919 [pp_infer-1] TIME: doinfer: 6.31706 ms.
1751366487.2007656 [pp_infer-1] [INFO] [1751366487.200355775] [minimal_publisher]: TIME: 7.475200 ms, Objects detected: 11
1751366487.3244843 [pp_infer-1] TIME: doinfer: 5.66989 ms.
1751366487.3254654 [pp_infer-1] [INFO] [1751366487.325060402] [minimal_publisher]: TIME: 6.825184 ms, Objects detected: 11
1751366487.4540009 [pp_infer-1] TIME: doinfer: 5.67706 ms.
1751366487.4549670 [pp_infer-1] [INFO] [1751366487.454559915] [minimal_publisher]: TIME: 6.819840 ms, Objects detected: 10
1751366487.6097028 [pp_infer-1] TIME: doinfer: 5.6064 ms.
1751366487.6106656 [pp_infer-1] [INFO] [1751366487.610291731] [minimal_publisher]: TIME: 6.785024 ms, Objects detected: 12
1751366487.7389107 [pp_infer-1] TIME: doinfer: 6.04365 ms.
1751366487.7398674 [pp_infer-1] [INFO] [1751366487.739467195] [minimal_publisher]: TIME: 7.193600 ms, Objects detected: 12
1751366487.8631444 [pp_infer-1] TIME: doinfer: 5.98426 ms.
1751366487.8648157 [pp_infer-1] [INFO] [1751366487.864271612] [minimal_publisher]: TIME: 7.733248 ms, Objects detected: 11
1751366488.0091085 [pp_infer-1] TIME: doinfer: 5.66784 ms.
1751366488.0104048 [pp_infer-1] [INFO] [1751366488.009835397] [minimal_publisher]: TIME: 6.988000 ms, Objects detected: 13
1751366488.1340597 [pp_infer-1] TIME: doinfer: 6.27814 ms.
1751366488.1353145 [pp_infer-1] [INFO] [1751366488.134738434] [minimal_publisher]: TIME: 7.565312 ms, Objects detected: 13
1751366488.2704861 [pp_infer-1] TIME: doinfer: 5.69037 ms.
1751366488.2718155 [pp_infer-1] [INFO] [1751366488.271269494] [minimal_publisher]: TIME: 7.094560 ms, Objects detected: 15
1751366488.3978763 [pp_infer-1] TIME: doinfer: 6.01088 ms.
1751366488.3994210 [pp_infer-1] [INFO] [1751366488.398849369] [minimal_publisher]: TIME: 7.564320 ms, Objects detected: 17
1751366488.5338144 [pp_infer-1] TIME: doinfer: 6.1184 ms.
1751366488.5360801 [pp_infer-1] [INFO] [1751366488.535536539] [minimal_publisher]: TIME: 8.424640 ms, Objects detected: 16
1751366488.6803837 [pp_infer-1] TIME: doinfer: 5.70163 ms.
1751366488.6815031 [pp_infer-1] [INFO] [1751366488.681053539] [minimal_publisher]: TIME: 7.079936 ms, Objects detected: 13
1751366488.8108957 [pp_infer-1] TIME: doinfer: 6.24845 ms.
1751366488.8111000 [pp_infer-1] [INFO] [1751366488.810979393] [minimal_publisher]: TIME: 6.496416 ms, Objects detected: 13
1751366488.9440744 [pp_infer-1] TIME: doinfer: 5.51613 ms.
1751366488.9444380 [pp_infer-1] [INFO] [1751366488.944304048] [minimal_publisher]: TIME: 5.939488 ms, Objects detected: 13
1751366489.0671883 [pp_infer-1] TIME: doinfer: 5.91437 ms.
1751366489.0673730 [pp_infer-1] [INFO] [1751366489.067261403] [minimal_publisher]: TIME: 6.213632 ms, Objects detected: 13
1751366489.2051849 [pp_infer-1] TIME: doinfer: 6.02726 ms.
1751366489.2055793 [pp_infer-1] [INFO] [1751366489.205501926] [minimal_publisher]: TIME: 6.550208 ms, Objects detected: 14
1751366489.3246219 [pp_infer-1] TIME: doinfer: 5.51283 ms.
1751366489.3248641 [pp_infer-1] [INFO] [1751366489.324698795] [minimal_publisher]: TIME: 5.763072 ms, Objects detected: 12
1751366489.4665661 [pp_infer-1] TIME: doinfer: 5.89699 ms.
1751366489.4668381 [pp_infer-1] [INFO] [1751366489.466696517] [minimal_publisher]: TIME: 6.244352 ms, Objects detected: 13
1751366489.5876248 [pp_infer-1] TIME: doinfer: 5.69856 ms.
1751366489.5879612 [pp_infer-1] [INFO] [1751366489.587847035] [minimal_publisher]: TIME: 6.116672 ms, Objects detected: 13
1751366489.7199209 [pp_infer-1] TIME: doinfer: 5.53165 ms.
1751366489.7201321 [pp_infer-1] [INFO] [1751366489.720013084] [minimal_publisher]: TIME: 5.781536 ms, Objects detected: 12
1751366489.8682501 [pp_infer-1] TIME: doinfer: 6.11923 ms.
1751366489.8684609 [pp_infer-1] [INFO] [1751366489.868382509] [minimal_publisher]: TIME: 6.427488 ms, Objects detected: 13
1751366489.9895790 [pp_infer-1] TIME: doinfer: 5.69011 ms.
1751366489.9907961 [pp_infer-1] [INFO] [1751366489.990290857] [minimal_publisher]: TIME: 7.027712 ms, Objects detected: 11
1751366490.1281793 [pp_infer-1] TIME: doinfer: 5.68218 ms.
1751366490.1304061 [pp_infer-1] [INFO] [1751366490.129767912] [minimal_publisher]: TIME: 7.899136 ms, Objects detected: 14
1751366490.2465050 [pp_infer-1] TIME: doinfer: 6.0969 ms.
1751366490.2475760 [pp_infer-1] [INFO] [1751366490.247181498] [minimal_publisher]: TIME: 7.387648 ms, Objects detected: 12
1751366490.3904002 [pp_infer-1] TIME: doinfer: 5.71699 ms.
1751366490.3922749 [pp_infer-1] [INFO] [1751366490.391729291] [minimal_publisher]: TIME: 7.701056 ms, Objects detected: 13
1751366490.5048304 [pp_infer-1] TIME: doinfer: 5.67466 ms.
1751366490.5061154 [pp_infer-1] [INFO] [1751366490.505726402] [minimal_publisher]: TIME: 7.148544 ms, Objects detected: 13
1751366490.6410174 [pp_infer-1] TIME: doinfer: 5.66989 ms.
1751366490.6429582 [pp_infer-1] [INFO] [1751366490.642454236] [minimal_publisher]: TIME: 7.711744 ms, Objects detected: 14
1751366490.7642250 [pp_infer-1] TIME: doinfer: 5.65536 ms.
1751366490.7656243 [pp_infer-1] [INFO] [1751366490.765123654] [minimal_publisher]: TIME: 7.256352 ms, Objects detected: 17
1751366490.9011791 [pp_infer-1] TIME: doinfer: 5.98221 ms.
1751366490.9028301 [pp_infer-1] [INFO] [1751366490.902320836] [minimal_publisher]: TIME: 7.716128 ms, Objects detected: 10
1751366491.0246873 [pp_infer-1] TIME: doinfer: 5.66989 ms.
1751366491.0266545 [pp_infer-1] [INFO] [1751366491.026079811] [minimal_publisher]: TIME: 7.659232 ms, Objects detected: 14
1751366491.1638300 [pp_infer-1] TIME: doinfer: 6.12966 ms.
1751366491.1652641 [pp_infer-1] [INFO] [1751366491.164736394] [minimal_publisher]: TIME: 7.640800 ms, Objects detected: 11
1751366491.2808185 [pp_infer-1] TIME: doinfer: 5.70467 ms.
1751366491.2828982 [pp_infer-1] [INFO] [1751366491.282416081] [minimal_publisher]: TIME: 7.891520 ms, Objects detected: 12
1751366491.4047143 [pp_infer-1] TIME: doinfer: 5.65146 ms.
1751366491.4059737 [pp_infer-1] [INFO] [1751366491.405463014] [minimal_publisher]: TIME: 6.970368 ms, Objects detected: 14
1751366491.5402110 [pp_infer-1] TIME: doinfer: 5.6832 ms.
1751366491.5419366 [pp_infer-1] [INFO] [1751366491.541410576] [minimal_publisher]: TIME: 7.504576 ms, Objects detected: 11
1751366491.6550295 [pp_infer-1] TIME: doinfer: 5.7088 ms.
1751366491.6564085 [pp_infer-1] [INFO] [1751366491.655858863] [minimal_publisher]: TIME: 7.145312 ms, Objects detected: 14
1751366491.7939703 [pp_infer-1] TIME: doinfer: 6.89251 ms.
1751366491.7961602 [pp_infer-1] [INFO] [1751366491.795629476] [minimal_publisher]: TIME: 9.162624 ms, Objects detected: 10
1751366491.9091496 [pp_infer-1] TIME: doinfer: 8.29542 ms.
1751366491.9102693 [pp_infer-1] [INFO] [1751366491.909862808] [minimal_publisher]: TIME: 9.510912 ms, Objects detected: 13
1751366492.0497754 [pp_infer-1] TIME: doinfer: 5.71392 ms.
1751366492.0519192 [pp_infer-1] [INFO] [1751366492.051411171] [minimal_publisher]: TIME: 7.957376 ms, Objects detected: 11
1751366492.1823299 [pp_infer-1] TIME: doinfer: 5.82029 ms.
1751366492.1840787 [pp_infer-1] [INFO] [1751366492.183571496] [minimal_publisher]: TIME: 7.845536 ms, Objects detected: 16
1751366492.2884991 [pp_infer-1] TIME: doinfer: 6.52659 ms.
1751366492.2897663 [pp_infer-1] [INFO] [1751366492.289260603] [minimal_publisher]: TIME: 7.966976 ms, Objects detected: 12
1751366492.4250565 [pp_infer-1] TIME: doinfer: 5.5041 ms.
1751366492.4252651 [pp_infer-1] [INFO] [1751366492.425179035] [minimal_publisher]: TIME: 5.788672 ms, Objects detected: 13
1751366492.5400207 [pp_infer-1] TIME: doinfer: 5.52826 ms.
1751366492.5403094 [pp_infer-1] [INFO] [1751366492.540183826] [minimal_publisher]: TIME: 5.882880 ms, Objects detected: 19
1751366492.6750338 [pp_infer-1] TIME: doinfer: 5.49885 ms.
1751366492.6752753 [pp_infer-1] [INFO] [1751366492.675127303] [minimal_publisher]: TIME: 5.785728 ms, Objects detected: 14
1751366492.7935507 [pp_infer-1] TIME: doinfer: 5.52125 ms.
1751366492.7937450 [pp_infer-1] [INFO] [1751366492.793650045] [minimal_publisher]: TIME: 5.815456 ms, Objects detected: 16
1751366492.9146562 [pp_infer-1] TIME: doinfer: 5.6791 ms.
1751366492.9160752 [pp_infer-1] [INFO] [1751366492.915553482] [minimal_publisher]: TIME: 7.201472 ms, Objects detected: 14
1751366493.0444827 [pp_infer-1] TIME: doinfer: 5.66778 ms.
1751366493.0459564 [pp_infer-1] [INFO] [1751366493.045443874] [minimal_publisher]: TIME: 7.285408 ms, Objects detected: 14
1751366493.1657879 [pp_infer-1] TIME: doinfer: 5.6791 ms.
1751366493.1671290 [pp_infer-1] [INFO] [1751366493.166593980] [minimal_publisher]: TIME: 7.118112 ms, Objects detected: 10
1751366493.2956223 [pp_infer-1] TIME: doinfer: 5.65862 ms.
1751366493.2970750 [pp_infer-1] [INFO] [1751366493.296542077] [minimal_publisher]: TIME: 7.229440 ms, Objects detected: 13
1751366493.4183187 [pp_infer-1] TIME: doinfer: 5.69651 ms.
1751366493.4198408 [pp_infer-1] [INFO] [1751366493.419333186] [minimal_publisher]: TIME: 7.357408 ms, Objects detected: 13
1751366493.5341480 [pp_infer-1] TIME: doinfer: 5.66374 ms.
1751366493.5352955 [pp_infer-1] [INFO] [1751366493.534766327] [minimal_publisher]: TIME: 6.904928 ms, Objects detected: 10
1751366493.6667695 [pp_infer-1] TIME: doinfer: 5.65219 ms.
1751366493.6681950 [pp_infer-1] [INFO] [1751366493.667666441] [minimal_publisher]: TIME: 7.136384 ms, Objects detected: 13
1751366493.7836876 [pp_infer-1] TIME: doinfer: 5.50794 ms.
1751366493.7844069 [pp_infer-1] [INFO] [1751366493.784285194] [minimal_publisher]: TIME: 6.304832 ms, Objects detected: 14
1751366493.8987505 [pp_infer-1] TIME: doinfer: 5.65654 ms.
1751366493.8999231 [pp_infer-1] [INFO] [1751366493.899420087] [minimal_publisher]: TIME: 6.943616 ms, Objects detected: 13
1751366494.0322623 [pp_infer-1] TIME: doinfer: 5.66166 ms.
1751366494.0331838 [pp_infer-1] [INFO] [1751366494.032626876] [minimal_publisher]: TIME: 6.693536 ms, Objects detected: 7
1751366494.1437929 [pp_infer-1] TIME: doinfer: 5.6513 ms.
1751366494.1449749 [pp_infer-1] [INFO] [1751366494.144468927] [minimal_publisher]: TIME: 6.886400 ms, Objects detected: 13
1751366494.2776756 [pp_infer-1] TIME: doinfer: 5.66374 ms.
1751366494.2786188 [pp_infer-1] [INFO] [1751366494.278254029] [minimal_publisher]: TIME: 6.857728 ms, Objects detected: 8
1751366494.3919194 [pp_infer-1] TIME: doinfer: 6.83725 ms.
1751366494.3922324 [pp_infer-1] [INFO] [1751366494.392101421] [minimal_publisher]: TIME: 7.217152 ms, Objects detected: 11
1751366494.5240514 [pp_infer-1] TIME: doinfer: 6.54115 ms.
1751366494.5249660 [pp_infer-1] [INFO] [1751366494.524526506] [minimal_publisher]: TIME: 7.652032 ms, Objects detected: 10
1751366494.6361556 [pp_infer-1] TIME: doinfer: 5.69651 ms.
1751366494.6374791 [pp_infer-1] [INFO] [1751366494.636951180] [minimal_publisher]: TIME: 7.140992 ms, Objects detected: 12
1751366494.7525074 [pp_infer-1] TIME: doinfer: 5.67706 ms.
1751366494.7540805 [pp_infer-1] [INFO] [1751366494.753556572] [minimal_publisher]: TIME: 7.366656 ms, Objects detected: 10
1751366494.9515088 [pp_infer-1] TIME: doinfer: 5.63901 ms.
1751366494.9527531 [pp_infer-1] [INFO] [1751366494.952246800] [minimal_publisher]: TIME: 7.043776 ms, Objects detected: 11
1751366495.0671966 [pp_infer-1] TIME: doinfer: 5.65658 ms.
1751366495.0685909 [pp_infer-1] [INFO] [1751366495.068063285] [minimal_publisher]: TIME: 7.163904 ms, Objects detected: 13
1751366495.1960611 [pp_infer-1] TIME: doinfer: 5.65555 ms.
1751366495.1969743 [pp_infer-1] [INFO] [1751366495.196555055] [minimal_publisher]: TIME: 6.760448 ms, Objects detected: 8
1751366495.3082871 [pp_infer-1] TIME: doinfer: 5.65862 ms.
1751366495.3092172 [pp_infer-1] [INFO] [1751366495.308828834] [minimal_publisher]: TIME: 6.821952 ms, Objects detected: 12
1751366495.4254830 [pp_infer-1] TIME: doinfer: 5.64634 ms.
1751366495.4273176 [pp_infer-1] [INFO] [1751366495.426766811] [minimal_publisher]: TIME: 7.577632 ms, Objects detected: 10
1751366495.5492797 [pp_infer-1] TIME: doinfer: 5.49843 ms.
1751366495.5495794 [pp_infer-1] [INFO] [1751366495.549350927] [minimal_publisher]: TIME: 5.818368 ms, Objects detected: 12
1751366495.6615732 [pp_infer-1] TIME: doinfer: 5.50298 ms.
1751366495.6617570 [pp_infer-1] [INFO] [1751366495.661626700] [minimal_publisher]: TIME: 5.721760 ms, Objects detected: 10
1751366495.7989409 [pp_infer-1] TIME: doinfer: 5.49376 ms.
1751366495.7991390 [pp_infer-1] [INFO] [1751366495.798970977] [minimal_publisher]: TIME: 5.722976 ms, Objects detected: 9
1751366495.9136128 [pp_infer-1] TIME: doinfer: 5.63405 ms.
1751366495.9144828 [pp_infer-1] [INFO] [1751366495.913918520] [minimal_publisher]: TIME: 6.608992 ms, Objects detected: 9
1751366496.0278435 [pp_infer-1] TIME: doinfer: 5.64627 ms.
1751366496.0289237 [pp_infer-1] [INFO] [1751366496.028457675] [minimal_publisher]: TIME: 6.821696 ms, Objects detected: 12
1751366496.1442258 [pp_infer-1] TIME: doinfer: 5.65517 ms.
1751366496.1451271 [pp_infer-1] [INFO] [1751366496.144744678] [minimal_publisher]: TIME: 6.833280 ms, Objects detected: 11
1751366496.2659996 [pp_infer-1] TIME: doinfer: 5.68218 ms.
1751366496.2673433 [pp_infer-1] [INFO] [1751366496.266782675] [minimal_publisher]: TIME: 7.069440 ms, Objects detected: 13
1751366496.3772335 [pp_infer-1] TIME: doinfer: 5.95149 ms.
1751366496.3784831 [pp_infer-1] [INFO] [1751366496.377938316] [minimal_publisher]: TIME: 7.306240 ms, Objects detected: 12
1751366496.4930675 [pp_infer-1] TIME: doinfer: 5.88186 ms.
1751366496.4945455 [pp_infer-1] [INFO] [1751366496.494001648] [minimal_publisher]: TIME: 7.397376 ms, Objects detected: 15
1751366496.6094635 [pp_infer-1] TIME: doinfer: 5.65962 ms.
1751366496.6107221 [pp_infer-1] [INFO] [1751366496.610217406] [minimal_publisher]: TIME: 7.012672 ms, Objects detected: 12
1751366496.7362268 [pp_infer-1] TIME: doinfer: 5.51597 ms.
1751366496.7365334 [pp_infer-1] [INFO] [1751366496.736408862] [minimal_publisher]: TIME: 5.897376 ms, Objects detected: 12
1751366496.8456550 [pp_infer-1] TIME: doinfer: 5.56922 ms.
1751366496.8458471 [pp_infer-1] [INFO] [1751366496.845764914] [minimal_publisher]: TIME: 5.873888 ms, Objects detected: 15
1751366496.9708524 [pp_infer-1] TIME: doinfer: 5.66758 ms.
1751366496.9721372 [pp_infer-1] [INFO] [1751366496.971607665] [minimal_publisher]: TIME: 7.013696 ms, Objects detected: 11
1751366497.0766468 [pp_infer-1] TIME: doinfer: 6.06003 ms.
1751366497.0770624 [pp_infer-1] [INFO] [1751366497.076944053] [minimal_publisher]: TIME: 6.556672 ms, Objects detected: 11
1751366497.1919739 [pp_infer-1] TIME: doinfer: 5.93731 ms.
1751366497.1928933 [pp_infer-1] [INFO] [1751366497.192520437] [minimal_publisher]: TIME: 6.922624 ms, Objects detected: 14
1751366497.3188627 [pp_infer-1] TIME: doinfer: 5.52659 ms.
1751366497.3192012 [pp_infer-1] [INFO] [1751366497.319070331] [minimal_publisher]: TIME: 5.964800 ms, Objects detected: 13
1751366497.4335830 [pp_infer-1] TIME: doinfer: 5.5849 ms.
1751366497.4348989 [pp_infer-1] [INFO] [1751366497.434391298] [minimal_publisher]: TIME: 6.998400 ms, Objects detected: 13
1751366497.5479219 [pp_infer-1] TIME: doinfer: 5.60826 ms.
1751366497.5492027 [pp_infer-1] [INFO] [1751366497.548740948] [minimal_publisher]: TIME: 7.014400 ms, Objects detected: 13
1751366497.6735048 [pp_infer-1] TIME: doinfer: 5.84502 ms.
1751366497.6737213 [pp_infer-1] [INFO] [1751366497.673654331] [minimal_publisher]: TIME: 6.171232 ms, Objects detected: 14
1751366497.7769644 [pp_infer-1] TIME: doinfer: 5.6511 ms.
1751366497.7782624 [pp_infer-1] [INFO] [1751366497.777697584] [minimal_publisher]: TIME: 6.971392 ms, Objects detected: 14
1751366497.9020510 [pp_infer-1] TIME: doinfer: 5.49171 ms.
1751366497.9022572 [pp_infer-1] [INFO] [1751366497.902144718] [minimal_publisher]: TIME: 5.745056 ms, Objects detected: 13
1751366498.0107875 [pp_infer-1] TIME: doinfer: 5.70886 ms.
1751366498.0121481 [pp_infer-1] [INFO] [1751366498.011609942] [minimal_publisher]: TIME: 7.129184 ms, Objects detected: 13
1751366498.1306391 [pp_infer-1] TIME: doinfer: 5.67181 ms.
1751366498.1322353 [pp_infer-1] [INFO] [1751366498.131689383] [minimal_publisher]: TIME: 7.315456 ms, Objects detected: 15
1751366498.2388346 [pp_infer-1] TIME: doinfer: 5.70032 ms.
1751366498.2402525 [pp_infer-1] [INFO] [1751366498.239721498] [minimal_publisher]: TIME: 7.194304 ms, Objects detected: 13
1751366498.3514504 [pp_infer-1] TIME: doinfer: 5.51424 ms.
1751366498.3517823 [pp_infer-1] [INFO] [1751366498.351593056] [minimal_publisher]: TIME: 5.915712 ms, Objects detected: 10
1751366498.4656022 [pp_infer-1] TIME: doinfer: 5.65965 ms.
1751366498.4666405 [pp_infer-1] [INFO] [1751366498.466224415] [minimal_publisher]: TIME: 6.868992 ms, Objects detected: 11
1751366498.5912213 [pp_infer-1] TIME: doinfer: 5.8889 ms.
1751366498.5914721 [pp_infer-1] [INFO] [1751366498.591350791] [minimal_publisher]: TIME: 6.211424 ms, Objects detected: 10
1751366498.6980295 [pp_infer-1] TIME: doinfer: 5.52653 ms.
1751366498.6982276 [pp_infer-1] [INFO] [1751366498.698101087] [minimal_publisher]: TIME: 5.792896 ms, Objects detected: 11
1751366498.8075786 [pp_infer-1] TIME: doinfer: 6.30134 ms.
1751366498.8082554 [pp_infer-1] [INFO] [1751366498.807966666] [minimal_publisher]: TIME: 7.124640 ms, Objects detected: 9
1751366498.9290235 [pp_infer-1] TIME: doinfer: 5.98384 ms.
1751366498.9293962 [pp_infer-1] [INFO] [1751366498.929192447] [minimal_publisher]: TIME: 6.427648 ms, Objects detected: 12
1751366499.0347188 [pp_infer-1] TIME: doinfer: 6.1655 ms.
1751366499.0353148 [pp_infer-1] [INFO] [1751366499.034998501] [minimal_publisher]: TIME: 6.855104 ms, Objects detected: 12
1751366499.1490192 [pp_infer-1] TIME: doinfer: 5.64624 ms.
1751366499.1498923 [pp_infer-1] [INFO] [1751366499.149312635] [minimal_publisher]: TIME: 6.516736 ms, Objects detected: 8
1751366499.2603073 [pp_infer-1] TIME: doinfer: 6.06502 ms.
1751366499.2615347 [pp_infer-1] [INFO] [1751366499.260986805] [minimal_publisher]: TIME: 7.393696 ms, Objects detected: 12
1751366499.3640394 [pp_infer-1] TIME: doinfer: 5.50822 ms.
1751366499.3642547 [pp_infer-1] [INFO] [1751366499.364080965] [minimal_publisher]: TIME: 5.754880 ms, Objects detected: 11
1751366499.4902155 [pp_infer-1] TIME: doinfer: 5.63571 ms.
1751366499.4912028 [pp_infer-1] [INFO] [1751366499.490881793] [minimal_publisher]: TIME: 6.703424 ms, Objects detected: 13
1751366499.5932856 [pp_infer-1] TIME: doinfer: 5.88045 ms.
1751366499.5935009 [pp_infer-1] [INFO] [1751366499.593319711] [minimal_publisher]: TIME: 6.129312 ms, Objects detected: 12
1751366499.7149122 [pp_infer-1] TIME: doinfer: 5.48762 ms.
1751366499.7151046 [pp_infer-1] [INFO] [1751366499.714908955] [minimal_publisher]: TIME: 5.685248 ms, Objects detected: 8
1751366499.8167832 [pp_infer-1] TIME: doinfer: 5.65213 ms.
1751366499.8176546 [pp_infer-1] [INFO] [1751366499.817184296] [minimal_publisher]: TIME: 6.622304 ms, Objects detected: 9
1751366499.9343324 [pp_infer-1] TIME: doinfer: 5.49146 ms.
1751366499.9345329 [pp_infer-1] [INFO] [1751366499.934346557] [minimal_publisher]: TIME: 5.709824 ms, Objects detected: 11
1751366500.0520940 [pp_infer-1] TIME: doinfer: 5.77021 ms.
1751366500.0525303 [pp_infer-1] [INFO] [1751366500.052410365] [minimal_publisher]: TIME: 6.263808 ms, Objects detected: 10
1751366500.1549187 [pp_infer-1] TIME: doinfer: 5.49274 ms.
1751366500.1551208 [pp_infer-1] [INFO] [1751366500.154946460] [minimal_publisher]: TIME: 5.719040 ms, Objects detected: 11
1751366500.2699146 [pp_infer-1] TIME: doinfer: 5.51216 ms.
1751366500.2702489 [pp_infer-1] [INFO] [1751366500.270119426] [minimal_publisher]: TIME: 5.924640 ms, Objects detected: 11
1751366500.3699627 [pp_infer-1] TIME: doinfer: 5.52026 ms.
1751366500.3702629 [pp_infer-1] [INFO] [1751366500.370138155] [minimal_publisher]: TIME: 5.911008 ms, Objects detected: 12
1751366500.4835100 [pp_infer-1] TIME: doinfer: 5.50912 ms.
1751366500.4837351 [pp_infer-1] [INFO] [1751366500.483561452] [minimal_publisher]: TIME: 5.776736 ms, Objects detected: 8
1751366500.6004264 [pp_infer-1] TIME: doinfer: 5.97773 ms.
1751366500.6014194 [pp_infer-1] [INFO] [1751366500.601008606] [minimal_publisher]: TIME: 7.156736 ms, Objects detected: 9
1751366500.7784207 [pp_infer-1] TIME: doinfer: 5.9607 ms.
1751366500.7786219 [pp_infer-1] [INFO] [1751366500.778503854] [minimal_publisher]: TIME: 6.222400 ms, Objects detected: 11
1751366500.9946375 [pp_infer-1] TIME: doinfer: 6.04893 ms.
1751366500.9959095 [pp_infer-1] [INFO] [1751366500.995406504] [minimal_publisher]: TIME: 7.366656 ms, Objects detected: 12
1751366501.1628404 [pp_infer-1] TIME: doinfer: 5.98115 ms.
1751366501.1630549 [pp_infer-1] [INFO] [1751366501.162907849] [minimal_publisher]: TIME: 6.255616 ms, Objects detected: 11
1751366501.3386681 [pp_infer-1] TIME: doinfer: 5.87162 ms.
1751366501.3393347 [pp_infer-1] [INFO] [1751366501.339131608] [minimal_publisher]: TIME: 6.626304 ms, Objects detected: 11
1751366501.5352917 [pp_infer-1] TIME: doinfer: 5.65862 ms.
1751366501.5364163 [pp_infer-1] [INFO] [1751366501.535991414] [minimal_publisher]: TIME: 6.952640 ms, Objects detected: 10
1751366501.7299840 [pp_infer-1] TIME: doinfer: 5.53882 ms.
1751366501.7302434 [pp_infer-1] [INFO] [1751366501.730087887] [minimal_publisher]: TIME: 5.798880 ms, Objects detected: 14
1751366563.4279621 [WARNING] [launch]: user interrupted with ctrl-c (SIGINT)
1751366563.4310138 [pp_infer-1] [INFO] [1751366563.427587296] [rclcpp]: signal_handler(signal_value=2)
1751366564.2521226 [pp_infer-1] Unexpected Internal Error: [virtualMemoryBuffer.cpp::~StdVirtualMemoryBufferImpl::121] Error Code 1: Cuda Runtime (driver shutting down)
1751366564.4105484 [INFO] [pp_infer-1]: process has finished cleanly [pid 1625]
