Gazebo multi-robot simulator, version 11.11.0
Copyright (C) 2012 Open Source Robotics Foundation.
Released under the Apache 2 License.
http://gazebosim.org


(1676282523 564325561) [Msg] Waiting for master.
(1676282523 565829975) [Msg] Connected to gazebo master @ http://127.0.0.1:11345
(1676282523 565883322) [Msg] Publicized address: 192.168.26.44
(1676282523 971763812) [Msg] Loading world file [/home/ren/colcon_ws/install/turtlebot3_gazebo/share/turtlebot3_gazebo/worlds/turtlebot3_worlds/burger.model]
(1676282524 67660764) applying Gaussian noise model with mean 0, stddev 0.0002, bias 0
(1676282524 67761646) applying Gaussian noise model with mean 0, stddev 0.0002, bias 0
(1676282524 67837280) applying Gaussian noise model with mean 0, stddev 0.0002, bias 0
(1676282524 67910168) Applying angular velocity noise to IMU[tb3_imu].
  X: Gaussian noise, mean[0], stdDev[0.0002] bias[0] dynamicBiasStdDev[0] dynamicBiasCorrTime[0] precision[0] quantized[0]
  Y: Gaussian noise, mean[0], stdDev[0.0002] bias[0] dynamicBiasStdDev[0] dynamicBiasCorrTime[0] precision[0] quantized[0]
  Z: Gaussian noise, mean[0], stdDev[0.0002] bias[0] dynamicBiasStdDev[0] dynamicBiasCorrTime[0] precision[0] quantized[0]
(1676282524 67936459) applying Gaussian noise model with mean 0, stddev 0.017, bias 0
(1676282524 67979999) applying Gaussian noise model with mean 0, stddev 0.017, bias 0
(1676282524 68019697) applying Gaussian noise model with mean 0, stddev 0.017, bias 0
(1676282524 68044287) Applying linear acceleration noise to IMU[tb3_imu].
  X: Gaussian noise, mean[0], stdDev[0.017] bias[0] dynamicBiasStdDev[0] dynamicBiasCorrTime[0] precision[0] quantized[0]
  Y: Gaussian noise, mean[0], stdDev[0.017] bias[0] dynamicBiasStdDev[0] dynamicBiasCorrTime[0] precision[0] quantized[0]
  Z: Gaussian noise, mean[0], stdDev[0.017] bias[0] dynamicBiasStdDev[0] dynamicBiasCorrTime[0] precision[0] quantized[0]
(1676282524 156431717) applying Gaussian noise model with mean 0, stddev 0.01, bias 0
(1676282524 177784547) Init world[default]
